[10-18 23:38:00]Log stream open success.
[10-18 23:38:00]连接GroupServer开始…
[10-18 23:38:01]连接GroupServer失败，等待5秒后自动重连…
[10-18 23:38:06]连接GroupServer开始…
[10-18 23:38:07]连接GroupServer失败，等待5秒后自动重连…
[10-18 23:38:12]连接GroupServer开始…
[10-18 23:38:13]连接GroupServer失败，等待5秒后自动重连…
[10-18 23:38:18]连接GroupServer开始…
[10-18 23:38:19]连接GroupServer失败，等待5秒后自动重连…
[10-18 23:38:24]连接GroupServer开始…
[10-18 23:38:25]连接GroupServer失败，等待5秒后自动重连…
[10-18 23:38:30]连接GroupServer开始…
[10-18 23:38:31]连接GroupServer失败，等待5秒后自动重连…
[10-18 23:38:36]连接GroupServer开始…
[10-18 23:38:37]连接GroupServer失败，等待5秒后自动重连…
[10-18 23:38:42]连接GroupServer开始…
[10-18 23:38:43]连接GroupServer失败，等待5秒后自动重连…
[10-18 23:38:48]连接GroupServer开始…
[10-18 23:38:48]连接GroupServer失败，等待5秒后自动重连…
[10-18 23:38:53]连接GroupServer开始…
[10-18 23:38:54]连接GroupServer失败，等待5秒后自动重连…
[10-18 23:38:59]连接GroupServer开始…
[10-18 23:39:00]连接GroupServer失败，等待5秒后自动重连…
[10-18 23:39:05]连接GroupServer开始…
[10-18 23:39:06]连接GroupServer失败，等待5秒后自动重连…
[10-18 23:39:11]连接GroupServer开始…
[10-18 23:39:12]连接GroupServer失败，等待5秒后自动重连…
[10-18 23:39:17]连接GroupServer开始…
[10-18 23:39:18]连接GroupServer失败，等待5秒后自动重连…
[10-18 23:39:23]连接GroupServer开始…
[10-18 23:39:24]连接GroupServer失败，等待5秒后自动重连…
[10-18 23:39:29]连接GroupServer开始…
[10-18 23:39:30]连接GroupServer失败，等待5秒后自动重连…
[10-18 23:39:35]连接GroupServer开始…
[10-18 23:39:36]连接GroupServer失败，等待5秒后自动重连…
[10-18 23:39:41]连接GroupServer开始…
[10-18 23:39:42]连接GroupServer失败，等待5秒后自动重连…
[10-18 23:39:47]连接GroupServer开始…
[10-18 23:39:48]连接GroupServer失败，等待5秒后自动重连…
[10-18 23:39:53]连接GroupServer开始…
[10-18 23:39:54]连接GroupServer失败，等待5秒后自动重连…
[10-18 23:39:59]连接GroupServer开始…
[10-18 23:40:00]连接GroupServer失败，等待5秒后自动重连…
[10-18 23:40:05]连接GroupServer开始…
[10-18 23:40:06]连接GroupServer失败，等待5秒后自动重连…
[10-18 23:40:11]连接GroupServer开始…
[10-18 23:40:12]连接GroupServer失败，等待5秒后自动重连…
[10-18 23:40:17]连接GroupServer开始…
[10-18 23:40:18]连接GroupServer失败，等待5秒后自动重连…
[10-18 23:40:23]连接GroupServer开始…
[10-18 23:40:24]连接GroupServer失败，等待5秒后自动重连…
[10-18 23:40:29]连接GroupServer开始…
[10-18 23:40:30]连接GroupServer失败，等待5秒后自动重连…
[10-18 23:40:35]连接GroupServer开始…
[10-18 23:40:36]连接GroupServer失败，等待5秒后自动重连…
[10-18 23:40:41]连接GroupServer开始…
[10-18 23:40:42]连接GroupServer失败，等待5秒后自动重连…
[10-18 23:40:47]连接GroupServer开始…
[10-18 23:40:47]连接GroupServer失败，等待5秒后自动重连…
[10-18 23:40:52]连接GroupServer开始…
[10-18 23:40:53]连接GroupServer失败，等待5秒后自动重连…
[10-18 23:40:58]连接GroupServer开始…
[10-18 23:40:59]连接GroupServer失败，等待5秒后自动重连…
[10-18 23:41:04]连接GroupServer开始…
[10-18 23:41:05]连接GroupServer失败，等待5秒后自动重连…
[10-18 23:41:10]连接GroupServer开始…
[10-18 23:41:11]连接GroupServer失败，等待5秒后自动重连…
[10-18 23:41:16]连接GroupServer开始…
[10-18 23:41:17]连接GroupServer失败，等待5秒后自动重连…
[10-18 23:41:22]连接GroupServer开始…
[10-18 23:41:23]连接GroupServer失败，等待5秒后自动重连…
[10-18 23:41:28]连接GroupServer开始…
[10-18 23:41:29]连接GroupServer失败，等待5秒后自动重连…
[10-18 23:41:34]连接GroupServer开始…
[10-18 23:41:35]连接GroupServer失败，等待5秒后自动重连…
[10-18 23:41:40]连接GroupServer开始…
[10-18 23:41:41]连接GroupServer失败，等待5秒后自动重连…
[10-18 23:41:46]连接GroupServer开始…
[10-18 23:41:47]连接GroupServer失败，等待5秒后自动重连…
[10-18 23:41:52]连接GroupServer开始…
[10-18 23:41:53]连接GroupServer失败，等待5秒后自动重连…
[10-18 23:41:58]连接GroupServer开始…
[10-18 23:41:59]连接GroupServer失败，等待5秒后自动重连…
[10-18 23:42:04]连接GroupServer开始…
[10-18 23:42:05]连接GroupServer失败，等待5秒后自动重连…
[10-18 23:42:10]连接GroupServer开始…
[10-18 23:42:11]连接GroupServer失败，等待5秒后自动重连…
[10-18 23:42:16]连接GroupServer开始…
[10-18 23:42:17]连接GroupServer失败，等待5秒后自动重连…
[10-18 23:42:22]连接GroupServer开始…
[10-18 23:42:23]连接GroupServer失败，等待5秒后自动重连…
[10-18 23:42:28]连接GroupServer开始…
[10-18 23:42:29]连接GroupServer失败，等待5秒后自动重连…
[10-18 23:42:34]连接GroupServer开始…
[10-18 23:42:35]连接GroupServer失败，等待5秒后自动重连…
[10-18 23:42:40]连接GroupServer开始…
[10-18 23:42:40]连接GroupServer失败，等待5秒后自动重连…
[10-18 23:42:45]连接GroupServer开始…
[10-18 23:42:46]连接GroupServer失败，等待5秒后自动重连…
[10-18 23:42:51]连接GroupServer开始…
[10-18 23:42:52]连接GroupServer失败，等待5秒后自动重连…
[10-18 23:42:57]连接GroupServer开始…
[10-18 23:42:58]连接GroupServer失败，等待5秒后自动重连…
[10-18 23:43:03]连接GroupServer开始…
[10-18 23:43:04]连接GroupServer失败，等待5秒后自动重连…
[10-18 23:43:09]连接GroupServer开始…
[10-18 23:43:10]连接GroupServer失败，等待5秒后自动重连…
[10-18 23:43:15]连接GroupServer开始…
[10-18 23:43:16]连接GroupServer失败，等待5秒后自动重连…
[10-18 23:43:21]连接GroupServer开始…
[10-18 23:43:22]连接GroupServer失败，等待5秒后自动重连…
[10-18 23:43:27]连接GroupServer开始…
[10-18 23:43:28]连接GroupServer失败，等待5秒后自动重连…
[10-18 23:43:33]连接GroupServer开始…
[10-18 23:43:34]连接GroupServer失败，等待5秒后自动重连…
[10-18 23:43:39]连接GroupServer开始…
[10-18 23:43:40]连接GroupServer失败，等待5秒后自动重连…
[10-18 23:43:45]连接GroupServer开始…
[10-18 23:43:46]连接GroupServer失败，等待5秒后自动重连…
[10-18 23:43:51]连接GroupServer开始…
[10-18 23:43:52]连接GroupServer失败，等待5秒后自动重连…
[10-18 23:43:57]连接GroupServer开始…
[10-18 23:43:58]连接GroupServer失败，等待5秒后自动重连…
[10-18 23:44:03]连接GroupServer开始…
[10-18 23:44:04]连接GroupServer失败，等待5秒后自动重连…
[10-18 23:44:09]连接GroupServer开始…
[10-18 23:44:09]连接GroupServer失败，等待5秒后自动重连…
[10-18 23:44:14]连接GroupServer开始…
[10-18 23:44:15]连接GroupServer失败，等待5秒后自动重连…
[10-18 23:44:20]连接GroupServer开始…
[10-18 23:44:21]连接GroupServer失败，等待5秒后自动重连…
[10-18 23:44:26]连接GroupServer开始…
[10-18 23:44:27]连接GroupServer失败，等待5秒后自动重连…
[10-18 23:44:32]连接GroupServer开始…
[10-18 23:44:33]连接GroupServer失败，等待5秒后自动重连…
[10-18 23:44:38]连接GroupServer开始…
[10-18 23:44:39]连接GroupServer失败，等待5秒后自动重连…
[10-18 23:44:44]连接GroupServer开始…
[10-18 23:44:45]连接GroupServer失败，等待5秒后自动重连…
[10-18 23:44:50]连接GroupServer开始…
[10-18 23:44:51]连接GroupServer失败，等待5秒后自动重连…
[10-18 23:44:56]连接GroupServer开始…
[10-18 23:44:57]连接GroupServer失败，等待5秒后自动重连…
[10-18 23:45:02]连接GroupServer开始…
[10-18 23:45:03]连接GroupServer失败，等待5秒后自动重连…
[10-18 23:45:08]连接GroupServer开始…
[10-18 23:45:09]连接GroupServer失败，等待5秒后自动重连…
[10-18 23:45:14]连接GroupServer开始…
[10-18 23:45:15]连接GroupServer失败，等待5秒后自动重连…
[10-18 23:45:20]连接GroupServer开始…
[10-18 23:45:21]连接GroupServer失败，等待5秒后自动重连…
[10-18 23:45:26]连接GroupServer开始…
[10-18 23:45:27]连接GroupServer失败，等待5秒后自动重连…
[10-18 23:45:32]连接GroupServer开始…
[10-18 23:45:33]连接GroupServer失败，等待5秒后自动重连…
[10-18 23:45:38]连接GroupServer开始…
[10-18 23:45:38]连接GroupServer失败，等待5秒后自动重连…
[10-18 23:45:43]连接GroupServer开始…
[10-18 23:45:44]连接GroupServer失败，等待5秒后自动重连…
[10-18 23:45:49]连接GroupServer开始…
[10-18 23:45:50]连接GroupServer失败，等待5秒后自动重连…
[10-18 23:45:55]连接GroupServer开始…
[10-18 23:45:56]连接GroupServer失败，等待5秒后自动重连…
[10-18 23:46:01]连接GroupServer开始…
[10-18 23:46:02]连接GroupServer失败，等待5秒后自动重连…
[10-18 23:46:07]连接GroupServer开始…
[10-18 23:46:08]连接GroupServer失败，等待5秒后自动重连…
[10-18 23:46:13]连接GroupServer开始…
[10-18 23:46:14]连接GroupServer失败，等待5秒后自动重连…
[10-18 23:46:19]连接GroupServer开始…
[10-18 23:46:20]连接GroupServer失败，等待5秒后自动重连…
[10-18 23:46:25]连接GroupServer开始…
[10-18 23:46:26]连接GroupServer失败，等待5秒后自动重连…
[10-18 23:46:31]连接GroupServer开始…
[10-18 23:46:32]连接GroupServer失败，等待5秒后自动重连…
[10-18 23:46:37]连接GroupServer开始…
[10-18 23:46:38]连接GroupServer失败，等待5秒后自动重连…
[10-18 23:46:43]连接GroupServer开始…
[10-18 23:46:44]连接GroupServer失败，等待5秒后自动重连…
[10-18 23:46:49]连接GroupServer开始…
[10-18 23:46:50]连接GroupServer失败，等待5秒后自动重连…
[10-18 23:46:55]连接GroupServer开始…
[10-18 23:46:56]连接GroupServer失败，等待5秒后自动重连…
[10-18 23:47:01]连接GroupServer开始…
[10-18 23:47:02]连接GroupServer失败，等待5秒后自动重连…
[10-18 23:47:07]连接GroupServer开始…
[10-18 23:47:07]连接GroupServer失败，等待5秒后自动重连…
[10-18 23:47:12]连接GroupServer开始…
[10-18 23:47:13]连接GroupServer失败，等待5秒后自动重连…
[10-18 23:47:18]连接GroupServer开始…
[10-18 23:47:19]连接GroupServer失败，等待5秒后自动重连…
[10-18 23:47:24]连接GroupServer开始…
[10-18 23:47:25]连接GroupServer失败，等待5秒后自动重连…
[10-18 23:47:30]连接GroupServer开始…
[10-18 23:47:31]连接GroupServer失败，等待5秒后自动重连…
[10-18 23:47:36]连接GroupServer开始…
[10-18 23:47:37]连接GroupServer失败，等待5秒后自动重连…
[10-18 23:47:42]连接GroupServer开始…
[10-18 23:47:43]连接GroupServer失败，等待5秒后自动重连…
[10-18 23:47:48]连接GroupServer开始…
[10-18 23:47:49]连接GroupServer失败，等待5秒后自动重连…
[10-18 23:47:54]连接GroupServer开始…
[10-18 23:47:55]连接GroupServer失败，等待5秒后自动重连…
[10-18 23:48:00]连接GroupServer开始…
[10-18 23:48:01]连接GroupServer失败，等待5秒后自动重连…
[10-18 23:48:06]连接GroupServer开始…
[10-18 23:48:07]连接GroupServer失败，等待5秒后自动重连…
[10-18 23:48:12]连接GroupServer开始…
[10-18 23:48:13]连接GroupServer失败，等待5秒后自动重连…
[10-18 23:48:18]连接GroupServer开始…
[10-18 23:48:19]连接GroupServer失败，等待5秒后自动重连…
[10-18 23:48:24]连接GroupServer开始…
[10-18 23:48:25]连接GroupServer失败，等待5秒后自动重连…
[10-18 23:48:30]连接GroupServer开始…
[10-18 23:48:30]连接GroupServer失败，等待5秒后自动重连…
[10-18 23:48:35]连接GroupServer开始…
[10-18 23:48:36]连接GroupServer失败，等待5秒后自动重连…
[10-18 23:48:41]连接GroupServer开始…
[10-18 23:48:42]连接GroupServer失败，等待5秒后自动重连…
[10-18 23:48:47]连接GroupServer开始…
[10-18 23:48:48]连接GroupServer失败，等待5秒后自动重连…
[10-18 23:48:53]连接GroupServer开始…
[10-18 23:48:54]连接GroupServer失败，等待5秒后自动重连…
[10-18 23:48:59]连接GroupServer开始…
[10-18 23:49:00]连接GroupServer失败，等待5秒后自动重连…
[10-18 23:49:05]连接GroupServer开始…
[10-18 23:49:06]连接GroupServer失败，等待5秒后自动重连…
[10-18 23:49:11]连接GroupServer开始…
[10-18 23:49:12]连接GroupServer失败，等待5秒后自动重连…
[10-18 23:49:17]连接GroupServer开始…
[10-18 23:49:18]连接GroupServer失败，等待5秒后自动重连…
[10-18 23:49:23]连接GroupServer开始…
[10-18 23:49:24]连接GroupServer失败，等待5秒后自动重连…
[10-18 23:49:29]连接GroupServer开始…
[10-18 23:49:30]连接GroupServer失败，等待5秒后自动重连…
[10-18 23:49:35]连接GroupServer开始…
[10-18 23:49:36]连接GroupServer失败，等待5秒后自动重连…
[10-18 23:49:41]连接GroupServer开始…
[10-18 23:49:42]连接GroupServer失败，等待5秒后自动重连…
[10-18 23:49:47]连接GroupServer开始…
[10-18 23:49:47]连接GroupServer失败，等待5秒后自动重连…
[10-18 23:49:52]连接GroupServer开始…
[10-18 23:49:53]连接GroupServer失败，等待5秒后自动重连…
[10-18 23:49:58]连接GroupServer开始…
[10-18 23:49:59]连接GroupServer失败，等待5秒后自动重连…
[10-18 23:50:04]连接GroupServer开始…
[10-18 23:50:05]连接GroupServer失败，等待5秒后自动重连…
[10-18 23:50:10]连接GroupServer开始…
[10-18 23:50:11]连接GroupServer失败，等待5秒后自动重连…
[10-18 23:50:16]连接GroupServer开始…
[10-18 23:50:17]连接GroupServer失败，等待5秒后自动重连…
[10-18 23:50:22]连接GroupServer开始…
[10-18 23:50:23]连接GroupServer失败，等待5秒后自动重连…
[10-18 23:50:28]连接GroupServer开始…
[10-18 23:50:29]连接GroupServer失败，等待5秒后自动重连…
[10-18 23:50:34]连接GroupServer开始…
[10-18 23:50:35]连接GroupServer失败，等待5秒后自动重连…
[10-18 23:50:40]连接GroupServer开始…
[10-18 23:50:41]连接GroupServer失败，等待5秒后自动重连…
[10-18 23:50:46]连接GroupServer开始…
[10-18 23:50:47]连接GroupServer失败，等待5秒后自动重连…
[10-18 23:50:52]连接GroupServer开始…
[10-18 23:50:53]连接GroupServer失败，等待5秒后自动重连…
[10-18 23:50:58]连接GroupServer开始…
[10-18 23:50:59]连接GroupServer失败，等待5秒后自动重连…
[10-18 23:51:04]连接GroupServer开始…
[10-18 23:51:04]连接GroupServer失败，等待5秒后自动重连…
[10-18 23:51:09]连接GroupServer开始…
[10-18 23:51:10]连接GroupServer失败，等待5秒后自动重连…
[10-18 23:51:15]连接GroupServer开始…
[10-18 23:51:16]连接GroupServer失败，等待5秒后自动重连…
[10-18 23:51:21]连接GroupServer开始…
[10-18 23:51:22]连接GroupServer失败，等待5秒后自动重连…
[10-18 23:51:27]连接GroupServer开始…
[10-18 23:51:28]连接GroupServer失败，等待5秒后自动重连…
[10-18 23:51:33]连接GroupServer开始…
[10-18 23:51:34]连接GroupServer失败，等待5秒后自动重连…
[10-18 23:51:39]连接GroupServer开始…
[10-18 23:51:40]连接GroupServer失败，等待5秒后自动重连…
[10-18 23:51:45]连接GroupServer开始…
[10-18 23:51:46]连接GroupServer失败，等待5秒后自动重连…
[10-18 23:51:51]连接GroupServer开始…
[10-18 23:51:52]连接GroupServer失败，等待5秒后自动重连…
[10-18 23:51:57]连接GroupServer开始…
[10-18 23:51:58]连接GroupServer失败，等待5秒后自动重连…
[10-18 23:52:03]连接GroupServer开始…
[10-18 23:52:04]连接GroupServer失败，等待5秒后自动重连…
[10-18 23:52:09]连接GroupServer开始…
[10-18 23:52:10]连接GroupServer失败，等待5秒后自动重连…
[10-18 23:52:15]连接GroupServer开始…
[10-18 23:52:16]连接GroupServer失败，等待5秒后自动重连…
[10-18 23:52:21]连接GroupServer开始…
[10-18 23:52:22]连接GroupServer失败，等待5秒后自动重连…
[10-18 23:52:27]连接GroupServer开始…
[10-18 23:52:28]连接GroupServer失败，等待5秒后自动重连…
[10-18 23:52:33]连接GroupServer开始…
[10-18 23:52:34]连接GroupServer失败，等待5秒后自动重连…
[10-18 23:52:39]连接GroupServer开始…
[10-18 23:52:40]连接GroupServer失败，等待5秒后自动重连…
[10-18 23:52:45]连接GroupServer开始…
[10-18 23:52:45]连接GroupServer失败，等待5秒后自动重连…
[10-18 23:52:50]连接GroupServer开始…
[10-18 23:52:51]连接GroupServer失败，等待5秒后自动重连…
[10-18 23:52:56]连接GroupServer开始…
[10-18 23:52:57]连接GroupServer失败，等待5秒后自动重连…
[10-18 23:53:02]连接GroupServer开始…
[10-18 23:53:04]连接GroupServer失败，等待5秒后自动重连…
[10-18 23:53:09]连接GroupServer开始…
[10-18 23:53:09]连接GroupServer失败，等待5秒后自动重连…
[10-18 23:53:14]连接GroupServer开始…
[10-18 23:53:15]连接GroupServer失败，等待5秒后自动重连…
[10-18 23:53:20]连接GroupServer开始…
[10-18 23:53:21]连接GroupServer失败，等待5秒后自动重连…
[10-18 23:53:26]连接GroupServer开始…
[10-18 23:53:27]连接GroupServer失败，等待5秒后自动重连…
[10-18 23:53:32]连接GroupServer开始…
[10-18 23:53:33]连接GroupServer失败，等待5秒后自动重连…
[10-18 23:53:38]连接GroupServer开始…
[10-18 23:53:39]连接GroupServer失败，等待5秒后自动重连…
[10-18 23:53:44]连接GroupServer开始…
[10-18 23:53:45]连接GroupServer失败，等待5秒后自动重连…
[10-18 23:53:50]连接GroupServer开始…
[10-18 23:53:51]连接GroupServer失败，等待5秒后自动重连…
[10-18 23:53:56]连接GroupServer开始…
[10-18 23:53:57]连接GroupServer失败，等待5秒后自动重连…
[10-18 23:54:02]连接GroupServer开始…
[10-18 23:54:03]连接GroupServer失败，等待5秒后自动重连…
[10-18 23:54:08]连接GroupServer开始…
[10-18 23:54:09]连接GroupServer失败，等待5秒后自动重连…
[10-18 23:54:14]连接GroupServer开始…
[10-18 23:54:15]连接GroupServer失败，等待5秒后自动重连…
[10-18 23:54:20]连接GroupServer开始…
[10-18 23:54:21]连接GroupServer失败，等待5秒后自动重连…
[10-18 23:54:26]连接GroupServer开始…
[10-18 23:54:27]连接GroupServer失败，等待5秒后自动重连…
[10-18 23:54:32]连接GroupServer开始…
[10-18 23:54:33]连接GroupServer失败，等待5秒后自动重连…
[10-18 23:54:38]连接GroupServer开始…
[10-18 23:54:39]连接GroupServer失败，等待5秒后自动重连…
[10-18 23:54:44]连接GroupServer开始…
[10-18 23:54:45]连接GroupServer失败，等待5秒后自动重连…
[10-18 23:54:50]连接GroupServer开始…
[10-18 23:54:51]连接GroupServer失败，等待5秒后自动重连…
[10-18 23:54:56]连接GroupServer开始…
[10-18 23:54:57]连接GroupServer失败，等待5秒后自动重连…
[10-18 23:55:02]连接GroupServer开始…
[10-18 23:55:03]连接GroupServer失败，等待5秒后自动重连…
[10-18 23:55:08]连接GroupServer开始…
[10-18 23:55:09]连接GroupServer失败，等待5秒后自动重连…
[10-18 23:55:14]连接GroupServer开始…
[10-18 23:55:14]连接GroupServer失败，等待5秒后自动重连…
[10-18 23:55:19]连接GroupServer开始…
[10-18 23:55:21]连接GroupServer失败，等待5秒后自动重连…
[10-18 23:55:26]连接GroupServer开始…
[10-18 23:55:26]连接GroupServer失败，等待5秒后自动重连…
[10-18 23:55:31]连接GroupServer开始…
[10-18 23:55:32]连接GroupServer失败，等待5秒后自动重连…
[10-18 23:55:37]连接GroupServer开始…
[10-18 23:55:38]连接GroupServer失败，等待5秒后自动重连…
[10-18 23:55:43]连接GroupServer开始…
[10-18 23:55:44]连接GroupServer失败，等待5秒后自动重连…
[10-18 23:55:49]连接GroupServer开始…
[10-18 23:55:50]连接GroupServer失败，等待5秒后自动重连…
[10-18 23:55:55]连接GroupServer开始…
[10-18 23:55:56]连接GroupServer失败，等待5秒后自动重连…
[10-18 23:56:01]连接GroupServer开始…
[10-18 23:56:02]连接GroupServer失败，等待5秒后自动重连…
[10-18 23:56:07]连接GroupServer开始…
[10-18 23:56:08]连接GroupServer失败，等待5秒后自动重连…
[10-18 23:56:13]连接GroupServer开始…
[10-18 23:56:14]连接GroupServer失败，等待5秒后自动重连…
[10-18 23:56:19]连接GroupServer开始…
[10-18 23:56:20]连接GroupServer失败，等待5秒后自动重连…
[10-18 23:56:33]连接GroupServer开始…
[10-18 23:56:54]连接GroupServer失败，等待5秒后自动重连…
[10-18 23:56:59]连接GroupServer开始…
[10-18 23:57:00]连接GroupServer失败，等待5秒后自动重连…
[10-18 23:57:05]连接GroupServer开始…
[10-18 23:57:05]connect GroupServer: 127.0.0.1,Socket num:1
[10-18 23:57:05]登录GroupServer成功!
