[07-29 10:31:14]日志流被成功打开.
[07-29 10:31:14]连接GroupServer开始…
[07-29 10:31:14]connect GroupServer: 127.0.0.1,Socket num:1
[07-29 10:31:19]登录GroupServer成功!
[07-29 10:38:11]disconnection with GroupServer,Socket num: 0,reason =网络被对方正常关闭。, reconnecting...
[07-29 10:38:11]连接GroupServer开始…
[07-29 10:38:12]连接GroupServer失败，等待5秒后自动重连…
[07-29 10:38:17]连接GroupServer开始…
[07-29 10:38:18]连接GroupServer失败，等待5秒后自动重连…
[07-29 10:38:23]连接GroupServer开始…
[07-29 10:38:24]连接GroupServer失败，等待5秒后自动重连…
[07-29 10:38:29]连接GroupServer开始…
[07-29 10:38:30]连接GroupServer失败，等待5秒后自动重连…
[07-29 10:38:35]连接GroupServer开始…
[07-29 10:38:37]连接GroupServer失败，等待5秒后自动重连…
[07-29 10:38:42]连接GroupServer开始…
[07-29 10:38:43]连接GroupServer失败，等待5秒后自动重连…
[07-29 10:38:48]连接GroupServer开始…
[07-29 10:38:49]连接GroupServer失败，等待5秒后自动重连…
[07-29 10:38:54]连接GroupServer开始…
[07-29 10:38:55]连接GroupServer失败，等待5秒后自动重连…
[07-29 10:39:00]连接GroupServer开始…
[07-29 10:39:01]连接GroupServer失败，等待5秒后自动重连…
[07-29 10:39:06]连接GroupServer开始…
[07-29 10:39:06]连接GroupServer失败，等待5秒后自动重连…
[07-29 10:39:20]日志流被成功关闭.
