[07-29 10:35:47]From GroupServer [test0002] = [8]
[07-29 11:04:48]From GroupServer [test0002] = [8]
[07-29 11:05:31]From GroupServer [test0002] = [8]
[07-29 11:15:27]From GroupServer [test0002] = [8]
[07-29 11:17:14]From GroupServer [test0002] = [8]
[07-29 11:22:45]From GroupServer [test0002] = [8]
[07-29 11:25:56]From GroupServer [test0002] = [8]
[07-29 11:27:09]From GroupServer [test0001] = [8]
[07-29 11:37:32]From GroupServer [test0001] = [8]
[07-29 12:53:02]From GroupServer [test0001] = [8]
[07-29 12:54:29]From GroupServer [test0001] = [8]
[07-29 12:56:02]From GroupServer [test0001] = [8]
[07-29 15:06:09]From GroupServer [test0001] = [8]
[07-29 15:07:34]From GroupServer [test0002] = [8]
[07-30 05:22:06]From GroupServer [test0002] = [8]
[07-30 05:22:08]From GroupServer [test0002] = [8]
[07-30 05:33:54]From GroupServer [test0002] = [8]
[07-30 05:42:17]From GroupServer [test0002] = [8]
[07-30 06:04:37]From GroupServer [test0002] = [8]
[07-30 06:05:10]From GroupServer [test0002] = [8]
[07-30 06:16:33]From GroupServer [test0002] = [8]
[07-30 06:16:35]From GroupServer [test0002] = [8]
[07-30 06:38:13]From GroupServer [test0002] = [8]
[07-30 07:01:32]From GroupServer [test0002] = [8]
[07-30 07:01:51]From GroupServer [test0002] = [8]
[07-30 07:02:05]From GroupServer [test0002] = [8]
[07-30 07:22:05]From GroupServer [test0002] = [8]
[07-30 07:22:26]From GroupServer [test0002] = [8]
[07-30 07:22:41]From GroupServer [test0001] = [8]
[07-30 07:33:57]From GroupServer [test0002] = [8]
[07-30 09:19:34]From GroupServer [test0002] = [8]
[07-30 09:19:52]From GroupServer [test0002] = [8]
[07-30 12:33:30]From GroupServer [test0002] = [8]
[07-30 12:47:33]From GroupServer [test0002] = [8]
[07-30 13:46:48]From GroupServer [test0002] = [8]
[07-30 13:48:00]From GroupServer [test0002] = [8]
[07-30 13:48:49]From GroupServer [test0003] = [8]
[07-30 13:49:02]From GroupServer [test0003] = [8]
[07-30 13:55:59]From GroupServer [test0003] = [8]
[07-30 13:56:17]From GroupServer [test0003] = [8]
[07-30 14:00:31]From GroupServer [test0003] = [8]
[07-31 05:22:05]From GroupServer [test0002] = [8]
[07-31 05:24:34]From GroupServer [test0002] = [8]
[07-31 05:26:03]From GroupServer [test0002] = [8]
[07-31 05:26:48]From GroupServer [test0002] = [8]
[07-31 05:39:51]From GroupServer [test0002] = [8]
[07-31 05:43:49]From GroupServer [test0002] = [8]
[07-31 10:22:51]From GroupServer [test0002] = [8]
[07-31 10:32:57]From GroupServer [test0002] = [8]
[07-31 10:36:31]From GroupServer [test0002] = [8]
[07-31 10:42:12]From GroupServer [test0002] = [8]
[07-31 10:42:14]From GroupServer [test0002] = [8]
[07-31 10:51:35]From GroupServer [test0002] = [8]
[07-31 10:51:41]From GroupServer [test0002] = [8]
[07-31 10:54:08]From GroupServer [test0002] = [8]
[07-31 10:54:32]From GroupServer [test0002] = [8]
[07-31 10:55:37]From GroupServer [test0002] = [8]
[07-31 10:59:19]From GroupServer [test0002] = [8]
[07-31 11:01:10]From GroupServer [test0002] = [8]
[07-31 11:05:06]From GroupServer [test0002] = [8]
[07-31 11:07:17]From GroupServer [test0002] = [8]
[07-31 11:08:42]From GroupServer [test0002] = [8]
[07-31 11:13:17]From GroupServer [test0002] = [8]
[07-31 11:34:24]From GroupServer [test0002] = [8]
[07-31 11:36:40]From GroupServer [test0002] = [8]
[07-31 11:36:57]From GroupServer [test0002] = [8]
[07-31 11:39:49]From GroupServer [test0002] = [8]
[07-31 11:43:47]From GroupServer [test0002] = [8]
[07-31 11:44:55]From GroupServer [test0002] = [8]
[07-31 11:45:07]From GroupServer [test0002] = [8]
[07-31 11:53:11]From GroupServer [test0002] = [8]
[07-31 11:56:38]From GroupServer [test0002] = [8]
[07-31 11:58:32]From GroupServer [test0002] = [8]
[07-31 11:58:45]From GroupServer [test0002] = [8]
[07-31 12:01:42]From GroupServer [test0002] = [8]
[07-31 12:04:05]From GroupServer [test0002] = [8]
[07-31 12:04:17]From GroupServer [test0002] = [8]
[07-31 12:10:26]From GroupServer [test0002] = [8]
[07-31 12:19:44]From GroupServer [test0002] = [8]
[07-31 12:26:09]From GroupServer [test0002] = [8]
[07-31 12:53:01]From GroupServer [test0002] = [8]
[07-31 13:06:13]From GroupServer [test0002] = [8]
[07-31 13:30:59]From GroupServer [test0002] = [8]
[07-31 13:46:36]From GroupServer [test0002] = [8]
[07-31 13:52:38]From GroupServer [test0002] = [8]
[07-31 13:55:11]From GroupServer [test0002] = [8]
[07-31 14:54:40]From GroupServer [test0002] = [8]
[07-31 14:55:10]From GroupServer [test0002] = [8]
[07-31 14:57:16]From GroupServer [test0002] = [8]
[07-31 15:49:51]From GroupServer [test0002] = [8]
[07-31 16:40:57]From GroupServer [test0002] = [8]
[07-31 17:12:56]From GroupServer [test0002] = [8]
[07-31 17:25:50]From GroupServer [test0002] = [8]
[07-31 17:28:49]From GroupServer [test0002] = [8]
[07-31 17:39:24]From GroupServer [test0002] = [8]
[07-31 17:44:06]From GroupServer [test0002] = [8]
[07-31 17:58:38]From GroupServer [test0002] = [8]
[08-01 13:56:40]From GroupServer [test0002] = [8]
[08-01 13:58:58]From GroupServer [test0002] = [8]
[08-05 13:47:43]From GroupServer [test0002] = [8]
[08-06 13:56:40]From GroupServer [test0002] = [8]
[08-07 09:20:19]From GroupServer [test0002] = [8]
[07-09 09:27:06]From GroupServer [test0002] = [8]
[07-09 09:38:24]From GroupServer [test0002] = [8]
[07-09 09:40:01]From GroupServer [test0002] = [8]
[07-09 09:43:49]From GroupServer [test0002] = [8]
[07-09 09:50:12]From GroupServer [test0002] = [8]
[07-09 10:06:26]From GroupServer [test0002] = [8]
[07-09 10:08:24]From GroupServer [test0002] = [8]
[07-09 10:15:34]From GroupServer [test0002] = [8]
[07-09 10:18:06]From GroupServer [test0002] = [8]
[07-09 10:25:28]From GroupServer [test0002] = [8]
[07-09 11:01:26]From GroupServer [test0002] = [8]
[07-09 11:24:52]From GroupServer [test0002] = [8]
[07-09 11:28:15]From GroupServer [test0002] = [8]
[07-09 11:30:07]From GroupServer [test0002] = [8]
[07-09 11:30:53]From GroupServer [test0002] = [8]
[07-09 11:32:00]From GroupServer [test0002] = [8]
[07-09 11:54:55]From GroupServer [test0002] = [8]
[07-09 12:07:22]From GroupServer [test0002] = [8]
[07-09 13:02:27]From GroupServer [test0002] = [8]
[08-07 13:14:19]From GroupServer [test0002] = [8]
[08-07 13:24:54]From GroupServer [test0002] = [8]
[08-07 13:27:09]From GroupServer [test0002] = [8]
[08-07 13:27:22]From GroupServer [test0002] = [8]
[08-07 13:31:10]From GroupServer [test0002] = [8]
[08-07 13:32:57]From GroupServer [test0002] = [8]
[08-07 13:52:58]From GroupServer [test0002] = [8]
[08-07 14:02:16]From GroupServer [test0002] = [8]
[08-07 14:05:03]From GroupServer [test0002] = [8]
[08-07 14:09:10]From GroupServer [test0002] = [8]
[08-07 14:19:22]From GroupServer [test0002] = [8]
[08-07 14:20:33]From GroupServer [test0002] = [8]
[08-07 14:23:22]From GroupServer [test0002] = [8]
[08-07 14:32:57]From GroupServer [test0002] = [8]
[08-08 04:52:03]From GroupServer [test0002] = [8]
[08-06 04:57:44]From GroupServer [test0002] = [8]
[08-06 04:58:50]From GroupServer [test0002] = [8]
[08-06 05:09:02]From GroupServer [test0002] = [8]
[08-06 05:18:10]From GroupServer [test0002] = [8]
[08-06 05:30:54]From GroupServer [test0002] = [8]
[08-06 05:45:31]From GroupServer [test0002] = [8]
[08-06 06:10:58]From GroupServer [test0002] = [8]
[08-06 06:11:33]From GroupServer [test0002] = [8]
[08-06 06:11:59]From GroupServer [test0002] = [8]
[08-08 06:14:57]From GroupServer [test0002] = [8]
[08-08 06:15:33]From GroupServer [test0002] = [8]
[08-08 06:19:45]From GroupServer [test0002] = [8]
[08-08 06:25:29]From GroupServer [test0002] = [8]
[08-12 06:34:18]From GroupServer [test0002] = [8]
[08-12 06:45:37]From GroupServer [x1] = [2]
[08-12 07:28:57]From GroupServer [x1] = [2]
[08-12 07:29:40]From GroupServer [test0009] = [8]
[08-12 07:29:58]From GroupServer [llh] = [3]
[08-12 07:31:09]From GroupServer [llh1] = [4]
[08-12 07:31:46]From GroupServer [llh3] = [4]
[08-12 07:32:02]From GroupServer [llh2] = [4]
[08-12 07:32:47]From GroupServer [x2] = [2]
[08-12 07:32:52]From GroupServer [x1] = [2]
[08-12 07:32:59]From GroupServer [X2] = [2]
[08-12 07:33:40]From GroupServer [test0007] = [8]
[08-12 07:33:42]From GroupServer [test0007] = [8]
[08-12 07:33:57]From GroupServer [test0007] = [8]
[08-12 07:34:05]From GroupServer [test001] = [7]
[08-12 07:34:07]From GroupServer [test0001] = [8]
[08-12 07:35:04]From GroupServer [test0002] = [8]
[08-12 07:35:42]From GroupServer [test0003] = [8]
[08-12 07:36:27]From GroupServer [test0004] = [8]
[08-12 07:36:34]From GroupServer [test0005] = [8]
[08-12 07:36:43]From GroupServer [test0006] = [8]
[08-12 07:36:52]From GroupServer [llh1] = [4]
[08-12 07:37:09]From GroupServer [test0007] = [8]
[08-12 07:37:50]From GroupServer [lark] = [4]
[08-12 07:39:02]From GroupServer [YANGTAO1] = [8]
[08-12 07:40:42]From GroupServer [yangtao2] = [8]
[08-12 07:40:55]From GroupServer [test0007] = [8]
[08-12 07:47:20]From GroupServer [yangtao1] = [8]
[08-12 07:48:11]From GroupServer [test0006] = [8]
[08-12 07:48:25]From GroupServer [test0005] = [8]
[08-12 07:48:41]From GroupServer [test0004] = [8]
[08-12 07:48:57]From GroupServer [test0003] = [8]
[08-12 07:50:33]From GroupServer [llhguild] = [8]
[08-12 07:51:35]From GroupServer [x2] = [2]
[08-12 07:52:00]From GroupServer [x2] = [2]
[08-21 13:37:27]From GroupServer [X1] = [2]
[08-21 13:38:32]From GroupServer [X1] = [2]
[08-21 13:41:34]From GroupServer [X1] = [2]
[08-21 13:42:12]From GroupServer [X1] = [2]
[08-22 07:05:03]From GroupServer [X1] = [2]
[08-22 07:06:39]From GroupServer [X1] = [2]
[08-22 09:20:19]From GroupServer [X1] = [2]
[08-22 09:49:48]From GroupServer [X1] = [2]
[08-22 09:49:53]From GroupServer [X1] = [2]
[08-22 10:06:50]From GroupServer [X1] = [2]
[08-22 10:20:59]From GroupServer [X1] = [2]
[08-22 10:53:14]From GroupServer [X1] = [2]
[08-22 11:00:44]From GroupServer [X1] = [2]
[08-22 11:08:04]From GroupServer [X1] = [2]
[08-22 11:13:24]From GroupServer [X1] = [2]
[08-22 11:21:39]From GroupServer [X1] = [2]
[08-22 12:03:56]From GroupServer [X1] = [2]
[08-22 12:11:45]From GroupServer [X1] = [2]
[08-22 12:11:47]From GroupServer [X1] = [2]
[08-22 12:16:01]From GroupServer [X1] = [2]
[08-22 12:16:03]From GroupServer [X1] = [2]
[08-22 12:21:15]From GroupServer [X1] = [2]
[08-22 12:21:18]From GroupServer [X1] = [2]
[08-25 05:27:58]From GroupServer [X1] = [2]
[08-25 05:30:17]From GroupServer [X1] = [2]
[08-25 05:30:19]From GroupServer [X1] = [2]
[08-25 05:30:23]From GroupServer [X1] = [2]
[08-25 05:30:37]From GroupServer [X1] = [2]
[08-25 05:30:48]From GroupServer [test0001] = [8]
[08-25 05:46:59]From GroupServer [test0001] = [8]
[08-25 05:52:41]From GroupServer [test0001] = [8]
[08-25 05:56:36]From GroupServer [test0001] = [8]
[08-25 06:33:02]From GroupServer [test0001] = [8]
[08-25 06:33:05]From GroupServer [test0001] = [8]
[08-25 07:19:07]From GroupServer [test0001] = [8]
[08-25 10:01:35]From GroupServer [test0001] = [8]
[08-25 16:09:58]From GroupServer [test0001] = [8]
[08-25 16:34:51]From GroupServer [test0001] = [8]
[08-25 16:59:41]From GroupServer [test0001] = [8]
[08-28 10:31:16]From GroupServer [test0001] = [8]
[08-28 10:31:28]From GroupServer [test0001] = [8]
[08-28 17:22:06]From GroupServer [test0001] = [8]
[08-29 09:34:59]From GroupServer [test0001] = [8]
[08-29 10:10:53]From GroupServer [test0001] = [8]
[08-29 10:11:02]From GroupServer [test0001] = [8]
[08-29 14:58:35]From GroupServer [test0001] = [8]
[08-29 14:59:54]From GroupServer [test0001] = [8]
[08-29 15:01:11]From GroupServer [test0002] = [8]
[08-29 15:23:51]From GroupServer [test0002] = [8]
[08-29 15:24:01]From GroupServer [test0001] = [8]
[08-29 15:44:25]From GroupServer [test0001] = [8]
[08-29 15:44:53]From GroupServer [test0002] = [8]
[09-02 10:06:47]From GroupServer [test0002] = [8]
[09-02 10:12:46]From GroupServer [test0001] = [8]
[09-02 10:23:44]From GroupServer [test0001] = [8]
[09-02 10:23:47]From GroupServer [test0001] = [8]
[09-02 10:52:14]From GroupServer [test0001] = [8]
[09-02 15:17:11]From GroupServer [test0001] = [8]
[09-02 15:25:26]From GroupServer [test0001] = [8]
[09-02 15:27:42]From GroupServer [test0001] = [8]
[09-02 15:29:32]From GroupServer [test0001] = [8]
[09-02 15:35:17]From GroupServer [test0001] = [8]
[09-02 15:39:25]From GroupServer [test0001] = [8]
[09-02 15:49:57]From GroupServer [test0001] = [8]
[09-02 15:56:37]From GroupServer [test0001] = [8]
[09-02 16:03:51]From GroupServer [test0001] = [8]
[09-02 16:28:40]From GroupServer [test0001] = [8]
[09-02 16:34:40]From GroupServer [test0001] = [8]
[09-02 16:37:19]From GroupServer [test0001] = [8]
[09-02 16:38:42]From GroupServer [test0001] = [8]
[09-02 16:44:52]From GroupServer [test0001] = [8]
[09-02 16:46:48]From GroupServer [test0001] = [8]
[09-02 16:49:30]From GroupServer [test0001] = [8]
[09-02 16:56:35]From GroupServer [test0001] = [8]
[09-02 17:01:04]From GroupServer [test0001] = [8]
[09-02 17:08:38]From GroupServer [test0001] = [8]
[09-02 17:17:09]From GroupServer [test0001] = [8]
[09-02 17:21:27]From GroupServer [test0001] = [8]
[09-02 17:50:07]From GroupServer [test0002] = [8]
[09-03 13:34:21]From GroupServer [test0001] = [8]
[09-03 13:37:12]From GroupServer [test0001] = [8]
[09-03 13:44:46]From GroupServer [test0001] = [8]
[09-03 13:51:08]From GroupServer [test0001] = [8]
[09-03 13:57:27]From GroupServer [test0001] = [8]
[09-11 13:56:52]From GroupServer [X3] = [2]
[09-11 14:00:45]From GroupServer [X3] = [2]
[09-11 14:00:47]From GroupServer [X3] = [2]
[09-11 14:43:43]From GroupServer [X3] = [2]
[09-11 14:43:45]From GroupServer [X3] = [2]
[09-11 14:43:50]From GroupServer [X3] = [2]
[09-11 14:44:05]From GroupServer [X3] = [2]
[09-12 17:41:51]From GroupServer [X3] = [2]
[09-12 17:43:30]From GroupServer [X3] = [2]
[09-16 17:35:25]From GroupServer [X3] = [2]
[09-16 18:01:56]From GroupServer [X3] = [2]
[09-16 18:06:56]From GroupServer [X3] = [2]
[09-16 18:13:47]From GroupServer [X3] = [2]
[09-16 18:20:03]From GroupServer [X3] = [2]
[09-16 18:21:17]From GroupServer [X3] = [2]
[09-16 18:22:18]From GroupServer [X3] = [2]
[09-16 18:23:58]From GroupServer [X3] = [2]
[09-16 18:26:44]From GroupServer [X3] = [2]
[09-16 18:28:56]From GroupServer [X3] = [2]
[09-16 18:30:29]From GroupServer [X3] = [2]
[09-16 18:32:12]From GroupServer [X3] = [2]
[09-16 18:36:09]From GroupServer [X3] = [2]
[09-16 18:38:01]From GroupServer [X3] = [2]
[09-16 18:43:56]From GroupServer [X3] = [2]
[09-16 18:47:23]From GroupServer [X3] = [2]
[09-16 18:50:21]From GroupServer [X3] = [2]
[09-16 18:57:12]From GroupServer [X3] = [2]
[09-17 09:05:14]From GroupServer [X3] = [2]
[09-17 09:08:35]From GroupServer [X3] = [2]
[09-17 09:12:27]From GroupServer [X3] = [2]
[09-17 09:18:54]From GroupServer [X3] = [2]
[09-17 09:29:14]From GroupServer [X3] = [2]
[09-17 09:39:20]From GroupServer [X3] = [2]
[09-17 09:47:51]From GroupServer [X3] = [2]
[09-17 09:50:18]From GroupServer [X3] = [2]
[09-17 09:55:13]From GroupServer [X3] = [2]
[09-17 09:56:27]From GroupServer [X3] = [2]
[09-17 10:02:32]From GroupServer [X3] = [2]
[09-17 10:17:11]From GroupServer [X3] = [2]
[09-17 10:27:28]From GroupServer [X3] = [2]
[09-17 10:29:46]From GroupServer [X3] = [2]
[09-17 10:42:26]From GroupServer [X3] = [2]
[09-17 14:14:47]From GroupServer [X3] = [2]
[09-17 14:18:55]From GroupServer [X3] = [2]
[09-17 14:20:45]From GroupServer [X3] = [2]
[09-17 14:22:11]From GroupServer [X3] = [2]
[09-17 14:32:39]From GroupServer [X3] = [2]
[09-17 14:37:18]From GroupServer [X3] = [2]
[09-17 14:44:10]From GroupServer [X3] = [2]
[09-17 14:49:32]From GroupServer [X3] = [2]
[09-17 14:55:52]From GroupServer [X3] = [2]
[09-17 15:01:29]From GroupServer [X3] = [2]
[09-19 15:09:12]From GroupServer [X3] = [2]
[09-19 15:35:33]From GroupServer [X3] = [2]
[09-19 15:57:57]From GroupServer [X3] = [2]
[09-19 16:11:46]From GroupServer [X3] = [2]
[09-19 16:29:12]From GroupServer [test0001] = [8]
[09-19 16:32:11]From GroupServer [X3] = [2]
[09-19 16:41:10]From GroupServer [X3] = [2]
[09-19 16:41:24]From GroupServer [test0001] = [8]
[09-19 17:12:53]From GroupServer [X3] = [2]
[09-19 17:58:51]From GroupServer [X3] = [2]
[09-19 19:19:49]From GroupServer [X3] = [2]
[09-26 16:57:21]From GroupServer [test0001] = [8]
[09-26 17:16:30]From GroupServer [test0001] = [8]
[09-27 11:19:47]From GroupServer [test0001] = [8]
[09-28 09:32:03]From GroupServer [test0001] = [8]
[09-10 09:49:23]From GroupServer [test0002] = [8]
[09-28 15:48:24]From GroupServer [test0001] = [8]
[10-08 17:37:25]From GroupServer [test0001] = [8]
[10-08 17:52:47]From GroupServer [test0001] = [8]
[10-13 13:21:12]From GroupServer [test0001] = [8]
[10-13 21:50:32]From GroupServer [test0001] = [8]
[10-13 21:50:44]From GroupServer [yyy] = [3]
[10-13 21:50:52]From GroupServer [yyy] = [3]
[10-13 21:53:37]From GroupServer [yyy] = [3]
[10-13 21:56:54]From GroupServer [yyy] = [3]
[10-13 22:15:55]From GroupServer [yyy] = [3]
[10-13 22:16:09]From GroupServer [yyy] = [3]
[10-13 22:18:26]From GroupServer [xxx] = [3]
[10-13 22:48:22]From GroupServer [yyy] = [3]
[10-13 22:50:20]From GroupServer [yyy] = [3]
[10-13 22:55:18]From GroupServer [yyy] = [3]
[10-13 23:00:39]From GroupServer [yyy] = [3]
[10-13 23:00:59]From GroupServer [yyy] = [3]
[10-13 23:05:25]From GroupServer [yyy] = [3]
[10-13 23:10:00]From GroupServer [yyy] = [3]
[10-13 23:24:45]From GroupServer [yyy] = [3]
[10-14 21:49:48]From GroupServer [yyy] = [3]
[10-14 22:56:12]From GroupServer [yyy] = [3]
[10-14 22:57:10]From GroupServer [yyy] = [3]
[10-15 22:49:55]From GroupServer [yyy] = [3]
[10-15 22:55:58]From GroupServer [yyy] = [3]
[10-15 22:56:30]From GroupServer [yyy] = [3]
[10-15 23:17:58]From GroupServer [yyy] = [3]
[10-15 23:20:13]From GroupServer [yyy] = [3]
[10-15 23:20:40]From GroupServer [yyy] = [3]
[10-15 23:30:49]From GroupServer [yyy] = [3]
[10-15 23:37:46]From GroupServer [yyy] = [3]
[10-15 23:40:52]From GroupServer [yyy] = [3]
[10-15 23:42:04]From GroupServer [yyy] = [3]
[10-15 23:43:26]From GroupServer [yyy] = [3]
[10-15 23:45:47]From GroupServer [yyy] = [3]
[10-16 20:56:19]From GroupServer [yyy] = [3]
[10-17 18:49:41]From GroupServer [yyy] = [3]
[10-18 23:57:10]From GroupServer [yyy] = [3]
[10-19 01:47:27]From GroupServer [yyy] = [3]
[10-19 01:55:36]From GroupServer [yyy] = [3]
[10-19 02:28:06]From GroupServer [yyy] = [3]
[10-19 14:07:12]From GroupServer [yyy] = [3]
[10-19 14:07:14]From GroupServer [yyy] = [3]
[10-19 14:25:57]From GroupServer [yyy] = [3]
[10-19 14:32:31]From GroupServer [yyy] = [3]
[10-19 14:50:02]From GroupServer [yyy] = [3]
[10-19 19:32:12]From GroupServer [yyy] = [3]
[10-19 19:32:14]From GroupServer [yyy] = [3]
[11-13 17:26:30]From GroupServer [yyy] = [3]
[11-14 00:41:37]From GroupServer [yyy] = [3]
[11-14 01:03:37]From GroupServer [yyy] = [3]
[11-14 01:12:18]From GroupServer [yyy] = [3]
[11-14 01:14:59]From GroupServer [yyy] = [3]
[11-14 01:19:43]From GroupServer [yyy] = [3]
[11-14 01:42:31]From GroupServer [yyy] = [3]
[11-14 01:43:05]From GroupServer [yyy] = [3]
[11-14 01:44:01]From GroupServer [yyy] = [3]
[11-14 01:45:44]From GroupServer [yyy] = [3]
[11-14 01:56:53]From GroupServer [yyy] = [3]
[11-14 02:00:41]From GroupServer [yyy] = [3]
[11-14 02:07:21]From GroupServer [yyy] = [3]
[11-14 02:12:06]From GroupServer [yyy] = [3]
[11-14 02:42:52]From GroupServer [yyy] = [3]
[11-17 20:16:02]From GroupServer [yyy] = [3]
[11-28 05:52:44]From GroupServer [yyy] = [3]
[11-28 06:52:59]From GroupServer [yyy] = [3]
[11-28 07:00:42]From GroupServer [yyy] = [3]
[11-28 07:29:08]From GroupServer [yyy] = [3]
[11-28 07:33:10]From GroupServer [yyy] = [3]
[11-28 07:36:48]From GroupServer [yyy] = [3]
[11-28 07:38:30]From GroupServer [yyy] = [3]
[11-28 10:38:41]From GroupServer [yyy] = [3]
[11-28 10:40:27]From GroupServer [yyy] = [3]
[11-28 10:43:34]From GroupServer [yyy] = [3]
[11-28 10:48:45]From GroupServer [yyy] = [3]
[11-28 10:50:18]From GroupServer [yyy] = [3]
[11-28 10:51:26]From GroupServer [yyy] = [3]
[11-28 11:02:14]From GroupServer [yyy] = [3]
[11-28 11:04:50]From GroupServer [yyy] = [3]
[11-28 11:06:16]From GroupServer [yyy] = [3]
[11-28 11:08:28]From GroupServer [yyy] = [3]
[11-28 11:15:17]From GroupServer [yyy] = [3]
[11-28 11:18:35]From GroupServer [yyy] = [3]
[11-28 11:19:59]From GroupServer [yyy] = [3]
[11-28 11:21:08]From GroupServer [yyy] = [3]
[11-28 13:02:09]From GroupServer [yyy] = [3]
[11-28 13:14:48]From GroupServer [yyy] = [3]
[11-28 13:20:44]From GroupServer [yyy] = [3]
[11-28 13:22:51]From GroupServer [yyy] = [3]
[11-28 13:32:18]From GroupServer [yyy] = [3]
[11-28 13:38:37]From GroupServer [yyy] = [3]
[11-28 13:41:13]From GroupServer [yyy] = [3]
[11-28 13:42:32]From GroupServer [yyy] = [3]
[11-28 13:44:22]From GroupServer [yyy] = [3]
[11-28 13:46:38]From GroupServer [yyy] = [3]
[11-28 13:47:49]From GroupServer [yyy] = [3]
[11-28 13:51:53]From GroupServer [yyy] = [3]
[11-28 15:11:52]From GroupServer [yyy] = [3]
[11-28 15:12:51]From GroupServer [yyy] = [3]
[11-28 15:13:28]From GroupServer [yyy] = [3]
[11-28 17:08:29]From GroupServer [yyy] = [3]
[11-28 17:09:26]From GroupServer [yyy] = [3]
[11-28 17:10:06]From GroupServer [yyy] = [3]
[12-02 03:47:49]From GroupServer [yyy] = [3]
[12-02 03:56:23]From GroupServer [yyy] = [3]
[12-02 04:02:58]From GroupServer [yyy] = [3]
[12-02 04:14:47]From GroupServer [yyy] = [3]
[12-02 08:07:49]From GroupServer [yyy] = [3]
[12-02 08:12:29]From GroupServer [yyy] = [3]
[12-02 15:44:58]From GroupServer [yyy] = [3]
[12-02 15:49:15]From GroupServer [yyy] = [3]
