10:29:04: Creating resource group General
10:29:04: Creating resource group Internal
10:29:04: Creating resource group Autodetect
10:29:04: SceneManagerFactory for type 'DefaultSceneManager' registered.
10:29:04: Registering ResourceManager for type Material
10:29:04: Registering ResourceManager for type Mesh
10:29:04: Registering ResourceManager for type Skeleton
10:29:04: MovableObjectFactory for type 'ParticleSystem' registered.
10:29:04: OverlayElementFactory for type Panel registered.
10:29:04: OverlayElementFactory for type BorderPanel registered.
10:29:04: OverlayElementFactory for type TextArea registered.
10:29:04: Registering ResourceManager for type Font
10:29:04: ArchiveFactory for archive type FileSystem registered.
10:29:04: ArchiveFactory for archive type Zip registered.
10:29:04: FreeImage version: 3.9.2
10:29:04: This program uses FreeImage, a free, open source image library supporting all common bitmap formats. See http://freeimage.sourceforge.net for details
10:29:04: Supported formats: bmp,ico,jpg,jif,jpeg,jpe,jng,koa,iff,lbm,mng,pbm,pbm,pcd,pcx,pgm,pgm,png,ppm,ppm,ras,tga,targa,tif,tiff,wap,wbmp,wbm,psd,cut,xbm,xpm,gif,hdr,g3,sgi
10:29:04: DDS codec registering
10:29:04: Registering ResourceManager for type HighLevelGpuProgram
10:29:04: Registering ResourceManager for type Compositor
10:29:04: MovableObjectFactory for type 'Entity' registered.
10:29:04: MovableObjectFactory for type 'Light' registered.
10:29:04: MovableObjectFactory for type 'BillboardSet' registered.
10:29:04: MovableObjectFactory for type 'ManualObject' registered.
10:29:04: MovableObjectFactory for type 'BillboardChain' registered.
10:29:04: MovableObjectFactory for type 'RibbonTrail' registered.
10:29:04: Loading library .\RenderSystem_Direct3D9_d
10:29:04: Installing plugin: D3D9 RenderSystem
10:29:04: D3D9 : Direct3D9 Rendering Subsystem created.
10:29:04: D3D9: Driver Detection Starts
10:29:04: D3D9: Driver Detection Ends
10:29:04: Plugin successfully installed
10:29:04: Loading library .\RenderSystem_GL_d
10:29:05: Installing plugin: GL RenderSystem
10:29:05: OpenGL Rendering Subsystem created.
10:29:05: Plugin successfully installed
10:29:05: Loading library .\Plugin_ParticleFX_d
10:29:05: Installing plugin: ParticleFX
10:29:05: Particle Emitter Type 'Point' registered
10:29:05: Particle Emitter Type 'Box' registered
10:29:05: Particle Emitter Type 'Ellipsoid' registered
10:29:05: Particle Emitter Type 'Cylinder' registered
10:29:05: Particle Emitter Type 'Ring' registered
10:29:05: Particle Emitter Type 'HollowEllipsoid' registered
10:29:05: Particle Affector Type 'LinearForce' registered
10:29:05: Particle Affector Type 'ColourFader' registered
10:29:05: Particle Affector Type 'ColourFader2' registered
10:29:05: Particle Affector Type 'ColourImage' registered
10:29:05: Particle Affector Type 'ColourInterpolator' registered
10:29:05: Particle Affector Type 'Scaler' registered
10:29:05: Particle Affector Type 'Rotator' registered
10:29:05: Particle Affector Type 'DirectionRandomiser' registered
10:29:05: Particle Affector Type 'DeflectorPlane' registered
10:29:05: Plugin successfully installed
10:29:05: Loading library .\Plugin_BSPSceneManager_d
10:29:05: Installing plugin: BSP Scene Manager
10:29:05: Plugin successfully installed
10:29:05: Loading library .\Plugin_OctreeSceneManager_d
10:29:05: Installing plugin: Octree & Terrain Scene Manager
10:29:05: Plugin successfully installed
10:29:05: Loading library .\Plugin_CgProgramManager_d
10:29:09: OGRE EXCEPTION(7:InternalErrorException): Could not load dynamic library .\Plugin_CgProgramManager_d.  System Error: 找不到指定的模块。
 in DynLib::load at e:\e_client\ogre145\ogremain\src\ogredynlib.cpp (line 80)
