[07-29 10:29:17]Add LG [GroupServer]
[07-29 10:35:47]Add LG [PASSWD]
[07-29 10:38:39]Add LG [RunLabel]
[07-29 10:41:42]Add LG [RunLabel]
[07-29 10:42:38]Add LG [GroupServer]
[07-29 11:04:48]Add LG [PASSWD]
[07-29 13:45:24]Add LG [RunLabel]
[07-29 15:04:53]Add LG [GroupServer]
[07-29 15:06:09]Add LG [PASSWD]
[07-30 05:17:22]Add LG [GroupServer]
[07-30 05:22:06]Add LG [PASSWD]
[07-30 06:02:23]Add LG [GroupServer]
[07-30 06:04:37]Add LG [PASSWD]
[07-30 14:03:22]Add LG [RunLabel]
[07-31 04:58:45]Add LG [GroupServer]
[07-31 05:22:05]Add LG [PASSWD]
[07-31 18:06:43]Add LG [RunLabel]
[08-01 13:54:15]Add LG [GroupServer]
[08-01 13:56:40]Add LG [PASSWD]
[08-01 14:06:44]Add LG [RunLabel]
[08-05 11:36:34]Add LG [GroupServer]
[08-05 13:47:43]Add LG [PASSWD]
[08-07 09:18:06]Add LG [GroupServer]
[08-07 09:20:19]Add LG [PASSWD]
[08-08 06:29:06]Add LG [RunLabel]
[08-12 05:36:35]Add LG [GroupServer]
[08-12 06:34:18]Add LG [PASSWD]
[08-12 07:36:27]Add LG [AccountAuth]
[08-12 07:43:07]Add LG [RunLabel]
[08-12 07:45:18]Add LG [GroupServer]
[08-12 07:47:20]Add LG [PASSWD]
[08-21 09:45:02]Add LG [GroupServer]
[08-21 13:37:27]Add LG [PASSWD]
[08-22 05:20:01]Add LG [GroupServer]
[08-22 07:05:03]Add LG [PASSWD]
[08-22 12:54:41]Add LG [RunLabel]
[08-25 05:23:25]Add LG [GroupServer]
[08-25 05:27:58]Add LG [PASSWD]
[08-25 05:30:17]Add LG [AuthExcp]
[08-25 06:28:00]Add LG [GroupServer]
[08-25 06:31:03]Add LG [GroupServer]
[08-25 06:33:02]Add LG [PASSWD]
[08-28 10:26:37]Add LG [GroupServer]
[08-28 10:31:16]Add LG [PASSWD]
[08-28 17:19:39]Add LG [GroupServer]
[08-28 17:22:06]Add LG [PASSWD]
[08-29 09:30:51]Add LG [GroupServer]
[08-29 09:34:59]Add LG [PASSWD]
[08-29 10:10:53]Add LG [AccountAuth]
[08-29 17:30:50]Add LG [RunLabel]
[09-02 09:01:51]Add LG [GroupServer]
[09-02 10:06:47]Add LG [PASSWD]
[09-02 11:34:50]Add LG [GroupServer]
[09-02 15:10:39]Add LG [GroupServer]
[09-02 15:17:11]Add LG [PASSWD]
[09-02 18:06:19]Add LG [RunLabel]
[09-03 08:44:06]Add LG [GroupServer]
[09-03 11:31:07]Add LG [RunLabel]
[09-03 13:29:55]Add LG [GroupServer]
[09-03 13:34:21]Add LG [PASSWD]
[09-03 15:37:56]Add LG [RunLabel]
[09-11 10:24:52]Add LG [GroupServer]
[09-11 13:56:52]Add LG [PASSWD]
[09-12 17:33:41]Add LG [GroupServer]
[09-12 17:41:51]Add LG [PASSWD]
[09-12 18:20:39]Add LG [RunLabel]
[09-16 10:52:39]Add LG [GroupServer]
[09-16 17:35:25]Add LG [PASSWD]
[09-17 13:39:47]Add LG [GroupServer]
[09-17 14:14:47]Add LG [PASSWD]
[09-17 15:22:04]Add LG [RunLabel]
[09-19 15:04:58]Add LG [GroupServer]
[09-19 15:09:12]Add LG [PASSWD]
[09-19 17:17:59]Add LG [RunLabel]
[09-19 17:55:05]Add LG [GroupServer]
[09-19 17:58:51]Add LG [PASSWD]
[09-19 18:01:46]Add LG [RunLabel]
[09-19 19:17:02]Add LG [GroupServer]
[09-19 19:19:49]Add LG [PASSWD]
[09-23 13:16:37]Add LG [GroupServer]
[09-23 21:32:38]Add LG [RunLabel]
[09-25 09:44:00]Add LG [GroupServer]
[09-25 14:31:39]Add LG [RunLabel]
[09-26 09:20:57]Add LG [DBExcp]
[09-26 09:21:59]Add LG [DBExcp]
[09-26 09:24:33]Add LG [DBExcp]
[09-26 09:35:02]Add LG [GroupServer]
[09-26 15:59:24]Add LG [GroupServer]
[09-26 16:57:21]Add LG [PASSWD]
[09-27 09:14:22]Add LG [GroupServer]
[09-27 11:19:47]Add LG [PASSWD]
[09-27 17:56:38]Add LG [RunLabel]
[09-28 09:26:39]Add LG [GroupServer]
[09-28 09:32:03]Add LG [PASSWD]
[09-10 10:15:04]Add LG [RunLabel]
[09-28 15:42:18]Add LG [GroupServer]
[09-28 15:48:24]Add LG [PASSWD]
[10-08 17:33:31]Add LG [GroupServer]
[10-08 17:37:25]Add LG [PASSWD]
[10-13 11:06:49]Add LG [GroupServer]
[10-13 13:21:12]Add LG [PASSWD]
[10-13 13:25:34]Add LG [RunLabel]
[10-13 21:39:54]Add LG [GroupServer]
[10-13 21:50:32]Add LG [PASSWD]
[10-13 21:50:44]Add LG [AccountAuth]
[10-16 20:52:35]Add LG [RunLabel]
[10-16 20:54:46]Add LG [GroupServer]
[10-16 20:56:19]Add LG [PASSWD]
[10-16 20:57:13]Add LG [RunLabel]
[10-17 18:48:21]Add LG [GroupServer]
[10-17 18:49:41]Add LG [PASSWD]
[10-18 23:57:04]Add LG [GroupServer]
[10-18 23:57:10]Add LG [PASSWD]
[10-19 19:45:38]Add LG [RunLabel]
[11-13 16:37:21]Add LG [GroupServer]
[11-13 17:26:30]Add LG [PASSWD]
[11-14 17:36:38]Add LG [RunLabel]
[11-17 20:14:20]Add LG [GroupServer]
[11-17 20:16:02]Add LG [PASSWD]
[11-17 20:31:40]Add LG [RunLabel]
[11-28 02:01:34]Add LG [GroupServer]
[11-28 05:52:07]Add LG [RunLabel]
[11-28 05:52:44]Add LG [PASSWD]
[11-28 12:58:42]Add LG [GroupServer]
[11-28 13:02:09]Add LG [PASSWD]
[11-28 18:59:50]Add LG [RunLabel]
[12-02 03:46:00]Add LG [GroupServer]
[12-02 03:47:49]Add LG [PASSWD]
[12-02 04:17:06]Add LG [RunLabel]
[12-02 08:06:12]Add LG [GroupServer]
[12-02 08:07:49]Add LG [PASSWD]
[12-02 09:46:05]Add LG [RunLabel]
[12-02 15:43:06]Add LG [GroupServer]
[12-02 15:44:58]Add LG [PASSWD]
[12-10 14:49:20]Add LG [GroupServer]
[12-10 14:49:38]Add LG [RunLabel]
[12-12 09:01:03]Add LG [RunLabel]
