e:\gg\ver 1\files\server\accountserver\tmp\release\vc140.pdb
e:\gg\ver 1\files\server\accountserver\tmp\release\btiservice.obj
e:\gg\ver 1\files\server\accountserver\tmp\release\stdafx1.obj
e:\gg\ver 1\files\server\accountserver\tmp\release\tomservice.obj
e:\gg\ver 1\files\server\accountserver\tmp\release\mythread.obj
e:\gg\ver 1\files\server\accountserver\tmp\release\main.obj
e:\gg\ver 1\files\server\accountserver\tmp\release\globalvariable.obj
e:\gg\ver 1\files\server\accountserver\tmp\release\databasectrl.obj
e:\gg\ver 1\files\server\accountserver\tmp\release\billservice.obj
e:\gg\ver 1\files\server\accountserver\tmp\release\accountserver2.obj
e:\gg\ver 1\files\server\accountserver\tmp\release\accountserver.res
e:\gg\ver 1\files\server\accountserver\tmp\release\vc70.idb
e:\gg\ver 1\files\server\accountserver\tmp\release\vc80.idb
e:\gg\ver 1\files\server\accountserver\tmp\release\vc70.pdb
e:\gg\ver 1\files\server\accountserver\tmp\release\vc80.pdb
e:\gg\ver 1\files\server\accountserver\proj\..\bin\accountserver.pdb
e:\gg\ver 1\files\server\accountserver\tmp\release\accountserver.tlog\cl.command.1.tlog
e:\gg\ver 1\files\server\accountserver\tmp\release\accountserver.tlog\cl.read.1.tlog
e:\gg\ver 1\files\server\accountserver\tmp\release\accountserver.tlog\cl.write.1.tlog
e:\gg\ver 1\files\server\accountserver\tmp\release\accountserver.tlog\link-cvtres.read.1.tlog
e:\gg\ver 1\files\server\accountserver\tmp\release\accountserver.tlog\link-cvtres.write.1.tlog
e:\gg\ver 1\files\server\accountserver\tmp\release\accountserver.tlog\link-rc.read.1.tlog
e:\gg\ver 1\files\server\accountserver\tmp\release\accountserver.tlog\link-rc.write.1.tlog
e:\gg\ver 1\files\server\accountserver\tmp\release\accountserver.tlog\link.command.1.tlog
e:\gg\ver 1\files\server\accountserver\tmp\release\accountserver.tlog\link.read.1.tlog
e:\gg\ver 1\files\server\accountserver\tmp\release\accountserver.tlog\link.write.1.tlog
e:\gg\ver 1\files\server\accountserver\tmp\release\accountserver.tlog\rc.command.1.tlog
e:\gg\ver 1\files\server\accountserver\tmp\release\accountserver.tlog\rc.read.1.tlog
e:\gg\ver 1\files\server\accountserver\tmp\release\accountserver.tlog\rc.write.1.tlog
