e:\gg\ver 1\files\common\util\tmp\util\debug\logutil.pch
e:\gg\ver 1\files\common\util\lib\utild.pdb
e:\gg\ver 1\files\common\util\lib\utild.idb
e:\gg\ver 1\files\common\util\tmp\util\debug\pch.obj
e:\gg\ver 1\files\common\util\tmp\util\debug\packet.obj
e:\gg\ver 1\files\common\util\tmp\util\debug\log.obj
e:\gg\ver 1\files\common\util\tmp\util\debug\logutil.obj
e:\gg\ver 1\files\common\util\tmp\util\debug\algo.obj
e:\gg\ver 1\files\common\util\tmp\util\debug\bill.obj
e:\gg\ver 1\files\common\util\tmp\util\debug\errorhandler.obj
e:\gg\ver 1\files\common\util\tmp\util\debug\log2.obj
e:\gg\ver 1\files\common\util\tmp\util\debug\mapdataver.obj
e:\gg\ver 1\files\common\util\tmp\util\debug\maputil.obj
e:\gg\ver 1\files\common\util\tmp\util\debug\sectiondata.obj
e:\gg\ver 1\files\common\util\tmp\util\debug\se_translator.obj
e:\gg\ver 1\files\common\util\tmp\util\debug\stacktrace.obj
e:\gg\ver 1\files\common\util\tmp\util\debug\sym_engine.obj
e:\gg\ver 1\files\common\util\tmp\util\debug\db.obj
e:\gg\ver 1\files\common\util\tmp\util\debug\db3.obj
e:\gg\ver 1\files\common\util\tmp\util\debug\playsound.obj
e:\gg\ver 1\files\common\util\tmp\util\debug\util2.obj
e:\gg\ver 1\files\common\util\tmp\util\debug\md5c.obj
e:\gg\ver 1\files\common\util\lib\utild.lib
e:\gg\ver 1\files\common\util\tmp\util\debug\logutil.tlog\cl.command.1.tlog
e:\gg\ver 1\files\common\util\tmp\util\debug\logutil.tlog\cl.read.1.tlog
e:\gg\ver 1\files\common\util\tmp\util\debug\logutil.tlog\cl.write.1.tlog
e:\gg\ver 1\files\common\util\tmp\util\debug\logutil.tlog\lib-link.read.1.tlog
e:\gg\ver 1\files\common\util\tmp\util\debug\logutil.tlog\lib-link.write.1.tlog
e:\gg\ver 1\files\common\util\tmp\util\debug\logutil.tlog\lib.command.1.tlog
