03:37:13: Creating resource group General
03:37:13: Creating resource group Internal
03:37:13: Creating resource group Autodetect
03:37:13: SceneManagerFactory for type 'DefaultSceneManager' registered.
03:37:13: Registering ResourceManager for type Material
03:37:13: Registering ResourceManager for type Mesh
03:37:13: Registering ResourceManager for type Skeleton
03:37:13: MovableObjectFactory for type 'ParticleSystem' registered.
03:37:13: OverlayElementFactory for type Panel registered.
03:37:13: OverlayElementFactory for type BorderPanel registered.
03:37:13: OverlayElementFactory for type TextArea registered.
03:37:13: Registering ResourceManager for type Font
03:37:13: ArchiveFactory for archive type FileSystem registered.
03:37:13: ArchiveFactory for archive type Zip registered.
03:37:13: FreeImage version: 3.9.2
03:37:13: This program uses FreeImage, a free, open source image library supporting all common bitmap formats. See http://freeimage.sourceforge.net for details
03:37:13: Supported formats: bmp,ico,jpg,jif,jpeg,jpe,jng,koa,iff,lbm,mng,pbm,pbm,pcd,pcx,pgm,pgm,png,ppm,ppm,ras,tga,targa,tif,tiff,wap,wbmp,wbm,psd,cut,xbm,xpm,gif,hdr,g3,sgi
03:37:13: DDS codec registering
03:37:13: Registering ResourceManager for type HighLevelGpuProgram
03:37:13: Registering ResourceManager for type Compositor
03:37:13: MovableObjectFactory for type 'Entity' registered.
03:37:13: MovableObjectFactory for type 'Light' registered.
03:37:13: MovableObjectFactory for type 'BillboardSet' registered.
03:37:13: MovableObjectFactory for type 'ManualObject' registered.
03:37:13: MovableObjectFactory for type 'BillboardChain' registered.
03:37:13: MovableObjectFactory for type 'RibbonTrail' registered.
03:37:13: OGRE EXCEPTION(6:FileNotFoundException): 'plugins_d.cfg' file not found! in ConfigFile::load at c:\documents and settings\administrator\×ÀÃæ\star\ogre145\ogremain\src\ogreconfigfile.cpp (line 84)
03:37:13: plugins_d.cfg not found, automatic plugin loading disabled.
03:37:13: *-*-* OGRE Initialising
03:37:13: *-*-* Version 1.4.5 (Eihort)
03:37:13: OGRE EXCEPTION(6:FileNotFoundException): 'resources.cfg' file not found! in ConfigFile::load at c:\documents and settings\administrator\×ÀÃæ\star\ogre145\ogremain\src\ogreconfigfile.cpp (line 84)
