[09-28 09:28:00]添加港口信息：ID[1],名称《白银之港》 
[09-28 09:28:00]添加港口信息：ID[2],名称《雷霆之港》 
[09-28 09:28:00]添加港口信息：ID[3],名称《沙岚之港》 
[09-28 09:28:00]添加港口信息：ID[4],名称《冰狼之港》 
[09-28 09:28:00]添加港口信息：ID[5],名称《海风之港》 
[09-28 09:28:00]添加港口信息：ID[6],名称《碎冰之港》 
[09-28 09:28:00]添加港口信息：ID[7],名称《雪贼之港》 
[09-28 09:28:00]添加港口信息：ID[8],名称《冰雪之港》 
[09-28 09:28:00]添加港口信息：ID[9],名称《鸣沙之港》 
[09-28 09:28:00]添加港口信息：ID[10],名称《真爱之港》 
[09-28 09:28:00]添加港口信息：ID[11],名称《好运之港》 
[09-28 09:28:00]添加港口信息：ID[12],名称《神秘之港》 
[09-28 09:28:00]添加港口信息：ID[13],名称《春风之港》 
[09-28 09:28:00]添加港口信息：ID[14],名称《夏岛北港》 
[09-28 09:28:00]添加港口信息：ID[15],名称《夏岛南港》 
[09-28 15:43:21]添加港口信息：ID[1],名称《白银之港》 
[09-28 15:43:21]添加港口信息：ID[2],名称《雷霆之港》 
[09-28 15:43:21]添加港口信息：ID[3],名称《沙岚之港》 
[09-28 15:43:21]添加港口信息：ID[4],名称《冰狼之港》 
[09-28 15:43:21]添加港口信息：ID[5],名称《海风之港》 
[09-28 15:43:21]添加港口信息：ID[6],名称《碎冰之港》 
[09-28 15:43:21]添加港口信息：ID[7],名称《雪贼之港》 
[09-28 15:43:21]添加港口信息：ID[8],名称《冰雪之港》 
[09-28 15:43:21]添加港口信息：ID[9],名称《鸣沙之港》 
[09-28 15:43:21]添加港口信息：ID[10],名称《真爱之港》 
[09-28 15:43:21]添加港口信息：ID[11],名称《好运之港》 
[09-28 15:43:21]添加港口信息：ID[12],名称《神秘之港》 
[09-28 15:43:21]添加港口信息：ID[13],名称《春风之港》 
[09-28 15:43:21]添加港口信息：ID[14],名称《夏岛北港》 
[09-28 15:43:21]添加港口信息：ID[15],名称《夏岛南港》 
[10-08 17:34:55]添加港口信息：ID[1],名称《白银之港》 
[10-08 17:34:55]添加港口信息：ID[2],名称《雷霆之港》 
[10-08 17:34:55]添加港口信息：ID[3],名称《沙岚之港》 
[10-08 17:34:55]添加港口信息：ID[4],名称《冰狼之港》 
[10-08 17:34:55]添加港口信息：ID[5],名称《海风之港》 
[10-08 17:34:55]添加港口信息：ID[6],名称《碎冰之港》 
[10-08 17:34:55]添加港口信息：ID[7],名称《雪贼之港》 
[10-08 17:34:55]添加港口信息：ID[8],名称《冰雪之港》 
[10-08 17:34:55]添加港口信息：ID[9],名称《鸣沙之港》 
[10-08 17:34:55]添加港口信息：ID[10],名称《真爱之港》 
[10-08 17:34:55]添加港口信息：ID[11],名称《好运之港》 
[10-08 17:34:55]添加港口信息：ID[12],名称《神秘之港》 
[10-08 17:34:55]添加港口信息：ID[13],名称《春风之港》 
[10-08 17:34:55]添加港口信息：ID[14],名称《夏岛北港》 
[10-08 17:34:55]添加港口信息：ID[15],名称《夏岛南港》 
[10-08 17:51:56]添加港口信息：ID[1],名称《白银之港》 
[10-08 17:51:56]添加港口信息：ID[2],名称《雷霆之港》 
[10-08 17:51:56]添加港口信息：ID[3],名称《沙岚之港》 
[10-08 17:51:56]添加港口信息：ID[4],名称《冰狼之港》 
[10-08 17:51:56]添加港口信息：ID[5],名称《海风之港》 
[10-08 17:51:56]添加港口信息：ID[6],名称《碎冰之港》 
[10-08 17:51:56]添加港口信息：ID[7],名称《雪贼之港》 
[10-08 17:51:56]添加港口信息：ID[8],名称《冰雪之港》 
[10-08 17:51:56]添加港口信息：ID[9],名称《鸣沙之港》 
[10-08 17:51:56]添加港口信息：ID[10],名称《真爱之港》 
[10-08 17:51:56]添加港口信息：ID[11],名称《好运之港》 
[10-08 17:51:56]添加港口信息：ID[12],名称《神秘之港》 
[10-08 17:51:56]添加港口信息：ID[13],名称《春风之港》 
[10-08 17:51:56]添加港口信息：ID[14],名称《夏岛北港》 
[10-08 17:51:56]添加港口信息：ID[15],名称《夏岛南港》 
[10-13 11:08:23]添加港口信息：ID[1],名称《白银之港》 
[10-13 11:08:23]添加港口信息：ID[2],名称《雷霆之港》 
[10-13 11:08:23]添加港口信息：ID[3],名称《沙岚之港》 
[10-13 11:08:23]添加港口信息：ID[4],名称《冰狼之港》 
[10-13 11:08:23]添加港口信息：ID[5],名称《海风之港》 
[10-13 11:08:23]添加港口信息：ID[6],名称《碎冰之港》 
[10-13 11:08:23]添加港口信息：ID[7],名称《雪贼之港》 
[10-13 11:08:23]添加港口信息：ID[8],名称《冰雪之港》 
[10-13 11:08:23]添加港口信息：ID[9],名称《鸣沙之港》 
[10-13 11:08:23]添加港口信息：ID[10],名称《真爱之港》 
[10-13 11:08:23]添加港口信息：ID[11],名称《好运之港》 
[10-13 11:08:23]添加港口信息：ID[12],名称《神秘之港》 
[10-13 11:08:23]添加港口信息：ID[13],名称《春风之港》 
[10-13 11:08:23]添加港口信息：ID[14],名称《夏岛北港》 
[10-13 11:08:23]添加港口信息：ID[15],名称《夏岛南港》 
[10-13 21:44:02]添加港口信息：ID[1],名称《白银之港》 
[10-13 21:44:02]添加港口信息：ID[2],名称《雷霆之港》 
[10-13 21:44:02]添加港口信息：ID[3],名称《沙岚之港》 
[10-13 21:44:02]添加港口信息：ID[4],名称《冰狼之港》 
[10-13 21:44:02]添加港口信息：ID[5],名称《海风之港》 
[10-13 21:44:02]添加港口信息：ID[6],名称《碎冰之港》 
[10-13 21:44:02]添加港口信息：ID[7],名称《雪贼之港》 
[10-13 21:44:02]添加港口信息：ID[8],名称《冰雪之港》 
[10-13 21:44:02]添加港口信息：ID[9],名称《鸣沙之港》 
[10-13 21:44:02]添加港口信息：ID[10],名称《真爱之港》 
[10-13 21:44:02]添加港口信息：ID[11],名称《好运之港》 
[10-13 21:44:02]添加港口信息：ID[12],名称《神秘之港》 
[10-13 21:44:02]添加港口信息：ID[13],名称《春风之港》 
[10-13 21:44:02]添加港口信息：ID[14],名称《夏岛北港》 
[10-13 21:44:02]添加港口信息：ID[15],名称《夏岛南港》 
[10-13 22:59:15]添加港口信息：ID[1],名称《白银之港》 
[10-13 22:59:15]添加港口信息：ID[2],名称《雷霆之港》 
[10-13 22:59:15]添加港口信息：ID[3],名称《沙岚之港》 
[10-13 22:59:15]添加港口信息：ID[4],名称《冰狼之港》 
[10-13 22:59:15]添加港口信息：ID[5],名称《海风之港》 
[10-13 22:59:15]添加港口信息：ID[6],名称《碎冰之港》 
[10-13 22:59:15]添加港口信息：ID[7],名称《雪贼之港》 
[10-13 22:59:15]添加港口信息：ID[8],名称《冰雪之港》 
[10-13 22:59:15]添加港口信息：ID[9],名称《鸣沙之港》 
[10-13 22:59:15]添加港口信息：ID[10],名称《真爱之港》 
[10-13 22:59:15]添加港口信息：ID[11],名称《好运之港》 
[10-13 22:59:15]添加港口信息：ID[12],名称《神秘之港》 
[10-13 22:59:15]添加港口信息：ID[13],名称《春风之港》 
[10-13 22:59:15]添加港口信息：ID[14],名称《夏岛北港》 
[10-13 22:59:15]添加港口信息：ID[15],名称《夏岛南港》 
[10-16 20:55:17]添加港口信息：ID[1],名称《白银之港》 
[10-16 20:55:17]添加港口信息：ID[2],名称《雷霆之港》 
[10-16 20:55:17]添加港口信息：ID[3],名称《沙岚之港》 
[10-16 20:55:17]添加港口信息：ID[4],名称《冰狼之港》 
[10-16 20:55:17]添加港口信息：ID[5],名称《海风之港》 
[10-16 20:55:17]添加港口信息：ID[6],名称《碎冰之港》 
[10-16 20:55:17]添加港口信息：ID[7],名称《雪贼之港》 
[10-16 20:55:17]添加港口信息：ID[8],名称《冰雪之港》 
[10-16 20:55:17]添加港口信息：ID[9],名称《鸣沙之港》 
[10-16 20:55:17]添加港口信息：ID[10],名称《真爱之港》 
[10-16 20:55:17]添加港口信息：ID[11],名称《好运之港》 
[10-16 20:55:17]添加港口信息：ID[12],名称《神秘之港》 
[10-16 20:55:17]添加港口信息：ID[13],名称《春风之港》 
[10-16 20:55:17]添加港口信息：ID[14],名称《夏岛北港》 
[10-16 20:55:17]添加港口信息：ID[15],名称《夏岛南港》 
[10-17 18:48:51]添加港口信息：ID[1],名称《白银之港》 
[10-17 18:48:51]添加港口信息：ID[2],名称《雷霆之港》 
[10-17 18:48:51]添加港口信息：ID[3],名称《沙岚之港》 
[10-17 18:48:51]添加港口信息：ID[4],名称《冰狼之港》 
[10-17 18:48:51]添加港口信息：ID[5],名称《海风之港》 
[10-17 18:48:51]添加港口信息：ID[6],名称《碎冰之港》 
[10-17 18:48:51]添加港口信息：ID[7],名称《雪贼之港》 
[10-17 18:48:51]添加港口信息：ID[8],名称《冰雪之港》 
[10-17 18:48:51]添加港口信息：ID[9],名称《鸣沙之港》 
[10-17 18:48:51]添加港口信息：ID[10],名称《真爱之港》 
[10-17 18:48:51]添加港口信息：ID[11],名称《好运之港》 
[10-17 18:48:51]添加港口信息：ID[12],名称《神秘之港》 
[10-17 18:48:51]添加港口信息：ID[13],名称《春风之港》 
[10-17 18:48:51]添加港口信息：ID[14],名称《夏岛北港》 
[10-17 18:48:51]添加港口信息：ID[15],名称《夏岛南港》 
[10-17 18:51:11]添加港口信息：ID[1],名称《白银之港》 
[10-17 18:51:11]添加港口信息：ID[2],名称《雷霆之港》 
[10-17 18:51:11]添加港口信息：ID[3],名称《沙岚之港》 
[10-17 18:51:11]添加港口信息：ID[4],名称《冰狼之港》 
[10-17 18:51:11]添加港口信息：ID[5],名称《海风之港》 
[10-17 18:51:11]添加港口信息：ID[6],名称《碎冰之港》 
[10-17 18:51:11]添加港口信息：ID[7],名称《雪贼之港》 
[10-17 18:51:11]添加港口信息：ID[8],名称《冰雪之港》 
[10-17 18:51:11]添加港口信息：ID[9],名称《鸣沙之港》 
[10-17 18:51:11]添加港口信息：ID[10],名称《真爱之港》 
[10-17 18:51:11]添加港口信息：ID[11],名称《好运之港》 
[10-17 18:51:11]添加港口信息：ID[12],名称《神秘之港》 
[10-17 18:51:11]添加港口信息：ID[13],名称《春风之港》 
[10-17 18:51:11]添加港口信息：ID[14],名称《夏岛北港》 
[10-17 18:51:11]添加港口信息：ID[15],名称《夏岛南港》 
[10-18 23:39:08]添加港口信息：ID[1],名称《白银之港》 
[10-18 23:39:08]添加港口信息：ID[2],名称《雷霆之港》 
[10-18 23:39:08]添加港口信息：ID[3],名称《沙岚之港》 
[10-18 23:39:08]添加港口信息：ID[4],名称《冰狼之港》 
[10-18 23:39:08]添加港口信息：ID[5],名称《海风之港》 
[10-18 23:39:08]添加港口信息：ID[6],名称《碎冰之港》 
[10-18 23:39:08]添加港口信息：ID[7],名称《雪贼之港》 
[10-18 23:39:08]添加港口信息：ID[8],名称《冰雪之港》 
[10-18 23:39:08]添加港口信息：ID[9],名称《鸣沙之港》 
[10-18 23:39:08]添加港口信息：ID[10],名称《真爱之港》 
[10-18 23:39:08]添加港口信息：ID[11],名称《好运之港》 
[10-18 23:39:08]添加港口信息：ID[12],名称《神秘之港》 
[10-18 23:39:08]添加港口信息：ID[13],名称《春风之港》 
[10-18 23:39:08]添加港口信息：ID[14],名称《夏岛北港》 
[10-18 23:39:08]添加港口信息：ID[15],名称《夏岛南港》 
[10-19 01:46:31]添加港口信息：ID[1],名称《白银之港》 
[10-19 01:46:31]添加港口信息：ID[2],名称《雷霆之港》 
[10-19 01:46:31]添加港口信息：ID[3],名称《沙岚之港》 
[10-19 01:46:31]添加港口信息：ID[4],名称《冰狼之港》 
[10-19 01:46:31]添加港口信息：ID[5],名称《海风之港》 
[10-19 01:46:31]添加港口信息：ID[6],名称《碎冰之港》 
[10-19 01:46:31]添加港口信息：ID[7],名称《雪贼之港》 
[10-19 01:46:31]添加港口信息：ID[8],名称《冰雪之港》 
[10-19 01:46:31]添加港口信息：ID[9],名称《鸣沙之港》 
[10-19 01:46:31]添加港口信息：ID[10],名称《真爱之港》 
[10-19 01:46:31]添加港口信息：ID[11],名称《好运之港》 
[10-19 01:46:31]添加港口信息：ID[12],名称《神秘之港》 
[10-19 01:46:31]添加港口信息：ID[13],名称《春风之港》 
[10-19 01:46:31]添加港口信息：ID[14],名称《夏岛北港》 
[10-19 01:46:31]添加港口信息：ID[15],名称《夏岛南港》 
[10-19 01:53:29]添加港口信息：ID[1],名称《白银之港》 
[10-19 01:53:29]添加港口信息：ID[2],名称《雷霆之港》 
[10-19 01:53:29]添加港口信息：ID[3],名称《沙岚之港》 
[10-19 01:53:29]添加港口信息：ID[4],名称《冰狼之港》 
[10-19 01:53:29]添加港口信息：ID[5],名称《海风之港》 
[10-19 01:53:29]添加港口信息：ID[6],名称《碎冰之港》 
[10-19 01:53:29]添加港口信息：ID[7],名称《雪贼之港》 
[10-19 01:53:29]添加港口信息：ID[8],名称《冰雪之港》 
[10-19 01:53:29]添加港口信息：ID[9],名称《鸣沙之港》 
[10-19 01:53:29]添加港口信息：ID[10],名称《真爱之港》 
[10-19 01:53:29]添加港口信息：ID[11],名称《好运之港》 
[10-19 01:53:29]添加港口信息：ID[12],名称《神秘之港》 
[10-19 01:53:29]添加港口信息：ID[13],名称《春风之港》 
[10-19 01:53:29]添加港口信息：ID[14],名称《夏岛北港》 
[10-19 01:53:29]添加港口信息：ID[15],名称《夏岛南港》 
[10-19 02:07:32]添加港口信息：ID[1],名称《白银之港》 
[10-19 02:07:32]添加港口信息：ID[2],名称《雷霆之港》 
[10-19 02:07:32]添加港口信息：ID[3],名称《沙岚之港》 
[10-19 02:07:32]添加港口信息：ID[4],名称《冰狼之港》 
[10-19 02:07:32]添加港口信息：ID[5],名称《海风之港》 
[10-19 02:07:32]添加港口信息：ID[6],名称《碎冰之港》 
[10-19 02:07:32]添加港口信息：ID[7],名称《雪贼之港》 
[10-19 02:07:32]添加港口信息：ID[8],名称《冰雪之港》 
[10-19 02:07:32]添加港口信息：ID[9],名称《鸣沙之港》 
[10-19 02:07:32]添加港口信息：ID[10],名称《真爱之港》 
[10-19 02:07:32]添加港口信息：ID[11],名称《好运之港》 
[10-19 02:07:32]添加港口信息：ID[12],名称《神秘之港》 
[10-19 02:07:32]添加港口信息：ID[13],名称《春风之港》 
[10-19 02:07:32]添加港口信息：ID[14],名称《夏岛北港》 
[10-19 02:07:32]添加港口信息：ID[15],名称《夏岛南港》 
[10-19 02:26:49]添加港口信息：ID[1],名称《白银之港》 
[10-19 02:26:49]添加港口信息：ID[2],名称《雷霆之港》 
[10-19 02:26:49]添加港口信息：ID[3],名称《沙岚之港》 
[10-19 02:26:49]添加港口信息：ID[4],名称《冰狼之港》 
[10-19 02:26:49]添加港口信息：ID[5],名称《海风之港》 
[10-19 02:26:49]添加港口信息：ID[6],名称《碎冰之港》 
[10-19 02:26:49]添加港口信息：ID[7],名称《雪贼之港》 
[10-19 02:26:49]添加港口信息：ID[8],名称《冰雪之港》 
[10-19 02:26:49]添加港口信息：ID[9],名称《鸣沙之港》 
[10-19 02:26:49]添加港口信息：ID[10],名称《真爱之港》 
[10-19 02:26:49]添加港口信息：ID[11],名称《好运之港》 
[10-19 02:26:49]添加港口信息：ID[12],名称《神秘之港》 
[10-19 02:26:49]添加港口信息：ID[13],名称《春风之港》 
[10-19 02:26:49]添加港口信息：ID[14],名称《夏岛北港》 
[10-19 02:26:49]添加港口信息：ID[15],名称《夏岛南港》 
[10-19 13:44:51]添加港口信息：ID[1],名称《白银之港》 
[10-19 13:44:51]添加港口信息：ID[2],名称《雷霆之港》 
[10-19 13:44:51]添加港口信息：ID[3],名称《沙岚之港》 
[10-19 13:44:51]添加港口信息：ID[4],名称《冰狼之港》 
[10-19 13:44:51]添加港口信息：ID[5],名称《海风之港》 
[10-19 13:44:51]添加港口信息：ID[6],名称《碎冰之港》 
[10-19 13:44:51]添加港口信息：ID[7],名称《雪贼之港》 
[10-19 13:44:51]添加港口信息：ID[8],名称《冰雪之港》 
[10-19 13:44:51]添加港口信息：ID[9],名称《鸣沙之港》 
[10-19 13:44:51]添加港口信息：ID[10],名称《真爱之港》 
[10-19 13:44:51]添加港口信息：ID[11],名称《好运之港》 
[10-19 13:44:51]添加港口信息：ID[12],名称《神秘之港》 
[10-19 13:44:51]添加港口信息：ID[13],名称《春风之港》 
[10-19 13:44:51]添加港口信息：ID[14],名称《夏岛北港》 
[10-19 13:44:51]添加港口信息：ID[15],名称《夏岛南港》 
[10-19 13:45:50]添加港口信息：ID[1],名称《白银之港》 
[10-19 13:45:50]添加港口信息：ID[2],名称《雷霆之港》 
[10-19 13:45:50]添加港口信息：ID[3],名称《沙岚之港》 
[10-19 13:45:50]添加港口信息：ID[4],名称《冰狼之港》 
[10-19 13:45:50]添加港口信息：ID[5],名称《海风之港》 
[10-19 13:45:50]添加港口信息：ID[6],名称《碎冰之港》 
[10-19 13:45:50]添加港口信息：ID[7],名称《雪贼之港》 
[10-19 13:45:50]添加港口信息：ID[8],名称《冰雪之港》 
[10-19 13:45:50]添加港口信息：ID[9],名称《鸣沙之港》 
[10-19 13:45:50]添加港口信息：ID[10],名称《真爱之港》 
[10-19 13:45:50]添加港口信息：ID[11],名称《好运之港》 
[10-19 13:45:50]添加港口信息：ID[12],名称《神秘之港》 
[10-19 13:45:50]添加港口信息：ID[13],名称《春风之港》 
[10-19 13:45:50]添加港口信息：ID[14],名称《夏岛北港》 
[10-19 13:45:50]添加港口信息：ID[15],名称《夏岛南港》 
[10-19 14:17:40]添加港口信息：ID[1],名称《白银之港》 
[10-19 14:17:40]添加港口信息：ID[2],名称《雷霆之港》 
[10-19 14:17:40]添加港口信息：ID[3],名称《沙岚之港》 
[10-19 14:17:40]添加港口信息：ID[4],名称《冰狼之港》 
[10-19 14:17:40]添加港口信息：ID[5],名称《海风之港》 
[10-19 14:17:40]添加港口信息：ID[6],名称《碎冰之港》 
[10-19 14:17:40]添加港口信息：ID[7],名称《雪贼之港》 
[10-19 14:17:40]添加港口信息：ID[8],名称《冰雪之港》 
[10-19 14:17:40]添加港口信息：ID[9],名称《鸣沙之港》 
[10-19 14:17:40]添加港口信息：ID[10],名称《真爱之港》 
[10-19 14:17:40]添加港口信息：ID[11],名称《好运之港》 
[10-19 14:17:40]添加港口信息：ID[12],名称《神秘之港》 
[10-19 14:17:40]添加港口信息：ID[13],名称《春风之港》 
[10-19 14:17:40]添加港口信息：ID[14],名称《夏岛北港》 
[10-19 14:17:40]添加港口信息：ID[15],名称《夏岛南港》 
[10-19 14:31:28]添加港口信息：ID[1],名称《白银之港》 
[10-19 14:31:28]添加港口信息：ID[2],名称《雷霆之港》 
[10-19 14:31:28]添加港口信息：ID[3],名称《沙岚之港》 
[10-19 14:31:28]添加港口信息：ID[4],名称《冰狼之港》 
[10-19 14:31:28]添加港口信息：ID[5],名称《海风之港》 
[10-19 14:31:28]添加港口信息：ID[6],名称《碎冰之港》 
[10-19 14:31:28]添加港口信息：ID[7],名称《雪贼之港》 
[10-19 14:31:28]添加港口信息：ID[8],名称《冰雪之港》 
[10-19 14:31:28]添加港口信息：ID[9],名称《鸣沙之港》 
[10-19 14:31:28]添加港口信息：ID[10],名称《真爱之港》 
[10-19 14:31:28]添加港口信息：ID[11],名称《好运之港》 
[10-19 14:31:28]添加港口信息：ID[12],名称《神秘之港》 
[10-19 14:31:28]添加港口信息：ID[13],名称《春风之港》 
[10-19 14:31:28]添加港口信息：ID[14],名称《夏岛北港》 
[10-19 14:31:28]添加港口信息：ID[15],名称《夏岛南港》 
[10-19 14:44:55]添加港口信息：ID[1],名称《白银之港》 
[10-19 14:44:55]添加港口信息：ID[2],名称《雷霆之港》 
[10-19 14:44:55]添加港口信息：ID[3],名称《沙岚之港》 
[10-19 14:44:55]添加港口信息：ID[4],名称《冰狼之港》 
[10-19 14:44:55]添加港口信息：ID[5],名称《海风之港》 
[10-19 14:44:55]添加港口信息：ID[6],名称《碎冰之港》 
[10-19 14:44:55]添加港口信息：ID[7],名称《雪贼之港》 
[10-19 14:44:55]添加港口信息：ID[8],名称《冰雪之港》 
[10-19 14:44:55]添加港口信息：ID[9],名称《鸣沙之港》 
[10-19 14:44:55]添加港口信息：ID[10],名称《真爱之港》 
[10-19 14:44:55]添加港口信息：ID[11],名称《好运之港》 
[10-19 14:44:55]添加港口信息：ID[12],名称《神秘之港》 
[10-19 14:44:55]添加港口信息：ID[13],名称《春风之港》 
[10-19 14:44:55]添加港口信息：ID[14],名称《夏岛北港》 
[10-19 14:44:55]添加港口信息：ID[15],名称《夏岛南港》 
[10-19 14:46:56]添加港口信息：ID[1],名称《白银之港》 
[10-19 14:46:56]添加港口信息：ID[2],名称《雷霆之港》 
[10-19 14:46:56]添加港口信息：ID[3],名称《沙岚之港》 
[10-19 14:46:56]添加港口信息：ID[4],名称《冰狼之港》 
[10-19 14:46:56]添加港口信息：ID[5],名称《海风之港》 
[10-19 14:46:56]添加港口信息：ID[6],名称《碎冰之港》 
[10-19 14:46:56]添加港口信息：ID[7],名称《雪贼之港》 
[10-19 14:46:56]添加港口信息：ID[8],名称《冰雪之港》 
[10-19 14:46:56]添加港口信息：ID[9],名称《鸣沙之港》 
[10-19 14:46:56]添加港口信息：ID[10],名称《真爱之港》 
[10-19 14:46:56]添加港口信息：ID[11],名称《好运之港》 
[10-19 14:46:56]添加港口信息：ID[12],名称《神秘之港》 
[10-19 14:46:56]添加港口信息：ID[13],名称《春风之港》 
[10-19 14:46:56]添加港口信息：ID[14],名称《夏岛北港》 
[10-19 14:46:56]添加港口信息：ID[15],名称《夏岛南港》 
[10-19 19:33:04]添加港口信息：ID[1],名称《白银之港》 
[10-19 19:33:04]添加港口信息：ID[2],名称《雷霆之港》 
[10-19 19:33:04]添加港口信息：ID[3],名称《沙岚之港》 
[10-19 19:33:04]添加港口信息：ID[4],名称《冰狼之港》 
[10-19 19:33:04]添加港口信息：ID[5],名称《海风之港》 
[10-19 19:33:04]添加港口信息：ID[6],名称《碎冰之港》 
[10-19 19:33:04]添加港口信息：ID[7],名称《雪贼之港》 
[10-19 19:33:04]添加港口信息：ID[8],名称《冰雪之港》 
[10-19 19:33:04]添加港口信息：ID[9],名称《鸣沙之港》 
[10-19 19:33:04]添加港口信息：ID[10],名称《真爱之港》 
[10-19 19:33:04]添加港口信息：ID[11],名称《好运之港》 
[10-19 19:33:04]添加港口信息：ID[12],名称《神秘之港》 
[10-19 19:33:04]添加港口信息：ID[13],名称《春风之港》 
[10-19 19:33:04]添加港口信息：ID[14],名称《夏岛北港》 
[10-19 19:33:04]添加港口信息：ID[15],名称《夏岛南港》 
[11-13 17:21:44]添加港口信息：ID[1],名称《白银之港》 
[11-13 17:21:44]添加港口信息：ID[2],名称《雷霆之港》 
[11-13 17:21:44]添加港口信息：ID[3],名称《沙岚之港》 
[11-13 17:21:44]添加港口信息：ID[4],名称《冰狼之港》 
[11-13 17:21:44]添加港口信息：ID[5],名称《海风之港》 
[11-13 17:21:44]添加港口信息：ID[6],名称《碎冰之港》 
[11-13 17:21:44]添加港口信息：ID[7],名称《雪贼之港》 
[11-13 17:21:44]添加港口信息：ID[8],名称《冰雪之港》 
[11-13 17:21:44]添加港口信息：ID[9],名称《鸣沙之港》 
[11-13 17:21:44]添加港口信息：ID[10],名称《真爱之港》 
[11-13 17:21:44]添加港口信息：ID[11],名称《好运之港》 
[11-13 17:21:44]添加港口信息：ID[12],名称《神秘之港》 
[11-13 17:21:44]添加港口信息：ID[13],名称《春风之港》 
[11-13 17:21:44]添加港口信息：ID[14],名称《夏岛北港》 
[11-13 17:21:44]添加港口信息：ID[15],名称《夏岛南港》 
[11-14 01:56:17]添加港口信息：ID[1],名称《白银之港》 
[11-14 01:56:17]添加港口信息：ID[2],名称《雷霆之港》 
[11-14 01:56:17]添加港口信息：ID[3],名称《沙岚之港》 
[11-14 01:56:17]添加港口信息：ID[4],名称《冰狼之港》 
[11-14 01:56:17]添加港口信息：ID[5],名称《海风之港》 
[11-14 01:56:17]添加港口信息：ID[6],名称《碎冰之港》 
[11-14 01:56:17]添加港口信息：ID[7],名称《雪贼之港》 
[11-14 01:56:17]添加港口信息：ID[8],名称《冰雪之港》 
[11-14 01:56:17]添加港口信息：ID[9],名称《鸣沙之港》 
[11-14 01:56:17]添加港口信息：ID[10],名称《真爱之港》 
[11-14 01:56:17]添加港口信息：ID[11],名称《好运之港》 
[11-14 01:56:17]添加港口信息：ID[12],名称《神秘之港》 
[11-14 01:56:17]添加港口信息：ID[13],名称《春风之港》 
[11-14 01:56:17]添加港口信息：ID[14],名称《夏岛北港》 
[11-14 01:56:17]添加港口信息：ID[15],名称《夏岛南港》 
[11-17 20:14:54]添加港口信息：ID[1],名称《白银之港》 
[11-17 20:14:54]添加港口信息：ID[2],名称《雷霆之港》 
[11-17 20:14:54]添加港口信息：ID[3],名称《沙岚之港》 
[11-17 20:14:54]添加港口信息：ID[4],名称《冰狼之港》 
[11-17 20:14:54]添加港口信息：ID[5],名称《海风之港》 
[11-17 20:14:54]添加港口信息：ID[6],名称《碎冰之港》 
[11-17 20:14:54]添加港口信息：ID[7],名称《雪贼之港》 
[11-17 20:14:54]添加港口信息：ID[8],名称《冰雪之港》 
[11-17 20:14:54]添加港口信息：ID[9],名称《鸣沙之港》 
[11-17 20:14:54]添加港口信息：ID[10],名称《真爱之港》 
[11-17 20:14:54]添加港口信息：ID[11],名称《好运之港》 
[11-17 20:14:54]添加港口信息：ID[12],名称《神秘之港》 
[11-17 20:14:54]添加港口信息：ID[13],名称《春风之港》 
[11-17 20:14:54]添加港口信息：ID[14],名称《夏岛北港》 
[11-17 20:14:54]添加港口信息：ID[15],名称《夏岛南港》 
[11-28 02:03:06]添加港口信息：ID[1],名称《白银之港》 
[11-28 02:03:06]添加港口信息：ID[2],名称《雷霆之港》 
[11-28 02:03:06]添加港口信息：ID[3],名称《沙岚之港》 
[11-28 02:03:06]添加港口信息：ID[4],名称《冰狼之港》 
[11-28 02:03:06]添加港口信息：ID[5],名称《海风之港》 
[11-28 02:03:06]添加港口信息：ID[6],名称《碎冰之港》 
[11-28 02:03:06]添加港口信息：ID[7],名称《雪贼之港》 
[11-28 02:03:06]添加港口信息：ID[8],名称《冰雪之港》 
[11-28 02:03:06]添加港口信息：ID[9],名称《鸣沙之港》 
[11-28 02:03:06]添加港口信息：ID[10],名称《真爱之港》 
[11-28 02:03:06]添加港口信息：ID[11],名称《好运之港》 
[11-28 02:03:06]添加港口信息：ID[12],名称《神秘之港》 
[11-28 02:03:06]添加港口信息：ID[13],名称《春风之港》 
[11-28 02:03:06]添加港口信息：ID[14],名称《夏岛北港》 
[11-28 02:03:06]添加港口信息：ID[15],名称《夏岛南港》 
[11-28 07:40:17]添加港口信息：ID[1],名称《白银之港》 
[11-28 07:40:17]添加港口信息：ID[2],名称《雷霆之港》 
[11-28 07:40:17]添加港口信息：ID[3],名称《沙岚之港》 
[11-28 07:40:17]添加港口信息：ID[4],名称《冰狼之港》 
[11-28 07:40:17]添加港口信息：ID[5],名称《海风之港》 
[11-28 07:40:17]添加港口信息：ID[6],名称《碎冰之港》 
[11-28 07:40:17]添加港口信息：ID[7],名称《雪贼之港》 
[11-28 07:40:17]添加港口信息：ID[8],名称《冰雪之港》 
[11-28 07:40:17]添加港口信息：ID[9],名称《鸣沙之港》 
[11-28 07:40:17]添加港口信息：ID[10],名称《真爱之港》 
[11-28 07:40:17]添加港口信息：ID[11],名称《好运之港》 
[11-28 07:40:17]添加港口信息：ID[12],名称《神秘之港》 
[11-28 07:40:17]添加港口信息：ID[13],名称《春风之港》 
[11-28 07:40:17]添加港口信息：ID[14],名称《夏岛北港》 
[11-28 07:40:17]添加港口信息：ID[15],名称《夏岛南港》 
[11-28 10:42:46]添加港口信息：ID[1],名称《白银之港》 
[11-28 10:42:46]添加港口信息：ID[2],名称《雷霆之港》 
[11-28 10:42:46]添加港口信息：ID[3],名称《沙岚之港》 
[11-28 10:42:46]添加港口信息：ID[4],名称《冰狼之港》 
[11-28 10:42:46]添加港口信息：ID[5],名称《海风之港》 
[11-28 10:42:46]添加港口信息：ID[6],名称《碎冰之港》 
[11-28 10:42:46]添加港口信息：ID[7],名称《雪贼之港》 
[11-28 10:42:46]添加港口信息：ID[8],名称《冰雪之港》 
[11-28 10:42:46]添加港口信息：ID[9],名称《鸣沙之港》 
[11-28 10:42:46]添加港口信息：ID[10],名称《真爱之港》 
[11-28 10:42:46]添加港口信息：ID[11],名称《好运之港》 
[11-28 10:42:46]添加港口信息：ID[12],名称《神秘之港》 
[11-28 10:42:46]添加港口信息：ID[13],名称《春风之港》 
[11-28 10:42:46]添加港口信息：ID[14],名称《夏岛北港》 
[11-28 10:42:46]添加港口信息：ID[15],名称《夏岛南港》 
[11-28 10:46:28]添加港口信息：ID[1],名称《白银之港》 
[11-28 10:46:28]添加港口信息：ID[2],名称《雷霆之港》 
[11-28 10:46:28]添加港口信息：ID[3],名称《沙岚之港》 
[11-28 10:46:28]添加港口信息：ID[4],名称《冰狼之港》 
[11-28 10:46:28]添加港口信息：ID[5],名称《海风之港》 
[11-28 10:46:28]添加港口信息：ID[6],名称《碎冰之港》 
[11-28 10:46:28]添加港口信息：ID[7],名称《雪贼之港》 
[11-28 10:46:28]添加港口信息：ID[8],名称《冰雪之港》 
[11-28 10:46:28]添加港口信息：ID[9],名称《鸣沙之港》 
[11-28 10:46:28]添加港口信息：ID[10],名称《真爱之港》 
[11-28 10:46:28]添加港口信息：ID[11],名称《好运之港》 
[11-28 10:46:28]添加港口信息：ID[12],名称《神秘之港》 
[11-28 10:46:28]添加港口信息：ID[13],名称《春风之港》 
[11-28 10:46:28]添加港口信息：ID[14],名称《夏岛北港》 
[11-28 10:46:28]添加港口信息：ID[15],名称《夏岛南港》 
[11-28 12:59:20]添加港口信息：ID[1],名称《白银之港》 
[11-28 12:59:20]添加港口信息：ID[2],名称《雷霆之港》 
[11-28 12:59:20]添加港口信息：ID[3],名称《沙岚之港》 
[11-28 12:59:20]添加港口信息：ID[4],名称《冰狼之港》 
[11-28 12:59:20]添加港口信息：ID[5],名称《海风之港》 
[11-28 12:59:20]添加港口信息：ID[6],名称《碎冰之港》 
[11-28 12:59:20]添加港口信息：ID[7],名称《雪贼之港》 
[11-28 12:59:20]添加港口信息：ID[8],名称《冰雪之港》 
[11-28 12:59:20]添加港口信息：ID[9],名称《鸣沙之港》 
[11-28 12:59:20]添加港口信息：ID[10],名称《真爱之港》 
[11-28 12:59:20]添加港口信息：ID[11],名称《好运之港》 
[11-28 12:59:20]添加港口信息：ID[12],名称《神秘之港》 
[11-28 12:59:20]添加港口信息：ID[13],名称《春风之港》 
[11-28 12:59:20]添加港口信息：ID[14],名称《夏岛北港》 
[11-28 12:59:20]添加港口信息：ID[15],名称《夏岛南港》 
[11-28 13:13:51]添加港口信息：ID[1],名称《白银之港》 
[11-28 13:13:51]添加港口信息：ID[2],名称《雷霆之港》 
[11-28 13:13:51]添加港口信息：ID[3],名称《沙岚之港》 
[11-28 13:13:51]添加港口信息：ID[4],名称《冰狼之港》 
[11-28 13:13:51]添加港口信息：ID[5],名称《海风之港》 
[11-28 13:13:51]添加港口信息：ID[6],名称《碎冰之港》 
[11-28 13:13:51]添加港口信息：ID[7],名称《雪贼之港》 
[11-28 13:13:51]添加港口信息：ID[8],名称《冰雪之港》 
[11-28 13:13:51]添加港口信息：ID[9],名称《鸣沙之港》 
[11-28 13:13:51]添加港口信息：ID[10],名称《真爱之港》 
[11-28 13:13:51]添加港口信息：ID[11],名称《好运之港》 
[11-28 13:13:51]添加港口信息：ID[12],名称《神秘之港》 
[11-28 13:13:51]添加港口信息：ID[13],名称《春风之港》 
[11-28 13:13:51]添加港口信息：ID[14],名称《夏岛北港》 
[11-28 13:13:51]添加港口信息：ID[15],名称《夏岛南港》 
[11-28 15:12:25]添加港口信息：ID[1],名称《白银之港》 
[11-28 15:12:25]添加港口信息：ID[2],名称《雷霆之港》 
[11-28 15:12:25]添加港口信息：ID[3],名称《沙岚之港》 
[11-28 15:12:25]添加港口信息：ID[4],名称《冰狼之港》 
[11-28 15:12:25]添加港口信息：ID[5],名称《海风之港》 
[11-28 15:12:25]添加港口信息：ID[6],名称《碎冰之港》 
[11-28 15:12:25]添加港口信息：ID[7],名称《雪贼之港》 
[11-28 15:12:25]添加港口信息：ID[8],名称《冰雪之港》 
[11-28 15:12:25]添加港口信息：ID[9],名称《鸣沙之港》 
[11-28 15:12:25]添加港口信息：ID[10],名称《真爱之港》 
[11-28 15:12:25]添加港口信息：ID[11],名称《好运之港》 
[11-28 15:12:25]添加港口信息：ID[12],名称《神秘之港》 
[11-28 15:12:25]添加港口信息：ID[13],名称《春风之港》 
[11-28 15:12:25]添加港口信息：ID[14],名称《夏岛北港》 
[11-28 15:12:25]添加港口信息：ID[15],名称《夏岛南港》 
[11-28 17:08:57]添加港口信息：ID[1],名称《白银之港》 
[11-28 17:08:57]添加港口信息：ID[2],名称《雷霆之港》 
[11-28 17:08:57]添加港口信息：ID[3],名称《沙岚之港》 
[11-28 17:08:57]添加港口信息：ID[4],名称《冰狼之港》 
[11-28 17:08:57]添加港口信息：ID[5],名称《海风之港》 
[11-28 17:08:57]添加港口信息：ID[6],名称《碎冰之港》 
[11-28 17:08:57]添加港口信息：ID[7],名称《雪贼之港》 
[11-28 17:08:57]添加港口信息：ID[8],名称《冰雪之港》 
[11-28 17:08:57]添加港口信息：ID[9],名称《鸣沙之港》 
[11-28 17:08:57]添加港口信息：ID[10],名称《真爱之港》 
[11-28 17:08:57]添加港口信息：ID[11],名称《好运之港》 
[11-28 17:08:57]添加港口信息：ID[12],名称《神秘之港》 
[11-28 17:08:57]添加港口信息：ID[13],名称《春风之港》 
[11-28 17:08:57]添加港口信息：ID[14],名称《夏岛北港》 
[11-28 17:08:57]添加港口信息：ID[15],名称《夏岛南港》 
[12-02 03:46:42]添加港口信息：ID[1],名称《白银之港》 
[12-02 03:46:42]添加港口信息：ID[2],名称《雷霆之港》 
[12-02 03:46:42]添加港口信息：ID[3],名称《沙岚之港》 
[12-02 03:46:42]添加港口信息：ID[4],名称《冰狼之港》 
[12-02 03:46:42]添加港口信息：ID[5],名称《海风之港》 
[12-02 03:46:42]添加港口信息：ID[6],名称《碎冰之港》 
[12-02 03:46:42]添加港口信息：ID[7],名称《雪贼之港》 
[12-02 03:46:42]添加港口信息：ID[8],名称《冰雪之港》 
[12-02 03:46:42]添加港口信息：ID[9],名称《鸣沙之港》 
[12-02 03:46:42]添加港口信息：ID[10],名称《真爱之港》 
[12-02 03:46:42]添加港口信息：ID[11],名称《好运之港》 
[12-02 03:46:42]添加港口信息：ID[12],名称《神秘之港》 
[12-02 03:46:42]添加港口信息：ID[13],名称《春风之港》 
[12-02 03:46:42]添加港口信息：ID[14],名称《夏岛北港》 
[12-02 03:46:42]添加港口信息：ID[15],名称《夏岛南港》 
[12-02 08:06:46]添加港口信息：ID[1],名称《白银之港》 
[12-02 08:06:46]添加港口信息：ID[2],名称《雷霆之港》 
[12-02 08:06:46]添加港口信息：ID[3],名称《沙岚之港》 
[12-02 08:06:46]添加港口信息：ID[4],名称《冰狼之港》 
[12-02 08:06:46]添加港口信息：ID[5],名称《海风之港》 
[12-02 08:06:46]添加港口信息：ID[6],名称《碎冰之港》 
[12-02 08:06:46]添加港口信息：ID[7],名称《雪贼之港》 
[12-02 08:06:46]添加港口信息：ID[8],名称《冰雪之港》 
[12-02 08:06:46]添加港口信息：ID[9],名称《鸣沙之港》 
[12-02 08:06:46]添加港口信息：ID[10],名称《真爱之港》 
[12-02 08:06:46]添加港口信息：ID[11],名称《好运之港》 
[12-02 08:06:46]添加港口信息：ID[12],名称《神秘之港》 
[12-02 08:06:46]添加港口信息：ID[13],名称《春风之港》 
[12-02 08:06:46]添加港口信息：ID[14],名称《夏岛北港》 
[12-02 08:06:46]添加港口信息：ID[15],名称《夏岛南港》 
[12-02 15:43:45]添加港口信息：ID[1],名称《白银之港》 
[12-02 15:43:45]添加港口信息：ID[2],名称《雷霆之港》 
[12-02 15:43:45]添加港口信息：ID[3],名称《沙岚之港》 
[12-02 15:43:45]添加港口信息：ID[4],名称《冰狼之港》 
[12-02 15:43:45]添加港口信息：ID[5],名称《海风之港》 
[12-02 15:43:45]添加港口信息：ID[6],名称《碎冰之港》 
[12-02 15:43:45]添加港口信息：ID[7],名称《雪贼之港》 
[12-02 15:43:45]添加港口信息：ID[8],名称《冰雪之港》 
[12-02 15:43:45]添加港口信息：ID[9],名称《鸣沙之港》 
[12-02 15:43:45]添加港口信息：ID[10],名称《真爱之港》 
[12-02 15:43:45]添加港口信息：ID[11],名称《好运之港》 
[12-02 15:43:45]添加港口信息：ID[12],名称《神秘之港》 
[12-02 15:43:45]添加港口信息：ID[13],名称《春风之港》 
[12-02 15:43:45]添加港口信息：ID[14],名称《夏岛北港》 
[12-02 15:43:45]添加港口信息：ID[15],名称《夏岛南港》 
[06-06 16:02:55]添加港口信息：ID[1],名称《白银之港》 
[06-06 16:02:55]添加港口信息：ID[2],名称《雷霆之港》 
[06-06 16:02:55]添加港口信息：ID[3],名称《沙岚之港》 
[06-06 16:02:55]添加港口信息：ID[4],名称《冰狼之港》 
[06-06 16:02:55]添加港口信息：ID[5],名称《海风之港》 
[06-06 16:02:55]添加港口信息：ID[6],名称《碎冰之港》 
[06-06 16:02:55]添加港口信息：ID[7],名称《雪贼之港》 
[06-06 16:02:55]添加港口信息：ID[8],名称《冰雪之港》 
[06-06 16:02:55]添加港口信息：ID[9],名称《鸣沙之港》 
[06-06 16:02:55]添加港口信息：ID[10],名称《真爱之港》 
[06-06 16:02:55]添加港口信息：ID[11],名称《好运之港》 
[06-06 16:02:55]添加港口信息：ID[12],名称《神秘之港》 
[06-06 16:02:55]添加港口信息：ID[13],名称《春风之港》 
[06-06 16:02:55]添加港口信息：ID[14],名称《夏岛北港》 
[06-06 16:02:55]添加港口信息：ID[15],名称《夏岛南港》 
