[09-28 09:27:38]Add LG [iteminfoerror]
[09-28 09:27:59]Add LG [npcinfo]
[09-28 09:28:00]Add LG [boat_init]
[09-28 09:28:00]Add LG [packbag_init]
[09-28 09:28:00]Add LG [boatlevel_init]
[09-28 09:28:00]Add LG [PfTable]
[09-28 09:28:02]Add LG [randmission_prize_error]
[09-28 09:28:05]Add LG [npcinit]
[09-28 09:28:05]Add LG [initmap]
[09-28 09:28:11]Add LG [Common]
[09-28 09:28:13]Add LG [spawn mum garner]
[09-28 09:28:15]Add LG [missioninit]
[09-28 09:28:15]Add LG [npcinit_trade]
[09-28 09:28:17]Add LG [lua_invalidfunc]
[09-28 09:28:17]Add LG [entity_init]
[09-28 09:28:17]Add LG [weather]
[09-28 09:28:17]Add LG [create_cha]
[09-28 09:28:17]Add LG [help]
[09-28 09:28:18]Add LG [lua_ai]
[09-28 09:28:18]Add LG [size]
[09-28 09:28:19]Add LG [GameServerLog]
[09-28 09:28:19]Add LG [Store_data]
[09-28 09:28:19]Add LG [EntityNum]
[09-28 09:28:19]Add LG [Connect]
[09-28 09:28:19]Add LG [script_time]
[09-28 09:28:19]Add LG [GameLogin]
[09-28 09:28:49]Add LG [GameRunTime]
[09-28 09:32:28]Add LG [enter_map]
[09-28 09:32:29]Add LG [trade2008-9-28-9]
[09-28 09:32:29]Add LG [Boat_plus_MNatk]
[09-28 09:32:29]Add LG [Boat_plus_def]
[09-28 09:32:29]Add LG [query_cha]
[09-28 09:32:31]Add LG [map_time]
[09-28 09:33:12]Add LG [lua_err]
[09-28 09:33:29]Add LG [save data waste time]
[09-28 09:33:34]Add LG [star_exp]
[09-28 09:33:38]Add LG [query_item]
[09-28 09:44:21]Add LG [DoCommand]
[09-10 09:48:02]Add LG [ServerRunLog]
[09-10 09:48:02]Add LG [GMmakeLog]
[09-10 09:49:53]Add LG [attr_error]
[09-10 09:50:57]Add LG [Save data waste time]
[09-10 09:50:57]Add LG [query_trade]
[09-10 10:06:05]Add LG [query_boat]
[09-28 15:43:01]Add LG [iteminfoerror]
[09-28 15:43:21]Add LG [npcinfo]
[09-28 15:43:21]Add LG [boat_init]
[09-28 15:43:21]Add LG [packbag_init]
[09-28 15:43:21]Add LG [boatlevel_init]
[09-28 15:43:21]Add LG [PfTable]
[09-28 15:43:24]Add LG [randmission_prize_error]
[09-28 15:43:26]Add LG [npcinit]
[09-28 15:43:26]Add LG [initmap]
[09-28 15:43:33]Add LG [Common]
[09-28 15:43:35]Add LG [spawn mum garner]
[09-28 15:43:36]Add LG [missioninit]
[09-28 15:43:36]Add LG [npcinit_trade]
[09-28 15:43:37]Add LG [lua_invalidfunc]
[09-28 15:43:37]Add LG [entity_init]
[09-28 15:43:37]Add LG [weather]
[09-28 15:43:37]Add LG [create_cha]
[09-28 15:43:37]Add LG [help]
[09-28 15:43:38]Add LG [lua_ai]
[09-28 15:43:38]Add LG [size]
[09-28 15:43:38]Add LG [Store_data]
[09-28 15:43:38]Add LG [GameServerLog]
[09-28 15:43:38]Add LG [Connect]
[09-28 15:43:38]Add LG [EntityNum]
[09-28 15:43:38]Add LG [script_time]
[09-28 15:43:38]Add LG [GameLogin]
[09-28 15:44:08]Add LG [GameRunTime]
[09-28 15:52:47]Add LG [enter_map]
[09-28 15:52:48]Add LG [trade2008-9-28-15]
[09-28 15:52:48]Add LG [query_item]
[09-28 15:52:49]Add LG [query_cha]
[09-28 15:52:50]Add LG [map_time]
[09-28 15:52:50]Add LG [lua_err]
[09-28 15:53:47]Add LG [save data waste time]
[09-28 16:04:47]Add LG [DoCommand]
[09-24 16:05:17]Add LG [ServerRunLog]
[09-28 16:06:43]Add LG [star_exp]
[09-28 16:17:03]Add LG [Save data waste time]
[09-28 17:39:40]Add LG [npc_error]
[10-08 17:34:33]Add LG [iteminfoerror]
[10-08 17:34:55]Add LG [npcinfo]
[10-08 17:34:55]Add LG [boat_init]
[10-08 17:34:55]Add LG [packbag_init]
[10-08 17:34:56]Add LG [boatlevel_init]
[10-08 17:34:56]Add LG [PfTable]
[10-08 17:35:04]Add LG [randmission_prize_error]
[10-08 17:35:08]Add LG [npcinit]
[10-08 17:35:08]Add LG [initmap]
[10-08 17:35:50]Add LG [Common]
[10-08 17:35:56]Add LG [spawn mum garner]
[10-08 17:36:02]Add LG [missioninit]
[10-08 17:36:02]Add LG [npcinit_trade]
[10-08 17:36:03]Add LG [lua_invalidfunc]
[10-08 17:36:04]Add LG [entity_init]
[10-08 17:36:05]Add LG [weather]
[10-08 17:36:05]Add LG [create_cha]
[10-08 17:36:05]Add LG [help]
[10-08 17:36:06]Add LG [lua_ai]
[10-08 17:36:06]Add LG [size]
[10-08 17:36:08]Add LG [Store_data]
[10-08 17:36:09]Add LG [GameServerLog]
[10-08 17:36:09]Add LG [Connect]
[10-08 17:36:10]Add LG [EntityNum]
[10-08 17:36:10]Add LG [script_time]
[10-08 17:36:10]Add LG [GameRunTime]
[10-08 17:36:11]Add LG [GameLogin]
[10-08 17:38:52]Add LG [enter_map]
[10-08 17:38:53]Add LG [trade2008-10-8-17]
[10-08 17:38:53]Add LG [query_cha]
[10-08 17:38:53]Add LG [save data waste time]
[10-08 17:38:56]Add LG [map_time]
[10-08 17:41:05]Add LG [lua_err]
[10-08 17:43:10]Add LG [query_item]
[10-08 17:51:34]Add LG [iteminfoerror]
[10-08 17:51:56]Add LG [npcinfo]
[10-08 17:51:56]Add LG [boat_init]
[10-08 17:51:56]Add LG [packbag_init]
[10-08 17:51:56]Add LG [boatlevel_init]
[10-08 17:51:56]Add LG [PfTable]
[10-08 17:52:00]Add LG [randmission_prize_error]
[10-08 17:52:03]Add LG [npcinit]
[10-08 17:52:03]Add LG [initmap]
[10-08 17:52:23]Add LG [Common]
[10-08 17:52:25]Add LG [spawn mum garner]
[10-08 17:52:27]Add LG [missioninit]
[10-08 17:52:27]Add LG [npcinit_trade]
[10-08 17:52:28]Add LG [lua_invalidfunc]
[10-08 17:52:28]Add LG [entity_init]
[10-08 17:52:28]Add LG [weather]
[10-08 17:52:28]Add LG [create_cha]
[10-08 17:52:28]Add LG [help]
[10-08 17:52:29]Add LG [lua_ai]
[10-08 17:52:29]Add LG [size]
[10-08 17:52:29]Add LG [Store_data]
[10-08 17:52:29]Add LG [GameServerLog]
[10-08 17:52:29]Add LG [Connect]
[10-08 17:52:30]Add LG [EntityNum]
[10-08 17:52:30]Add LG [script_time]
[10-08 17:52:30]Add LG [GameRunTime]
[10-08 17:52:30]Add LG [GameLogin]
[10-08 17:53:12]Add LG [enter_map]
[10-08 17:53:12]Add LG [trade2008-10-8-17]
[10-08 17:53:12]Add LG [query_cha]
[10-08 17:53:12]Add LG [save data waste time]
[10-08 17:53:12]Add LG [map_time]
[10-08 17:57:29]Add LG [lua_err]
[10-13 11:08:01]Add LG [iteminfoerror]
[10-13 11:08:22]Add LG [npcinfo]
[10-13 11:08:23]Add LG [boat_init]
[10-13 11:08:23]Add LG [packbag_init]
[10-13 11:08:23]Add LG [boatlevel_init]
[10-13 11:08:23]Add LG [PfTable]
[10-13 11:08:25]Add LG [randmission_prize_error]
[10-13 11:08:28]Add LG [npcinit]
[10-13 11:08:28]Add LG [initmap]
[10-13 11:08:35]Add LG [Common]
[10-13 11:08:37]Add LG [spawn mum garner]
[10-13 11:08:40]Add LG [missioninit]
[10-13 11:08:40]Add LG [npcinit_trade]
[10-13 11:08:43]Add LG [lua_invalidfunc]
[10-13 11:08:43]Add LG [entity_init]
[10-13 11:08:44]Add LG [weather]
[10-13 11:08:44]Add LG [create_cha]
[10-13 11:08:44]Add LG [help]
[10-13 11:08:46]Add LG [lua_ai]
[10-13 11:08:46]Add LG [size]
[10-13 11:08:48]Add LG [Store_data]
[10-13 11:08:49]Add LG [GameServerLog]
[10-13 11:08:49]Add LG [Connect]
[10-13 11:08:49]Add LG [EntityNum]
[10-13 11:08:50]Add LG [script_time]
[10-13 11:08:50]Add LG [GameRunTime]
[10-13 11:08:50]Add LG [GameLogin]
[10-13 13:21:27]Add LG [enter_map]
[10-13 13:21:28]Add LG [trade2008-10-13-13]
[10-13 13:21:34]Add LG [query_cha]
[10-13 13:21:34]Add LG [save data waste time]
[10-13 13:21:41]Add LG [map_time]
[10-13 13:21:41]Add LG [lua_err]
[10-13 21:43:47]Add LG [iteminfoerror]
[10-13 21:44:02]Add LG [npcinfo]
[10-13 21:44:02]Add LG [boat_init]
[10-13 21:44:02]Add LG [packbag_init]
[10-13 21:44:02]Add LG [boatlevel_init]
[10-13 21:44:02]Add LG [PfTable]
[10-13 21:44:04]Add LG [randmission_prize_error]
[10-13 21:44:06]Add LG [npcinit]
[10-13 21:44:06]Add LG [initmap]
[10-13 21:44:13]Add LG [Common]
[10-13 21:44:14]Add LG [spawn mum garner]
[10-13 21:44:15]Add LG [missioninit]
[10-13 21:44:15]Add LG [npcinit_trade]
[10-13 21:44:16]Add LG [lua_invalidfunc]
[10-13 21:44:16]Add LG [entity_init]
[10-13 21:44:16]Add LG [weather]
[10-13 21:44:16]Add LG [create_cha]
[10-13 21:44:16]Add LG [help]
[10-13 21:44:17]Add LG [lua_ai]
[10-13 21:44:17]Add LG [size]
[10-13 21:44:17]Add LG [Store_data]
[10-13 21:44:17]Add LG [GameServerLog]
[10-13 21:44:17]Add LG [Connect]
[10-13 21:44:17]Add LG [EntityNum]
[10-13 21:44:17]Add LG [GameLogin]
[10-13 21:44:47]Add LG [GameRunTime]
[10-13 21:45:01]Add LG [lua_err]
[10-13 21:54:04]Add LG [enter_map]
[10-13 21:54:04]Add LG [trade2008-10-13-21]
[10-13 21:54:04]Add LG [query_item]
[10-13 21:54:04]Add LG [query_cha]
[10-13 21:54:04]Add LG [save data waste time]
[10-13 21:54:05]Add LG [map_time]
[10-13 21:54:57]Add LG [star_exp]
[10-13 21:54:57]Add LG [script_time]
[10-13 22:59:01]Add LG [iteminfoerror]
[10-13 22:59:15]Add LG [npcinfo]
[10-13 22:59:15]Add LG [boat_init]
[10-13 22:59:15]Add LG [packbag_init]
[10-13 22:59:15]Add LG [boatlevel_init]
[10-13 22:59:15]Add LG [PfTable]
[10-13 22:59:17]Add LG [randmission_prize_error]
[10-13 22:59:19]Add LG [npcinit]
[10-13 22:59:19]Add LG [initmap]
[10-13 22:59:25]Add LG [Common]
[10-13 22:59:26]Add LG [spawn mum magicsea]
[10-13 22:59:27]Add LG [missioninit]
[10-13 22:59:27]Add LG [npcinit_trade]
[10-13 22:59:28]Add LG [entity_init]
[10-13 22:59:28]Add LG [weather]
[10-13 22:59:28]Add LG [create_cha]
[10-13 22:59:28]Add LG [help]
[10-13 22:59:28]Add LG [lua_ai]
[10-13 22:59:28]Add LG [size]
[10-13 22:59:28]Add LG [Store_data]
[10-13 22:59:28]Add LG [Connect]
[10-13 22:59:28]Add LG [GameServerLog]
[10-13 22:59:28]Add LG [EntityNum]
[10-13 22:59:28]Add LG [GameLogin]
[10-13 22:59:58]Add LG [GameRunTime]
[10-13 23:00:44]Add LG [enter_map]
[10-13 23:00:44]Add LG [trade2008-10-13-23]
[10-13 23:00:44]Add LG [save data waste time]
[10-13 23:00:44]Add LG [query_cha]
[10-13 23:00:58]Add LG [map_time]
[10-13 23:01:54]Add LG [query_item]
[10-13 23:04:25]Add LG [lua_err]
[10-13 23:14:49]Add LG [Store_msg]
[10-13 23:24:52]Add LG [script_time]
[10-14 21:59:43]Add LG [star_exp]
[10-16 20:55:14]Add LG [iteminfoerror]
[10-16 20:55:17]Add LG [npcinfo]
[10-16 20:55:17]Add LG [boat_init]
[10-16 20:55:17]Add LG [packbag_init]
[10-16 20:55:17]Add LG [boatlevel_init]
[10-16 20:55:17]Add LG [PfTable]
[10-16 20:55:18]Add LG [randmission_prize_error]
[10-16 20:55:19]Add LG [npcinit]
[10-16 20:55:19]Add LG [initmap]
[10-16 20:55:22]Add LG [Common]
[10-16 20:55:22]Add LG [spawn mum garner]
[10-16 20:55:55]Add LG [missioninit]
[10-16 20:55:55]Add LG [npcinit_trade]
[10-16 20:55:55]Add LG [lua_invalidfunc]
[10-16 20:55:55]Add LG [entity_init]
[10-16 20:55:55]Add LG [weather]
[10-16 20:55:55]Add LG [create_cha]
[10-16 20:55:55]Add LG [help]
[10-16 20:55:55]Add LG [lua_ai]
[10-16 20:55:55]Add LG [size]
[10-16 20:55:55]Add LG [GameServerLog]
[10-16 20:55:55]Add LG [Store_data]
[10-16 20:55:55]Add LG [Connect]
[10-16 20:55:55]Add LG [EntityNum]
[10-16 20:55:56]Add LG [GameLogin]
[10-16 20:56:25]Add LG [GameRunTime]
[10-16 20:56:46]Add LG [enter_map]
[10-17 18:48:48]Add LG [iteminfoerror]
[10-17 18:48:51]Add LG [npcinfo]
[10-17 18:48:51]Add LG [boat_init]
[10-17 18:48:51]Add LG [packbag_init]
[10-17 18:48:51]Add LG [boatlevel_init]
[10-17 18:48:51]Add LG [PfTable]
[10-17 18:48:53]Add LG [randmission_prize_error]
[10-17 18:48:54]Add LG [npcinit]
[10-17 18:48:54]Add LG [initmap]
[10-17 18:48:56]Add LG [Common]
[10-17 18:48:57]Add LG [spawn mum garner]
[10-17 18:49:21]Add LG [missioninit]
[10-17 18:49:21]Add LG [npcinit_trade]
[10-17 18:49:22]Add LG [lua_invalidfunc]
[10-17 18:49:22]Add LG [entity_init]
[10-17 18:49:22]Add LG [weather]
[10-17 18:49:22]Add LG [create_cha]
[10-17 18:49:22]Add LG [help]
[10-17 18:49:22]Add LG [lua_ai]
[10-17 18:49:22]Add LG [size]
[10-17 18:49:22]Add LG [Store_data]
[10-17 18:49:22]Add LG [Connect]
[10-17 18:49:22]Add LG [GameServerLog]
[10-17 18:49:23]Add LG [EntityNum]
[10-17 18:49:23]Add LG [GameLogin]
[10-17 18:49:53]Add LG [GameRunTime]
[10-17 18:50:21]Add LG [enter_map]
[10-17 18:51:08]Add LG [iteminfoerror]
[10-17 18:51:11]Add LG [npcinfo]
[10-17 18:51:11]Add LG [boat_init]
[10-17 18:51:11]Add LG [packbag_init]
[10-17 18:51:11]Add LG [boatlevel_init]
[10-17 18:51:11]Add LG [PfTable]
[10-17 18:51:13]Add LG [randmission_prize_error]
[10-17 18:51:13]Add LG [npcinit]
[10-17 18:51:13]Add LG [initmap]
[10-17 18:51:16]Add LG [Common]
[10-17 18:51:16]Add LG [spawn mum magicsea]
[10-17 18:51:17]Add LG [missioninit]
[10-17 18:51:17]Add LG [npcinit_trade]
[10-17 18:51:17]Add LG [entity_init]
[10-17 18:51:17]Add LG [weather]
[10-17 18:51:17]Add LG [create_cha]
[10-17 18:51:17]Add LG [help]
[10-17 18:51:17]Add LG [lua_ai]
[10-17 18:51:17]Add LG [size]
[10-17 18:51:17]Add LG [Store_data]
[10-17 18:51:17]Add LG [GameServerLog]
[10-17 18:51:17]Add LG [Connect]
[10-17 18:51:17]Add LG [EntityNum]
[10-17 18:51:17]Add LG [GameLogin]
[10-17 18:51:18]Add LG [enter_map]
[10-17 18:51:18]Add LG [trade2008-10-17-18]
[10-17 18:51:18]Add LG [query_cha]
[10-17 18:51:18]Add LG [save data waste time]
[10-17 18:51:18]Add LG [map_time]
[10-17 18:51:18]Add LG [GameRunTime]
[10-17 18:52:30]Add LG [star_exp]
[10-17 18:52:30]Add LG [script_time]
[10-17 18:52:33]Add LG [query_item]
[10-17 18:56:16]Add LG [lua_err]
[10-18 23:39:05]Add LG [iteminfoerror]
[10-18 23:39:08]Add LG [npcinfo]
[10-18 23:39:08]Add LG [boat_init]
[10-18 23:39:08]Add LG [packbag_init]
[10-18 23:39:08]Add LG [boatlevel_init]
[10-18 23:39:08]Add LG [PfTable]
[10-18 23:39:10]Add LG [randmission_prize_error]
[10-18 23:39:11]Add LG [npcinit]
[10-18 23:39:11]Add LG [initmap]
[10-18 23:39:14]Add LG [Common]
[10-18 23:39:15]Add LG [spawn mum magicsea]
[10-18 23:39:15]Add LG [missioninit]
[10-18 23:39:16]Add LG [npcinit_trade]
[10-18 23:39:16]Add LG [entity_init]
[10-18 23:39:16]Add LG [weather]
[10-18 23:39:16]Add LG [create_cha]
[10-18 23:39:16]Add LG [help]
[10-18 23:39:16]Add LG [lua_ai]
[10-18 23:39:16]Add LG [size]
[10-18 23:39:16]Add LG [Store_data]
[10-18 23:39:16]Add LG [GameServerLog]
[10-18 23:39:16]Add LG [Connect]
[10-18 23:39:16]Add LG [EntityNum]
[10-18 23:39:16]Add LG [GameLogin]
[10-18 23:39:46]Add LG [GameRunTime]
[10-18 23:57:16]Add LG [enter_map]
[10-18 23:57:16]Add LG [trade2008-10-18-23]
[10-18 23:57:16]Add LG [query_cha]
[10-18 23:57:16]Add LG [save data waste time]
[10-18 23:57:16]Add LG [map_time]
[10-18 23:57:16]Add LG [lua_err]
[10-18 23:57:27]Add LG [star_exp]
[10-18 23:57:27]Add LG [script_time]
[10-18 23:57:30]Add LG [query_item]
[10-19 00:06:23]Add LG [Store_msg]
[10-19 01:24:08]Add LG [EntityAlloc]
[10-19 01:24:23]Add LG [EntityAlloc]
[10-19 01:24:35]Add LG [EntityAlloc]
[10-19 01:27:05]Add LG [EntityAlloc]
[10-19 01:29:12]Add LG [EntityAlloc]
[10-19 01:31:18]Add LG [EntityAlloc]
[10-19 01:31:39]Add LG [EntityAlloc]
[10-19 01:37:56]Add LG [EntityAlloc]
[10-19 01:38:44]Add LG [EntityAlloc]
[10-19 01:39:11]Add LG [EntityAlloc]
[10-19 01:39:33]Add LG [EntityAlloc]
[10-19 01:41:08]Add LG [EntityAlloc]
[10-19 01:42:35]Add LG [EntityAlloc]
[10-19 01:43:52]Add LG [EntityAlloc]
[10-19 01:45:22]Add LG [EntityAlloc]
[10-19 01:46:27]Add LG [iteminfoerror]
[10-19 01:46:31]Add LG [npcinfo]
[10-19 01:46:31]Add LG [boat_init]
[10-19 01:46:31]Add LG [packbag_init]
[10-19 01:46:31]Add LG [boatlevel_init]
[10-19 01:46:31]Add LG [PfTable]
[10-19 01:46:32]Add LG [randmission_prize_error]
[10-19 01:46:33]Add LG [npcinit]
[10-19 01:46:33]Add LG [initmap]
[10-19 01:46:35]Add LG [Common]
[10-19 01:46:35]Add LG [spawn mum magicsea]
[10-19 01:46:36]Add LG [missioninit]
[10-19 01:46:36]Add LG [npcinit_trade]
[10-19 01:46:36]Add LG [entity_init]
[10-19 01:46:36]Add LG [weather]
[10-19 01:46:36]Add LG [create_cha]
[10-19 01:46:36]Add LG [help]
[10-19 01:46:36]Add LG [lua_ai]
[10-19 01:46:37]Add LG [size]
[10-19 01:46:37]Add LG [Store_data]
[10-19 01:46:37]Add LG [GameServerLog]
[10-19 01:46:41]Add LG [EntityNum]
[10-19 01:46:41]Add LG [Connect]
[10-19 01:46:41]Add LG [GameRunTime]
[10-19 01:46:41]Add LG [GameLogin]
[10-19 01:47:32]Add LG [enter_map]
[10-19 01:47:32]Add LG [trade2008-10-19-1]
[10-19 01:47:32]Add LG [query_cha]
[10-19 01:47:32]Add LG [save data waste time]
[10-19 01:47:37]Add LG [map_time]
[10-19 01:47:43]Add LG [Store_msg]
[10-19 01:51:35]Add LG [lua_err]
[10-19 01:53:26]Add LG [iteminfoerror]
[10-19 01:53:29]Add LG [npcinfo]
[10-19 01:53:29]Add LG [boat_init]
[10-19 01:53:29]Add LG [packbag_init]
[10-19 01:53:29]Add LG [boatlevel_init]
[10-19 01:53:29]Add LG [PfTable]
[10-19 01:53:31]Add LG [randmission_prize_error]
[10-19 01:53:33]Add LG [npcinit]
[10-19 01:53:33]Add LG [initmap]
[10-19 01:53:34]Add LG [Common]
[10-19 01:53:35]Add LG [spawn mum magicsea]
[10-19 01:53:35]Add LG [missioninit]
[10-19 01:53:36]Add LG [npcinit_trade]
[10-19 01:53:36]Add LG [entity_init]
[10-19 01:53:36]Add LG [weather]
[10-19 01:53:36]Add LG [create_cha]
[10-19 01:53:36]Add LG [help]
[10-19 01:53:36]Add LG [lua_ai]
[10-19 01:53:36]Add LG [size]
[10-19 01:53:41]Add LG [Store_data]
[10-19 01:53:42]Add LG [GameServerLog]
[10-19 01:53:58]Add LG [EntityNum]
[10-19 01:53:58]Add LG [Connect]
[10-19 01:53:58]Add LG [GameLogin]
[10-19 01:55:29]Add LG [GameRunTime]
[10-19 01:55:40]Add LG [enter_map]
[10-19 01:55:40]Add LG [trade2008-10-19-1]
[10-19 01:55:40]Add LG [query_cha]
[10-19 01:55:40]Add LG [save data waste time]
[10-19 01:55:54]Add LG [Store_msg]
[10-19 01:55:59]Add LG [map_time]
[10-19 01:56:13]Add LG [star_exp]
[10-19 01:56:16]Add LG [query_item]
[10-19 01:58:34]Add LG [lua_err]
[10-19 02:07:28]Add LG [iteminfoerror]
[10-19 02:07:32]Add LG [npcinfo]
[10-19 02:07:32]Add LG [boat_init]
[10-19 02:07:32]Add LG [packbag_init]
[10-19 02:07:32]Add LG [boatlevel_init]
[10-19 02:07:32]Add LG [PfTable]
[10-19 02:07:34]Add LG [randmission_prize_error]
[10-19 02:07:35]Add LG [npcinit]
[10-19 02:07:35]Add LG [initmap]
[10-19 02:07:37]Add LG [Common]
[10-19 02:07:38]Add LG [spawn mum magicsea]
[10-19 02:07:38]Add LG [missioninit]
[10-19 02:07:38]Add LG [npcinit_trade]
[10-19 02:07:39]Add LG [entity_init]
[10-19 02:07:39]Add LG [weather]
[10-19 02:07:39]Add LG [create_cha]
[10-19 02:07:39]Add LG [help]
[10-19 02:07:39]Add LG [lua_ai]
[10-19 02:07:39]Add LG [size]
[10-19 02:07:43]Add LG [Store_data]
[10-19 02:07:43]Add LG [GameServerLog]
[10-19 02:07:43]Add LG [Connect]
[10-19 02:07:43]Add LG [EntityNum]
[10-19 02:07:43]Add LG [GameLogin]
[10-19 02:08:13]Add LG [GameRunTime]
[10-19 02:26:45]Add LG [iteminfoerror]
[10-19 02:26:49]Add LG [npcinfo]
[10-19 02:26:49]Add LG [boat_init]
[10-19 02:26:49]Add LG [packbag_init]
[10-19 02:26:49]Add LG [boatlevel_init]
[10-19 02:26:49]Add LG [PfTable]
[10-19 02:26:50]Add LG [randmission_prize_error]
[10-19 02:26:52]Add LG [npcinit]
[10-19 02:26:52]Add LG [initmap]
[10-19 02:26:53]Add LG [Common]
[10-19 02:26:54]Add LG [spawn mum magicsea]
[10-19 02:26:54]Add LG [missioninit]
[10-19 02:26:54]Add LG [npcinit_trade]
[10-19 02:26:55]Add LG [entity_init]
[10-19 02:26:55]Add LG [weather]
[10-19 02:26:55]Add LG [create_cha]
[10-19 02:26:55]Add LG [help]
[10-19 02:26:55]Add LG [lua_ai]
[10-19 02:26:55]Add LG [size]
[10-19 02:26:58]Add LG [Store_data]
[10-19 02:26:58]Add LG [Connect]
[10-19 02:26:58]Add LG [GameServerLog]
[10-19 02:26:58]Add LG [EntityNum]
[10-19 02:26:58]Add LG [GameLogin]
[10-19 02:27:28]Add LG [GameRunTime]
[10-19 02:28:10]Add LG [enter_map]
[10-19 02:28:10]Add LG [trade2008-10-19-2]
[10-19 02:28:10]Add LG [query_cha]
[10-19 02:28:10]Add LG [save data waste time]
[10-19 02:28:21]Add LG [Store_msg]
[10-19 02:28:28]Add LG [map_time]
[10-19 13:41:57]Add LG [lua_err]
[10-19 13:44:48]Add LG [iteminfoerror]
[10-19 13:44:51]Add LG [npcinfo]
[10-19 13:44:51]Add LG [boat_init]
[10-19 13:44:51]Add LG [packbag_init]
[10-19 13:44:51]Add LG [boatlevel_init]
[10-19 13:44:51]Add LG [PfTable]
[10-19 13:44:53]Add LG [randmission_prize_error]
[10-19 13:44:54]Add LG [npcinit]
[10-19 13:44:54]Add LG [initmap]
[10-19 13:44:55]Add LG [Common]
[10-19 13:44:56]Add LG [spawn mum magicsea]
[10-19 13:44:56]Add LG [missioninit]
[10-19 13:44:57]Add LG [npcinit_trade]
[10-19 13:44:57]Add LG [entity_init]
[10-19 13:44:57]Add LG [weather]
[10-19 13:44:57]Add LG [create_cha]
[10-19 13:44:57]Add LG [help]
[10-19 13:44:57]Add LG [lua_ai]
[10-19 13:44:57]Add LG [size]
[10-19 13:45:03]Add LG [Store_data]
[10-19 13:45:21]Add LG [GameServerLog]
[10-19 13:45:21]Add LG [Connect]
[10-19 13:45:21]Add LG [EntityNum]
[10-19 13:45:21]Add LG [GameLogin]
[10-19 13:45:47]Add LG [iteminfoerror]
[10-19 13:45:50]Add LG [npcinfo]
[10-19 13:45:50]Add LG [boat_init]
[10-19 13:45:50]Add LG [packbag_init]
[10-19 13:45:50]Add LG [boatlevel_init]
[10-19 13:45:50]Add LG [PfTable]
[10-19 13:45:52]Add LG [randmission_prize_error]
[10-19 13:45:53]Add LG [npcinit]
[10-19 13:45:53]Add LG [initmap]
[10-19 13:45:55]Add LG [Common]
[10-19 13:45:55]Add LG [spawn mum magicsea]
[10-19 13:45:56]Add LG [missioninit]
[10-19 13:45:56]Add LG [npcinit_trade]
[10-19 13:45:56]Add LG [entity_init]
[10-19 13:45:56]Add LG [weather]
[10-19 13:45:56]Add LG [create_cha]
[10-19 13:45:56]Add LG [help]
[10-19 13:45:56]Add LG [lua_ai]
[10-19 13:45:56]Add LG [size]
[10-19 13:46:01]Add LG [Store_data]
[10-19 13:46:01]Add LG [GameServerLog]
[10-19 13:46:01]Add LG [EntityNum]
[10-19 13:46:01]Add LG [Connect]
[10-19 13:46:01]Add LG [GameLogin]
[10-19 13:48:11]Add LG [GameRunTime]
[10-19 14:09:00]Add LG [enter_map]
[10-19 14:09:00]Add LG [trade2008-10-19-14]
[10-19 14:09:00]Add LG [query_cha]
[10-19 14:09:00]Add LG [save data waste time]
[10-19 14:09:00]Add LG [lua_err]
[10-19 14:09:03]Add LG [map_time]
[10-19 14:09:52]Add LG [Store_msg]
[10-19 14:12:57]Add LG [star_exp]
[10-19 14:13:00]Add LG [query_item]
[10-19 14:16:41]Add LG [Store_info]
[10-19 14:17:36]Add LG [iteminfoerror]
[10-19 14:17:40]Add LG [npcinfo]
[10-19 14:17:40]Add LG [boat_init]
[10-19 14:17:40]Add LG [packbag_init]
[10-19 14:17:40]Add LG [boatlevel_init]
[10-19 14:17:40]Add LG [PfTable]
[10-19 14:17:42]Add LG [randmission_prize_error]
[10-19 14:17:43]Add LG [npcinit]
[10-19 14:17:43]Add LG [initmap]
[10-19 14:17:45]Add LG [Common]
[10-19 14:17:45]Add LG [spawn mum magicsea]
[10-19 14:17:46]Add LG [missioninit]
[10-19 14:17:46]Add LG [npcinit_trade]
[10-19 14:17:46]Add LG [entity_init]
[10-19 14:17:46]Add LG [weather]
[10-19 14:17:46]Add LG [create_cha]
[10-19 14:17:46]Add LG [help]
[10-19 14:17:46]Add LG [lua_ai]
[10-19 14:17:47]Add LG [size]
[10-19 14:24:45]Add LG [Store_data]
[10-19 14:24:49]Add LG [GameServerLog]
[10-19 14:24:49]Add LG [EntityNum]
[10-19 14:24:49]Add LG [Connect]
[10-19 14:24:49]Add LG [GameLogin]
[10-19 14:25:19]Add LG [GameRunTime]
[10-19 14:26:07]Add LG [enter_map]
[10-19 14:26:07]Add LG [trade2008-10-19-14]
[10-19 14:26:07]Add LG [query_cha]
[10-19 14:26:07]Add LG [save data waste time]
[10-19 14:26:07]Add LG [lua_err]
[10-19 14:26:19]Add LG [map_time]
[10-19 14:26:35]Add LG [Store_msg]
[10-19 14:31:25]Add LG [iteminfoerror]
[10-19 14:31:28]Add LG [npcinfo]
[10-19 14:31:28]Add LG [boat_init]
[10-19 14:31:28]Add LG [packbag_init]
[10-19 14:31:28]Add LG [boatlevel_init]
[10-19 14:31:28]Add LG [PfTable]
[10-19 14:31:30]Add LG [randmission_prize_error]
[10-19 14:31:31]Add LG [npcinit]
[10-19 14:31:31]Add LG [initmap]
[10-19 14:31:33]Add LG [Common]
[10-19 14:31:34]Add LG [spawn mum magicsea]
[10-19 14:31:34]Add LG [missioninit]
[10-19 14:31:34]Add LG [npcinit_trade]
[10-19 14:31:35]Add LG [entity_init]
[10-19 14:31:35]Add LG [weather]
[10-19 14:31:35]Add LG [create_cha]
[10-19 14:31:35]Add LG [help]
[10-19 14:31:35]Add LG [lua_ai]
[10-19 14:31:35]Add LG [size]
[10-19 14:31:43]Add LG [Store_data]
[10-19 14:31:43]Add LG [GameServerLog]
[10-19 14:31:43]Add LG [Connect]
[10-19 14:31:43]Add LG [EntityNum]
[10-19 14:31:43]Add LG [GameLogin]
[10-19 14:32:13]Add LG [GameRunTime]
[10-19 14:32:35]Add LG [enter_map]
[10-19 14:32:35]Add LG [trade2008-10-19-14]
[10-19 14:32:35]Add LG [query_cha]
[10-19 14:32:35]Add LG [save data waste time]
[10-19 14:32:43]Add LG [map_time]
[10-19 14:32:51]Add LG [Store_msg]
[10-19 14:36:33]Add LG [lua_err]
[10-19 14:37:03]Add LG [Store_info]
[10-19 14:44:51]Add LG [iteminfoerror]
[10-19 14:44:55]Add LG [npcinfo]
[10-19 14:44:55]Add LG [boat_init]
[10-19 14:44:55]Add LG [packbag_init]
[10-19 14:44:55]Add LG [boatlevel_init]
[10-19 14:44:55]Add LG [PfTable]
[10-19 14:44:56]Add LG [randmission_prize_error]
[10-19 14:44:58]Add LG [npcinit]
[10-19 14:44:58]Add LG [initmap]
[10-19 14:45:00]Add LG [Common]
[10-19 14:45:00]Add LG [spawn mum magicsea]
[10-19 14:45:01]Add LG [missioninit]
[10-19 14:45:01]Add LG [npcinit_trade]
[10-19 14:45:01]Add LG [entity_init]
[10-19 14:45:01]Add LG [weather]
[10-19 14:45:01]Add LG [create_cha]
[10-19 14:45:01]Add LG [help]
[10-19 14:45:02]Add LG [lua_ai]
[10-19 14:45:02]Add LG [size]
[10-19 14:45:02]Add LG [Store_data]
[10-19 14:45:02]Add LG [Connect]
[10-19 14:45:02]Add LG [GameServerLog]
[10-19 14:45:07]Add LG [EntityNum]
[10-19 14:45:07]Add LG [GameLogin]
[10-19 14:45:37]Add LG [GameRunTime]
[10-19 14:46:53]Add LG [iteminfoerror]
[10-19 14:46:56]Add LG [npcinfo]
[10-19 14:46:56]Add LG [boat_init]
[10-19 14:46:56]Add LG [packbag_init]
[10-19 14:46:56]Add LG [boatlevel_init]
[10-19 14:46:56]Add LG [PfTable]
[10-19 14:46:58]Add LG [randmission_prize_error]
[10-19 14:47:00]Add LG [npcinit]
[10-19 14:47:00]Add LG [initmap]
[10-19 14:47:01]Add LG [Common]
[10-19 14:47:02]Add LG [spawn mum magicsea]
[10-19 14:47:03]Add LG [missioninit]
[10-19 14:47:03]Add LG [npcinit_trade]
[10-19 14:47:03]Add LG [entity_init]
[10-19 14:47:03]Add LG [weather]
[10-19 14:47:03]Add LG [create_cha]
[10-19 14:47:03]Add LG [help]
[10-19 14:47:03]Add LG [lua_ai]
[10-19 14:47:03]Add LG [size]
[10-19 14:47:04]Add LG [Connect]
[10-19 14:47:04]Add LG [Store_data]
[10-19 14:47:04]Add LG [GameServerLog]
[10-19 14:47:04]Add LG [EntityNum]
[10-19 14:47:04]Add LG [GameLogin]
[10-19 14:47:34]Add LG [GameRunTime]
[10-19 14:50:06]Add LG [enter_map]
[10-19 14:50:06]Add LG [trade2008-10-19-14]
[10-19 14:50:06]Add LG [query_cha]
[10-19 14:50:06]Add LG [save data waste time]
[10-19 14:50:17]Add LG [Store_msg]
[10-19 14:50:34]Add LG [map_time]
[10-19 14:52:01]Add LG [lua_err]
[10-19 19:31:20]Add LG [Store_info]
[10-19 19:33:01]Add LG [iteminfoerror]
[10-19 19:33:04]Add LG [npcinfo]
[10-19 19:33:04]Add LG [boat_init]
[10-19 19:33:04]Add LG [packbag_init]
[10-19 19:33:04]Add LG [boatlevel_init]
[10-19 19:33:04]Add LG [PfTable]
[10-19 19:33:06]Add LG [randmission_prize_error]
[10-19 19:33:07]Add LG [npcinit]
[10-19 19:33:07]Add LG [initmap]
[10-19 19:33:09]Add LG [Common]
[10-19 19:33:10]Add LG [spawn mum magicsea]
[10-19 19:33:10]Add LG [missioninit]
[10-19 19:33:10]Add LG [npcinit_trade]
[10-19 19:33:11]Add LG [entity_init]
[10-19 19:33:11]Add LG [weather]
[10-19 19:33:11]Add LG [create_cha]
[10-19 19:33:11]Add LG [help]
[10-19 19:33:11]Add LG [lua_ai]
[10-19 19:33:11]Add LG [size]
[10-19 19:33:11]Add LG [Store_data]
[10-19 19:33:11]Add LG [Connect]
[10-19 19:33:11]Add LG [GameServerLog]
[10-19 19:33:11]Add LG [EntityNum]
[10-19 19:33:11]Add LG [GameLogin]
[10-19 19:33:21]Add LG [Store_msg]
[10-19 19:33:29]Add LG [Store_info]
[10-19 19:33:36]Add LG [enter_map]
[10-19 19:33:36]Add LG [trade2008-10-19-19]
[10-19 19:33:36]Add LG [query_cha]
[10-19 19:33:36]Add LG [save data waste time]
[10-19 19:33:41]Add LG [map_time]
[10-19 19:33:41]Add LG [GameRunTime]
[10-19 19:33:49]Add LG [Store_order]
[10-19 19:38:09]Add LG [lua_err]
[11-13 17:21:40]Add LG [iteminfoerror]
[11-13 17:21:44]Add LG [npcinfo]
[11-13 17:21:44]Add LG [boat_init]
[11-13 17:21:44]Add LG [packbag_init]
[11-13 17:21:44]Add LG [boatlevel_init]
[11-13 17:21:44]Add LG [PfTable]
[11-13 17:21:46]Add LG [randmission_prize_error]
[11-13 17:21:47]Add LG [npcinit]
[11-13 17:21:47]Add LG [initmap]
[11-13 17:21:50]Add LG [Common]
[11-13 17:21:51]Add LG [spawn mum magicsea]
[11-13 17:21:51]Add LG [missioninit]
[11-13 17:21:52]Add LG [npcinit_trade]
[11-13 17:21:52]Add LG [entity_init]
[11-13 17:21:52]Add LG [weather]
[11-13 17:21:52]Add LG [create_cha]
[11-13 17:21:52]Add LG [help]
[11-13 17:21:52]Add LG [lua_ai]
[11-13 17:21:52]Add LG [size]
[11-13 17:21:52]Add LG [Store_data]
[11-13 17:21:53]Add LG [GameServerLog]
[11-13 17:21:53]Add LG [Connect]
[11-13 17:21:53]Add LG [EntityNum]
[11-13 17:21:53]Add LG [GameLogin]
[11-13 17:22:23]Add LG [GameRunTime]
[11-13 17:26:40]Add LG [enter_map]
[11-13 17:26:40]Add LG [trade2008-11-13-17]
[11-13 17:26:40]Add LG [query_cha]
[11-13 17:26:41]Add LG [save data waste time]
[11-13 17:26:41]Add LG [map_time]
[11-13 17:26:50]Add LG [lua_err]
[11-13 17:29:41]Add LG [star_exp]
[11-13 17:29:41]Add LG [script_time]
[11-13 17:29:44]Add LG [query_item]
[11-14 01:56:13]Add LG [iteminfoerror]
[11-14 01:56:17]Add LG [npcinfo]
[11-14 01:56:17]Add LG [boat_init]
[11-14 01:56:17]Add LG [packbag_init]
[11-14 01:56:17]Add LG [boatlevel_init]
[11-14 01:56:17]Add LG [PfTable]
[11-14 01:56:18]Add LG [randmission_prize_error]
[11-14 01:56:20]Add LG [npcinit]
[11-14 01:56:20]Add LG [initmap]
[11-14 01:56:21]Add LG [Common]
[11-14 01:56:22]Add LG [spawn mum magicsea]
[11-14 01:56:23]Add LG [missioninit]
[11-14 01:56:23]Add LG [npcinit_trade]
[11-14 01:56:23]Add LG [entity_init]
[11-14 01:56:23]Add LG [weather]
[11-14 01:56:23]Add LG [create_cha]
[11-14 01:56:23]Add LG [help]
[11-14 01:56:23]Add LG [lua_ai]
[11-14 01:56:24]Add LG [size]
[11-14 01:56:24]Add LG [Store_data]
[11-14 01:56:24]Add LG [GameServerLog]
[11-14 01:56:24]Add LG [EntityNum]
[11-14 01:56:24]Add LG [Connect]
[11-14 01:56:24]Add LG [GameLogin]
[11-14 01:56:54]Add LG [GameRunTime]
[11-14 01:57:00]Add LG [enter_map]
[11-14 01:57:00]Add LG [trade2008-11-14-1]
[11-14 01:57:00]Add LG [query_cha]
[11-14 01:57:00]Add LG [save data waste time]
[11-14 01:57:14]Add LG [star_exp]
[11-14 01:57:16]Add LG [query_item]
[11-14 01:57:24]Add LG [map_time]
[11-14 02:01:02]Add LG [ServerRunLog]
[11-14 02:01:02]Add LG [GMmakeLog]
[11-14 02:01:02]Add LG [DoCommand]
[11-14 02:01:22]Add LG [lua_err]
[11-14 03:36:16]Add LG [script_time]
[11-17 20:14:51]Add LG [iteminfoerror]
[11-17 20:14:54]Add LG [npcinfo]
[11-17 20:14:54]Add LG [boat_init]
[11-17 20:14:54]Add LG [packbag_init]
[11-17 20:14:54]Add LG [boatlevel_init]
[11-17 20:14:54]Add LG [PfTable]
[11-17 20:14:56]Add LG [randmission_prize_error]
[11-17 20:14:57]Add LG [npcinit]
[11-17 20:14:57]Add LG [initmap]
[11-17 20:15:00]Add LG [Common]
[11-17 20:15:01]Add LG [spawn mum magicsea]
[11-17 20:15:01]Add LG [missioninit]
[11-17 20:15:02]Add LG [npcinit_trade]
[11-17 20:15:02]Add LG [entity_init]
[11-17 20:15:02]Add LG [weather]
[11-17 20:15:02]Add LG [create_cha]
[11-17 20:15:02]Add LG [help]
[11-17 20:15:02]Add LG [lua_ai]
[11-17 20:15:02]Add LG [size]
[11-17 20:15:02]Add LG [Store_data]
[11-17 20:15:02]Add LG [GameServerLog]
[11-17 20:15:02]Add LG [Connect]
[11-17 20:15:02]Add LG [EntityNum]
[11-17 20:15:03]Add LG [GameLogin]
[11-17 20:15:32]Add LG [GameRunTime]
[11-17 20:17:04]Add LG [enter_map]
[11-17 20:17:04]Add LG [trade2008-11-17-20]
[11-17 20:17:04]Add LG [query_cha]
[11-17 20:17:04]Add LG [save data waste time]
[11-17 20:17:04]Add LG [map_time]
[11-17 20:19:20]Add LG [star_exp]
[11-17 20:19:20]Add LG [script_time]
[11-17 20:20:00]Add LG [lua_err]
[11-17 20:30:02]Add LG [Auction]
[11-28 02:03:02]Add LG [iteminfoerror]
[11-28 02:03:05]Add LG [npcinfo]
[11-28 02:03:06]Add LG [boat_init]
[11-28 02:03:06]Add LG [packbag_init]
[11-28 02:03:06]Add LG [boatlevel_init]
[11-28 02:03:06]Add LG [PfTable]
[11-28 02:03:07]Add LG [randmission_prize_error]
[11-28 02:03:09]Add LG [npcinit]
[11-28 02:03:09]Add LG [initmap]
[11-28 02:03:11]Add LG [Common]
[11-28 02:03:12]Add LG [spawn mum magicsea]
[11-28 02:03:13]Add LG [missioninit]
[11-28 02:03:13]Add LG [npcinit_trade]
[11-28 02:03:13]Add LG [entity_init]
[11-28 02:03:13]Add LG [weather]
[11-28 02:03:13]Add LG [create_cha]
[11-28 02:03:13]Add LG [help]
[11-28 02:03:14]Add LG [lua_ai]
[11-28 02:03:14]Add LG [size]
[11-28 02:03:14]Add LG [Store_data]
[11-28 02:03:14]Add LG [GameServerLog]
[11-28 02:03:14]Add LG [Connect]
[11-28 02:03:14]Add LG [EntityNum]
[11-28 02:03:14]Add LG [GameLogin]
[11-28 02:03:44]Add LG [GameRunTime]
[11-28 05:52:59]Add LG [enter_map]
[11-28 05:53:00]Add LG [script_time]
[11-28 05:53:00]Add LG [trade2008-11-28-5]
[11-28 05:53:03]Add LG [query_cha]
[11-28 05:53:03]Add LG [save data waste time]
[11-28 05:53:07]Add LG [map_time]
[11-28 05:53:07]Add LG [lua_err]
[11-28 06:53:30]Add LG [star_exp]
[11-28 07:40:14]Add LG [iteminfoerror]
[11-28 07:40:17]Add LG [npcinfo]
[11-28 07:40:17]Add LG [boat_init]
[11-28 07:40:17]Add LG [packbag_init]
[11-28 07:40:17]Add LG [boatlevel_init]
[11-28 07:40:17]Add LG [PfTable]
[11-28 07:40:19]Add LG [randmission_prize_error]
[11-28 07:40:20]Add LG [npcinit]
[11-28 07:40:20]Add LG [initmap]
[11-28 07:40:23]Add LG [Common]
[11-28 07:40:24]Add LG [spawn mum magicsea]
[11-28 07:40:24]Add LG [missioninit]
[11-28 07:40:24]Add LG [npcinit_trade]
[11-28 07:40:25]Add LG [entity_init]
[11-28 07:40:25]Add LG [weather]
[11-28 07:40:25]Add LG [create_cha]
[11-28 07:40:25]Add LG [help]
[11-28 07:40:29]Add LG [lua_ai]
[11-28 07:40:29]Add LG [size]
[11-28 07:40:29]Add LG [Store_data]
[11-28 07:40:29]Add LG [GameServerLog]
[11-28 07:40:29]Add LG [EntityNum]
[11-28 07:40:29]Add LG [Connect]
[11-28 07:40:29]Add LG [GameLogin]
[11-28 07:40:37]Add LG [enter_map]
[11-28 10:42:42]Add LG [iteminfoerror]
[11-28 10:42:46]Add LG [npcinfo]
[11-28 10:42:46]Add LG [boat_init]
[11-28 10:42:46]Add LG [packbag_init]
[11-28 10:42:46]Add LG [boatlevel_init]
[11-28 10:42:46]Add LG [PfTable]
[11-28 10:42:47]Add LG [randmission_prize_error]
[11-28 10:42:48]Add LG [npcinit]
[11-28 10:42:48]Add LG [initmap]
[11-28 10:42:50]Add LG [Common]
[11-28 10:42:50]Add LG [spawn mum magicsea]
[11-28 10:42:51]Add LG [missioninit]
[11-28 10:42:51]Add LG [npcinit_trade]
[11-28 10:42:51]Add LG [entity_init]
[11-28 10:42:51]Add LG [weather]
[11-28 10:42:51]Add LG [create_cha]
[11-28 10:42:51]Add LG [help]
[11-28 10:42:54]Add LG [lua_ai]
[11-28 10:42:54]Add LG [size]
[11-28 10:42:54]Add LG [Store_data]
[11-28 10:42:54]Add LG [Connect]
[11-28 10:42:54]Add LG [GameServerLog]
[11-28 10:42:54]Add LG [EntityNum]
[11-28 10:42:54]Add LG [GameLogin]
[11-28 10:43:24]Add LG [GameRunTime]
[11-28 10:43:39]Add LG [enter_map]
[11-28 10:43:39]Add LG [trade2008-11-28-10]
[11-28 10:43:39]Add LG [query_cha]
[11-28 10:43:39]Add LG [save data waste time]
[11-28 10:43:54]Add LG [map_time]
[11-28 10:46:25]Add LG [iteminfoerror]
[11-28 10:46:28]Add LG [npcinfo]
[11-28 10:46:28]Add LG [boat_init]
[11-28 10:46:28]Add LG [packbag_init]
[11-28 10:46:28]Add LG [boatlevel_init]
[11-28 10:46:28]Add LG [PfTable]
[11-28 10:46:30]Add LG [randmission_prize_error]
[11-28 10:46:31]Add LG [npcinit]
[11-28 10:46:31]Add LG [initmap]
[11-28 10:46:32]Add LG [Common]
[11-28 10:46:33]Add LG [spawn mum magicsea]
[11-28 10:46:34]Add LG [missioninit]
[11-28 10:46:34]Add LG [npcinit_trade]
[11-28 10:46:34]Add LG [entity_init]
[11-28 10:46:34]Add LG [weather]
[11-28 10:46:34]Add LG [create_cha]
[11-28 10:46:34]Add LG [help]
[11-28 10:46:34]Add LG [spawn mum eastgoaf]
[11-28 10:46:34]Add LG [lua_ai]
[11-28 10:46:35]Add LG [size]
[11-28 10:46:35]Add LG [Store_data]
[11-28 10:46:35]Add LG [GameServerLog]
[11-28 10:46:35]Add LG [EntityNum]
[11-28 10:46:35]Add LG [Connect]
[11-28 10:46:35]Add LG [GameLogin]
[11-28 10:46:39]Add LG [lua_err]
[11-28 10:47:05]Add LG [GameRunTime]
[11-28 10:50:10]Add LG [enter_map]
[11-28 10:50:10]Add LG [trade2008-11-28-10]
[11-28 10:50:10]Add LG [save data waste time]
[11-28 10:50:10]Add LG [query_cha]
[11-28 10:51:35]Add LG [map_time]
[11-28 11:08:47]Add LG [ServerRunLog]
[11-28 11:08:47]Add LG [GMmakeLog]
[11-28 11:08:47]Add LG [query_item]
[11-28 11:08:47]Add LG [DoCommand]
[11-28 11:10:32]Add LG [script_time]
[11-28 11:10:52]Add LG [lvup08_11_28]
[11-28 11:21:18]Add LG [attr_error]
[11-28 11:32:24]Add LG [star_exp]
[11-28 12:59:17]Add LG [iteminfoerror]
[11-28 12:59:20]Add LG [npcinfo]
[11-28 12:59:20]Add LG [boat_init]
[11-28 12:59:20]Add LG [packbag_init]
[11-28 12:59:20]Add LG [boatlevel_init]
[11-28 12:59:20]Add LG [PfTable]
[11-28 12:59:22]Add LG [randmission_prize_error]
[11-28 12:59:23]Add LG [npcinit]
[11-28 12:59:23]Add LG [initmap]
[11-28 12:59:26]Add LG [Common]
[11-28 12:59:27]Add LG [spawn mum magicsea]
[11-28 12:59:27]Add LG [missioninit]
[11-28 12:59:27]Add LG [npcinit_trade]
[11-28 12:59:28]Add LG [entity_init]
[11-28 12:59:28]Add LG [weather]
[11-28 12:59:28]Add LG [create_cha]
[11-28 12:59:28]Add LG [help]
[11-28 12:59:28]Add LG [lua_ai]
[11-28 12:59:28]Add LG [size]
[11-28 12:59:28]Add LG [Store_data]
[11-28 12:59:28]Add LG [Connect]
[11-28 12:59:28]Add LG [GameServerLog]
[11-28 12:59:28]Add LG [EntityNum]
[11-28 12:59:28]Add LG [GameLogin]
[11-28 12:59:58]Add LG [GameRunTime]
[11-28 13:02:22]Add LG [enter_map]
[11-28 13:02:22]Add LG [trade2008-11-28-13]
[11-28 13:02:22]Add LG [query_cha]
[11-28 13:02:23]Add LG [save data waste time]
[11-28 13:02:23]Add LG [map_time]
[11-28 13:04:26]Add LG [lua_err]
[11-28 13:13:48]Add LG [iteminfoerror]
[11-28 13:13:51]Add LG [npcinfo]
[11-28 13:13:51]Add LG [boat_init]
[11-28 13:13:51]Add LG [packbag_init]
[11-28 13:13:51]Add LG [boatlevel_init]
[11-28 13:13:51]Add LG [PfTable]
[11-28 13:13:53]Add LG [randmission_prize_error]
[11-28 13:13:54]Add LG [npcinit]
[11-28 13:13:54]Add LG [initmap]
[11-28 13:13:55]Add LG [Common]
[11-28 13:13:56]Add LG [spawn mum magicsea]
[11-28 13:13:56]Add LG [missioninit]
[11-28 13:13:57]Add LG [npcinit_trade]
[11-28 13:13:57]Add LG [entity_init]
[11-28 13:13:57]Add LG [weather]
[11-28 13:13:57]Add LG [create_cha]
[11-28 13:13:57]Add LG [help]
[11-28 13:13:59]Add LG [lua_ai]
[11-28 13:13:59]Add LG [size]
[11-28 13:13:59]Add LG [Store_data]
[11-28 13:13:59]Add LG [GameServerLog]
[11-28 13:13:59]Add LG [EntityNum]
[11-28 13:13:59]Add LG [Connect]
[11-28 13:13:59]Add LG [GameLogin]
[11-28 13:14:02]Add LG [lua_err]
[11-28 13:14:29]Add LG [GameRunTime]
[11-28 13:14:52]Add LG [enter_map]
[11-28 13:14:52]Add LG [trade2008-11-28-13]
[11-28 13:14:52]Add LG [query_cha]
[11-28 13:14:52]Add LG [save data waste time]
[11-28 13:14:59]Add LG [map_time]
[11-28 13:15:15]Add LG [DoCommand]
[11-28 15:12:22]Add LG [iteminfoerror]
[11-28 15:12:25]Add LG [npcinfo]
[11-28 15:12:25]Add LG [boat_init]
[11-28 15:12:25]Add LG [packbag_init]
[11-28 15:12:25]Add LG [boatlevel_init]
[11-28 15:12:25]Add LG [PfTable]
[11-28 15:12:26]Add LG [randmission_prize_error]
[11-28 15:12:28]Add LG [npcinit]
[11-28 15:12:28]Add LG [initmap]
[11-28 15:12:29]Add LG [Common]
[11-28 15:12:30]Add LG [spawn mum magicsea]
[11-28 15:12:30]Add LG [missioninit]
[11-28 15:12:30]Add LG [npcinit_trade]
[11-28 15:12:31]Add LG [entity_init]
[11-28 15:12:31]Add LG [weather]
[11-28 15:12:31]Add LG [create_cha]
[11-28 15:12:31]Add LG [help]
[11-28 15:12:32]Add LG [lua_ai]
[11-28 15:12:32]Add LG [size]
[11-28 15:12:32]Add LG [Store_data]
[11-28 15:12:32]Add LG [GameServerLog]
[11-28 15:12:32]Add LG [Connect]
[11-28 15:12:32]Add LG [EntityNum]
[11-28 15:12:33]Add LG [GameLogin]
[11-28 15:12:36]Add LG [lua_err]
[11-28 15:12:55]Add LG [enter_map]
[11-28 15:12:55]Add LG [trade2008-11-28-15]
[11-28 15:12:55]Add LG [query_cha]
[11-28 15:12:55]Add LG [save data waste time]
[11-28 15:13:03]Add LG [map_time]
[11-28 15:13:03]Add LG [GameRunTime]
[11-28 15:13:56]Add LG [star_exp]
[11-28 15:13:56]Add LG [script_time]
[11-28 15:14:38]Add LG [query_item]
[11-28 17:08:54]Add LG [iteminfoerror]
[11-28 17:08:57]Add LG [npcinfo]
[11-28 17:08:57]Add LG [boat_init]
[11-28 17:08:57]Add LG [packbag_init]
[11-28 17:08:57]Add LG [boatlevel_init]
[11-28 17:08:57]Add LG [PfTable]
[11-28 17:08:58]Add LG [randmission_prize_error]
[11-28 17:09:00]Add LG [npcinit]
[11-28 17:09:00]Add LG [initmap]
[11-28 17:09:01]Add LG [Common]
[11-28 17:09:02]Add LG [spawn mum magicsea]
[11-28 17:09:02]Add LG [missioninit]
[11-28 17:09:02]Add LG [npcinit_trade]
[11-28 17:09:03]Add LG [entity_init]
[11-28 17:09:03]Add LG [weather]
[11-28 17:09:03]Add LG [create_cha]
[11-28 17:09:03]Add LG [help]
[11-28 17:09:04]Add LG [lua_ai]
[11-28 17:09:04]Add LG [size]
[11-28 17:09:04]Add LG [Store_data]
[11-28 17:09:04]Add LG [GameServerLog]
[11-28 17:09:04]Add LG [EntityNum]
[11-28 17:09:04]Add LG [Connect]
[11-28 17:09:04]Add LG [GameLogin]
[11-28 17:09:08]Add LG [lua_err]
[11-28 17:09:29]Add LG [enter_map]
[11-28 17:09:29]Add LG [trade2008-11-28-17]
[11-28 17:09:29]Add LG [query_cha]
[11-28 17:09:29]Add LG [save data waste time]
[11-28 17:09:34]Add LG [map_time]
[11-28 17:09:34]Add LG [GameRunTime]
[11-28 17:11:56]Add LG [star_exp]
[12-02 03:46:38]Add LG [iteminfoerror]
[12-02 03:46:42]Add LG [npcinfo]
[12-02 03:46:42]Add LG [boat_init]
[12-02 03:46:42]Add LG [packbag_init]
[12-02 03:46:42]Add LG [boatlevel_init]
[12-02 03:46:42]Add LG [PfTable]
[12-02 03:46:43]Add LG [randmission_prize_error]
[12-02 03:46:45]Add LG [npcinit]
[12-02 03:46:45]Add LG [initmap]
[12-02 03:46:47]Add LG [Common]
[12-02 03:46:49]Add LG [spawn mum magicsea]
[12-02 03:46:49]Add LG [missioninit]
[12-02 03:46:49]Add LG [npcinit_trade]
[12-02 03:46:50]Add LG [entity_init]
[12-02 03:46:50]Add LG [weather]
[12-02 03:46:50]Add LG [create_cha]
[12-02 03:46:50]Add LG [help]
[12-02 03:46:52]Add LG [lua_ai]
[12-02 03:46:52]Add LG [size]
[12-02 03:46:52]Add LG [Store_data]
[12-02 03:46:52]Add LG [GameServerLog]
[12-02 03:46:53]Add LG [Connect]
[12-02 03:46:53]Add LG [EntityNum]
[12-02 03:46:53]Add LG [GameLogin]
[12-02 03:46:55]Add LG [lua_err]
[12-02 03:47:23]Add LG [GameRunTime]
[12-02 03:48:02]Add LG [enter_map]
[12-02 03:48:02]Add LG [trade2008-12-2-3]
[12-02 03:48:02]Add LG [query_cha]
[12-02 03:48:02]Add LG [save data waste time]
[12-02 03:48:02]Add LG [map_time]
[12-02 03:56:43]Add LG [star_exp]
[12-02 03:56:43]Add LG [script_time]
[12-02 04:14:52]Add LG [skill_error]
[12-02 08:06:43]Add LG [iteminfoerror]
[12-02 08:06:46]Add LG [npcinfo]
[12-02 08:06:46]Add LG [boat_init]
[12-02 08:06:46]Add LG [packbag_init]
[12-02 08:06:46]Add LG [boatlevel_init]
[12-02 08:06:46]Add LG [PfTable]
[12-02 08:06:47]Add LG [randmission_prize_error]
[12-02 08:06:49]Add LG [npcinit]
[12-02 08:06:49]Add LG [initmap]
[12-02 08:06:51]Add LG [Common]
[12-02 08:06:52]Add LG [spawn mum magicsea]
[12-02 08:06:53]Add LG [missioninit]
[12-02 08:06:53]Add LG [npcinit_trade]
[12-02 08:06:53]Add LG [entity_init]
[12-02 08:06:53]Add LG [weather]
[12-02 08:06:53]Add LG [create_cha]
[12-02 08:06:53]Add LG [help]
[12-02 08:06:55]Add LG [lua_ai]
[12-02 08:06:56]Add LG [size]
[12-02 08:06:56]Add LG [Store_data]
[12-02 08:06:56]Add LG [GameServerLog]
[12-02 08:06:56]Add LG [Connect]
[12-02 08:06:56]Add LG [EntityNum]
[12-02 08:06:56]Add LG [GameRunTime]
[12-02 08:06:56]Add LG [GameLogin]
[12-02 08:06:59]Add LG [lua_err]
[12-02 08:08:03]Add LG [enter_map]
[12-02 08:08:03]Add LG [trade2008-12-2-8]
[12-02 08:08:03]Add LG [query_cha]
[12-02 08:08:03]Add LG [save data waste time]
[12-02 08:08:03]Add LG [map_time]
[12-02 15:43:41]Add LG [iteminfoerror]
[12-02 15:43:45]Add LG [npcinfo]
[12-02 15:43:45]Add LG [boat_init]
[12-02 15:43:45]Add LG [packbag_init]
[12-02 15:43:45]Add LG [boatlevel_init]
[12-02 15:43:45]Add LG [PfTable]
[12-02 15:43:46]Add LG [randmission_prize_error]
[12-02 15:43:48]Add LG [npcinit]
[12-02 15:43:48]Add LG [initmap]
[12-02 15:43:50]Add LG [Common]
[12-02 15:43:51]Add LG [spawn mum magicsea]
[12-02 15:43:52]Add LG [missioninit]
[12-02 15:43:52]Add LG [npcinit_trade]
[12-02 15:43:52]Add LG [entity_init]
[12-02 15:43:52]Add LG [weather]
[12-02 15:43:53]Add LG [create_cha]
[12-02 15:43:53]Add LG [help]
[12-02 15:43:55]Add LG [lua_ai]
[12-02 15:43:55]Add LG [size]
[12-02 15:43:55]Add LG [Store_data]
[12-02 15:43:55]Add LG [GameServerLog]
[12-02 15:43:55]Add LG [Connect]
[12-02 15:43:55]Add LG [EntityNum]
[12-02 15:43:55]Add LG [script_time]
[12-02 15:43:55]Add LG [GameRunTime]
[12-02 15:43:55]Add LG [GameLogin]
[12-02 15:43:58]Add LG [lua_err]
[12-02 15:45:11]Add LG [enter_map]
[12-02 15:45:11]Add LG [trade2008-12-2-15]
[12-02 15:45:12]Add LG [query_cha]
[12-02 15:45:12]Add LG [save data waste time]
[12-02 15:45:12]Add LG [map_time]
[12-10 14:50:09]Add LG [iteminfoerror]
[06-06 16:02:53]Add LG [iteminfoerror]
[06-06 16:02:55]Add LG [npcinfo]
[06-06 16:02:55]Add LG [boat_init]
[06-06 16:02:55]Add LG [packbag_init]
[06-06 16:02:55]Add LG [boatlevel_init]
[06-06 16:02:55]Add LG [PfTable]
[06-06 16:02:55]Add LG [randmission_prize_error]
[06-06 16:02:55]Add LG [npcinit]
[06-06 16:02:55]Add LG [initmap]
[06-06 16:02:56]Add LG [Common]
[06-06 16:02:56]Add LG [spawn mum magicsea]
[06-06 16:02:56]Add LG [missioninit]
[06-06 16:02:56]Add LG [npcinit_trade]
[06-06 16:02:56]Add LG [entity_init]
[06-06 16:02:56]Add LG [weather]
[06-06 16:02:56]Add LG [create_cha]
[06-06 16:02:56]Add LG [help]
[06-06 16:02:56]Add LG [lua_ai]
[06-06 16:02:56]Add LG [size]
[06-06 16:02:56]Add LG [Store_data]
[06-06 16:02:56]Add LG [GameServerLog]
[06-06 16:02:56]Add LG [Connect]
[06-06 16:02:56]Add LG [EntityNum]
[06-06 16:02:56]Add LG [GameLogin]
[06-06 16:03:01]Add LG [lua_err]
[06-06 16:03:26]Add LG [GameRunTime]
