[09-10 09:48:02]ChaID: 1574, ChaName: limeili, CMD: make, Param: 0455,1
[09-10 09:50:32]ChaID: 1276, ChaName: 113111, CMD: goto, Param: limeili
[09-10 09:52:23]ChaID: 1574, ChaName: limeili, CMD: attr, Param: 69,2000
[09-10 09:52:23]ChaID: 1574, ChaName: limeili, CMD: attr, Param: 69,2000
[09-10 09:55:42]ChaID: 1276, ChaName: 113111, CMD: goto, Param: limeili
[09-10 10:00:58]ChaID: 1276, ChaName: 113111, CMD: attr, Param: 4,12
[09-10 10:00:58]ChaID: 1276, ChaName: 113111, CMD: attr, Param: 4,12
[09-10 10:01:01]ChaID: 1276, ChaName: 113111, CMD: attr, Param: 4,14
[09-10 10:01:01]ChaID: 1276, ChaName: 113111, CMD: attr, Param: 4,14
[09-10 10:02:28]ChaID: 1574, ChaName: limeili, CMD: attr, Param: 4,8
[09-10 10:02:28]ChaID: 1574, ChaName: limeili, CMD: attr, Param: 4,8
[09-10 10:02:32]ChaID: 1574, ChaName: limeili, CMD: attr, Param: 4,9
[09-10 10:02:32]ChaID: 1574, ChaName: limeili, CMD: attr, Param: 4,9
[09-10 10:02:42]ChaID: 1574, ChaName: limeili, CMD: attr, Param: 4,6
[09-10 10:02:42]ChaID: 1574, ChaName: limeili, CMD: attr, Param: 4,6
[09-10 10:02:45]ChaID: 1574, ChaName: limeili, CMD: attr, Param: 4,5
[09-10 10:02:45]ChaID: 1574, ChaName: limeili, CMD: attr, Param: 4,5
[09-10 10:02:48]ChaID: 1574, ChaName: limeili, CMD: attr, Param: 4,4
[09-10 10:02:48]ChaID: 1574, ChaName: limeili, CMD: attr, Param: 4,4
[09-10 10:02:56]ChaID: 1574, ChaName: limeili, CMD: attr, Param: 4,8
[09-10 10:02:56]ChaID: 1574, ChaName: limeili, CMD: attr, Param: 4,8
[09-10 10:03:13]ChaID: 1574, ChaName: limeili, CMD: attr, Param: 4,9
[09-10 10:03:13]ChaID: 1574, ChaName: limeili, CMD: attr, Param: 4,9
[09-10 10:03:36]ChaID: 1574, ChaName: limeili, CMD: make, Param: 0257,1
[09-10 10:03:43]ChaID: 1574, ChaName: limeili, CMD: make, Param: 0259,1
[09-24 16:05:17]ChaID: 2597, ChaName: xxxxxxxx4, CMD: addmoney, Param: 30000000
[09-24 16:05:17]ChaID: 2597, ChaName: xxxxxxxx4, CMD: addmoney, Param: 30000000
[11-14 02:01:02]ChaID: 6, ChaName: 5765, CMD: make, Param: 99,1
[11-14 02:01:12]ChaID: 6, ChaName: 5765, CMD: make, Param: 655,1
[11-28 11:08:47]ChaID: 6, ChaName: 5765, CMD: make, Param: 255,1
[11-28 11:09:41]ChaID: 6, ChaName: 5765, CMD: make, Param: 2555,1
[11-28 11:09:52]ChaID: 6, ChaName: 5765, CMD: make, Param: 588,1
[11-28 11:09:56]ChaID: 6, ChaName: 5765, CMD: make, Param: 885
[11-28 11:10:00]ChaID: 6, ChaName: 5765, CMD: make, Param: 885,1
[11-28 11:10:07]ChaID: 6, ChaName: 5765, CMD: make, Param: 1200,1
[11-28 11:10:26]ChaID: 6, ChaName: 5765, CMD: add, Param: exp 30000
[11-28 11:10:31]ChaID: 6, ChaName: 5765, CMD: addexp, Param: 3000
[11-28 11:10:32]ChaID: 6, ChaName: 5765, CMD: addexp, Param: 3000
[11-28 11:10:52]ChaID: 6, ChaName: 5765, CMD: addexp, Param: 80000000
[11-28 11:10:52]ChaID: 6, ChaName: 5765, CMD: addexp, Param: 80000000
[11-28 11:11:09]ChaID: 6, ChaName: 5765, CMD: addexp, Param: 80000000
[11-28 11:11:09]ChaID: 6, ChaName: 5765, CMD: addexp, Param: 80000000
[11-28 11:11:38]ChaID: 6, ChaName: 5765, CMD: make, Param: 1300,1
[11-28 11:11:42]ChaID: 6, ChaName: 5765, CMD: make, Param: 1400,1
[11-28 11:11:46]ChaID: 6, ChaName: 5765, CMD: make, Param: 1500,1
[11-28 11:12:03]ChaID: 6, ChaName: 5765, CMD: make, Param: 1600,1
[11-28 11:12:08]ChaID: 6, ChaName: 5765, CMD: make, Param: 1551,1
[11-28 11:12:12]ChaID: 6, ChaName: 5765, CMD: make, Param: 1440,1
[11-28 11:12:21]ChaID: 6, ChaName: 5765, CMD: make, Param: 1445,1
[11-28 11:12:52]ChaID: 6, ChaName: 5765, CMD: make, Param: 388,1
[11-28 11:16:17]ChaID: 6, ChaName: 5765, CMD: make, Param: 1330,1
[11-28 11:16:21]ChaID: 6, ChaName: 5765, CMD: make, Param: 1220,1
[11-28 11:16:25]ChaID: 6, ChaName: 5765, CMD: make, Param: 1110,1
[11-28 11:16:33]ChaID: 6, ChaName: 5765, CMD: make, Param: 999
[11-28 11:16:36]ChaID: 6, ChaName: 5765, CMD: make, Param: 999,1
[11-28 11:16:39]ChaID: 6, ChaName: 5765, CMD: make, Param: 888,1
[11-28 11:16:44]ChaID: 6, ChaName: 5765, CMD: make, Param: 777,1
[11-28 11:17:27]ChaID: 6, ChaName: 5765, CMD: make, Param: 777,1
[11-28 11:21:29]ChaID: 3, ChaName: ly, CMD: make, Param: 777,1
[11-28 11:21:32]ChaID: 3, ChaName: ly, CMD: make, Param: 776
[11-28 11:21:36]ChaID: 3, ChaName: ly, CMD: make, Param: 776,1
[11-28 11:21:51]ChaID: 3, ChaName: ly, CMD: make, Param: 778,1
[11-28 11:21:54]ChaID: 3, ChaName: ly, CMD: make, Param: 775
[11-28 11:21:57]ChaID: 3, ChaName: ly, CMD: make, Param: 775,1
[11-28 11:22:10]ChaID: 3, ChaName: ly, CMD: make, Param: 774,1
[11-28 11:22:14]ChaID: 3, ChaName: ly, CMD: make, Param: 773
[11-28 11:22:17]ChaID: 3, ChaName: ly, CMD: make, Param: 773,1
[11-28 11:22:26]ChaID: 3, ChaName: ly, CMD: make, Param: 772,1
[11-28 11:22:32]ChaID: 3, ChaName: ly, CMD: make, Param: 771
[11-28 11:22:35]ChaID: 3, ChaName: ly, CMD: make, Param: 771,1
[11-28 11:22:41]ChaID: 3, ChaName: ly, CMD: make, Param: 770,1
[11-28 11:22:48]ChaID: 3, ChaName: ly, CMD: make, Param: 769,1
[11-28 11:23:03]ChaID: 3, ChaName: ly, CMD: make, Param: 755,1
[11-28 11:23:40]ChaID: 3, ChaName: ly, CMD: make, Param: 743,1
[11-28 11:23:46]ChaID: 3, ChaName: ly, CMD: make, Param: 723
[11-28 11:23:50]ChaID: 3, ChaName: ly, CMD: make, Param: 723,1
[11-28 11:23:55]ChaID: 3, ChaName: ly, CMD: make, Param: 711,1
[11-28 11:24:01]ChaID: 3, ChaName: ly, CMD: make, Param: 709,1
[11-28 11:24:08]ChaID: 3, ChaName: ly, CMD: make, Param: 698,1
[11-28 11:24:14]ChaID: 3, ChaName: ly, CMD: make, Param: 699,1
[11-28 11:24:20]ChaID: 3, ChaName: ly, CMD: make, Param: 701,1
[11-28 11:24:30]ChaID: 3, ChaName: ly, CMD: make, Param: 702,1
[11-28 11:24:37]ChaID: 3, ChaName: ly, CMD: make, Param: 802,1
[11-28 11:24:44]ChaID: 3, ChaName: ly, CMD: make, Param: 805,1
[11-28 11:24:53]ChaID: 3, ChaName: ly, CMD: make, Param: 790,1
[11-28 11:25:26]ChaID: 3, ChaName: ly, CMD: make, Param: 820,1
[11-28 11:25:30]ChaID: 3, ChaName: ly, CMD: make, Param: 821,1,
[11-28 11:25:34]ChaID: 3, ChaName: ly, CMD: make, Param: 835,1
[11-28 11:25:37]ChaID: 3, ChaName: ly, CMD: make, Param: 845,1
[11-28 11:25:58]ChaID: 3, ChaName: ly, CMD: make, Param: 840,1
[11-28 11:26:04]ChaID: 3, ChaName: ly, CMD: make, Param: 849,1
[11-28 11:26:15]ChaID: 3, ChaName: ly, CMD: make, Param: 861,1
[11-28 11:26:18]ChaID: 3, ChaName: ly, CMD: make, Param: 866,1
[11-28 11:26:22]ChaID: 3, ChaName: ly, CMD: make, Param: 877,1
[11-28 11:26:30]ChaID: 3, ChaName: ly, CMD: make, Param: 879,1
[11-28 11:26:34]ChaID: 3, ChaName: ly, CMD: make, Param: 899,1
[11-28 11:26:38]ChaID: 3, ChaName: ly, CMD: make, Param: 888,1
[11-28 11:27:25]ChaID: 3, ChaName: ly, CMD: make, Param: 921,1
[11-28 11:27:29]ChaID: 3, ChaName: ly, CMD: make, Param: 922,1
[11-28 11:27:34]ChaID: 3, ChaName: ly, CMD: make, Param: 1210,1
[11-28 11:27:38]ChaID: 3, ChaName: ly, CMD: make, Param: 556,1
[11-28 11:27:43]ChaID: 3, ChaName: ly, CMD: make, Param: 544,1
[11-28 11:27:47]ChaID: 3, ChaName: ly, CMD: make, Param: 533,1
[11-28 11:27:57]ChaID: 3, ChaName: ly, CMD: make, Param: 544,1
[11-28 11:28:03]ChaID: 3, ChaName: ly, CMD: make, Param: 545,1
[11-28 11:28:29]ChaID: 3, ChaName: ly, CMD: make, Param: 546,1
[11-28 11:28:33]ChaID: 3, ChaName: ly, CMD: make, Param: 547,1
[11-28 11:28:38]ChaID: 3, ChaName: ly, CMD: make, Param: 548,1
[11-28 11:28:41]ChaID: 3, ChaName: ly, CMD: make, Param: 549,1
[11-28 11:28:52]ChaID: 3, ChaName: ly, CMD: make, Param: 550,1
[11-28 11:29:17]ChaID: 3, ChaName: ly, CMD: make, Param: 551,1
[11-28 11:29:20]ChaID: 3, ChaName: ly, CMD: make, Param: 552,1
[11-28 11:29:23]ChaID: 3, ChaName: ly, CMD: make, Param: 553,1
[11-28 11:29:31]ChaID: 3, ChaName: ly, CMD: make, Param: 554,1
[11-28 11:29:34]ChaID: 3, ChaName: ly, CMD: make, Param: 555,1
[11-28 11:29:36]ChaID: 3, ChaName: ly, CMD: make, Param: 556,1
[11-28 11:29:43]ChaID: 3, ChaName: ly, CMD: make, Param: 558,1
[11-28 11:29:46]ChaID: 3, ChaName: ly, CMD: make, Param: 559,1
[11-28 11:30:36]ChaID: 3, ChaName: ly, CMD: make, Param: 155,1
[11-28 11:30:39]ChaID: 3, ChaName: ly, CMD: make, Param: 156,1
[11-28 11:30:44]ChaID: 3, ChaName: ly, CMD: make, Param: 157,1
[11-28 11:31:09]ChaID: 3, ChaName: ly, CMD: make, Param: 250,1
[11-28 11:31:12]ChaID: 3, ChaName: ly, CMD: make, Param: 255,1
[11-28 11:31:15]ChaID: 3, ChaName: ly, CMD: make, Param: 256,1
[11-28 11:31:18]ChaID: 3, ChaName: ly, CMD: make, Param: 305,1
[11-28 11:31:35]ChaID: 3, ChaName: ly, CMD: make, Param: 355,1
[11-28 11:31:40]ChaID: 3, ChaName: ly, CMD: make, Param: 401,1
[11-28 11:31:44]ChaID: 3, ChaName: ly, CMD: make, Param: 402,1
[11-28 11:32:04]ChaID: 3, ChaName: ly, CMD: make, Param: 1300,1
[11-28 11:32:07]ChaID: 3, ChaName: ly, CMD: make, Param: 1320,1
[11-28 11:32:12]ChaID: 3, ChaName: ly, CMD: make, Param: 1400,1
