[09-28 09:33:34]玩家limeili当前经验为10000077进入ShareTeamExp 
[09-28 09:33:34]玩家limeili当前经验为10000078结束ShareTeamExp 
[09-28 09:45:38]玩家limeili当前经验为10000078进入ShareTeamExp 
[09-28 09:45:38]玩家limeili当前经验为10000079结束ShareTeamExp 
[09-28 09:45:45]玩家limeili当前经验为10000079进入ShareTeamExp 
[09-28 09:45:45]玩家limeili当前经验为10000080结束ShareTeamExp 
[09-28 09:45:52]玩家limeili当前经验为10000080进入ShareTeamExp 
[09-28 09:45:52]玩家limeili当前经验为10000081结束ShareTeamExp 
[09-28 09:45:54]玩家limeili当前经验为10000081进入ShareTeamExp 
[09-28 09:45:54]玩家limeili当前经验为10000082结束ShareTeamExp 
[09-28 09:45:59]玩家limeili当前经验为10000082进入ShareTeamExp 
[09-28 09:45:59]玩家limeili当前经验为10000083结束ShareTeamExp 
[09-28 09:46:03]玩家limeili当前经验为10000083进入ShareTeamExp 
[09-28 09:46:03]玩家limeili当前经验为10000085结束ShareTeamExp 
[09-28 09:46:08]玩家limeili当前经验为10000085进入ShareTeamExp 
[09-28 09:46:08]玩家limeili当前经验为10000087结束ShareTeamExp 
[09-28 09:46:12]玩家limeili当前经验为10000087进入ShareTeamExp 
[09-28 09:46:12]玩家limeili当前经验为10000089结束ShareTeamExp 
[09-28 09:47:09]玩家limeili当前经验为10000089进入ShareTeamExp 
[09-28 09:47:09]玩家limeili当前经验为10000091结束ShareTeamExp 
[09-28 09:47:17]玩家limeili当前经验为10000091进入ShareTeamExp 
[09-28 09:47:17]玩家limeili当前经验为10000093结束ShareTeamExp 
[09-28 09:47:29]玩家limeili当前经验为10000093进入ShareTeamExp 
[09-28 09:47:29]玩家limeili当前经验为10000095结束ShareTeamExp 
[09-10 09:48:21]玩家limeili当前经验为10000095进入ShareTeamExp 
[09-10 09:48:21]玩家limeili当前经验为10000096结束ShareTeamExp 
[09-28 16:06:43]玩家xxxxxxxx4当前经验为0进入ShareTeamExp 
[09-28 16:06:43]玩家xxxxxxxx4当前经验为1结束ShareTeamExp 
[09-28 16:06:57]玩家xxxxxxxx4当前经验为1进入ShareTeamExp 
[09-28 16:06:57]玩家xxxxxxxx4当前经验为8结束ShareTeamExp 
[09-28 16:22:22]玩家xxxxxxxx4当前经验为8进入ShareTeamExp 
[09-28 16:22:22]玩家xxxxxxxx4当前经验为15结束ShareTeamExp 
[09-28 16:23:14]玩家xxxxxxxx4当前经验为15进入ShareTeamExp 
[09-28 16:23:14]玩家xxxxxxxx4当前经验为25结束ShareTeamExp 
[09-28 16:23:32]玩家xxxxxxxx4当前经验为25进入ShareTeamExp 
[09-28 16:23:32]玩家xxxxxxxx4当前经验为32结束ShareTeamExp 
[09-28 16:23:58]玩家xxxxxxxx4当前经验为32进入ShareTeamExp 
[09-28 16:23:58]玩家xxxxxxxx4当前经验为35结束ShareTeamExp 
[09-28 16:49:56]玩家xxxxxxxx4当前经验为35进入ShareTeamExp 
[09-28 16:49:56]玩家xxxxxxxx4当前经验为38结束ShareTeamExp 
[09-28 16:52:42]玩家xxxxxxxx4当前经验为38进入ShareTeamExp 
[09-28 16:52:42]玩家xxxxxxxx4当前经验为39结束ShareTeamExp 
[09-28 16:53:06]玩家xxxxxxxx4当前经验为39进入ShareTeamExp 
[09-28 16:53:06]玩家xxxxxxxx4当前经验为42结束ShareTeamExp 
[09-28 16:53:26]玩家xxxxxxxx4当前经验为42进入ShareTeamExp 
[09-28 16:53:26]玩家xxxxxxxx4当前经验为49结束ShareTeamExp 
[09-28 16:53:45]玩家xxxxxxxx4当前经验为49进入ShareTeamExp 
[09-28 16:53:45]玩家xxxxxxxx4当前经验为70结束ShareTeamExp 
[09-28 16:54:06]玩家xxxxxxxx4当前经验为70进入ShareTeamExp 
[09-28 16:54:06]玩家xxxxxxxx4当前经验为80结束ShareTeamExp 
[09-28 16:54:21]玩家xxxxxxxx4当前经验为80进入ShareTeamExp 
[09-28 16:54:21]玩家xxxxxxxx4当前经验为101结束ShareTeamExp 
[09-28 16:54:56]玩家xxxxxxxx4当前经验为101进入ShareTeamExp 
[09-28 16:54:56]玩家xxxxxxxx4当前经验为121结束ShareTeamExp 
[09-28 16:55:28]玩家xxxxxxxx4当前经验为121进入ShareTeamExp 
[09-28 16:55:28]玩家xxxxxxxx4当前经验为142结束ShareTeamExp 
[09-28 16:55:45]玩家xxxxxxxx4当前经验为142进入ShareTeamExp 
[09-28 16:55:45]玩家xxxxxxxx4当前经验为163结束ShareTeamExp 
[09-28 16:56:05]玩家xxxxxxxx4当前经验为163进入ShareTeamExp 
[09-28 16:56:05]玩家xxxxxxxx4当前经验为173结束ShareTeamExp 
[09-28 17:00:30]玩家xxxxxxxx4当前经验为173进入ShareTeamExp 
[09-28 17:00:30]玩家xxxxxxxx4当前经验为180结束ShareTeamExp 
[09-28 17:00:37]玩家xxxxxxxx4当前经验为180进入ShareTeamExp 
[09-28 17:00:37]玩家xxxxxxxx4当前经验为181结束ShareTeamExp 
[09-28 17:01:09]玩家xxxxxxxx4当前经验为181进入ShareTeamExp 
[09-28 17:01:09]玩家xxxxxxxx4当前经验为184结束ShareTeamExp 
[09-28 17:01:17]玩家xxxxxxxx4当前经验为184进入ShareTeamExp 
[09-28 17:01:17]玩家xxxxxxxx4当前经验为191结束ShareTeamExp 
[09-28 17:01:33]玩家xxxxxxxx4当前经验为191进入ShareTeamExp 
[09-28 17:01:33]玩家xxxxxxxx4当前经验为212结束ShareTeamExp 
[09-28 17:01:59]玩家xxxxxxxx4当前经验为212进入ShareTeamExp 
[09-28 17:01:59]玩家xxxxxxxx4当前经验为233结束ShareTeamExp 
[09-28 17:02:14]玩家xxxxxxxx4当前经验为233进入ShareTeamExp 
[09-28 17:02:14]玩家xxxxxxxx4当前经验为243结束ShareTeamExp 
[09-28 17:02:24]玩家xxxxxxxx4当前经验为243进入ShareTeamExp 
[09-28 17:02:24]玩家xxxxxxxx4当前经验为264结束ShareTeamExp 
[09-28 17:02:36]玩家xxxxxxxx4当前经验为264进入ShareTeamExp 
[09-28 17:02:36]玩家xxxxxxxx4当前经验为285结束ShareTeamExp 
[09-28 17:02:55]玩家xxxxxxxx4当前经验为285进入ShareTeamExp 
[09-28 17:02:55]玩家xxxxxxxx4当前经验为295结束ShareTeamExp 
[09-28 17:03:04]玩家xxxxxxxx4当前经验为295进入ShareTeamExp 
[09-28 17:03:04]玩家xxxxxxxx4当前经验为316结束ShareTeamExp 
[09-28 17:03:21]玩家xxxxxxxx4当前经验为316进入ShareTeamExp 
[09-28 17:03:21]玩家xxxxxxxx4当前经验为337结束ShareTeamExp 
[09-28 17:03:35]玩家xxxxxxxx4当前经验为337进入ShareTeamExp 
[09-28 17:03:35]玩家xxxxxxxx4当前经验为358结束ShareTeamExp 
[09-28 17:04:07]玩家xxxxxxxx4当前经验为358进入ShareTeamExp 
[09-28 17:04:07]玩家xxxxxxxx4当前经验为402结束ShareTeamExp 
[09-28 17:04:43]玩家xxxxxxxx4当前经验为402进入ShareTeamExp 
[09-28 17:04:43]玩家xxxxxxxx4当前经验为409结束ShareTeamExp 
[09-28 17:04:49]玩家xxxxxxxx4当前经验为409进入ShareTeamExp 
[09-28 17:04:49]玩家xxxxxxxx4当前经验为410结束ShareTeamExp 
[09-28 17:05:36]玩家xxxxxxxx4当前经验为410进入ShareTeamExp 
[09-28 17:05:36]玩家xxxxxxxx4当前经验为431结束ShareTeamExp 
[09-28 17:05:54]玩家xxxxxxxx4当前经验为431进入ShareTeamExp 
[09-28 17:05:54]玩家xxxxxxxx4当前经验为452结束ShareTeamExp 
[09-28 17:06:10]玩家xxxxxxxx4当前经验为452进入ShareTeamExp 
[09-28 17:06:10]玩家xxxxxxxx4当前经验为473结束ShareTeamExp 
[09-28 17:06:23]玩家xxxxxxxx4当前经验为473进入ShareTeamExp 
[09-28 17:06:23]玩家xxxxxxxx4当前经验为494结束ShareTeamExp 
[09-28 17:06:48]玩家xxxxxxxx4当前经验为494进入ShareTeamExp 
[09-28 17:06:48]玩家xxxxxxxx4当前经验为538结束ShareTeamExp 
[09-28 17:07:42]玩家xxxxxxxx4当前经验为538进入ShareTeamExp 
[09-28 17:07:42]玩家xxxxxxxx4当前经验为582结束ShareTeamExp 
[09-28 17:08:00]玩家xxxxxxxx4当前经验为582进入ShareTeamExp 
[09-28 17:08:00]玩家xxxxxxxx4当前经验为626结束ShareTeamExp 
[09-28 17:08:15]玩家xxxxxxxx4当前经验为626进入ShareTeamExp 
[09-28 17:08:15]玩家xxxxxxxx4当前经验为670结束ShareTeamExp 
[09-28 17:08:34]玩家xxxxxxxx4当前经验为670进入ShareTeamExp 
[09-28 17:08:34]玩家xxxxxxxx4当前经验为714结束ShareTeamExp 
[09-28 17:08:47]玩家xxxxxxxx4当前经验为714进入ShareTeamExp 
[09-28 17:08:47]玩家xxxxxxxx4当前经验为729结束ShareTeamExp 
[09-28 17:08:54]玩家xxxxxxxx4当前经验为729进入ShareTeamExp 
[09-28 17:08:54]玩家xxxxxxxx4当前经验为744结束ShareTeamExp 
[09-28 17:09:02]玩家xxxxxxxx4当前经验为744进入ShareTeamExp 
[09-28 17:09:02]玩家xxxxxxxx4当前经验为759结束ShareTeamExp 
[09-28 17:09:16]玩家xxxxxxxx4当前经验为759进入ShareTeamExp 
[09-28 17:09:16]玩家xxxxxxxx4当前经验为803结束ShareTeamExp 
[09-28 17:09:35]玩家xxxxxxxx4当前经验为803进入ShareTeamExp 
[09-28 17:09:35]玩家xxxxxxxx4当前经验为847结束ShareTeamExp 
[09-28 17:09:52]玩家xxxxxxxx4当前经验为847进入ShareTeamExp 
[09-28 17:09:52]玩家xxxxxxxx4当前经验为849结束ShareTeamExp 
[09-28 17:10:18]玩家xxxxxxxx4当前经验为849进入ShareTeamExp 
[09-28 17:10:18]玩家xxxxxxxx4当前经验为864结束ShareTeamExp 
[09-28 17:10:56]玩家xxxxxxxx4当前经验为864进入ShareTeamExp 
[09-28 17:10:56]玩家xxxxxxxx4当前经验为885结束ShareTeamExp 
[09-28 17:11:15]玩家xxxxxxxx4当前经验为885进入ShareTeamExp 
[09-28 17:11:15]玩家xxxxxxxx4当前经验为906结束ShareTeamExp 
[09-28 17:11:27]玩家xxxxxxxx4当前经验为906进入ShareTeamExp 
[09-28 17:11:27]玩家xxxxxxxx4当前经验为933结束ShareTeamExp 
[09-28 17:11:46]玩家xxxxxxxx4当前经验为933进入ShareTeamExp 
[09-28 17:11:46]玩家xxxxxxxx4当前经验为960结束ShareTeamExp 
[09-28 17:12:02]玩家xxxxxxxx4当前经验为960进入ShareTeamExp 
[09-28 17:12:02]玩家xxxxxxxx4当前经验为987结束ShareTeamExp 
[09-28 17:13:08]玩家xxxxxxxx4当前经验为987进入ShareTeamExp 
[09-28 17:13:08]玩家xxxxxxxx4当前经验为988结束ShareTeamExp 
[09-28 17:13:25]玩家xxxxxxxx4当前经验为988进入ShareTeamExp 
[09-28 17:13:25]玩家xxxxxxxx4当前经验为1015结束ShareTeamExp 
[09-28 17:13:39]玩家xxxxxxxx4当前经验为1015进入ShareTeamExp 
[09-28 17:13:39]玩家xxxxxxxx4当前经验为1042结束ShareTeamExp 
[09-28 17:14:10]玩家xxxxxxxx4当前经验为1042进入ShareTeamExp 
[09-28 17:14:10]玩家xxxxxxxx4当前经验为1096结束ShareTeamExp 
[09-28 17:14:33]玩家xxxxxxxx4当前经验为1096进入ShareTeamExp 
[09-28 17:14:33]玩家xxxxxxxx4当前经验为1123结束ShareTeamExp 
[09-28 17:14:48]玩家xxxxxxxx4当前经验为1123进入ShareTeamExp 
[09-28 17:14:48]玩家xxxxxxxx4当前经验为1128结束ShareTeamExp 
[09-28 17:15:32]玩家xxxxxxxx4当前经验为1128进入ShareTeamExp 
[09-28 17:15:32]玩家xxxxxxxx4当前经验为1183结束ShareTeamExp 
[09-28 17:16:12]玩家xxxxxxxx4当前经验为1183进入ShareTeamExp 
[09-28 17:16:12]玩家xxxxxxxx4当前经验为1238结束ShareTeamExp 
[09-28 17:16:31]玩家xxxxxxxx4当前经验为1238进入ShareTeamExp 
[09-28 17:16:31]玩家xxxxxxxx4当前经验为1265结束ShareTeamExp 
[09-28 17:19:17]玩家xxxxxxxx4当前经验为1265进入ShareTeamExp 
[09-28 17:19:17]玩家xxxxxxxx4当前经验为1275结束ShareTeamExp 
[09-28 17:19:32]玩家xxxxxxxx4当前经验为1275进入ShareTeamExp 
[09-28 17:19:32]玩家xxxxxxxx4当前经验为1280结束ShareTeamExp 
[09-28 17:19:35]玩家xxxxxxxx4当前经验为1280进入ShareTeamExp 
[09-28 17:19:35]玩家xxxxxxxx4当前经验为1281结束ShareTeamExp 
[09-28 17:19:44]玩家xxxxxxxx4当前经验为1281进入ShareTeamExp 
[09-28 17:19:44]玩家xxxxxxxx4当前经验为1291结束ShareTeamExp 
[09-28 17:19:55]玩家xxxxxxxx4当前经验为1291进入ShareTeamExp 
[09-28 17:19:55]玩家xxxxxxxx4当前经验为1296结束ShareTeamExp 
[09-28 17:20:00]玩家xxxxxxxx4当前经验为1296进入ShareTeamExp 
[09-28 17:20:00]玩家xxxxxxxx4当前经验为1311结束ShareTeamExp 
[09-28 17:20:39]玩家xxxxxxxx4当前经验为1311进入ShareTeamExp 
[09-28 17:20:39]玩家xxxxxxxx4当前经验为1316结束ShareTeamExp 
[09-28 17:21:17]玩家xxxxxxxx4当前经验为1316进入ShareTeamExp 
[09-28 17:21:17]玩家xxxxxxxx4当前经验为1352结束ShareTeamExp 
[09-28 17:21:59]玩家xxxxxxxx4当前经验为1352进入ShareTeamExp 
[09-28 17:21:59]玩家xxxxxxxx4当前经验为1357结束ShareTeamExp 
[09-28 17:23:40]玩家xxxxxxxx4当前经验为1357进入ShareTeamExp 
[09-28 17:23:40]玩家xxxxxxxx4当前经验为1362结束ShareTeamExp 
[09-28 17:24:27]玩家xxxxxxxx4当前经验为1362进入ShareTeamExp 
[09-28 17:24:27]玩家xxxxxxxx4当前经验为1363结束ShareTeamExp 
[09-28 17:24:46]玩家xxxxxxxx4当前经验为1363进入ShareTeamExp 
[09-28 17:24:46]玩家xxxxxxxx4当前经验为1399结束ShareTeamExp 
[09-28 17:24:54]玩家xxxxxxxx4当前经验为1399进入ShareTeamExp 
[09-28 17:24:54]玩家xxxxxxxx4当前经验为1400结束ShareTeamExp 
[09-28 17:25:15]玩家xxxxxxxx4当前经验为1400进入ShareTeamExp 
[09-28 17:25:15]玩家xxxxxxxx4当前经验为1436结束ShareTeamExp 
[09-28 17:25:35]玩家xxxxxxxx4当前经验为1436进入ShareTeamExp 
[09-28 17:25:35]玩家xxxxxxxx4当前经验为1463结束ShareTeamExp 
[09-28 17:26:03]玩家xxxxxxxx4当前经验为1463进入ShareTeamExp 
[09-28 17:26:03]玩家xxxxxxxx4当前经验为1490结束ShareTeamExp 
[09-28 17:26:18]玩家xxxxxxxx4当前经验为1490进入ShareTeamExp 
[09-28 17:26:18]玩家xxxxxxxx4当前经验为1517结束ShareTeamExp 
[09-28 17:27:07]玩家xxxxxxxx4当前经验为1517进入ShareTeamExp 
[09-28 17:27:07]玩家xxxxxxxx4当前经验为1522结束ShareTeamExp 
[09-28 17:28:35]玩家xxxxxxxx4当前经验为1522进入ShareTeamExp 
[09-28 17:28:35]玩家xxxxxxxx4当前经验为1618结束ShareTeamExp 
[09-28 17:50:38]玩家xxxxxxxx4当前经验为1618进入ShareTeamExp 
[09-28 17:50:38]玩家xxxxxxxx4当前经验为1619结束ShareTeamExp 
[09-28 17:50:43]玩家xxxxxxxx4当前经验为1619进入ShareTeamExp 
[09-28 17:50:43]玩家xxxxxxxx4当前经验为1624结束ShareTeamExp 
[09-28 17:50:52]玩家xxxxxxxx4当前经验为1624进入ShareTeamExp 
[09-28 17:50:52]玩家xxxxxxxx4当前经验为1625结束ShareTeamExp 
[09-28 17:50:56]玩家xxxxxxxx4当前经验为1625进入ShareTeamExp 
[09-28 17:50:56]玩家xxxxxxxx4当前经验为1630结束ShareTeamExp 
[09-28 17:51:02]玩家xxxxxxxx4当前经验为1630进入ShareTeamExp 
[09-28 17:51:02]玩家xxxxxxxx4当前经验为1631结束ShareTeamExp 
[09-28 17:51:09]玩家xxxxxxxx4当前经验为1631进入ShareTeamExp 
[09-28 17:51:09]玩家xxxxxxxx4当前经验为1636结束ShareTeamExp 
[09-28 17:51:22]玩家xxxxxxxx4当前经验为1636进入ShareTeamExp 
[09-28 17:51:22]玩家xxxxxxxx4当前经验为1646结束ShareTeamExp 
[09-28 17:51:29]玩家xxxxxxxx4当前经验为1646进入ShareTeamExp 
[09-28 17:51:29]玩家xxxxxxxx4当前经验为1647结束ShareTeamExp 
[09-28 17:51:33]玩家xxxxxxxx4当前经验为1647进入ShareTeamExp 
[09-28 17:51:33]玩家xxxxxxxx4当前经验为1652结束ShareTeamExp 
[09-28 17:52:35]玩家xxxxxxxx4当前经验为1652进入ShareTeamExp 
[09-28 17:52:35]玩家xxxxxxxx4当前经验为1657结束ShareTeamExp 
[09-28 17:53:04]玩家xxxxxxxx4当前经验为1657进入ShareTeamExp 
[09-28 17:53:04]玩家xxxxxxxx4当前经验为1658结束ShareTeamExp 
[09-28 17:53:08]玩家xxxxxxxx4当前经验为1658进入ShareTeamExp 
[09-28 17:53:08]玩家xxxxxxxx4当前经验为1668结束ShareTeamExp 
[09-28 17:53:15]玩家xxxxxxxx4当前经验为1668进入ShareTeamExp 
[09-28 17:53:15]玩家xxxxxxxx4当前经验为1669结束ShareTeamExp 
[09-28 17:53:20]玩家xxxxxxxx4当前经验为1669进入ShareTeamExp 
[09-28 17:53:20]玩家xxxxxxxx4当前经验为1670结束ShareTeamExp 
[09-28 17:53:27]玩家xxxxxxxx4当前经验为1670进入ShareTeamExp 
[09-28 17:53:27]玩家xxxxxxxx4当前经验为1706结束ShareTeamExp 
[09-28 17:53:34]玩家xxxxxxxx4当前经验为1706进入ShareTeamExp 
[09-28 17:53:34]玩家xxxxxxxx4当前经验为1707结束ShareTeamExp 
[09-28 17:53:37]玩家xxxxxxxx4当前经验为1707进入ShareTeamExp 
[09-28 17:53:37]玩家xxxxxxxx4当前经验为1712结束ShareTeamExp 
[09-28 17:54:44]玩家xxxxxxxx4当前经验为1712进入ShareTeamExp 
[09-28 17:54:44]玩家xxxxxxxx4当前经验为1748结束ShareTeamExp 
[09-28 17:54:54]玩家xxxxxxxx4当前经验为1748进入ShareTeamExp 
[09-28 17:54:54]玩家xxxxxxxx4当前经验为1784结束ShareTeamExp 
[09-28 17:55:23]玩家xxxxxxxx4当前经验为1784进入ShareTeamExp 
[09-28 17:55:23]玩家xxxxxxxx4当前经验为1820结束ShareTeamExp 
[10-13 21:54:57]玩家XXX当前经验为0进入ShareTeamExp 
[10-13 21:54:57]玩家XXX当前经验为1结束ShareTeamExp 
[10-13 21:55:09]玩家XXX当前经验为1进入ShareTeamExp 
[10-13 21:55:09]玩家XXX当前经验为8结束ShareTeamExp 
[10-13 21:55:24]玩家XXX当前经验为8进入ShareTeamExp 
[10-13 21:55:24]玩家XXX当前经验为9结束ShareTeamExp 
[10-13 21:55:36]玩家XXX当前经验为9进入ShareTeamExp 
[10-13 21:55:36]玩家XXX当前经验为16结束ShareTeamExp 
[10-13 21:57:33]玩家XXX当前经验为16进入ShareTeamExp 
[10-13 21:57:33]玩家XXX当前经验为23结束ShareTeamExp 
[10-13 21:58:27]玩家XXX当前经验为23进入ShareTeamExp 
[10-13 21:58:27]玩家XXX当前经验为33结束ShareTeamExp 
[10-13 22:01:35]玩家XXX当前经验为33进入ShareTeamExp 
[10-13 22:01:35]玩家XXX当前经验为43结束ShareTeamExp 
[10-13 22:02:19]玩家XXX当前经验为43进入ShareTeamExp 
[10-13 22:02:19]玩家XXX当前经验为46结束ShareTeamExp 
[10-13 22:02:35]玩家XXX当前经验为46进入ShareTeamExp 
[10-13 22:02:35]玩家XXX当前经验为47结束ShareTeamExp 
[10-13 22:03:01]玩家XXX当前经验为47进入ShareTeamExp 
[10-13 22:03:01]玩家XXX当前经验为48结束ShareTeamExp 
[10-13 22:03:34]玩家XXX当前经验为48进入ShareTeamExp 
[10-13 22:03:34]玩家XXX当前经验为51结束ShareTeamExp 
[10-13 22:03:45]玩家XXX当前经验为51进入ShareTeamExp 
[10-13 22:03:45]玩家XXX当前经验为71结束ShareTeamExp 
[10-13 22:04:48]玩家XXX当前经验为71进入ShareTeamExp 
[10-13 22:04:48]玩家XXX当前经验为72结束ShareTeamExp 
[10-13 22:05:14]玩家XXX当前经验为72进入ShareTeamExp 
[10-13 22:05:14]玩家XXX当前经验为75结束ShareTeamExp 
[10-13 22:05:43]玩家XXX当前经验为75进入ShareTeamExp 
[10-13 22:05:43]玩家XXX当前经验为96结束ShareTeamExp 
[10-13 22:06:13]玩家XXX当前经验为96进入ShareTeamExp 
[10-13 22:06:13]玩家XXX当前经验为106结束ShareTeamExp 
[10-13 22:13:52]玩家XXX当前经验为106进入ShareTeamExp 
[10-13 22:13:52]玩家XXX当前经验为116结束ShareTeamExp 
[10-13 22:14:09]玩家XXX当前经验为116进入ShareTeamExp 
[10-13 22:14:09]玩家XXX当前经验为119结束ShareTeamExp 
[10-13 22:14:38]玩家XXX当前经验为119进入ShareTeamExp 
[10-13 22:14:38]玩家XXX当前经验为140结束ShareTeamExp 
[10-13 22:15:04]玩家XXX当前经验为140进入ShareTeamExp 
[10-13 22:15:04]玩家XXX当前经验为150结束ShareTeamExp 
[10-13 22:20:28]玩家YYY当前经验为0进入ShareTeamExp 
[10-13 22:20:28]玩家YYY当前经验为7结束ShareTeamExp 
[10-13 22:22:22]玩家YYY当前经验为7进入ShareTeamExp 
[10-13 22:22:22]玩家YYY当前经验为9结束ShareTeamExp 
[10-13 22:22:22]玩家XXX当前经验为150进入ShareTeamExp 
[10-13 22:22:22]玩家XXX当前经验为151结束ShareTeamExp 
[10-13 22:22:43]玩家XXX当前经验为151进入ShareTeamExp 
[10-13 22:22:43]玩家XXX当前经验为154结束ShareTeamExp 
[10-13 22:23:12]玩家XXX当前经验为154进入ShareTeamExp 
[10-13 22:23:12]玩家XXX当前经验为164结束ShareTeamExp 
[10-13 22:23:59]玩家XXX当前经验为164进入ShareTeamExp 
[10-13 22:23:59]玩家XXX当前经验为174结束ShareTeamExp 
[10-13 22:39:13]玩家XXX当前经验为174进入ShareTeamExp 
[10-13 22:39:13]玩家XXX当前经验为177结束ShareTeamExp 
[10-13 22:39:32]玩家XXX当前经验为177进入ShareTeamExp 
[10-13 22:39:32]玩家XXX当前经验为180结束ShareTeamExp 
[10-13 22:39:48]玩家XXX当前经验为180进入ShareTeamExp 
[10-13 22:39:48]玩家XXX当前经验为181结束ShareTeamExp 
[10-13 22:42:07]玩家XXX当前经验为181进入ShareTeamExp 
[10-13 22:42:07]玩家XXX当前经验为182结束ShareTeamExp 
[10-13 22:42:29]玩家XXX当前经验为182进入ShareTeamExp 
[10-13 22:42:29]玩家XXX当前经验为203结束ShareTeamExp 
[10-13 22:42:37]玩家XXX当前经验为203进入ShareTeamExp 
[10-13 22:42:37]玩家XXX当前经验为204结束ShareTeamExp 
[10-13 22:42:46]玩家XXX当前经验为204进入ShareTeamExp 
[10-13 22:42:46]玩家XXX当前经验为205结束ShareTeamExp 
[10-13 22:43:02]玩家XXX当前经验为205进入ShareTeamExp 
[10-13 22:43:02]玩家XXX当前经验为226结束ShareTeamExp 
[10-13 22:43:24]玩家XXX当前经验为226进入ShareTeamExp 
[10-13 22:43:24]玩家XXX当前经验为236结束ShareTeamExp 
[10-13 22:43:48]玩家XXX当前经验为236进入ShareTeamExp 
[10-13 22:43:48]玩家XXX当前经验为257结束ShareTeamExp 
[10-13 22:44:17]玩家XXX当前经验为257进入ShareTeamExp 
[10-13 22:44:17]玩家XXX当前经验为278结束ShareTeamExp 
[10-13 22:44:41]玩家XXX当前经验为278进入ShareTeamExp 
[10-13 22:44:41]玩家XXX当前经验为281结束ShareTeamExp 
[10-13 22:45:42]玩家XXX当前经验为281进入ShareTeamExp 
[10-13 22:45:42]玩家XXX当前经验为302结束ShareTeamExp 
[10-13 22:46:03]玩家XXX当前经验为302进入ShareTeamExp 
[10-13 22:46:03]玩家XXX当前经验为329结束ShareTeamExp 
[10-13 22:46:58]玩家XXX当前经验为329进入ShareTeamExp 
[10-13 22:46:58]玩家XXX当前经验为336结束ShareTeamExp 
[10-13 22:48:49]玩家XXX当前经验为336进入ShareTeamExp 
[10-13 22:48:49]玩家XXX当前经验为337结束ShareTeamExp 
[10-13 22:49:10]玩家XXX当前经验为337进入ShareTeamExp 
[10-13 22:49:10]玩家XXX当前经验为344结束ShareTeamExp 
[10-14 21:59:43]玩家ly当前经验为0进入ShareTeamExp 
[10-14 21:59:43]玩家ly当前经验为1结束ShareTeamExp 
[10-14 22:00:07]玩家ly当前经验为1进入ShareTeamExp 
[10-14 22:00:07]玩家ly当前经验为2结束ShareTeamExp 
[10-14 22:00:39]玩家ly当前经验为2进入ShareTeamExp 
[10-14 22:00:39]玩家ly当前经验为3结束ShareTeamExp 
[10-14 22:00:50]玩家ly当前经验为3进入ShareTeamExp 
[10-14 22:00:50]玩家ly当前经验为4结束ShareTeamExp 
[10-14 22:01:05]玩家ly当前经验为4进入ShareTeamExp 
[10-14 22:01:05]玩家ly当前经验为5结束ShareTeamExp 
[10-14 22:01:16]玩家ly当前经验为5进入ShareTeamExp 
[10-14 22:01:16]玩家ly当前经验为15结束ShareTeamExp 
[10-14 22:01:32]玩家ly当前经验为15进入ShareTeamExp 
[10-14 22:01:33]玩家ly当前经验为16结束ShareTeamExp 
[10-14 22:01:46]玩家ly当前经验为16进入ShareTeamExp 
[10-14 22:01:46]玩家ly当前经验为17结束ShareTeamExp 
[10-14 22:02:04]玩家ly当前经验为17进入ShareTeamExp 
[10-14 22:02:04]玩家ly当前经验为27结束ShareTeamExp 
[10-14 22:02:13]玩家ly当前经验为27进入ShareTeamExp 
[10-14 22:02:13]玩家ly当前经验为37结束ShareTeamExp 
[10-14 22:02:52]玩家ly当前经验为37进入ShareTeamExp 
[10-14 22:02:52]玩家ly当前经验为38结束ShareTeamExp 
[10-14 22:03:12]玩家ly当前经验为38进入ShareTeamExp 
[10-14 22:03:12]玩家ly当前经验为39结束ShareTeamExp 
[10-14 22:03:48]玩家ly当前经验为39进入ShareTeamExp 
[10-14 22:03:48]玩家ly当前经验为40结束ShareTeamExp 
[10-15 22:56:45]玩家ly当前经验为40进入ShareTeamExp 
[10-15 22:56:45]玩家ly当前经验为49结束ShareTeamExp 
[10-15 22:57:11]玩家ly当前经验为49进入ShareTeamExp 
[10-15 22:57:11]玩家ly当前经验为58结束ShareTeamExp 
[10-15 22:57:27]玩家ly当前经验为58进入ShareTeamExp 
[10-15 22:57:27]玩家ly当前经验为68结束ShareTeamExp 
[10-15 23:18:20]玩家ly当前经验为68进入ShareTeamExp 
[10-15 23:18:20]玩家ly当前经验为77结束ShareTeamExp 
[10-15 23:21:13]玩家ly当前经验为77进入ShareTeamExp 
[10-15 23:21:13]玩家ly当前经验为86结束ShareTeamExp 
[10-15 23:27:38]玩家ly当前经验为86进入ShareTeamExp 
[10-15 23:27:38]玩家ly当前经验为87结束ShareTeamExp 
[10-15 23:28:05]玩家ly当前经验为87进入ShareTeamExp 
[10-15 23:28:05]玩家ly当前经验为88结束ShareTeamExp 
[10-15 23:48:23]玩家5765当前经验为0进入ShareTeamExp 
[10-15 23:48:23]玩家5765当前经验为1结束ShareTeamExp 
[10-15 23:49:27]玩家5765当前经验为1进入ShareTeamExp 
[10-15 23:49:27]玩家5765当前经验为2结束ShareTeamExp 
[10-17 18:52:30]玩家ly当前经验为88进入ShareTeamExp 
[10-17 18:52:30]玩家ly当前经验为89结束ShareTeamExp 
[10-17 18:52:56]玩家ly当前经验为89进入ShareTeamExp 
[10-17 18:52:56]玩家ly当前经验为90结束ShareTeamExp 
[10-17 18:53:21]玩家ly当前经验为90进入ShareTeamExp 
[10-17 18:53:21]玩家ly当前经验为91结束ShareTeamExp 
[10-17 18:54:28]玩家ly当前经验为91进入ShareTeamExp 
[10-17 18:54:28]玩家ly当前经验为92结束ShareTeamExp 
[10-17 19:00:15]玩家ly当前经验为92进入ShareTeamExp 
[10-17 19:00:15]玩家ly当前经验为93结束ShareTeamExp 
[10-18 23:57:27]玩家5765当前经验为2进入ShareTeamExp 
[10-18 23:57:27]玩家5765当前经验为3结束ShareTeamExp 
[10-19 01:56:13]玩家5765当前经验为9进入ShareTeamExp 
[10-19 01:56:13]玩家5765当前经验为10结束ShareTeamExp 
[10-19 14:12:57]玩家5765当前经验为10进入ShareTeamExp 
[10-19 14:12:57]玩家5765当前经验为11结束ShareTeamExp 
[10-19 14:13:52]玩家5765当前经验为11进入ShareTeamExp 
[10-19 14:13:52]玩家5765当前经验为32结束ShareTeamExp 
[10-19 14:14:08]玩家5765当前经验为32进入ShareTeamExp 
[10-19 14:14:08]玩家5765当前经验为53结束ShareTeamExp 
[10-19 14:14:51]玩家5765当前经验为53进入ShareTeamExp 
[10-19 14:14:51]玩家5765当前经验为54结束ShareTeamExp 
[10-19 14:15:04]玩家5765当前经验为54进入ShareTeamExp 
[10-19 14:15:04]玩家5765当前经验为55结束ShareTeamExp 
[11-13 17:29:41]玩家5765当前经验为55进入ShareTeamExp 
[11-13 17:29:41]玩家5765当前经验为56结束ShareTeamExp 
[11-13 17:30:05]玩家5765当前经验为56进入ShareTeamExp 
[11-13 17:30:05]玩家5765当前经验为66结束ShareTeamExp 
[11-13 17:30:21]玩家5765当前经验为66进入ShareTeamExp 
[11-13 17:30:21]玩家5765当前经验为67结束ShareTeamExp 
[11-13 17:30:43]玩家5765当前经验为67进入ShareTeamExp 
[11-13 17:30:43]玩家5765当前经验为68结束ShareTeamExp 
[11-14 01:57:14]玩家5765当前经验为68进入ShareTeamExp 
[11-14 01:57:14]玩家5765当前经验为69结束ShareTeamExp 
[11-14 01:57:23]玩家5765当前经验为69进入ShareTeamExp 
[11-14 01:57:23]玩家5765当前经验为70结束ShareTeamExp 
[11-14 01:57:54]玩家5765当前经验为70进入ShareTeamExp 
[11-14 01:57:54]玩家5765当前经验为80结束ShareTeamExp 
[11-14 01:58:39]玩家5765当前经验为80进入ShareTeamExp 
[11-14 01:58:39]玩家5765当前经验为81结束ShareTeamExp 
[11-14 01:58:52]玩家5765当前经验为81进入ShareTeamExp 
[11-14 01:58:52]玩家5765当前经验为91结束ShareTeamExp 
[11-14 02:02:14]玩家5765当前经验为91进入ShareTeamExp 
[11-14 02:02:14]玩家5765当前经验为92结束ShareTeamExp 
[11-14 02:02:30]玩家5765当前经验为92进入ShareTeamExp 
[11-14 02:02:30]玩家5765当前经验为93结束ShareTeamExp 
[11-14 02:12:48]玩家5765当前经验为93进入ShareTeamExp 
[11-14 02:12:48]玩家5765当前经验为94结束ShareTeamExp 
[11-14 02:13:09]玩家5765当前经验为94进入ShareTeamExp 
[11-14 02:13:09]玩家5765当前经验为95结束ShareTeamExp 
[11-17 20:19:20]玩家5765当前经验为95进入ShareTeamExp 
[11-17 20:19:20]玩家5765当前经验为96结束ShareTeamExp 
[11-28 06:53:30]玩家5765当前经验为96进入ShareTeamExp 
[11-28 06:53:30]玩家5765当前经验为97结束ShareTeamExp 
[11-28 11:32:24]玩家ly当前经验为800000000进入ShareTeamExp 
[11-28 11:32:24]玩家ly当前经验为800000002结束ShareTeamExp 
[11-28 11:32:41]玩家ly当前经验为800000002进入ShareTeamExp 
[11-28 11:32:41]玩家ly当前经验为800000004结束ShareTeamExp 
[11-28 15:13:56]玩家ly当前经验为800000004进入ShareTeamExp 
[11-28 15:13:56]玩家ly当前经验为800000010结束ShareTeamExp 
[11-28 15:14:36]玩家ly当前经验为800000010进入ShareTeamExp 
[11-28 15:14:36]玩家ly当前经验为800000062结束ShareTeamExp 
[11-28 17:11:56]玩家ly当前经验为800000062进入ShareTeamExp 
[11-28 17:11:56]玩家ly当前经验为800000068结束ShareTeamExp 
[12-02 03:56:43]玩家ly当前经验为800000068进入ShareTeamExp 
[12-02 03:56:43]玩家ly当前经验为800000074结束ShareTeamExp 
[12-02 03:58:19]玩家ly当前经验为800000074进入ShareTeamExp 
[12-02 03:58:19]玩家ly当前经验为800000080结束ShareTeamExp 
[12-02 04:03:54]玩家ly当前经验为800000080进入ShareTeamExp 
[12-02 04:03:54]玩家ly当前经验为800000132结束ShareTeamExp 
[12-02 04:04:01]玩家ly当前经验为800000132进入ShareTeamExp 
[12-02 04:04:01]玩家ly当前经验为800000138结束ShareTeamExp 
[12-02 04:04:15]玩家ly当前经验为800000138进入ShareTeamExp 
[12-02 04:04:15]玩家ly当前经验为800000144结束ShareTeamExp 
[12-02 04:06:06]玩家ly当前经验为800000144进入ShareTeamExp 
[12-02 04:06:06]玩家ly当前经验为800000150结束ShareTeamExp 
[12-02 04:06:56]玩家ly当前经验为800000150进入ShareTeamExp 
[12-02 04:06:56]玩家ly当前经验为800000202结束ShareTeamExp 
[12-02 04:08:27]玩家ly当前经验为800000202进入ShareTeamExp 
[12-02 04:08:27]玩家ly当前经验为800000254结束ShareTeamExp 
[12-02 04:08:34]玩家ly当前经验为800000254进入ShareTeamExp 
[12-02 04:08:34]玩家ly当前经验为800000260结束ShareTeamExp 
[12-02 04:15:33]玩家ly当前经验为800000260进入ShareTeamExp 
[12-02 04:15:33]玩家ly当前经验为800000312结束ShareTeamExp 
