[11-28 13:02:22] 进游戏 [               ly] [                 ] [金钱：100000 道具：0@亮闪闪的草叶[4316],2;带刺的硬皮[4317],9;仙人绒球[1691],7;新人宝箱[436],1;新手衣服[289],1;仙人球根须[4506],3;仙人掌球根[4508],4;仙人掌的花[1692],4;沙枣[3117],1;仙人掌的刺[4483],1;干枯的草根[4398],2;精灵果[3116],1;种子[1597],1;东方海盗水手头巾[155],1;东方海盗战斗员徽记[156],1;中级魔力[250],1;新手小刀[8],1;微笑1[255],1;瞪眼1[256],1;粗布衣服[305],1;海水浸泡过的章鱼触手[1300],1;北方海盗突击标记[1320],1;黑龙之躯[845],1;]
[11-28 13:02:22] 进游戏 [               ly] [                 ] [临时背包：0@]
[11-28 13:02:22] 进游戏 [               ly] [                 ] [银行ID(1):[1]0@;]
[11-28 13:02:22]   装备 [               ly] [                 ] [装备：10@脸型6号[2559],0;亡灵短袍[777],1;新手靴[641],1;小型弓[1400],1;]
[11-28 13:02:22] 进游戏 [               ly] [                 ] [角色上线]
[11-28 13:02:22] 进游戏 [               ly] [                 ] [进地图《magicsea》坐标：x = 89025, y = 341275.]
[11-28 13:02:23] 出游戏 [               ly] [                 ] [金钱：100000 道具栏：0@亮闪闪的草叶[4316],2;带刺的硬皮[4317],9;仙人绒球[1691],7;新人宝箱[436],1;新手衣服[289],1;仙人球根须[4506],3;仙人掌球根[4508],4;仙人掌的花[1692],4;沙枣[3117],1;仙人掌的刺[4483],1;干枯的草根[4398],2;精灵果[3116],1;种子[1597],1;东方海盗水手头巾[155],1;东方海盗战斗员徽记[156],1;中级魔力[250],1;新手小刀[8],1;微笑1[255],1;瞪眼1[256],1;粗布衣服[305],1;海水浸泡过的章鱼触手[1300],1;北方海盗突击标记[1320],1;黑龙之躯[845],1;]
[11-28 13:02:23] 出游戏 [               ly] [                 ] [临时背包：0@]
[11-28 13:02:23]   装备 [               ly] [                 ] [装备：10@脸型6号[2559],0;亡灵短袍[777],1;新手靴[641],1;小型弓[1400],1;]
[11-28 13:02:23]   银行 [               ly] [                 ] [银行ID(1):[1]0@;]
[11-28 13:08:35] 出游戏 [               ly] [                 ] [角色离线]
[11-28 13:08:35] 出游戏 [               ly] [                 ] [出地图《magicsea》坐标：x = 89025, y = 341275.]
[11-28 13:08:35] 出游戏 [               ly] [                 ] [金钱：100000 道具栏：0@亮闪闪的草叶[4316],2;带刺的硬皮[4317],9;仙人绒球[1691],7;新人宝箱[436],1;新手衣服[289],1;仙人球根须[4506],3;仙人掌球根[4508],4;仙人掌的花[1692],4;沙枣[3117],1;仙人掌的刺[4483],1;干枯的草根[4398],2;精灵果[3116],1;种子[1597],1;东方海盗水手头巾[155],1;东方海盗战斗员徽记[156],1;中级魔力[250],1;新手小刀[8],1;微笑1[255],1;瞪眼1[256],1;粗布衣服[305],1;海水浸泡过的章鱼触手[1300],1;北方海盗突击标记[1320],1;黑龙之躯[845],1;]
[11-28 13:08:35] 出游戏 [               ly] [                 ] [临时背包：0@]
[11-28 13:08:35]   装备 [               ly] [                 ] [装备：10@脸型6号[2559],0;亡灵短袍[777],1;新手靴[641],1;小型弓[1400],1;]
[11-28 13:08:35]   银行 [               ly] [                 ] [银行ID(1):[1]0@;]
[11-28 13:10:30] 进游戏 [             5765] [                 ] [金钱：100000 道具：0@干枯的草根[4398],3;亮闪闪的草叶[4316],6;种子[1597],3;新人宝箱[436],1;精灵果[3116],2;闪光叶子[1575],1;带刺的硬皮[4317],5;仙人绒球[1691],3;骆驼睫毛[1695],1;仙人掌的花[1692],2;沙枣[3117],3;仙人掌的刺[4483],3;]
[11-28 13:10:30] 进游戏 [             5765] [                 ] [临时背包：0@]
[11-28 13:10:30] 进游戏 [             5765] [                 ] [银行ID(1):[1]0@;]
[11-28 13:10:30]   装备 [             5765] [                 ] [装备：10@脸型1号[2554],0;亡灵短袍[777],1;新手靴[641],1;新手小刀[8],1;]
[11-28 13:10:30] 进游戏 [             5765] [                 ] [角色上线]
[11-28 13:10:30] 进游戏 [             5765] [                 ] [进地图《magicsea》坐标：x = 86475, y = 357325.]
[11-28 13:10:30] 出游戏 [             5765] [                 ] [金钱：100000 道具栏：0@干枯的草根[4398],3;亮闪闪的草叶[4316],6;种子[1597],3;新人宝箱[436],1;精灵果[3116],2;闪光叶子[1575],1;带刺的硬皮[4317],5;仙人绒球[1691],3;骆驼睫毛[1695],1;仙人掌的花[1692],2;沙枣[3117],3;仙人掌的刺[4483],3;]
[11-28 13:10:30] 出游戏 [             5765] [                 ] [临时背包：0@]
[11-28 13:10:30]   装备 [             5765] [                 ] [装备：10@脸型1号[2554],0;亡灵短袍[777],1;新手靴[641],1;新手小刀[8],1;]
[11-28 13:10:30]   银行 [             5765] [                 ] [银行ID(1):[1]0@;]
[11-28 13:10:45] 出游戏 [             5765] [                 ] [角色离线]
[11-28 13:10:45] 出游戏 [             5765] [                 ] [出地图《magicsea》坐标：x = 86025, y = 355225.]
[11-28 13:10:45] 出游戏 [             5765] [                 ] [金钱：100000 道具栏：0@干枯的草根[4398],3;亮闪闪的草叶[4316],6;种子[1597],3;新人宝箱[436],1;精灵果[3116],2;闪光叶子[1575],1;带刺的硬皮[4317],5;仙人绒球[1691],3;骆驼睫毛[1695],1;仙人掌的花[1692],2;沙枣[3117],3;仙人掌的刺[4483],3;]
[11-28 13:10:45] 出游戏 [             5765] [                 ] [临时背包：0@]
[11-28 13:10:45]   装备 [             5765] [                 ] [装备：10@脸型1号[2554],0;亡灵短袍[777],1;新手靴[641],1;新手小刀[8],1;]
[11-28 13:10:45]   银行 [             5765] [                 ] [银行ID(1):[1]0@;]
[11-28 13:14:52] 进游戏 [             5765] [                 ] [金钱：100000 道具：0@干枯的草根[4398],3;亮闪闪的草叶[4316],6;种子[1597],3;新人宝箱[436],1;精灵果[3116],2;闪光叶子[1575],1;带刺的硬皮[4317],5;仙人绒球[1691],3;骆驼睫毛[1695],1;仙人掌的花[1692],2;沙枣[3117],3;仙人掌的刺[4483],3;]
[11-28 13:14:52] 进游戏 [             5765] [                 ] [临时背包：0@]
[11-28 13:14:52] 进游戏 [             5765] [                 ] [银行ID(1):[1]0@;]
[11-28 13:14:52]   装备 [             5765] [                 ] [装备：10@脸型1号[2554],0;亡灵短袍[777],1;新手靴[641],1;新手小刀[8],1;]
[11-28 13:14:52] 进游戏 [             5765] [                 ] [角色上线]
[11-28 13:14:52] 进游戏 [             5765] [                 ] [进地图《magicsea》坐标：x = 86025, y = 355225.]
[11-28 13:14:52] 出游戏 [             5765] [                 ] [金钱：100000 道具栏：0@干枯的草根[4398],3;亮闪闪的草叶[4316],6;种子[1597],3;新人宝箱[436],1;精灵果[3116],2;闪光叶子[1575],1;带刺的硬皮[4317],5;仙人绒球[1691],3;骆驼睫毛[1695],1;仙人掌的花[1692],2;沙枣[3117],3;仙人掌的刺[4483],3;]
[11-28 13:14:52] 出游戏 [             5765] [                 ] [临时背包：0@]
[11-28 13:14:52]   装备 [             5765] [                 ] [装备：10@脸型1号[2554],0;亡灵短袍[777],1;新手靴[641],1;新手小刀[8],1;]
[11-28 13:14:52]   银行 [             5765] [                 ] [银行ID(1):[1]0@;]
[11-28 13:15:15] 出游戏 [             5765] [                 ] [出地图《magicsea》坐标：x = 85625, y = 355275.]
[11-28 13:15:15] 进游戏 [             5765] [                 ] [进地图《magicsea》坐标：x = 85625, y = 355275.]
[11-28 13:15:30] 出游戏 [             5765] [                 ] [出地图《magicsea》坐标：x = 85625, y = 355275.]
[11-28 13:15:30] 进游戏 [             5765] [                 ] [进地图《magicsea》坐标：x = 10000, y = 9850.]
[11-28 13:16:34] 出游戏 [             5765] [                 ] [出地图《magicsea》坐标：x = 4825, y = 7025.]
[11-28 13:16:34] 进游戏 [             5765] [                 ] [进地图《magicsea》坐标：x = 4825, y = 7025.]
[11-28 13:16:42] 出游戏 [             5765] [                 ] [出地图《magicsea》坐标：x = 4825, y = 7025.]
[11-28 13:16:42] 进游戏 [             5765] [                 ] [进地图《magicsea》坐标：x = 4825, y = 7025.]
[11-28 13:16:50] 出游戏 [             5765] [                 ] [出地图《magicsea》坐标：x = 4825, y = 7025.]
[11-28 13:16:50] 进游戏 [             5765] [                 ] [进地图《magicsea》坐标：x = 4825, y = 7025.]
[11-28 13:16:56] 出游戏 [             5765] [                 ] [出地图《magicsea》坐标：x = 4825, y = 7025.]
[11-28 13:16:56] 进游戏 [             5765] [                 ] [进地图《magicsea》坐标：x = 4825, y = 7025.]
[11-28 13:17:04] 出游戏 [             5765] [                 ] [出地图《magicsea》坐标：x = 4825, y = 7025.]
[11-28 13:17:04] 进游戏 [             5765] [                 ] [进地图《magicsea》坐标：x = 4825, y = 7025.]
[11-28 13:17:18] 出游戏 [             5765] [                 ] [出地图《magicsea》坐标：x = 4825, y = 7025.]
[11-28 13:17:18] 进游戏 [             5765] [                 ] [进地图《magicsea》坐标：x = 4825, y = 7025.]
[11-28 13:18:39] 出游戏 [             5765] [                 ] [出地图《magicsea》坐标：x = 12375, y = 6475.]
[11-28 13:18:39] 进游戏 [             5765] [                 ] [进地图《magicsea》坐标：x = 12375, y = 6475.]
[11-28 13:18:50] 出游戏 [             5765] [                 ] [出地图《magicsea》坐标：x = 12375, y = 6475.]
[11-28 13:18:50] 进游戏 [             5765] [                 ] [进地图《magicsea》坐标：x = 12375, y = 6475.]
[11-28 13:18:57] 出游戏 [             5765] [                 ] [出地图《magicsea》坐标：x = 12375, y = 6475.]
[11-28 13:18:57] 进游戏 [             5765] [                 ] [进地图《magicsea》坐标：x = 12375, y = 6475.]
[11-28 13:19:32] 出游戏 [             5765] [                 ] [角色离线]
[11-28 13:19:32] 出游戏 [             5765] [                 ] [出地图《magicsea》坐标：x = 11375, y = 6575.]
[11-28 13:19:32] 出游戏 [             5765] [                 ] [金钱：100000 道具栏：0@干枯的草根[4398],3;亮闪闪的草叶[4316],6;种子[1597],3;新人宝箱[436],1;精灵果[3116],2;闪光叶子[1575],1;带刺的硬皮[4317],5;仙人绒球[1691],3;骆驼睫毛[1695],1;仙人掌的花[1692],2;沙枣[3117],3;仙人掌的刺[4483],3;]
[11-28 13:19:32] 出游戏 [             5765] [                 ] [临时背包：0@]
[11-28 13:19:32]   装备 [             5765] [                 ] [装备：10@脸型1号[2554],0;亡灵短袍[777],1;新手靴[641],1;新手小刀[8],1;]
[11-28 13:19:32]   银行 [             5765] [                 ] [银行ID(1):[1]0@;]
[11-28 13:20:49] 进游戏 [               ly] [                 ] [金钱：100000 道具：0@亮闪闪的草叶[4316],2;带刺的硬皮[4317],9;仙人绒球[1691],7;新人宝箱[436],1;新手衣服[289],1;仙人球根须[4506],3;仙人掌球根[4508],4;仙人掌的花[1692],4;沙枣[3117],1;仙人掌的刺[4483],1;干枯的草根[4398],2;精灵果[3116],1;种子[1597],1;东方海盗水手头巾[155],1;东方海盗战斗员徽记[156],1;中级魔力[250],1;新手小刀[8],1;微笑1[255],1;瞪眼1[256],1;粗布衣服[305],1;海水浸泡过的章鱼触手[1300],1;北方海盗突击标记[1320],1;黑龙之躯[845],1;]
[11-28 13:20:49] 进游戏 [               ly] [                 ] [临时背包：0@]
[11-28 13:20:49] 进游戏 [               ly] [                 ] [银行ID(1):[1]0@;]
[11-28 13:20:49]   装备 [               ly] [                 ] [装备：10@脸型6号[2559],0;亡灵短袍[777],1;新手靴[641],1;小型弓[1400],1;]
[11-28 13:20:49] 进游戏 [               ly] [                 ] [角色上线]
[11-28 13:20:49] 进游戏 [               ly] [                 ] [进地图《magicsea》坐标：x = 89025, y = 341275.]
[11-28 13:20:49] 出游戏 [               ly] [                 ] [金钱：100000 道具栏：0@亮闪闪的草叶[4316],2;带刺的硬皮[4317],9;仙人绒球[1691],7;新人宝箱[436],1;新手衣服[289],1;仙人球根须[4506],3;仙人掌球根[4508],4;仙人掌的花[1692],4;沙枣[3117],1;仙人掌的刺[4483],1;干枯的草根[4398],2;精灵果[3116],1;种子[1597],1;东方海盗水手头巾[155],1;东方海盗战斗员徽记[156],1;中级魔力[250],1;新手小刀[8],1;微笑1[255],1;瞪眼1[256],1;粗布衣服[305],1;海水浸泡过的章鱼触手[1300],1;北方海盗突击标记[1320],1;黑龙之躯[845],1;]
[11-28 13:20:49] 出游戏 [               ly] [                 ] [临时背包：0@]
[11-28 13:20:49]   装备 [               ly] [                 ] [装备：10@脸型6号[2559],0;亡灵短袍[777],1;新手靴[641],1;小型弓[1400],1;]
[11-28 13:20:49]   银行 [               ly] [                 ] [银行ID(1):[1]0@;]
[11-28 13:21:11] 出游戏 [               ly] [                 ] [角色离线]
[11-28 13:21:11] 出游戏 [               ly] [                 ] [出地图《magicsea》坐标：x = 89025, y = 341275.]
[11-28 13:21:11] 出游戏 [               ly] [                 ] [金钱：100000 道具栏：0@亮闪闪的草叶[4316],2;带刺的硬皮[4317],9;仙人绒球[1691],7;新人宝箱[436],1;新手衣服[289],1;仙人球根须[4506],3;仙人掌球根[4508],4;仙人掌的花[1692],4;沙枣[3117],1;仙人掌的刺[4483],1;干枯的草根[4398],2;精灵果[3116],1;种子[1597],1;东方海盗水手头巾[155],1;东方海盗战斗员徽记[156],1;中级魔力[250],1;新手小刀[8],1;微笑1[255],1;瞪眼1[256],1;粗布衣服[305],1;海水浸泡过的章鱼触手[1300],1;北方海盗突击标记[1320],1;黑龙之躯[845],1;]
[11-28 13:21:11] 出游戏 [               ly] [                 ] [临时背包：0@]
[11-28 13:21:11]   装备 [               ly] [                 ] [装备：10@脸型6号[2559],0;亡灵短袍[777],1;新手靴[641],1;小型弓[1400],1;]
[11-28 13:21:11]   银行 [               ly] [                 ] [银行ID(1):[1]0@;]
[11-28 13:22:56] 进游戏 [               ly] [                 ] [金钱：100000 道具：0@亮闪闪的草叶[4316],2;带刺的硬皮[4317],9;仙人绒球[1691],7;新人宝箱[436],1;新手衣服[289],1;仙人球根须[4506],3;仙人掌球根[4508],4;仙人掌的花[1692],4;沙枣[3117],1;仙人掌的刺[4483],1;干枯的草根[4398],2;精灵果[3116],1;种子[1597],1;东方海盗水手头巾[155],1;东方海盗战斗员徽记[156],1;中级魔力[250],1;新手小刀[8],1;微笑1[255],1;瞪眼1[256],1;粗布衣服[305],1;海水浸泡过的章鱼触手[1300],1;北方海盗突击标记[1320],1;黑龙之躯[845],1;]
[11-28 13:22:56] 进游戏 [               ly] [                 ] [临时背包：0@]
[11-28 13:22:56] 进游戏 [               ly] [                 ] [银行ID(1):[1]0@;]
[11-28 13:22:56]   装备 [               ly] [                 ] [装备：10@脸型6号[2559],0;亡灵短袍[777],1;新手靴[641],1;小型弓[1400],1;]
[11-28 13:22:56] 进游戏 [               ly] [                 ] [角色上线]
[11-28 13:22:56] 进游戏 [               ly] [                 ] [进地图《magicsea》坐标：x = 89025, y = 341275.]
[11-28 13:22:56] 出游戏 [               ly] [                 ] [金钱：100000 道具栏：0@亮闪闪的草叶[4316],2;带刺的硬皮[4317],9;仙人绒球[1691],7;新人宝箱[436],1;新手衣服[289],1;仙人球根须[4506],3;仙人掌球根[4508],4;仙人掌的花[1692],4;沙枣[3117],1;仙人掌的刺[4483],1;干枯的草根[4398],2;精灵果[3116],1;种子[1597],1;东方海盗水手头巾[155],1;东方海盗战斗员徽记[156],1;中级魔力[250],1;新手小刀[8],1;微笑1[255],1;瞪眼1[256],1;粗布衣服[305],1;海水浸泡过的章鱼触手[1300],1;北方海盗突击标记[1320],1;黑龙之躯[845],1;]
[11-28 13:22:56] 出游戏 [               ly] [                 ] [临时背包：0@]
[11-28 13:22:56]   装备 [               ly] [                 ] [装备：10@脸型6号[2559],0;亡灵短袍[777],1;新手靴[641],1;小型弓[1400],1;]
[11-28 13:22:56]   银行 [               ly] [                 ] [银行ID(1):[1]0@;]
[11-28 13:23:06] 出游戏 [               ly] [                 ] [角色离线]
[11-28 13:23:06] 出游戏 [               ly] [                 ] [出地图《magicsea》坐标：x = 89025, y = 341275.]
[11-28 13:23:07] 出游戏 [               ly] [                 ] [金钱：100000 道具栏：0@亮闪闪的草叶[4316],2;带刺的硬皮[4317],9;仙人绒球[1691],7;新人宝箱[436],1;新手衣服[289],1;仙人球根须[4506],3;仙人掌球根[4508],4;仙人掌的花[1692],4;沙枣[3117],1;仙人掌的刺[4483],1;干枯的草根[4398],2;精灵果[3116],1;种子[1597],1;东方海盗水手头巾[155],1;东方海盗战斗员徽记[156],1;中级魔力[250],1;新手小刀[8],1;微笑1[255],1;瞪眼1[256],1;粗布衣服[305],1;海水浸泡过的章鱼触手[1300],1;北方海盗突击标记[1320],1;黑龙之躯[845],1;]
[11-28 13:23:07] 出游戏 [               ly] [                 ] [临时背包：0@]
[11-28 13:23:07]   装备 [               ly] [                 ] [装备：10@脸型6号[2559],0;亡灵短袍[777],1;新手靴[641],1;小型弓[1400],1;]
[11-28 13:23:07]   银行 [               ly] [                 ] [银行ID(1):[1]0@;]
[11-28 13:32:22] 进游戏 [             5765] [                 ] [金钱：100000 道具：0@干枯的草根[4398],3;亮闪闪的草叶[4316],6;种子[1597],3;新人宝箱[436],1;精灵果[3116],2;闪光叶子[1575],1;带刺的硬皮[4317],5;仙人绒球[1691],3;骆驼睫毛[1695],1;仙人掌的花[1692],2;沙枣[3117],3;仙人掌的刺[4483],3;]
[11-28 13:32:22] 进游戏 [             5765] [                 ] [临时背包：0@]
[11-28 13:32:22] 进游戏 [             5765] [                 ] [银行ID(1):[1]0@;]
[11-28 13:32:22]   装备 [             5765] [                 ] [装备：10@脸型1号[2554],0;亡灵短袍[777],1;新手靴[641],1;新手小刀[8],1;]
[11-28 13:32:22] 进游戏 [             5765] [                 ] [角色上线]
[11-28 13:32:22] 进游戏 [             5765] [                 ] [进地图《magicsea》坐标：x = 11375, y = 6575.]
[11-28 13:32:22] 出游戏 [             5765] [                 ] [金钱：100000 道具栏：0@干枯的草根[4398],3;亮闪闪的草叶[4316],6;种子[1597],3;新人宝箱[436],1;精灵果[3116],2;闪光叶子[1575],1;带刺的硬皮[4317],5;仙人绒球[1691],3;骆驼睫毛[1695],1;仙人掌的花[1692],2;沙枣[3117],3;仙人掌的刺[4483],3;]
[11-28 13:32:22] 出游戏 [             5765] [                 ] [临时背包：0@]
[11-28 13:32:22]   装备 [             5765] [                 ] [装备：10@脸型1号[2554],0;亡灵短袍[777],1;新手靴[641],1;新手小刀[8],1;]
[11-28 13:32:22]   银行 [             5765] [                 ] [银行ID(1):[1]0@;]
[11-28 13:32:38] 出游戏 [             5765] [                 ] [角色离线]
[11-28 13:32:38] 出游戏 [             5765] [                 ] [出地图《magicsea》坐标：x = 11375, y = 6575.]
[11-28 13:32:38] 出游戏 [             5765] [                 ] [金钱：100000 道具栏：0@干枯的草根[4398],3;亮闪闪的草叶[4316],6;种子[1597],3;新人宝箱[436],1;精灵果[3116],2;闪光叶子[1575],1;带刺的硬皮[4317],5;仙人绒球[1691],3;骆驼睫毛[1695],1;仙人掌的花[1692],2;沙枣[3117],3;仙人掌的刺[4483],3;]
[11-28 13:32:38] 出游戏 [             5765] [                 ] [临时背包：0@]
[11-28 13:32:38]   装备 [             5765] [                 ] [装备：10@脸型1号[2554],0;亡灵短袍[777],1;新手靴[641],1;新手小刀[8],1;]
[11-28 13:32:38]   银行 [             5765] [                 ] [银行ID(1):[1]0@;]
[11-28 13:32:41] 进游戏 [               ly] [                 ] [金钱：100000 道具：0@亮闪闪的草叶[4316],2;带刺的硬皮[4317],9;仙人绒球[1691],7;新人宝箱[436],1;新手衣服[289],1;仙人球根须[4506],3;仙人掌球根[4508],4;仙人掌的花[1692],4;沙枣[3117],1;仙人掌的刺[4483],1;干枯的草根[4398],2;精灵果[3116],1;种子[1597],1;东方海盗水手头巾[155],1;东方海盗战斗员徽记[156],1;中级魔力[250],1;新手小刀[8],1;微笑1[255],1;瞪眼1[256],1;粗布衣服[305],1;海水浸泡过的章鱼触手[1300],1;北方海盗突击标记[1320],1;黑龙之躯[845],1;]
[11-28 13:32:41] 进游戏 [               ly] [                 ] [临时背包：0@]
[11-28 13:32:41] 进游戏 [               ly] [                 ] [银行ID(1):[1]0@;]
[11-28 13:32:41]   装备 [               ly] [                 ] [装备：10@脸型6号[2559],0;亡灵短袍[777],1;新手靴[641],1;小型弓[1400],1;]
[11-28 13:32:41] 进游戏 [               ly] [                 ] [角色上线]
[11-28 13:32:41] 进游戏 [               ly] [                 ] [进地图《magicsea》坐标：x = 89025, y = 341275.]
[11-28 13:32:41] 出游戏 [               ly] [                 ] [金钱：100000 道具栏：0@亮闪闪的草叶[4316],2;带刺的硬皮[4317],9;仙人绒球[1691],7;新人宝箱[436],1;新手衣服[289],1;仙人球根须[4506],3;仙人掌球根[4508],4;仙人掌的花[1692],4;沙枣[3117],1;仙人掌的刺[4483],1;干枯的草根[4398],2;精灵果[3116],1;种子[1597],1;东方海盗水手头巾[155],1;东方海盗战斗员徽记[156],1;中级魔力[250],1;新手小刀[8],1;微笑1[255],1;瞪眼1[256],1;粗布衣服[305],1;海水浸泡过的章鱼触手[1300],1;北方海盗突击标记[1320],1;黑龙之躯[845],1;]
[11-28 13:32:41] 出游戏 [               ly] [                 ] [临时背包：0@]
[11-28 13:32:41]   装备 [               ly] [                 ] [装备：10@脸型6号[2559],0;亡灵短袍[777],1;新手靴[641],1;小型弓[1400],1;]
[11-28 13:32:41]   银行 [               ly] [                 ] [银行ID(1):[1]0@;]
[11-28 13:37:18] 出游戏 [               ly] [                 ] [角色离线]
[11-28 13:37:18] 出游戏 [               ly] [                 ] [出地图《magicsea》坐标：x = 155093, y = 293363.]
[11-28 13:37:18] 出游戏 [               ly] [                 ] [金钱：100000 道具栏：0@亮闪闪的草叶[4316],2;带刺的硬皮[4317],9;仙人绒球[1691],7;新人宝箱[436],1;新手衣服[289],1;仙人球根须[4506],3;仙人掌球根[4508],4;仙人掌的花[1692],4;沙枣[3117],1;仙人掌的刺[4483],1;干枯的草根[4398],2;精灵果[3116],1;种子[1597],1;东方海盗水手头巾[155],1;东方海盗战斗员徽记[156],1;中级魔力[250],1;新手小刀[8],1;微笑1[255],1;瞪眼1[256],1;粗布衣服[305],1;海水浸泡过的章鱼触手[1300],1;北方海盗突击标记[1320],1;黑龙之躯[845],1;]
[11-28 13:37:18] 出游戏 [               ly] [                 ] [临时背包：0@]
[11-28 13:37:18]   装备 [               ly] [                 ] [装备：10@脸型6号[2559],0;亡灵短袍[777],1;新手靴[641],1;小型弓[1400],1;]
[11-28 13:37:18]   银行 [               ly] [                 ] [银行ID(1):[1]0@;]
[11-28 13:38:43] 进游戏 [             5765] [                 ] [金钱：100000 道具：0@干枯的草根[4398],3;亮闪闪的草叶[4316],6;种子[1597],3;新人宝箱[436],1;精灵果[3116],2;闪光叶子[1575],1;带刺的硬皮[4317],5;仙人绒球[1691],3;骆驼睫毛[1695],1;仙人掌的花[1692],2;沙枣[3117],3;仙人掌的刺[4483],3;]
[11-28 13:38:43] 进游戏 [             5765] [                 ] [临时背包：0@]
[11-28 13:38:43] 进游戏 [             5765] [                 ] [银行ID(1):[1]0@;]
[11-28 13:38:43]   装备 [             5765] [                 ] [装备：10@脸型1号[2554],0;亡灵短袍[777],1;新手靴[641],1;新手小刀[8],1;]
[11-28 13:38:43] 进游戏 [             5765] [                 ] [角色上线]
[11-28 13:38:43] 进游戏 [             5765] [                 ] [进地图《magicsea》坐标：x = 11375, y = 6575.]
[11-28 13:38:43] 出游戏 [             5765] [                 ] [金钱：100000 道具栏：0@干枯的草根[4398],3;亮闪闪的草叶[4316],6;种子[1597],3;新人宝箱[436],1;精灵果[3116],2;闪光叶子[1575],1;带刺的硬皮[4317],5;仙人绒球[1691],3;骆驼睫毛[1695],1;仙人掌的花[1692],2;沙枣[3117],3;仙人掌的刺[4483],3;]
[11-28 13:38:43] 出游戏 [             5765] [                 ] [临时背包：0@]
[11-28 13:38:43]   装备 [             5765] [                 ] [装备：10@脸型1号[2554],0;亡灵短袍[777],1;新手靴[641],1;新手小刀[8],1;]
[11-28 13:38:43]   银行 [             5765] [                 ] [银行ID(1):[1]0@;]
[11-28 13:39:49] 出游戏 [             5765] [                 ] [角色离线]
[11-28 13:39:49] 出游戏 [             5765] [                 ] [出地图《magicsea》坐标：x = 11375, y = 6575.]
[11-28 13:39:49] 出游戏 [             5765] [                 ] [金钱：100000 道具栏：0@干枯的草根[4398],3;亮闪闪的草叶[4316],6;种子[1597],3;新人宝箱[436],1;精灵果[3116],2;闪光叶子[1575],1;带刺的硬皮[4317],5;仙人绒球[1691],3;骆驼睫毛[1695],1;仙人掌的花[1692],2;沙枣[3117],3;仙人掌的刺[4483],3;]
[11-28 13:39:49] 出游戏 [             5765] [                 ] [临时背包：0@]
[11-28 13:39:49]   装备 [             5765] [                 ] [装备：10@脸型1号[2554],0;亡灵短袍[777],1;新手靴[641],1;新手小刀[8],1;]
[11-28 13:39:49]   银行 [             5765] [                 ] [银行ID(1):[1]0@;]
[11-28 13:41:30] 进游戏 [             5765] [                 ] [金钱：100000 道具：0@干枯的草根[4398],3;亮闪闪的草叶[4316],6;种子[1597],3;新人宝箱[436],1;精灵果[3116],2;闪光叶子[1575],1;带刺的硬皮[4317],5;仙人绒球[1691],3;骆驼睫毛[1695],1;仙人掌的花[1692],2;沙枣[3117],3;仙人掌的刺[4483],3;]
[11-28 13:41:30] 进游戏 [             5765] [                 ] [临时背包：0@]
[11-28 13:41:30] 进游戏 [             5765] [                 ] [银行ID(1):[1]0@;]
[11-28 13:41:30]   装备 [             5765] [                 ] [装备：10@脸型1号[2554],0;亡灵短袍[777],1;新手靴[641],1;新手小刀[8],1;]
[11-28 13:41:30] 进游戏 [             5765] [                 ] [角色上线]
[11-28 13:41:30] 进游戏 [             5765] [                 ] [进地图《magicsea》坐标：x = 11375, y = 6575.]
[11-28 13:41:30] 出游戏 [             5765] [                 ] [金钱：100000 道具栏：0@干枯的草根[4398],3;亮闪闪的草叶[4316],6;种子[1597],3;新人宝箱[436],1;精灵果[3116],2;闪光叶子[1575],1;带刺的硬皮[4317],5;仙人绒球[1691],3;骆驼睫毛[1695],1;仙人掌的花[1692],2;沙枣[3117],3;仙人掌的刺[4483],3;]
[11-28 13:41:30] 出游戏 [             5765] [                 ] [临时背包：0@]
[11-28 13:41:30]   装备 [             5765] [                 ] [装备：10@脸型1号[2554],0;亡灵短袍[777],1;新手靴[641],1;新手小刀[8],1;]
[11-28 13:41:30]   银行 [             5765] [                 ] [银行ID(1):[1]0@;]
[11-28 13:42:25] 出游戏 [             5765] [                 ] [角色离线]
[11-28 13:42:25] 出游戏 [             5765] [                 ] [出地图《magicsea》坐标：x = 11375, y = 6575.]
[11-28 13:42:25] 出游戏 [             5765] [                 ] [金钱：100000 道具栏：0@干枯的草根[4398],3;亮闪闪的草叶[4316],6;种子[1597],3;新人宝箱[436],1;精灵果[3116],2;闪光叶子[1575],1;带刺的硬皮[4317],5;仙人绒球[1691],3;骆驼睫毛[1695],1;仙人掌的花[1692],2;沙枣[3117],3;仙人掌的刺[4483],3;]
[11-28 13:42:25] 出游戏 [             5765] [                 ] [临时背包：0@]
[11-28 13:42:25]   装备 [             5765] [                 ] [装备：10@脸型1号[2554],0;亡灵短袍[777],1;新手靴[641],1;新手小刀[8],1;]
[11-28 13:42:25]   银行 [             5765] [                 ] [银行ID(1):[1]0@;]
[11-28 13:42:35] 进游戏 [             5765] [                 ] [金钱：100000 道具：0@干枯的草根[4398],3;亮闪闪的草叶[4316],6;种子[1597],3;新人宝箱[436],1;精灵果[3116],2;闪光叶子[1575],1;带刺的硬皮[4317],5;仙人绒球[1691],3;骆驼睫毛[1695],1;仙人掌的花[1692],2;沙枣[3117],3;仙人掌的刺[4483],3;]
[11-28 13:42:35] 进游戏 [             5765] [                 ] [临时背包：0@]
[11-28 13:42:35] 进游戏 [             5765] [                 ] [银行ID(1):[1]0@;]
[11-28 13:42:35]   装备 [             5765] [                 ] [装备：10@脸型1号[2554],0;亡灵短袍[777],1;新手靴[641],1;新手小刀[8],1;]
[11-28 13:42:35] 进游戏 [             5765] [                 ] [角色上线]
[11-28 13:42:35] 进游戏 [             5765] [                 ] [进地图《magicsea》坐标：x = 11375, y = 6575.]
[11-28 13:42:35] 出游戏 [             5765] [                 ] [金钱：100000 道具栏：0@干枯的草根[4398],3;亮闪闪的草叶[4316],6;种子[1597],3;新人宝箱[436],1;精灵果[3116],2;闪光叶子[1575],1;带刺的硬皮[4317],5;仙人绒球[1691],3;骆驼睫毛[1695],1;仙人掌的花[1692],2;沙枣[3117],3;仙人掌的刺[4483],3;]
[11-28 13:42:35] 出游戏 [             5765] [                 ] [临时背包：0@]
[11-28 13:42:35]   装备 [             5765] [                 ] [装备：10@脸型1号[2554],0;亡灵短袍[777],1;新手靴[641],1;新手小刀[8],1;]
[11-28 13:42:35]   银行 [             5765] [                 ] [银行ID(1):[1]0@;]
[11-28 13:42:48] 出游戏 [             5765] [                 ] [角色离线]
[11-28 13:42:48] 出游戏 [             5765] [                 ] [出地图《magicsea》坐标：x = 11525, y = 6525.]
[11-28 13:42:48] 出游戏 [             5765] [                 ] [金钱：100000 道具栏：0@干枯的草根[4398],3;亮闪闪的草叶[4316],6;种子[1597],3;新人宝箱[436],1;精灵果[3116],2;闪光叶子[1575],1;带刺的硬皮[4317],5;仙人绒球[1691],3;骆驼睫毛[1695],1;仙人掌的花[1692],2;沙枣[3117],3;仙人掌的刺[4483],3;]
[11-28 13:42:48] 出游戏 [             5765] [                 ] [临时背包：0@]
[11-28 13:42:48]   装备 [             5765] [                 ] [装备：10@脸型1号[2554],0;亡灵短袍[777],1;新手靴[641],1;新手小刀[8],1;]
[11-28 13:42:48]   银行 [             5765] [                 ] [银行ID(1):[1]0@;]
[11-28 13:44:26] 进游戏 [               ly] [                 ] [金钱：100000 道具：0@亮闪闪的草叶[4316],2;带刺的硬皮[4317],9;仙人绒球[1691],7;新人宝箱[436],1;新手衣服[289],1;仙人球根须[4506],3;仙人掌球根[4508],4;仙人掌的花[1692],4;沙枣[3117],1;仙人掌的刺[4483],1;干枯的草根[4398],2;精灵果[3116],1;种子[1597],1;东方海盗水手头巾[155],1;东方海盗战斗员徽记[156],1;中级魔力[250],1;新手小刀[8],1;微笑1[255],1;瞪眼1[256],1;粗布衣服[305],1;海水浸泡过的章鱼触手[1300],1;北方海盗突击标记[1320],1;黑龙之躯[845],1;]
[11-28 13:44:26] 进游戏 [               ly] [                 ] [临时背包：0@]
[11-28 13:44:26] 进游戏 [               ly] [                 ] [银行ID(1):[1]0@;]
[11-28 13:44:26]   装备 [               ly] [                 ] [装备：10@脸型6号[2559],0;亡灵短袍[777],1;新手靴[641],1;小型弓[1400],1;]
[11-28 13:44:26] 进游戏 [               ly] [                 ] [角色上线]
[11-28 13:44:26] 进游戏 [               ly] [                 ] [进地图《magicsea》坐标：x = 155093, y = 293363.]
[11-28 13:44:26] 出游戏 [               ly] [                 ] [金钱：100000 道具栏：0@亮闪闪的草叶[4316],2;带刺的硬皮[4317],9;仙人绒球[1691],7;新人宝箱[436],1;新手衣服[289],1;仙人球根须[4506],3;仙人掌球根[4508],4;仙人掌的花[1692],4;沙枣[3117],1;仙人掌的刺[4483],1;干枯的草根[4398],2;精灵果[3116],1;种子[1597],1;东方海盗水手头巾[155],1;东方海盗战斗员徽记[156],1;中级魔力[250],1;新手小刀[8],1;微笑1[255],1;瞪眼1[256],1;粗布衣服[305],1;海水浸泡过的章鱼触手[1300],1;北方海盗突击标记[1320],1;黑龙之躯[845],1;]
[11-28 13:44:26] 出游戏 [               ly] [                 ] [临时背包：0@]
[11-28 13:44:26]   装备 [               ly] [                 ] [装备：10@脸型6号[2559],0;亡灵短袍[777],1;新手靴[641],1;小型弓[1400],1;]
[11-28 13:44:26]   银行 [               ly] [                 ] [银行ID(1):[1]0@;]
[11-28 13:44:38] 出游戏 [               ly] [                 ] [角色离线]
[11-28 13:44:38] 出游戏 [               ly] [                 ] [出地图《magicsea》坐标：x = 155475, y = 293125.]
[11-28 13:44:38] 出游戏 [               ly] [                 ] [金钱：100000 道具栏：0@亮闪闪的草叶[4316],2;带刺的硬皮[4317],9;仙人绒球[1691],7;新人宝箱[436],1;新手衣服[289],1;仙人球根须[4506],3;仙人掌球根[4508],4;仙人掌的花[1692],4;沙枣[3117],1;仙人掌的刺[4483],1;干枯的草根[4398],2;精灵果[3116],1;种子[1597],1;东方海盗水手头巾[155],1;东方海盗战斗员徽记[156],1;中级魔力[250],1;新手小刀[8],1;微笑1[255],1;瞪眼1[256],1;粗布衣服[305],1;海水浸泡过的章鱼触手[1300],1;北方海盗突击标记[1320],1;黑龙之躯[845],1;]
[11-28 13:44:38] 出游戏 [               ly] [                 ] [临时背包：0@]
[11-28 13:44:38]   装备 [               ly] [                 ] [装备：10@脸型6号[2559],0;亡灵短袍[777],1;新手靴[641],1;小型弓[1400],1;]
[11-28 13:44:38]   银行 [               ly] [                 ] [银行ID(1):[1]0@;]
[11-28 13:46:44] 进游戏 [             5765] [                 ] [金钱：100000 道具：0@干枯的草根[4398],3;亮闪闪的草叶[4316],6;种子[1597],3;新人宝箱[436],1;精灵果[3116],2;闪光叶子[1575],1;带刺的硬皮[4317],5;仙人绒球[1691],3;骆驼睫毛[1695],1;仙人掌的花[1692],2;沙枣[3117],3;仙人掌的刺[4483],3;]
[11-28 13:46:44] 进游戏 [             5765] [                 ] [临时背包：0@]
[11-28 13:46:44] 进游戏 [             5765] [                 ] [银行ID(1):[1]0@;]
[11-28 13:46:44]   装备 [             5765] [                 ] [装备：10@脸型1号[2554],0;亡灵短袍[777],1;新手靴[641],1;新手小刀[8],1;]
[11-28 13:46:44] 进游戏 [             5765] [                 ] [角色上线]
[11-28 13:46:44] 进游戏 [             5765] [                 ] [进地图《magicsea》坐标：x = 11525, y = 6525.]
[11-28 13:46:44] 出游戏 [             5765] [                 ] [金钱：100000 道具栏：0@干枯的草根[4398],3;亮闪闪的草叶[4316],6;种子[1597],3;新人宝箱[436],1;精灵果[3116],2;闪光叶子[1575],1;带刺的硬皮[4317],5;仙人绒球[1691],3;骆驼睫毛[1695],1;仙人掌的花[1692],2;沙枣[3117],3;仙人掌的刺[4483],3;]
[11-28 13:46:44] 出游戏 [             5765] [                 ] [临时背包：0@]
[11-28 13:46:44]   装备 [             5765] [                 ] [装备：10@脸型1号[2554],0;亡灵短袍[777],1;新手靴[641],1;新手小刀[8],1;]
[11-28 13:46:44]   银行 [             5765] [                 ] [银行ID(1):[1]0@;]
[11-28 13:47:19] 出游戏 [             5765] [                 ] [角色离线]
[11-28 13:47:19] 出游戏 [             5765] [                 ] [出地图《magicsea》坐标：x = 11525, y = 6525.]
[11-28 13:47:19] 出游戏 [             5765] [                 ] [金钱：100000 道具栏：0@干枯的草根[4398],3;亮闪闪的草叶[4316],6;种子[1597],3;新人宝箱[436],1;精灵果[3116],2;闪光叶子[1575],1;带刺的硬皮[4317],5;仙人绒球[1691],3;骆驼睫毛[1695],1;仙人掌的花[1692],2;沙枣[3117],3;仙人掌的刺[4483],3;]
[11-28 13:47:19] 出游戏 [             5765] [                 ] [临时背包：0@]
[11-28 13:47:19]   装备 [             5765] [                 ] [装备：10@脸型1号[2554],0;亡灵短袍[777],1;新手靴[641],1;新手小刀[8],1;]
[11-28 13:47:19]   银行 [             5765] [                 ] [银行ID(1):[1]0@;]
[11-28 13:47:54] 进游戏 [             5765] [                 ] [金钱：100000 道具：0@干枯的草根[4398],3;亮闪闪的草叶[4316],6;种子[1597],3;新人宝箱[436],1;精灵果[3116],2;闪光叶子[1575],1;带刺的硬皮[4317],5;仙人绒球[1691],3;骆驼睫毛[1695],1;仙人掌的花[1692],2;沙枣[3117],3;仙人掌的刺[4483],3;]
[11-28 13:47:54] 进游戏 [             5765] [                 ] [临时背包：0@]
[11-28 13:47:54] 进游戏 [             5765] [                 ] [银行ID(1):[1]0@;]
[11-28 13:47:54]   装备 [             5765] [                 ] [装备：10@脸型1号[2554],0;亡灵短袍[777],1;新手靴[641],1;新手小刀[8],1;]
[11-28 13:47:54] 进游戏 [             5765] [                 ] [角色上线]
[11-28 13:47:54] 进游戏 [             5765] [                 ] [进地图《magicsea》坐标：x = 11525, y = 6525.]
[11-28 13:47:54] 出游戏 [             5765] [                 ] [金钱：100000 道具栏：0@干枯的草根[4398],3;亮闪闪的草叶[4316],6;种子[1597],3;新人宝箱[436],1;精灵果[3116],2;闪光叶子[1575],1;带刺的硬皮[4317],5;仙人绒球[1691],3;骆驼睫毛[1695],1;仙人掌的花[1692],2;沙枣[3117],3;仙人掌的刺[4483],3;]
[11-28 13:47:54] 出游戏 [             5765] [                 ] [临时背包：0@]
[11-28 13:47:54]   装备 [             5765] [                 ] [装备：10@脸型1号[2554],0;亡灵短袍[777],1;新手靴[641],1;新手小刀[8],1;]
[11-28 13:47:54]   银行 [             5765] [                 ] [银行ID(1):[1]0@;]
[11-28 13:48:12] 出游戏 [             5765] [                 ] [角色离线]
[11-28 13:48:12] 出游戏 [             5765] [                 ] [出地图《magicsea》坐标：x = 11625, y = 6275.]
[11-28 13:48:12] 出游戏 [             5765] [                 ] [金钱：100000 道具栏：0@干枯的草根[4398],3;亮闪闪的草叶[4316],6;种子[1597],3;新人宝箱[436],1;精灵果[3116],2;闪光叶子[1575],1;带刺的硬皮[4317],5;仙人绒球[1691],3;骆驼睫毛[1695],1;仙人掌的花[1692],2;沙枣[3117],3;仙人掌的刺[4483],3;]
[11-28 13:48:12] 出游戏 [             5765] [                 ] [临时背包：0@]
[11-28 13:48:12]   装备 [             5765] [                 ] [装备：10@脸型1号[2554],0;亡灵短袍[777],1;新手靴[641],1;新手小刀[8],1;]
[11-28 13:48:12]   银行 [             5765] [                 ] [银行ID(1):[1]0@;]
[11-28 13:52:05] 进游戏 [               ly] [                 ] [金钱：100000 道具：0@亮闪闪的草叶[4316],2;带刺的硬皮[4317],9;仙人绒球[1691],7;新人宝箱[436],1;新手衣服[289],1;仙人球根须[4506],3;仙人掌球根[4508],4;仙人掌的花[1692],4;沙枣[3117],1;仙人掌的刺[4483],1;干枯的草根[4398],2;精灵果[3116],1;种子[1597],1;东方海盗水手头巾[155],1;东方海盗战斗员徽记[156],1;中级魔力[250],1;新手小刀[8],1;微笑1[255],1;瞪眼1[256],1;粗布衣服[305],1;海水浸泡过的章鱼触手[1300],1;北方海盗突击标记[1320],1;黑龙之躯[845],1;]
[11-28 13:52:05] 进游戏 [               ly] [                 ] [临时背包：0@]
[11-28 13:52:05] 进游戏 [               ly] [                 ] [银行ID(1):[1]0@;]
[11-28 13:52:05]   装备 [               ly] [                 ] [装备：10@脸型6号[2559],0;亡灵短袍[777],1;新手靴[641],1;小型弓[1400],1;]
[11-28 13:52:05] 进游戏 [               ly] [                 ] [角色上线]
[11-28 13:52:05] 进游戏 [               ly] [                 ] [进地图《magicsea》坐标：x = 155475, y = 293125.]
[11-28 13:52:05] 出游戏 [               ly] [                 ] [金钱：100000 道具栏：0@亮闪闪的草叶[4316],2;带刺的硬皮[4317],9;仙人绒球[1691],7;新人宝箱[436],1;新手衣服[289],1;仙人球根须[4506],3;仙人掌球根[4508],4;仙人掌的花[1692],4;沙枣[3117],1;仙人掌的刺[4483],1;干枯的草根[4398],2;精灵果[3116],1;种子[1597],1;东方海盗水手头巾[155],1;东方海盗战斗员徽记[156],1;中级魔力[250],1;新手小刀[8],1;微笑1[255],1;瞪眼1[256],1;粗布衣服[305],1;海水浸泡过的章鱼触手[1300],1;北方海盗突击标记[1320],1;黑龙之躯[845],1;]
[11-28 13:52:05] 出游戏 [               ly] [                 ] [临时背包：0@]
[11-28 13:52:05]   装备 [               ly] [                 ] [装备：10@脸型6号[2559],0;亡灵短袍[777],1;新手靴[641],1;小型弓[1400],1;]
[11-28 13:52:05]   银行 [               ly] [                 ] [银行ID(1):[1]0@;]
[11-28 13:54:03] 出游戏 [               ly] [                 ] [角色离线]
[11-28 13:54:04] 出游戏 [               ly] [                 ] [出地图《magicsea》坐标：x = 154825, y = 310525.]
[11-28 13:54:04] 出游戏 [               ly] [                 ] [金钱：100000 道具栏：0@亮闪闪的草叶[4316],2;带刺的硬皮[4317],9;仙人绒球[1691],7;新人宝箱[436],1;新手衣服[289],1;仙人球根须[4506],3;仙人掌球根[4508],4;仙人掌的花[1692],4;沙枣[3117],1;仙人掌的刺[4483],1;干枯的草根[4398],2;精灵果[3116],1;种子[1597],1;东方海盗水手头巾[155],1;东方海盗战斗员徽记[156],1;中级魔力[250],1;新手小刀[8],1;微笑1[255],1;瞪眼1[256],1;粗布衣服[305],1;海水浸泡过的章鱼触手[1300],1;北方海盗突击标记[1320],1;黑龙之躯[845],1;]
[11-28 13:54:04] 出游戏 [               ly] [                 ] [临时背包：0@]
[11-28 13:54:04]   装备 [               ly] [                 ] [装备：10@脸型6号[2559],0;亡灵短袍[777],1;新手靴[641],1;小型弓[1400],1;]
[11-28 13:54:04]   银行 [               ly] [                 ] [银行ID(1):[1]0@;]
