[09-28 09:32:29] 进游戏 [          limeili] [                 ] [金钱：1314649725 道具：0@精炼石[885],1;命之精灵[183],1;船长证明[3988],1;新人宝箱[436],1;黑龙之瞳[864],1;精炼石[885],1;蓝炎之剑[5001],1;长草的乌龟壳[4328],1;浑浊液体[1838],1;命之精灵[183],1;乌龟骨头[4408],2;嫩绿的草叶[4315],1;绿色鳞片[4400],1;刺鼻气体[1653],3;碧绿叶子[1574],1;玻璃杯[1777],1;翅膀[1620],1;毒蘑菇[1725],1;蘑菇孢子[4406],1;]
[09-28 09:32:29] 进游戏 [          limeili] [                 ] [临时背包：4@精灵硬币[855],99;精灵辉印[2588],10;精灵硬币[855],99;精灵硬币[855],37;]
[09-28 09:32:29] 进游戏 [          limeili] [                 ] [银行ID(1):[1]0@;]
[09-28 09:32:29]   装备 [          limeili] [                 ] [装备：10@脸型1号[2554],0;新手衣服[289],1;新手靴[641],1;新手小刀[8],1;]
[09-28 09:32:29] 进游戏 [          limeili] [                 ] [角色上线]
[09-28 09:32:29] 进游戏 [          limeili] [                 ] [进地图《garner》坐标：x = 211675, y = 261625.]
[09-28 09:33:38]     捡 [          limeili] [                 ] [捡道具，名称 碧绿叶子[1574]，个数 1.]
[09-28 09:34:29] 任务给 [          limeili] [                 ] [1 精灵硬币]
[09-28 09:36:29] 任务给 [          limeili] [                 ] [1 精灵硬币]
[09-28 09:38:29] 任务给 [          limeili] [                 ] [1 精灵硬币]
[09-28 09:40:29] 任务给 [          limeili] [                 ] [1 精灵硬币]
[09-28 09:42:29] 任务给 [          limeili] [                 ] [1 精灵硬币]
[09-28 09:44:29] 任务给 [          limeili] [                 ] [1 精灵硬币]
[09-28 09:44:48] 任务给 [          limeili] [                 ] [BoatSelected:船只选择错误的类型Type[1]]
[09-28 09:44:48] 任务给 [          limeili] [                 ] [BoatSelected:船只选择错误的类型Type[1]]
[09-28 09:44:48] 任务给 [          limeili] [                 ] [BoatSelected:船只选择错误的类型Type[1]]
[09-28 09:44:48] 任务给 [          limeili] [                 ] [BoatSelected:船只选择错误的类型Type[1]]
[09-28 09:44:48] 任务给 [          limeili] [                 ] [BoatSelected:船只选择错误的类型Type[1]]
[09-28 09:44:48]   消耗 [          limeili] [                 ] [消耗道具，名称 新人宝箱[436]，个数 1.]
[09-28 09:44:58]     扔 [          limeili] [                 ] [扔道具，名称 蘑菇孢子[4406]，个数 1.]
[09-28 09:44:59]     扔 [          limeili] [                 ] [扔道具，名称 毒蘑菇[1725]，个数 1.]
[09-28 09:45:00]     扔 [          limeili] [                 ] [扔道具，名称 翅膀[1620]，个数 1.]
[09-28 09:45:01]     扔 [          limeili] [                 ] [扔道具，名称 玻璃杯[1777]，个数 1.]
[09-28 09:45:04]     扔 [          limeili] [                 ] [扔道具，名称 碧绿叶子[1574]，个数 2.]
[09-28 09:45:06]     扔 [          limeili] [                 ] [扔道具，名称 刺鼻气体[1653]，个数 3.]
[09-28 09:45:07]     扔 [          limeili] [                 ] [扔道具，名称 绿色鳞片[4400]，个数 1.]
[09-28 09:45:08]     扔 [          limeili] [                 ] [扔道具，名称 嫩绿的草叶[4315]，个数 1.]
[09-28 09:46:29] 任务给 [          limeili] [                 ] [1 精灵硬币]
[09-10 09:48:02] 任务给 [          limeili] [                 ] [BoatSelected:船只选择错误的类型Type[1]]
[09-10 09:48:09]     扔 [          limeili] [                 ] [扔道具，名称 乌龟骨头[4408]，个数 2.]
[09-10 09:48:27] 任务给 [          limeili] [                 ] [1 精灵硬币]
[09-10 09:49:53] 进游戏 [           113111] [                 ] [金钱：99998000 道具：0@新手小刀[8],1;新人宝箱[436],1;竞技场参赛卡[6066],1;]
[09-10 09:49:53] 进游戏 [           113111] [                 ] [临时背包：0@]
[09-10 09:49:53] 进游戏 [           113111] [                 ] [银行ID(1):[1]0@;]
[09-10 09:49:53]   装备 [           113111] [                 ] [装备：10@脸型1号[2554],0;新手衣服[289],1;新手靴[641],1;]
[09-10 09:49:53] 进游戏 [           113111] [                 ] [角色上线]
[09-10 09:49:53] 进游戏 [           113111] [                 ] [进地图《garner》坐标：x = 214159, y = 281659.]
[09-10 09:50:28] 任务给 [          limeili] [                 ] [1 精灵硬币]
[09-10 09:50:32] 出游戏 [           113111] [                 ] [出地图《garner》坐标：x = 214475, y = 281075.]
[09-10 09:50:32] 进游戏 [           113111] [                 ] [进地图《garner》坐标：x = 214275, y = 263875.]
[09-10 09:50:57]   人人 [          limeili] [           113111] [接受者limeili交易数据：{}，请求者113111交易数据：{1个新手小刀，}接受者交易金钱：0，请求者交易金钱：0]
[09-10 09:51:19]   人人 [           113111] [          limeili] [接受者113111交易数据：{}，请求者limeili交易数据：{1个进阶衣服，}接受者交易金钱：0，请求者交易金钱：345353]
[09-10 09:51:44]   人人 [          limeili] [           113111] [接受者limeili交易数据：{1个强化卷轴，1个长草的乌龟壳，}，请求者113111交易数据：{}接受者交易金钱：112233，请求者交易金钱：0]
[09-10 09:52:27] 任务给 [          limeili] [                 ] [1 精灵硬币]
[09-10 09:53:02]     卖 [          limeili] [                 ] [1个新手小刀]
[09-10 09:53:04]     卖 [          limeili] [                 ] [1个浑浊液体]
[09-10 09:53:06]   店买 [          limeili] [                 ] [99个复活叶]
[09-10 09:53:09]   店买 [          limeili] [                 ] [99个蛋糕]
[09-10 09:53:36] 任务给 [          limeili] [                 ] [医护小姐・岚岚取走了你200金钱！]
[09-10 09:53:51]   店买 [          limeili] [                 ] [1个菲菲帽]
[09-10 09:55:42] 出游戏 [           113111] [                 ] [出地图《garner》坐标：x = 215025, y = 263975.]
[09-10 09:55:42] 进游戏 [           113111] [                 ] [进地图《garner》坐标：x = 224475, y = 277325.]
[09-10 09:56:28] 任务给 [          limeili] [                 ] [1 精灵硬币]
[09-10 09:58:28] 任务给 [          limeili] [                 ] [1 精灵硬币]
[09-10 09:58:28] 任务给 [          limeili] [                 ] [1 精灵辉印]
[09-10 09:58:28] 任务给 [          limeili] [                 ] [1 精灵辉印]
[09-10 10:00:28] 任务给 [          limeili] [                 ] [1 精灵硬币]
[09-10 10:00:46] 任务给 [           113111] [                 ] [BoatSelected:船只选择错误的类型Type[1]]
[09-10 10:00:46] 任务给 [           113111] [                 ] [BoatSelected:船只选择错误的类型Type[1]]
[09-10 10:00:46] 任务给 [           113111] [                 ] [BoatSelected:船只选择错误的类型Type[1]]
[09-10 10:00:46] 任务给 [           113111] [                 ] [BoatSelected:船只选择错误的类型Type[1]]
[09-10 10:00:46] 任务给 [           113111] [                 ] [BoatSelected:船只选择错误的类型Type[1]]
[09-10 10:00:46]   消耗 [           113111] [                 ] [消耗道具，名称 新人宝箱[436]，个数 1.]
[09-10 10:01:10] 任务给 [           113111] [                 ] [BoatSelected:船只选择错误的类型Type[1]]
[09-10 10:01:10] 任务给 [           113111] [                 ] [BoatSelected:船只选择错误的类型Type[1]]
[09-10 10:01:10]   消耗 [           113111] [                 ] [消耗道具，名称 35至尊宝箱[985]，个数 1.]
[09-10 10:01:13] 任务给 [           113111] [                 ] [BoatSelected:船只选择错误的类型Type[1]]
[09-10 10:01:13] 任务给 [           113111] [                 ] [BoatSelected:船只选择错误的类型Type[1]]
[09-10 10:01:13]   消耗 [           113111] [                 ] [消耗道具，名称 45至尊宝箱[986]，个数 1.]
[09-10 10:01:17] 任务给 [           113111] [                 ] [BoatSelected:船只选择错误的类型Type[1]]
[09-10 10:01:17] 任务给 [           113111] [                 ] [BoatSelected:船只选择错误的类型Type[1]]
[09-10 10:01:17]   消耗 [           113111] [                 ] [消耗道具，名称 55至尊宝箱[987]，个数 1.]
[09-10 10:01:19] 任务给 [           113111] [                 ] [BoatSelected:船只选择错误的类型Type[1]]
[09-10 10:01:19]   消耗 [           113111] [                 ] [消耗道具，名称 65至尊宝箱[988]，个数 1.]
[09-10 10:02:11] 任务给 [          limeili] [                 ] [BoatSelected:船只选择错误的类型Type[1]]
[09-10 10:02:11] 任务给 [          limeili] [                 ] [BoatSelected:船只选择错误的类型Type[1]]
[09-10 10:02:11] 任务给 [          limeili] [                 ] [BoatSelected:船只选择错误的类型Type[1]]
[09-10 10:02:11] 任务给 [          limeili] [                 ] [BoatSelected:船只选择错误的类型Type[1]]
[09-10 10:02:11] 任务给 [          limeili] [                 ] [BoatSelected:船只选择错误的类型Type[1]]
[09-10 10:02:11] 任务给 [          limeili] [                 ] [BoatSelected:船只选择错误的类型Type[1]]
[09-10 10:02:11] 任务给 [          limeili] [                 ] [BoatSelected:船只选择错误的类型Type[1]]
[09-10 10:02:11]   消耗 [          limeili] [                 ] [消耗道具，名称 飞翔宝箱[437]，个数 1.]
[09-10 10:02:28] 任务给 [          limeili] [                 ] [1 精灵硬币]
[09-10 10:03:08]     扔 [          limeili] [                 ] [扔道具，名称 软革甲[296]，个数 1.]
[09-10 10:03:36] 任务给 [          limeili] [                 ] [BoatSelected:船只选择错误的类型Type[1]]
[09-10 10:03:38]     扔 [          limeili] [                 ] [扔道具，名称 鬼脸1[257]，个数 1.]
[09-10 10:03:43] 任务给 [          limeili] [                 ] [BoatSelected:船只选择错误的类型Type[1]]
[09-10 10:03:48]   消耗 [          limeili] [                 ] [消耗道具，名称 初级沉思[259]，个数 1.]
[09-10 10:04:09]     捡 [           113111] [                 ] [捡道具，名称 软革甲[296]，个数 1.]
[09-10 10:04:28] 任务给 [          limeili] [                 ] [1 精灵硬币]
[09-10 10:06:28] 任务给 [          limeili] [                 ] [1 精灵硬币]
[09-10 10:13:08]     扔 [           113111] [                 ] [扔道具，名称 咒文之袍[796]，个数 1.]
[09-10 10:13:20]     捡 [          limeili] [                 ] [捡道具，名称 咒文之袍[796]，个数 1.]
[09-10 10:13:28] 任务给 [          limeili] [                 ] [1 精灵硬币]
[09-10 10:14:26] 出游戏 [           113111] [                 ] [角色离线]
[09-10 10:14:26] 出游戏 [           113111] [                 ] [出地图《garner》坐标：x = 223225, y = 282525.]
[09-10 10:14:26] 出游戏 [           113111] [                 ] [金钱：100422954 道具栏：0@竞技场参赛卡[6066],1;船长证明[3988],1;进阶衣服[4308],1;强化卷轴[455],1;长草的乌龟壳[4328],1;飞翔宝箱[437],1;新手短剑[9],1;新手衣服[289],1;转职说明书[444],1;进阶衣服[4308],1;幻咒之袍[797],1;迷咒法袍[798],1;软革甲[296],1;]
[09-10 10:14:26] 出游戏 [           113111] [                 ] [临时背包：0@]
[09-10 10:14:26]   装备 [           113111] [                 ] [装备：10@脸型1号[2554],0;巫毒法袍[789],1;新手靴[641],1;]
[09-10 10:14:26]   银行 [           113111] [                 ] [银行ID(1):[1]0@;]
[09-10 10:14:27] 出游戏 [          limeili] [                 ] [角色离线]
[09-10 10:14:27] 出游戏 [          limeili] [                 ] [出地图《garner》坐标：x = 223100, y = 282700.]
[09-10 10:14:27] 出游戏 [          limeili] [                 ] [金钱：1313860570 道具栏：0@精炼石[885],1;命之精灵[183],1;船长证明[3988],1;35至尊宝箱[985],1;黑龙之瞳[864],1;精炼石[885],1;蓝炎之剑[5001],1;新手小刀[8],1;机票说明书[445],1;命之精灵[183],1;转职说明书[444],1;复活叶[3143],99;蛋糕[1849],99;绚丽宝箱[438],1;短铁剑[10],1;银翼航空公司冰狼堡机票[4604],1;银翼航空公司白银机票[4602],1;银翼航空公司沙岚机票[4603],1;船长证明[3988],1;咒文之袍[796],1;]
[09-10 10:14:27] 出游戏 [          limeili] [                 ] [临时背包：4@精灵硬币[855],99;精灵辉印[2588],12;精灵硬币[855],99;精灵硬币[855],54;]
[09-10 10:14:27]   装备 [          limeili] [                 ] [装备：10@菲菲帽[2584],1;脸型1号[2554],0;新手衣服[289],1;新手靴[641],1;新手短剑[9],1;]
[09-10 10:14:27]   银行 [          limeili] [                 ] [银行ID(1):[1]0@;]
