[11-28 10:43:39] 进游戏 [               ly] [                 ] [金钱：0 道具：0@亮闪闪的草叶[4316],2;带刺的硬皮[4317],9;仙人绒球[1691],7;新人宝箱[436],1;新手衣服[289],1;仙人球根须[4506],3;仙人掌球根[4508],4;仙人掌的花[1692],4;沙枣[3117],1;仙人掌的刺[4483],1;干枯的草根[4398],2;精灵果[3116],1;种子[1597],1;]
[11-28 10:43:39] 进游戏 [               ly] [                 ] [临时背包：0@]
[11-28 10:43:39] 进游戏 [               ly] [                 ] [银行ID(1):[1]0@;]
[11-28 10:43:39]   装备 [               ly] [                 ] [装备：10@脸型6号[2559],0;新手衣服[289],1;新手靴[641],1;新手小刀[8],1;]
[11-28 10:43:39] 进游戏 [               ly] [                 ] [角色上线]
[11-28 10:43:39] 进游戏 [               ly] [                 ] [进地图《magicsea》坐标：x = 90025, y = 357275.]
[11-28 10:43:39] 出游戏 [               ly] [                 ] [金钱：0 道具栏：0@亮闪闪的草叶[4316],2;带刺的硬皮[4317],9;仙人绒球[1691],7;新人宝箱[436],1;新手衣服[289],1;仙人球根须[4506],3;仙人掌球根[4508],4;仙人掌的花[1692],4;沙枣[3117],1;仙人掌的刺[4483],1;干枯的草根[4398],2;精灵果[3116],1;种子[1597],1;]
[11-28 10:43:39] 出游戏 [               ly] [                 ] [临时背包：0@]
[11-28 10:43:39]   装备 [               ly] [                 ] [装备：10@脸型6号[2559],0;新手衣服[289],1;新手靴[641],1;新手小刀[8],1;]
[11-28 10:43:39]   银行 [               ly] [                 ] [银行ID(1):[1]0@;]
[11-28 10:45:07] 出游戏 [               ly] [                 ] [角色离线]
[11-28 10:45:07] 出游戏 [               ly] [                 ] [出地图《magicsea》坐标：x = 89425, y = 340525.]
[11-28 10:45:07] 出游戏 [               ly] [                 ] [金钱：0 道具栏：0@亮闪闪的草叶[4316],2;带刺的硬皮[4317],9;仙人绒球[1691],7;新人宝箱[436],1;新手衣服[289],1;仙人球根须[4506],3;仙人掌球根[4508],4;仙人掌的花[1692],4;沙枣[3117],1;仙人掌的刺[4483],1;干枯的草根[4398],2;精灵果[3116],1;种子[1597],1;]
[11-28 10:45:07] 出游戏 [               ly] [                 ] [临时背包：0@]
[11-28 10:45:07]   装备 [               ly] [                 ] [装备：10@脸型6号[2559],0;新手衣服[289],1;新手靴[641],1;新手小刀[8],1;]
[11-28 10:45:07]   银行 [               ly] [                 ] [银行ID(1):[1]0@;]
[11-28 10:50:10] 进游戏 [             5765] [                 ] [金钱：0 道具：0@干枯的草根[4398],3;亮闪闪的草叶[4316],6;种子[1597],3;新人宝箱[436],1;精灵果[3116],2;闪光叶子[1575],1;带刺的硬皮[4317],5;仙人绒球[1691],3;骆驼睫毛[1695],1;仙人掌的花[1692],2;沙枣[3117],3;仙人掌的刺[4483],3;仙人球根须[4506],2;]
[11-28 10:50:10] 进游戏 [             5765] [                 ] [临时背包：0@]
[11-28 10:50:10] 进游戏 [             5765] [                 ] [银行ID(1):[1]0@;]
[11-28 10:50:10]   装备 [             5765] [                 ] [装备：10@脸型1号[2554],0;新手衣服[289],1;新手靴[641],1;新手小刀[8],1;]
[11-28 10:50:10] 进游戏 [             5765] [                 ] [角色上线]
[11-28 10:50:10] 出游戏 [             5765] [                 ] [角色离线]
[11-28 10:50:10] 出游戏 [             5765] [                 ] [出地图《未知》坐标：x = 103525, y = 350275.]
[11-28 10:50:10] 出游戏 [             5765] [                 ] [金钱：0 道具栏：0@干枯的草根[4398],3;亮闪闪的草叶[4316],6;种子[1597],3;新人宝箱[436],1;精灵果[3116],2;闪光叶子[1575],1;带刺的硬皮[4317],5;仙人绒球[1691],3;骆驼睫毛[1695],1;仙人掌的花[1692],2;沙枣[3117],3;仙人掌的刺[4483],3;仙人球根须[4506],2;]
[11-28 10:50:10] 出游戏 [             5765] [                 ] [临时背包：0@]
[11-28 10:50:10]   装备 [             5765] [                 ] [装备：10@脸型1号[2554],0;新手衣服[289],1;新手靴[641],1;新手小刀[8],1;]
[11-28 10:50:10]   银行 [             5765] [                 ] [银行ID(1):[1]0@;]
[11-28 10:51:18] 进游戏 [             5765] [                 ] [金钱：0 道具：0@干枯的草根[4398],3;亮闪闪的草叶[4316],6;种子[1597],3;新人宝箱[436],1;精灵果[3116],2;闪光叶子[1575],1;带刺的硬皮[4317],5;仙人绒球[1691],3;骆驼睫毛[1695],1;仙人掌的花[1692],2;沙枣[3117],3;仙人掌的刺[4483],3;仙人球根须[4506],2;]
[11-28 10:51:18] 进游戏 [             5765] [                 ] [临时背包：0@]
[11-28 10:51:18] 进游戏 [             5765] [                 ] [银行ID(1):[1]0@;]
[11-28 10:51:18]   装备 [             5765] [                 ] [装备：10@脸型1号[2554],0;新手衣服[289],1;新手靴[641],1;新手小刀[8],1;]
[11-28 10:51:18] 进游戏 [             5765] [                 ] [角色上线]
[11-28 10:51:18] 出游戏 [             5765] [                 ] [角色离线]
[11-28 10:51:18] 出游戏 [             5765] [                 ] [出地图《未知》坐标：x = 84500, y = 350200.]
[11-28 10:51:18] 出游戏 [             5765] [                 ] [金钱：0 道具栏：0@干枯的草根[4398],3;亮闪闪的草叶[4316],6;种子[1597],3;新人宝箱[436],1;精灵果[3116],2;闪光叶子[1575],1;带刺的硬皮[4317],5;仙人绒球[1691],3;骆驼睫毛[1695],1;仙人掌的花[1692],2;沙枣[3117],3;仙人掌的刺[4483],3;仙人球根须[4506],2;]
[11-28 10:51:18] 出游戏 [             5765] [                 ] [临时背包：0@]
[11-28 10:51:18]   装备 [             5765] [                 ] [装备：10@脸型1号[2554],0;新手衣服[289],1;新手靴[641],1;新手小刀[8],1;]
[11-28 10:51:18]   银行 [             5765] [                 ] [银行ID(1):[1]0@;]
[11-28 10:51:29] 进游戏 [             5765] [                 ] [金钱：0 道具：0@干枯的草根[4398],3;亮闪闪的草叶[4316],6;种子[1597],3;新人宝箱[436],1;精灵果[3116],2;闪光叶子[1575],1;带刺的硬皮[4317],5;仙人绒球[1691],3;骆驼睫毛[1695],1;仙人掌的花[1692],2;沙枣[3117],3;仙人掌的刺[4483],3;仙人球根须[4506],2;]
[11-28 10:51:29] 进游戏 [             5765] [                 ] [临时背包：0@]
[11-28 10:51:29] 进游戏 [             5765] [                 ] [银行ID(1):[1]0@;]
[11-28 10:51:29]   装备 [             5765] [                 ] [装备：10@脸型1号[2554],0;新手衣服[289],1;新手靴[641],1;新手小刀[8],1;]
[11-28 10:51:29] 进游戏 [             5765] [                 ] [角色上线]
[11-28 10:51:29] 进游戏 [             5765] [                 ] [进地图《magicsea》坐标：x = 81900, y = 365400.]
[11-28 10:51:29] 出游戏 [             5765] [                 ] [金钱：0 道具栏：0@干枯的草根[4398],3;亮闪闪的草叶[4316],6;种子[1597],3;新人宝箱[436],1;精灵果[3116],2;闪光叶子[1575],1;带刺的硬皮[4317],5;仙人绒球[1691],3;骆驼睫毛[1695],1;仙人掌的花[1692],2;沙枣[3117],3;仙人掌的刺[4483],3;仙人球根须[4506],2;]
[11-28 10:51:29] 出游戏 [             5765] [                 ] [临时背包：0@]
[11-28 10:51:29]   装备 [             5765] [                 ] [装备：10@脸型1号[2554],0;新手衣服[289],1;新手靴[641],1;新手小刀[8],1;]
[11-28 10:51:29]   银行 [             5765] [                 ] [银行ID(1):[1]0@;]
[11-28 10:51:56] 出游戏 [             5765] [                 ] [角色离线]
[11-28 10:51:56] 出游戏 [             5765] [                 ] [出地图《magicsea》坐标：x = 84225, y = 359275.]
[11-28 10:51:56] 出游戏 [             5765] [                 ] [金钱：0 道具栏：0@干枯的草根[4398],3;亮闪闪的草叶[4316],6;种子[1597],3;新人宝箱[436],1;精灵果[3116],2;闪光叶子[1575],1;带刺的硬皮[4317],5;仙人绒球[1691],3;骆驼睫毛[1695],1;仙人掌的花[1692],2;沙枣[3117],3;仙人掌的刺[4483],3;仙人球根须[4506],2;]
[11-28 10:51:56] 出游戏 [             5765] [                 ] [临时背包：0@]
[11-28 10:51:56]   装备 [             5765] [                 ] [装备：10@脸型1号[2554],0;新手衣服[289],1;新手靴[641],1;新手小刀[8],1;]
[11-28 10:51:56]   银行 [             5765] [                 ] [银行ID(1):[1]0@;]
[11-28 11:02:17] 进游戏 [             5765] [                 ] [金钱：0 道具：0@干枯的草根[4398],3;亮闪闪的草叶[4316],6;种子[1597],3;新人宝箱[436],1;精灵果[3116],2;闪光叶子[1575],1;带刺的硬皮[4317],5;仙人绒球[1691],3;骆驼睫毛[1695],1;仙人掌的花[1692],2;沙枣[3117],3;仙人掌的刺[4483],3;仙人球根须[4506],2;]
[11-28 11:02:17] 进游戏 [             5765] [                 ] [临时背包：0@]
[11-28 11:02:17] 进游戏 [             5765] [                 ] [银行ID(1):[1]0@;]
[11-28 11:02:17]   装备 [             5765] [                 ] [装备：10@脸型1号[2554],0;新手衣服[289],1;新手靴[641],1;新手小刀[8],1;]
[11-28 11:02:17] 进游戏 [             5765] [                 ] [角色上线]
[11-28 11:02:17] 进游戏 [             5765] [                 ] [进地图《magicsea》坐标：x = 84225, y = 359275.]
[11-28 11:02:17] 出游戏 [             5765] [                 ] [金钱：0 道具栏：0@干枯的草根[4398],3;亮闪闪的草叶[4316],6;种子[1597],3;新人宝箱[436],1;精灵果[3116],2;闪光叶子[1575],1;带刺的硬皮[4317],5;仙人绒球[1691],3;骆驼睫毛[1695],1;仙人掌的花[1692],2;沙枣[3117],3;仙人掌的刺[4483],3;仙人球根须[4506],2;]
[11-28 11:02:17] 出游戏 [             5765] [                 ] [临时背包：0@]
[11-28 11:02:17]   装备 [             5765] [                 ] [装备：10@脸型1号[2554],0;新手衣服[289],1;新手靴[641],1;新手小刀[8],1;]
[11-28 11:02:17]   银行 [             5765] [                 ] [银行ID(1):[1]0@;]
[11-28 11:02:54] 出游戏 [             5765] [                 ] [角色离线]
[11-28 11:02:54] 出游戏 [             5765] [                 ] [出地图《magicsea》坐标：x = 85375, y = 357375.]
[11-28 11:02:54] 出游戏 [             5765] [                 ] [金钱：0 道具栏：0@干枯的草根[4398],3;亮闪闪的草叶[4316],6;种子[1597],3;新人宝箱[436],1;精灵果[3116],2;闪光叶子[1575],1;带刺的硬皮[4317],5;仙人绒球[1691],3;骆驼睫毛[1695],1;仙人掌的花[1692],2;沙枣[3117],3;仙人掌的刺[4483],3;仙人球根须[4506],2;]
[11-28 11:02:54] 出游戏 [             5765] [                 ] [临时背包：0@]
[11-28 11:02:54]   装备 [             5765] [                 ] [装备：10@脸型1号[2554],0;新手衣服[289],1;新手靴[641],1;新手小刀[8],1;]
[11-28 11:02:54]   银行 [             5765] [                 ] [银行ID(1):[1]0@;]
[11-28 11:04:53] 进游戏 [             5765] [                 ] [金钱：0 道具：0@干枯的草根[4398],3;亮闪闪的草叶[4316],6;种子[1597],3;新人宝箱[436],1;精灵果[3116],2;闪光叶子[1575],1;带刺的硬皮[4317],5;仙人绒球[1691],3;骆驼睫毛[1695],1;仙人掌的花[1692],2;沙枣[3117],3;仙人掌的刺[4483],3;仙人球根须[4506],2;]
[11-28 11:04:53] 进游戏 [             5765] [                 ] [临时背包：0@]
[11-28 11:04:53] 进游戏 [             5765] [                 ] [银行ID(1):[1]0@;]
[11-28 11:04:53]   装备 [             5765] [                 ] [装备：10@脸型1号[2554],0;新手衣服[289],1;新手靴[641],1;新手小刀[8],1;]
[11-28 11:04:53] 进游戏 [             5765] [                 ] [角色上线]
[11-28 11:04:53] 进游戏 [             5765] [                 ] [进地图《magicsea》坐标：x = 85375, y = 357375.]
[11-28 11:04:53] 出游戏 [             5765] [                 ] [金钱：0 道具栏：0@干枯的草根[4398],3;亮闪闪的草叶[4316],6;种子[1597],3;新人宝箱[436],1;精灵果[3116],2;闪光叶子[1575],1;带刺的硬皮[4317],5;仙人绒球[1691],3;骆驼睫毛[1695],1;仙人掌的花[1692],2;沙枣[3117],3;仙人掌的刺[4483],3;仙人球根须[4506],2;]
[11-28 11:04:53] 出游戏 [             5765] [                 ] [临时背包：0@]
[11-28 11:04:53]   装备 [             5765] [                 ] [装备：10@脸型1号[2554],0;新手衣服[289],1;新手靴[641],1;新手小刀[8],1;]
[11-28 11:04:53]   银行 [             5765] [                 ] [银行ID(1):[1]0@;]
[11-28 11:04:59] 出游戏 [             5765] [                 ] [角色离线]
[11-28 11:04:59] 出游戏 [             5765] [                 ] [出地图《magicsea》坐标：x = 85525, y = 357025.]
[11-28 11:04:59] 出游戏 [             5765] [                 ] [金钱：0 道具栏：0@干枯的草根[4398],3;亮闪闪的草叶[4316],6;种子[1597],3;新人宝箱[436],1;精灵果[3116],2;闪光叶子[1575],1;带刺的硬皮[4317],5;仙人绒球[1691],3;骆驼睫毛[1695],1;仙人掌的花[1692],2;沙枣[3117],3;仙人掌的刺[4483],3;仙人球根须[4506],2;]
[11-28 11:04:59] 出游戏 [             5765] [                 ] [临时背包：0@]
[11-28 11:04:59]   装备 [             5765] [                 ] [装备：10@脸型1号[2554],0;新手衣服[289],1;新手靴[641],1;新手小刀[8],1;]
[11-28 11:04:59]   银行 [             5765] [                 ] [银行ID(1):[1]0@;]
[11-28 11:06:20] 进游戏 [             5765] [                 ] [金钱：0 道具：0@干枯的草根[4398],3;亮闪闪的草叶[4316],6;种子[1597],3;新人宝箱[436],1;精灵果[3116],2;闪光叶子[1575],1;带刺的硬皮[4317],5;仙人绒球[1691],3;骆驼睫毛[1695],1;仙人掌的花[1692],2;沙枣[3117],3;仙人掌的刺[4483],3;仙人球根须[4506],2;]
[11-28 11:06:20] 进游戏 [             5765] [                 ] [临时背包：0@]
[11-28 11:06:20] 进游戏 [             5765] [                 ] [银行ID(1):[1]0@;]
[11-28 11:06:20]   装备 [             5765] [                 ] [装备：10@脸型1号[2554],0;新手衣服[289],1;新手靴[641],1;新手小刀[8],1;]
[11-28 11:06:20] 进游戏 [             5765] [                 ] [角色上线]
[11-28 11:06:20] 进游戏 [             5765] [                 ] [进地图《magicsea》坐标：x = 85525, y = 357025.]
[11-28 11:06:20] 出游戏 [             5765] [                 ] [金钱：0 道具栏：0@干枯的草根[4398],3;亮闪闪的草叶[4316],6;种子[1597],3;新人宝箱[436],1;精灵果[3116],2;闪光叶子[1575],1;带刺的硬皮[4317],5;仙人绒球[1691],3;骆驼睫毛[1695],1;仙人掌的花[1692],2;沙枣[3117],3;仙人掌的刺[4483],3;仙人球根须[4506],2;]
[11-28 11:06:20] 出游戏 [             5765] [                 ] [临时背包：0@]
[11-28 11:06:20]   装备 [             5765] [                 ] [装备：10@脸型1号[2554],0;新手衣服[289],1;新手靴[641],1;新手小刀[8],1;]
[11-28 11:06:20]   银行 [             5765] [                 ] [银行ID(1):[1]0@;]
[11-28 11:06:29] 出游戏 [             5765] [                 ] [角色离线]
[11-28 11:06:29] 出游戏 [             5765] [                 ] [出地图《magicsea》坐标：x = 85975, y = 357525.]
[11-28 11:06:29] 出游戏 [             5765] [                 ] [金钱：0 道具栏：0@干枯的草根[4398],3;亮闪闪的草叶[4316],6;种子[1597],3;新人宝箱[436],1;精灵果[3116],2;闪光叶子[1575],1;带刺的硬皮[4317],5;仙人绒球[1691],3;骆驼睫毛[1695],1;仙人掌的花[1692],2;沙枣[3117],3;仙人掌的刺[4483],3;仙人球根须[4506],2;]
[11-28 11:06:29] 出游戏 [             5765] [                 ] [临时背包：0@]
[11-28 11:06:29]   装备 [             5765] [                 ] [装备：10@脸型1号[2554],0;新手衣服[289],1;新手靴[641],1;新手小刀[8],1;]
[11-28 11:06:29]   银行 [             5765] [                 ] [银行ID(1):[1]0@;]
[11-28 11:08:31] 进游戏 [             5765] [                 ] [金钱：0 道具：0@干枯的草根[4398],3;亮闪闪的草叶[4316],6;种子[1597],3;新人宝箱[436],1;精灵果[3116],2;闪光叶子[1575],1;带刺的硬皮[4317],5;仙人绒球[1691],3;骆驼睫毛[1695],1;仙人掌的花[1692],2;沙枣[3117],3;仙人掌的刺[4483],3;仙人球根须[4506],2;]
[11-28 11:08:31] 进游戏 [             5765] [                 ] [临时背包：0@]
[11-28 11:08:31] 进游戏 [             5765] [                 ] [银行ID(1):[1]0@;]
[11-28 11:08:31]   装备 [             5765] [                 ] [装备：10@脸型1号[2554],0;新手衣服[289],1;新手靴[641],1;新手小刀[8],1;]
[11-28 11:08:31] 进游戏 [             5765] [                 ] [角色上线]
[11-28 11:08:31] 进游戏 [             5765] [                 ] [进地图《magicsea》坐标：x = 85975, y = 357525.]
[11-28 11:08:31] 出游戏 [             5765] [                 ] [金钱：0 道具栏：0@干枯的草根[4398],3;亮闪闪的草叶[4316],6;种子[1597],3;新人宝箱[436],1;精灵果[3116],2;闪光叶子[1575],1;带刺的硬皮[4317],5;仙人绒球[1691],3;骆驼睫毛[1695],1;仙人掌的花[1692],2;沙枣[3117],3;仙人掌的刺[4483],3;仙人球根须[4506],2;]
[11-28 11:08:31] 出游戏 [             5765] [                 ] [临时背包：0@]
[11-28 11:08:31]   装备 [             5765] [                 ] [装备：10@脸型1号[2554],0;新手衣服[289],1;新手靴[641],1;新手小刀[8],1;]
[11-28 11:08:31]   银行 [             5765] [                 ] [银行ID(1):[1]0@;]
[11-28 11:08:47] 任务给 [             5765] [                 ] [BoatSelected:船只选择错误的类型Type[1]]
[11-28 11:09:41] 任务给 [             5765] [                 ] [BoatSelected:船只选择错误的类型Type[1]]
[11-28 11:09:52] 任务给 [             5765] [                 ] [BoatSelected:船只选择错误的类型Type[1]]
[11-28 11:10:00] 任务给 [             5765] [                 ] [BoatSelected:船只选择错误的类型Type[1]]
[11-28 11:10:07] 任务给 [             5765] [                 ] [BoatSelected:船只选择错误的类型Type[1]]
[11-28 11:11:38] 任务给 [             5765] [                 ] [BoatSelected:船只选择错误的类型Type[1]]
[11-28 11:11:42] 任务给 [             5765] [                 ] [BoatSelected:船只选择错误的类型Type[1]]
[11-28 11:11:46] 任务给 [             5765] [                 ] [BoatSelected:船只选择错误的类型Type[1]]
[11-28 11:12:03] 任务给 [             5765] [                 ] [BoatSelected:船只选择错误的类型Type[1]]
[11-28 11:12:08] 任务给 [             5765] [                 ] [BoatSelected:船只选择错误的类型Type[1]]
[11-28 11:12:12] 任务给 [             5765] [                 ] [BoatSelected:船只选择错误的类型Type[1]]
[11-28 11:12:21] 任务给 [             5765] [                 ] [BoatSelected:船只选择错误的类型Type[1]]
[11-28 11:12:29]   删除 [             5765] [                 ] [删除道具，名称 红胡子海盗支援船卡片[1551]，个数 1.]
[11-28 11:12:32]   删除 [             5765] [                 ] [删除道具，名称 秀美之杖[1440]，个数 1.]
[11-28 11:12:37]   删除 [             5765] [                 ] [删除道具，名称 球根[1600]，个数 1.]
[11-28 11:12:43]   删除 [             5765] [                 ] [删除道具，名称 损坏的地精战甲[1500]，个数 1.]
[11-28 11:12:46]   删除 [             5765] [                 ] [删除道具，名称 小型弓[1400]，个数 1.]
[11-28 11:12:52] 任务给 [             5765] [                 ] [BoatSelected:船只选择错误的类型Type[1]]
[11-28 11:13:07] 出游戏 [             5765] [                 ] [角色离线]
[11-28 11:13:07] 出游戏 [             5765] [                 ] [出地图《magicsea》坐标：x = 86125, y = 357475.]
[11-28 11:13:07] 出游戏 [             5765] [                 ] [金钱：0 道具栏：0@干枯的草根[4398],3;亮闪闪的草叶[4316],6;种子[1597],3;新人宝箱[436],1;精灵果[3116],2;闪光叶子[1575],1;带刺的硬皮[4317],5;仙人绒球[1691],3;骆驼睫毛[1695],1;仙人掌的花[1692],2;沙枣[3117],3;仙人掌的刺[4483],3;仙人球根须[4506],2;微笑1[255],1;脸型2号[2555],1;隐秘手套[588],1;精炼石[885],1;狂风触手[1200],1;海水浸泡过的章鱼触手[1300],1;快乐兔衣服[388],1;]
[11-28 11:13:07] 出游戏 [             5765] [                 ] [临时背包：0@]
[11-28 11:13:07]   装备 [             5765] [                 ] [装备：10@脸型1号[2554],0;新手衣服[289],1;新手靴[641],1;新手小刀[8],1;]
[11-28 11:13:07]   银行 [             5765] [                 ] [银行ID(1):[1]0@;]
[11-28 11:15:20] 进游戏 [             5765] [                 ] [金钱：100000 道具：0@干枯的草根[4398],3;亮闪闪的草叶[4316],6;种子[1597],3;新人宝箱[436],1;精灵果[3116],2;闪光叶子[1575],1;带刺的硬皮[4317],5;仙人绒球[1691],3;骆驼睫毛[1695],1;仙人掌的花[1692],2;沙枣[3117],3;仙人掌的刺[4483],3;仙人球根须[4506],2;微笑1[255],1;脸型2号[2555],1;隐秘手套[588],1;精炼石[885],1;狂风触手[1200],1;海水浸泡过的章鱼触手[1300],1;快乐兔衣服[388],1;]
[11-28 11:15:20] 进游戏 [             5765] [                 ] [临时背包：0@]
[11-28 11:15:20] 进游戏 [             5765] [                 ] [银行ID(1):[1]0@;]
[11-28 11:15:20]   装备 [             5765] [                 ] [装备：10@脸型1号[2554],0;新手衣服[289],1;新手靴[641],1;新手小刀[8],1;]
[11-28 11:15:20] 进游戏 [             5765] [                 ] [角色上线]
[11-28 11:15:20] 进游戏 [             5765] [                 ] [进地图《magicsea》坐标：x = 86125, y = 357475.]
[11-28 11:15:20] 出游戏 [             5765] [                 ] [金钱：100000 道具栏：0@干枯的草根[4398],3;亮闪闪的草叶[4316],6;种子[1597],3;新人宝箱[436],1;精灵果[3116],2;闪光叶子[1575],1;带刺的硬皮[4317],5;仙人绒球[1691],3;骆驼睫毛[1695],1;仙人掌的花[1692],2;沙枣[3117],3;仙人掌的刺[4483],3;仙人球根须[4506],2;微笑1[255],1;脸型2号[2555],1;隐秘手套[588],1;精炼石[885],1;狂风触手[1200],1;海水浸泡过的章鱼触手[1300],1;快乐兔衣服[388],1;]
[11-28 11:15:20] 出游戏 [             5765] [                 ] [临时背包：0@]
[11-28 11:15:20]   装备 [             5765] [                 ] [装备：10@脸型1号[2554],0;新手衣服[289],1;新手靴[641],1;新手小刀[8],1;]
[11-28 11:15:20]   银行 [             5765] [                 ] [银行ID(1):[1]0@;]
[11-28 11:15:27]     捡 [             5765] [                 ] [捡道具，名称 催炼匕首[1445]，个数 1.]
[11-28 11:16:01]   删除 [             5765] [                 ] [删除道具，名称 精炼石[885]，个数 1.]
[11-28 11:16:17] 任务给 [             5765] [                 ] [BoatSelected:船只选择错误的类型Type[1]]
[11-28 11:16:21] 任务给 [             5765] [                 ] [BoatSelected:船只选择错误的类型Type[1]]
[11-28 11:16:25] 任务给 [             5765] [                 ] [BoatSelected:船只选择错误的类型Type[1]]
[11-28 11:16:36] 任务给 [             5765] [                 ] [BoatSelected:船只选择错误的类型Type[1]]
[11-28 11:16:39] 任务给 [             5765] [                 ] [BoatSelected:船只选择错误的类型Type[1]]
[11-28 11:16:44] 任务给 [             5765] [                 ] [BoatSelected:船只选择错误的类型Type[1]]
[11-28 11:16:54]   删除 [             5765] [                 ] [删除道具，名称 箭鱼撞角[999]，个数 1.]
[11-28 11:16:56]   删除 [             5765] [                 ] [删除道具，名称 雪语指环[1110]，个数 1.]
[11-28 11:16:59]   删除 [             5765] [                 ] [删除道具，名称 飓风触手[1220]，个数 1.]
[11-28 11:17:02]   删除 [             5765] [                 ] [删除道具，名称 脸型2号[2555]，个数 1.]
[11-28 11:17:04]   删除 [             5765] [                 ] [删除道具，名称 微笑1[255]，个数 1.]
[11-28 11:17:07]   删除 [             5765] [                 ] [删除道具，名称 隐秘手套[588]，个数 1.]
[11-28 11:17:09]   删除 [             5765] [                 ] [删除道具，名称 快乐兔衣服[388]，个数 1.]
[11-28 11:17:12]   删除 [             5765] [                 ] [删除道具，名称 海水浸泡过的章鱼触手[1300]，个数 1.]
[11-28 11:17:14]   删除 [             5765] [                 ] [删除道具，名称 狂风触手[1200]，个数 1.]
[11-28 11:17:17]   删除 [             5765] [                 ] [删除道具，名称 仙人球根须[4506]，个数 2.]
[11-28 11:17:20]   删除 [             5765] [                 ] [删除道具，名称 大型海豚背鳍[1330]，个数 1.]
[11-28 11:17:23]   删除 [             5765] [                 ] [删除道具，名称 催炼匕首[1445]，个数 1.]
[11-28 11:17:27] 任务给 [             5765] [                 ] [BoatSelected:船只选择错误的类型Type[1]]
[11-28 11:17:48] 出游戏 [             5765] [                 ] [角色离线]
[11-28 11:17:48] 出游戏 [             5765] [                 ] [出地图《magicsea》坐标：x = 86275, y = 357475.]
[11-28 11:17:48] 出游戏 [             5765] [                 ] [金钱：100000 道具栏：0@干枯的草根[4398],3;亮闪闪的草叶[4316],6;种子[1597],3;新人宝箱[436],1;精灵果[3116],2;闪光叶子[1575],1;带刺的硬皮[4317],5;仙人绒球[1691],3;骆驼睫毛[1695],1;仙人掌的花[1692],2;沙枣[3117],3;仙人掌的刺[4483],3;亡灵短袍[777],1;]
[11-28 11:17:48] 出游戏 [             5765] [                 ] [临时背包：0@]
[11-28 11:17:48]   装备 [             5765] [                 ] [装备：10@脸型1号[2554],0;新手衣服[289],1;新手靴[641],1;新手小刀[8],1;]
[11-28 11:17:48]   银行 [             5765] [                 ] [银行ID(1):[1]0@;]
[11-28 11:18:39] 进游戏 [             5765] [                 ] [金钱：100000 道具：0@干枯的草根[4398],3;亮闪闪的草叶[4316],6;种子[1597],3;新人宝箱[436],1;精灵果[3116],2;闪光叶子[1575],1;带刺的硬皮[4317],5;仙人绒球[1691],3;骆驼睫毛[1695],1;仙人掌的花[1692],2;沙枣[3117],3;仙人掌的刺[4483],3;亡灵短袍[777],1;]
[11-28 11:18:39] 进游戏 [             5765] [                 ] [临时背包：0@]
[11-28 11:18:39] 进游戏 [             5765] [                 ] [银行ID(1):[1]0@;]
[11-28 11:18:39]   装备 [             5765] [                 ] [装备：10@脸型1号[2554],0;新手衣服[289],1;新手靴[641],1;新手小刀[8],1;]
[11-28 11:18:39] 进游戏 [             5765] [                 ] [角色上线]
[11-28 11:18:39] 进游戏 [             5765] [                 ] [进地图《magicsea》坐标：x = 86275, y = 357475.]
[11-28 11:18:39] 出游戏 [             5765] [                 ] [金钱：100000 道具栏：0@干枯的草根[4398],3;亮闪闪的草叶[4316],6;种子[1597],3;新人宝箱[436],1;精灵果[3116],2;闪光叶子[1575],1;带刺的硬皮[4317],5;仙人绒球[1691],3;骆驼睫毛[1695],1;仙人掌的花[1692],2;沙枣[3117],3;仙人掌的刺[4483],3;亡灵短袍[777],1;]
[11-28 11:18:39] 出游戏 [             5765] [                 ] [临时背包：0@]
[11-28 11:18:39]   装备 [             5765] [                 ] [装备：10@脸型1号[2554],0;新手衣服[289],1;新手靴[641],1;新手小刀[8],1;]
[11-28 11:18:39]   银行 [             5765] [                 ] [银行ID(1):[1]0@;]
[11-28 11:19:04]     捡 [             5765] [                 ] [捡道具，名称 亡灵短袍[777]，个数 1.]
[11-28 11:19:05]     捡 [             5765] [                 ] [捡道具，名称 一级宝石兑换券[888]，个数 1.]
[11-28 11:19:09]   删除 [             5765] [                 ] [删除道具，名称 一级宝石兑换券[888]，个数 1.]
[11-28 11:19:12]   删除 [             5765] [                 ] [删除道具，名称 新手衣服[289]，个数 1.]
[11-28 11:19:20]     扔 [             5765] [                 ] [扔道具，名称 亡灵短袍[777]，个数 1.]
[11-28 11:19:30]     捡 [             5765] [                 ] [捡道具，名称 亡灵短袍[777]，个数 1.]
[11-28 11:19:36]     扔 [             5765] [                 ] [扔道具，名称 亡灵短袍[777]，个数 1.]
[11-28 11:19:42] 出游戏 [             5765] [                 ] [角色离线]
[11-28 11:19:42] 出游戏 [             5765] [                 ] [出地图《magicsea》坐标：x = 86475, y = 357325.]
[11-28 11:19:42] 出游戏 [             5765] [                 ] [金钱：100000 道具栏：0@干枯的草根[4398],3;亮闪闪的草叶[4316],6;种子[1597],3;新人宝箱[436],1;精灵果[3116],2;闪光叶子[1575],1;带刺的硬皮[4317],5;仙人绒球[1691],3;骆驼睫毛[1695],1;仙人掌的花[1692],2;沙枣[3117],3;仙人掌的刺[4483],3;]
[11-28 11:19:42] 出游戏 [             5765] [                 ] [临时背包：0@]
[11-28 11:19:42]   装备 [             5765] [                 ] [装备：10@脸型1号[2554],0;亡灵短袍[777],1;新手靴[641],1;新手小刀[8],1;]
[11-28 11:19:42]   银行 [             5765] [                 ] [银行ID(1):[1]0@;]
[11-28 11:21:18] 进游戏 [               ly] [                 ] [金钱：100000 道具：0@亮闪闪的草叶[4316],2;带刺的硬皮[4317],9;仙人绒球[1691],7;新人宝箱[436],1;新手衣服[289],1;仙人球根须[4506],3;仙人掌球根[4508],4;仙人掌的花[1692],4;沙枣[3117],1;仙人掌的刺[4483],1;干枯的草根[4398],2;精灵果[3116],1;种子[1597],1;]
[11-28 11:21:18] 进游戏 [               ly] [                 ] [临时背包：0@]
[11-28 11:21:18] 进游戏 [               ly] [                 ] [银行ID(1):[1]0@;]
[11-28 11:21:18]   装备 [               ly] [                 ] [装备：10@脸型6号[2559],0;新手衣服[289],1;新手靴[641],1;新手小刀[8],1;]
[11-28 11:21:18] 进游戏 [               ly] [                 ] [角色上线]
[11-28 11:21:18] 进游戏 [               ly] [                 ] [进地图《magicsea》坐标：x = 89425, y = 340525.]
[11-28 11:21:18] 出游戏 [               ly] [                 ] [金钱：100000 道具栏：0@亮闪闪的草叶[4316],2;带刺的硬皮[4317],9;仙人绒球[1691],7;新人宝箱[436],1;新手衣服[289],1;仙人球根须[4506],3;仙人掌球根[4508],4;仙人掌的花[1692],4;沙枣[3117],1;仙人掌的刺[4483],1;干枯的草根[4398],2;精灵果[3116],1;种子[1597],1;]
[11-28 11:21:18] 出游戏 [               ly] [                 ] [临时背包：0@]
[11-28 11:21:18]   装备 [               ly] [                 ] [装备：10@脸型6号[2559],0;新手衣服[289],1;新手靴[641],1;新手小刀[8],1;]
[11-28 11:21:18]   银行 [               ly] [                 ] [银行ID(1):[1]0@;]
[11-28 11:21:29] 任务给 [               ly] [                 ] [BoatSelected:船只选择错误的类型Type[1]]
[11-28 11:21:36] 任务给 [               ly] [                 ] [BoatSelected:船只选择错误的类型Type[1]]
[11-28 11:21:51] 任务给 [               ly] [                 ] [BoatSelected:船只选择错误的类型Type[1]]
[11-28 11:21:57] 任务给 [               ly] [                 ] [BoatSelected:船只选择错误的类型Type[1]]
[11-28 11:22:10] 任务给 [               ly] [                 ] [BoatSelected:船只选择错误的类型Type[1]]
[11-28 11:22:17] 任务给 [               ly] [                 ] [BoatSelected:船只选择错误的类型Type[1]]
[11-28 11:22:26] 任务给 [               ly] [                 ] [BoatSelected:船只选择错误的类型Type[1]]
[11-28 11:22:35] 任务给 [               ly] [                 ] [BoatSelected:船只选择错误的类型Type[1]]
[11-28 11:22:41] 任务给 [               ly] [                 ] [BoatSelected:船只选择错误的类型Type[1]]
[11-28 11:22:48] 任务给 [               ly] [                 ] [BoatSelected:船只选择错误的类型Type[1]]
[11-28 11:23:03] 任务给 [               ly] [                 ] [BoatSelected:船只选择错误的类型Type[1]]
[11-28 11:23:14]   删除 [               ly] [                 ] [删除道具，名称 仙子靴[755]，个数 1.]
[11-28 11:23:15]   删除 [               ly] [                 ] [删除道具，名称 迷之战甲[769]，个数 1.]
[11-28 11:23:17]   删除 [               ly] [                 ] [删除道具，名称 死灵之殇[770]，个数 1.]
[11-28 11:23:19]   删除 [               ly] [                 ] [删除道具，名称 咒纹重剑[771]，个数 1.]
[11-28 11:23:21]   删除 [               ly] [                 ] [删除道具，名称 幻灵之舞[775]，个数 1.]
[11-28 11:23:23]   删除 [               ly] [                 ] [删除道具，名称 咒纹刺剑[774]，个数 1.]
[11-28 11:23:25]   删除 [               ly] [                 ] [删除道具，名称 迷之裁决[773]，个数 1.]
[11-28 11:23:27]   删除 [               ly] [                 ] [删除道具，名称 幻灵之咆哮[772]，个数 1.]
[11-28 11:23:28]   删除 [               ly] [                 ] [删除道具，名称 新手衣服[289]，个数 1.]
[11-28 11:23:30]   删除 [               ly] [                 ] [删除道具，名称 迷之利刃[776]，个数 1.]
[11-28 11:23:32]   删除 [               ly] [                 ] [删除道具，名称 咒纹紧身衣[778]，个数 1.]
[11-28 11:23:40] 任务给 [               ly] [                 ] [BoatSelected:船只选择错误的类型Type[1]]
[11-28 11:23:50] 任务给 [               ly] [                 ] [BoatSelected:船只选择错误的类型Type[1]]
[11-28 11:23:55] 任务给 [               ly] [                 ] [BoatSelected:船只选择错误的类型Type[1]]
[11-28 11:24:01] 任务给 [               ly] [                 ] [BoatSelected:船只选择错误的类型Type[1]]
[11-28 11:24:08] 任务给 [               ly] [                 ] [BoatSelected:船只选择错误的类型Type[1]]
[11-28 11:24:14] 任务给 [               ly] [                 ] [BoatSelected:船只选择错误的类型Type[1]]
[11-28 11:24:20] 任务给 [               ly] [                 ] [BoatSelected:船只选择错误的类型Type[1]]
[11-28 11:24:30] 任务给 [               ly] [                 ] [BoatSelected:船只选择错误的类型Type[1]]
[11-28 11:24:37] 任务给 [               ly] [                 ] [BoatSelected:船只选择错误的类型Type[1]]
[11-28 11:24:44] 任务给 [               ly] [                 ] [BoatSelected:船只选择错误的类型Type[1]]
[11-28 11:24:53] 任务给 [               ly] [                 ] [BoatSelected:船只选择错误的类型Type[1]]
[11-28 11:24:58]   删除 [               ly] [                 ] [删除道具，名称 符文外衣[790]，个数 1.]
[11-28 11:25:01]   删除 [               ly] [                 ] [删除道具，名称 迷幻之刺[802]，个数 1.]
[11-28 11:25:02]   删除 [               ly] [                 ] [删除道具，名称 幻灵披风[805]，个数 1.]
[11-28 11:25:04]   删除 [               ly] [                 ] [删除道具，名称 螃蟹靴[702]，个数 1.]
[11-28 11:25:06]   删除 [               ly] [                 ] [删除道具，名称 70级航海宝箱[698]，个数 1.]
[11-28 11:25:08]   删除 [               ly] [                 ] [删除道具，名称 70级封印宝箱[701]，个数 1.]
[11-28 11:25:09]   删除 [               ly] [                 ] [删除道具，名称 50级封印宝箱[699]，个数 1.]
[11-28 11:25:11]   删除 [               ly] [                 ] [删除道具，名称 大海虾靴[709]，个数 1.]
[11-28 11:25:13]   删除 [               ly] [                 ] [删除道具，名称 高级兔靴[743]，个数 1.]
[11-28 11:25:14]   删除 [               ly] [                 ] [删除道具，名称 信仰靴[723]，个数 1.]
[11-28 11:25:16]   删除 [               ly] [                 ] [删除道具，名称 小绵羊靴[711]，个数 1.]
[11-28 11:25:26] 任务给 [               ly] [                 ] [BoatSelected:船只选择错误的类型Type[1]]
[11-28 11:25:30] 任务给 [               ly] [                 ] [BoatSelected:船只选择错误的类型Type[1]]
[11-28 11:25:34] 任务给 [               ly] [                 ] [BoatSelected:船只选择错误的类型Type[1]]
[11-28 11:25:37] 任务给 [               ly] [                 ] [BoatSelected:船只选择错误的类型Type[1]]
[11-28 11:25:58] 任务给 [               ly] [                 ] [BoatSelected:船只选择错误的类型Type[1]]
[11-28 11:26:04] 任务给 [               ly] [                 ] [BoatSelected:船只选择错误的类型Type[1]]
[11-28 11:26:15] 任务给 [               ly] [                 ] [BoatSelected:船只选择错误的类型Type[1]]
[11-28 11:26:18] 任务给 [               ly] [                 ] [BoatSelected:船只选择错误的类型Type[1]]
[11-28 11:26:22] 任务给 [               ly] [                 ] [BoatSelected:船只选择错误的类型Type[1]]
[11-28 11:26:30] 任务给 [               ly] [                 ] [BoatSelected:船只选择错误的类型Type[1]]
[11-28 11:26:34] 任务给 [               ly] [                 ] [BoatSelected:船只选择错误的类型Type[1]]
[11-28 11:26:38] 任务给 [               ly] [                 ] [BoatSelected:船只选择错误的类型Type[1]]
[11-28 11:26:43]   删除 [               ly] [                 ] [删除道具，名称 力量重塑之书[899]，个数 1.]
[11-28 11:26:45]   删除 [               ly] [                 ] [删除道具，名称 炙焰石[879]，个数 1.]
[11-28 11:26:48]   删除 [               ly] [                 ] [删除道具，名称 幻灵皮靴[877]，个数 1.]
[11-28 11:26:50]   删除 [               ly] [                 ] [删除道具，名称 黑龙之心[866]，个数 1.]
[11-28 11:26:52]   删除 [               ly] [                 ] [删除道具，名称 鹰眼石[861]，个数 1.]
[11-28 11:26:54]   删除 [               ly] [                 ] [删除道具，名称 组队经验果[849]，个数 1.]
[11-28 11:26:57]   删除 [               ly] [                 ] [删除道具，名称 年兽艾米套装身[840]，个数 1.]
[11-28 11:27:25] 任务给 [               ly] [                 ] [BoatSelected:船只选择错误的类型Type[1]]
[11-28 11:27:29] 任务给 [               ly] [                 ] [BoatSelected:船只选择错误的类型Type[1]]
[11-28 11:27:34] 任务给 [               ly] [                 ] [BoatSelected:船只选择错误的类型Type[1]]
[11-28 11:27:38] 任务给 [               ly] [                 ] [BoatSelected:船只选择错误的类型Type[1]]
[11-28 11:27:43] 任务给 [               ly] [                 ] [BoatSelected:船只选择错误的类型Type[1]]
[11-28 11:27:47] 任务给 [               ly] [                 ] [BoatSelected:船只选择错误的类型Type[1]]
[11-28 11:27:57] 任务给 [               ly] [                 ] [BoatSelected:船只选择错误的类型Type[1]]
[11-28 11:28:03] 任务给 [               ly] [                 ] [BoatSelected:船只选择错误的类型Type[1]]
[11-28 11:28:07]   删除 [               ly] [                 ] [删除道具，名称 护士手套[544]，个数 1.]
[11-28 11:28:09]   删除 [               ly] [                 ] [删除道具，名称 大海虾手套[533]，个数 1.]
[11-28 11:28:12]   删除 [               ly] [                 ] [删除道具，名称 护士手套[544]，个数 1.]
[11-28 11:28:14]   删除 [               ly] [                 ] [删除道具，名称 大耳鼠手套[556]，个数 1.]
[11-28 11:28:16]   删除 [               ly] [                 ] [删除道具，名称 破旧的杰克海盗船帆[1210]，个数 1.]
[11-28 11:28:18]   删除 [               ly] [                 ] [删除道具，名称 方舟[922]，个数 1.]
[11-28 11:28:19]     捡 [               ly] [                 ] [捡道具，名称 侍者手套[545]，个数 1.]
[11-28 11:28:29] 任务给 [               ly] [                 ] [BoatSelected:船只选择错误的类型Type[1]]
[11-28 11:28:33] 任务给 [               ly] [                 ] [BoatSelected:船只选择错误的类型Type[1]]
[11-28 11:28:38] 任务给 [               ly] [                 ] [BoatSelected:船只选择错误的类型Type[1]]
[11-28 11:28:41] 任务给 [               ly] [                 ] [BoatSelected:船只选择错误的类型Type[1]]
[11-28 11:28:52] 任务给 [               ly] [                 ] [BoatSelected:船只选择错误的类型Type[1]]
[11-28 11:28:57]   删除 [               ly] [                 ] [删除道具，名称 急救手套[550]，个数 1.]
[11-28 11:28:59]   删除 [               ly] [                 ] [删除道具，名称 学士手套[549]，个数 1.]
[11-28 11:29:00]   删除 [               ly] [                 ] [删除道具，名称 看护者手套[548]，个数 1.]
[11-28 11:29:02]   删除 [               ly] [                 ] [删除道具，名称 信仰手套[547]，个数 1.]
[11-28 11:29:04]   删除 [               ly] [                 ] [删除道具，名称 侍者手套[545]，个数 1.]
[11-28 11:29:06]   删除 [               ly] [                 ] [删除道具，名称 圣职手套[546]，个数 1.]
[11-28 11:29:09]   删除 [               ly] [                 ] [删除道具，名称 年兽卡西斯套装手[835]，个数 1.]
[11-28 11:29:17] 任务给 [               ly] [                 ] [BoatSelected:船只选择错误的类型Type[1]]
[11-28 11:29:20] 任务给 [               ly] [                 ] [BoatSelected:船只选择错误的类型Type[1]]
[11-28 11:29:23] 任务给 [               ly] [                 ] [BoatSelected:船只选择错误的类型Type[1]]
[11-28 11:29:31] 任务给 [               ly] [                 ] [BoatSelected:船只选择错误的类型Type[1]]
[11-28 11:29:34] 任务给 [               ly] [                 ] [BoatSelected:船只选择错误的类型Type[1]]
[11-28 11:29:36] 任务给 [               ly] [                 ] [BoatSelected:船只选择错误的类型Type[1]]
[11-28 11:29:43] 任务给 [               ly] [                 ] [BoatSelected:船只选择错误的类型Type[1]]
[11-28 11:29:46] 任务给 [               ly] [                 ] [BoatSelected:船只选择错误的类型Type[1]]
[11-28 11:29:51]   删除 [               ly] [                 ] [删除道具，名称 大耳鼠手套[556]，个数 1.]
[11-28 11:29:52]     捡 [               ly] [                 ] [捡道具，名称 小山羊手套[559]，个数 1.]
[11-28 11:29:59]   删除 [               ly] [                 ] [删除道具，名称 小山羊手套[559]，个数 1.]
[11-28 11:30:01]   删除 [               ly] [                 ] [删除道具，名称 长耳兔手套[558]，个数 1.]
[11-28 11:30:03]   删除 [               ly] [                 ] [删除道具，名称 保护者手套[553]，个数 1.]
[11-28 11:30:05]   删除 [               ly] [                 ] [删除道具，名称 治疗者手套[552]，个数 1.]
[11-28 11:30:08]   删除 [               ly] [                 ] [删除道具，名称 5级风贝[821]，个数 1.]
[11-28 11:30:11]   删除 [               ly] [                 ] [删除道具，名称 4级风贝[820]，个数 1.]
[11-28 11:30:14]   删除 [               ly] [                 ] [删除道具，名称 远行手套[551]，个数 1.]
[11-28 11:30:17]   删除 [               ly] [                 ] [删除道具，名称 祈愿手套[555]，个数 1.]
[11-28 11:30:19]   删除 [               ly] [                 ] [删除道具，名称 虔诚手套[554]，个数 1.]
[11-28 11:30:27]   删除 [               ly] [                 ] [删除道具，名称 炎玉兑换券[921]，个数 1.]
[11-28 11:30:36] 任务给 [               ly] [                 ] [BoatSelected:船只选择错误的类型Type[1]]
[11-28 11:30:39] 任务给 [               ly] [                 ] [BoatSelected:船只选择错误的类型Type[1]]
[11-28 11:30:44] 任务给 [               ly] [                 ] [BoatSelected:船只选择错误的类型Type[1]]
[11-28 11:30:58]   删除 [               ly] [                 ] [删除道具，名称 东方海盗战斗匕首[157]，个数 1.]
[11-28 11:31:09] 任务给 [               ly] [                 ] [BoatSelected:船只选择错误的类型Type[1]]
[11-28 11:31:12] 任务给 [               ly] [                 ] [BoatSelected:船只选择错误的类型Type[1]]
[11-28 11:31:15] 任务给 [               ly] [                 ] [BoatSelected:船只选择错误的类型Type[1]]
[11-28 11:31:18] 任务给 [               ly] [                 ] [BoatSelected:船只选择错误的类型Type[1]]
[11-28 11:31:35] 任务给 [               ly] [                 ] [BoatSelected:船只选择错误的类型Type[1]]
[11-28 11:31:40] 任务给 [               ly] [                 ] [BoatSelected:船只选择错误的类型Type[1]]
[11-28 11:31:44] 任务给 [               ly] [                 ] [BoatSelected:船只选择错误的类型Type[1]]
[11-28 11:31:52]   删除 [               ly] [                 ] [删除道具，名称 龙虾衣服[355]，个数 1.]
[11-28 11:31:54]   删除 [               ly] [                 ] [删除道具，名称 方士衣服[401]，个数 1.]
[11-28 11:31:56]   删除 [               ly] [                 ] [删除道具，名称 神士衣服[402]，个数 1.]
[11-28 11:32:04] 任务给 [               ly] [                 ] [BoatSelected:船只选择错误的类型Type[1]]
[11-28 11:32:07] 任务给 [               ly] [                 ] [BoatSelected:船只选择错误的类型Type[1]]
[11-28 11:32:12] 任务给 [               ly] [                 ] [BoatSelected:船只选择错误的类型Type[1]]
[11-28 11:32:45] 出游戏 [               ly] [                 ] [角色离线]
[11-28 11:32:45] 出游戏 [               ly] [                 ] [出地图《magicsea》坐标：x = 89025, y = 341275.]
[11-28 11:32:45] 出游戏 [               ly] [                 ] [金钱：100000 道具栏：0@亮闪闪的草叶[4316],2;带刺的硬皮[4317],9;仙人绒球[1691],7;新人宝箱[436],1;新手衣服[289],1;仙人球根须[4506],3;仙人掌球根[4508],4;仙人掌的花[1692],4;沙枣[3117],1;仙人掌的刺[4483],1;干枯的草根[4398],2;精灵果[3116],1;种子[1597],1;黑龙之躯[845],1;东方海盗水手头巾[155],1;东方海盗战斗员徽记[156],1;新手小刀[8],1;中级魔力[250],1;微笑1[255],1;瞪眼1[256],1;粗布衣服[305],1;海水浸泡过的章鱼触手[1300],1;北方海盗突击标记[1320],1;]
[11-28 11:32:45] 出游戏 [               ly] [                 ] [临时背包：0@]
[11-28 11:32:45]   装备 [               ly] [                 ] [装备：10@脸型6号[2559],0;亡灵短袍[777],1;新手靴[641],1;小型弓[1400],1;]
[11-28 11:32:45]   银行 [               ly] [                 ] [银行ID(1):[1]0@;]
