[10-13 23:00:44] 进游戏 [              XXX] [                 ] [金钱：0 道具：0@枯萎叶子[1573],3;翅膀[1620],2;绿色鳞片[4400],3;新人宝箱[436],1;玻璃杯[1777],2;碧绿叶子[1574],3;带香味的花[4322],4;嫩绿的草叶[4315],7;精灵果[3116],2;毒蘑菇[1725],3;带花纹的蜗牛壳[4319],2;蘑菇孢子[4406],2;花苞[1579],1;鲜艳的花瓣[4401],4;蘑菇[3118],2;沙枣[3117],1;草根[4397],2;梦幻花瓣[3130],1;进阶靴子[4310],1;龟血[1844],1;]
[10-13 23:00:44] 进游戏 [              XXX] [                 ] [临时背包：0@]
[10-13 23:00:44] 进游戏 [              XXX] [                 ] [银行ID(1):[1]0@;]
[10-13 23:00:44]   装备 [              XXX] [                 ] [装备：10@脸型1号[2554],0;新手衣服[289],1;新手靴[641],1;新手小刀[8],1;]
[10-13 23:00:44] 进游戏 [              XXX] [                 ] [角色上线]
[10-13 23:00:44] 出游戏 [              XXX] [                 ] [角色离线]
[10-13 23:00:44] 出游戏 [              XXX] [                 ] [出地图《未知》坐标：x = 223511, y = 266825.]
[10-13 23:00:44] 出游戏 [              XXX] [                 ] [金钱：0 道具栏：0@枯萎叶子[1573],3;翅膀[1620],2;绿色鳞片[4400],3;新人宝箱[436],1;玻璃杯[1777],2;碧绿叶子[1574],3;带香味的花[4322],4;嫩绿的草叶[4315],7;精灵果[3116],2;毒蘑菇[1725],3;带花纹的蜗牛壳[4319],2;蘑菇孢子[4406],2;花苞[1579],1;鲜艳的花瓣[4401],4;蘑菇[3118],2;沙枣[3117],1;草根[4397],2;梦幻花瓣[3130],1;进阶靴子[4310],1;龟血[1844],1;]
[10-13 23:00:44] 出游戏 [              XXX] [                 ] [临时背包：0@]
[10-13 23:00:44]   装备 [              XXX] [                 ] [装备：10@脸型1号[2554],0;新手衣服[289],1;新手靴[641],1;新手小刀[8],1;]
[10-13 23:00:44]   银行 [              XXX] [                 ] [银行ID(1):[1]0@;]
[10-13 23:01:54] 进游戏 [               ly] [                 ] [金钱：10000 道具：0@]
[10-13 23:01:54] 进游戏 [               ly] [                 ] [临时背包：0@]
[10-13 23:01:54] 进游戏 [               ly] [                 ] [银行ID(1):[1]0@;]
[10-13 23:01:54]   装备 [               ly] [                 ] [装备：10@脸型6号[2559],0;]
[10-13 23:01:54] 进游戏 [               ly] [                 ] [角色上线]
[10-13 23:01:54] 任务给 [               ly] [                 ] [BoatSelected:船只选择错误的类型Type[1]]
[10-13 23:01:54] 进游戏 [               ly] [                 ] [进地图《magicsea》坐标：x = 89300, y = 357700.]
[10-13 23:01:54] 出游戏 [               ly] [                 ] [金钱：0 道具栏：0@新手衣服[289],1;新手靴[641],1;新手小刀[8],1;新人宝箱[436],1;]
[10-13 23:01:54] 出游戏 [               ly] [                 ] [临时背包：0@]
[10-13 23:01:54]   装备 [               ly] [                 ] [装备：10@脸型6号[2559],0;]
[10-13 23:01:54]   银行 [               ly] [                 ] [银行ID(1):[1]0@;]
[10-13 23:04:35] 出游戏 [               ly] [                 ] [角色离线]
[10-13 23:04:35] 出游戏 [               ly] [                 ] [出地图《magicsea》坐标：x = 90175, y = 356725.]
[10-13 23:04:35] 出游戏 [               ly] [                 ] [金钱：0 道具栏：0@新手衣服[289],1;新手靴[641],1;新手小刀[8],1;新人宝箱[436],1;]
[10-13 23:04:35] 出游戏 [               ly] [                 ] [临时背包：0@]
[10-13 23:04:35]   装备 [               ly] [                 ] [装备：10@脸型6号[2559],0;]
[10-13 23:04:35]   银行 [               ly] [                 ] [银行ID(1):[1]0@;]
[10-13 23:04:49] 进游戏 [               ly] [                 ] [金钱：0 道具：0@新手衣服[289],1;新手靴[641],1;新手小刀[8],1;新人宝箱[436],1;]
[10-13 23:04:49] 进游戏 [               ly] [                 ] [临时背包：0@]
[10-13 23:04:49] 进游戏 [               ly] [                 ] [银行ID(1):[1]0@;]
[10-13 23:04:49]   装备 [               ly] [                 ] [装备：10@脸型6号[2559],0;]
[10-13 23:04:49] 进游戏 [               ly] [                 ] [角色上线]
[10-13 23:04:49] 进游戏 [               ly] [                 ] [进地图《magicsea》坐标：x = 90175, y = 356725.]
[10-13 23:04:49] 出游戏 [               ly] [                 ] [金钱：0 道具栏：0@新手衣服[289],1;新手靴[641],1;新手小刀[8],1;新人宝箱[436],1;]
[10-13 23:04:49] 出游戏 [               ly] [                 ] [临时背包：0@]
[10-13 23:04:49]   装备 [               ly] [                 ] [装备：10@脸型6号[2559],0;]
[10-13 23:04:49]   银行 [               ly] [                 ] [银行ID(1):[1]0@;]
[10-13 23:05:16] 出游戏 [               ly] [                 ] [角色离线]
[10-13 23:05:16] 出游戏 [               ly] [                 ] [出地图《magicsea》坐标：x = 90175, y = 356725.]
[10-13 23:05:16] 出游戏 [               ly] [                 ] [金钱：0 道具栏：0@新手衣服[289],1;新手靴[641],1;新手小刀[8],1;新人宝箱[436],1;]
[10-13 23:05:16] 出游戏 [               ly] [                 ] [临时背包：0@]
[10-13 23:05:16]   装备 [               ly] [                 ] [装备：10@脸型6号[2559],0;]
[10-13 23:05:16]   银行 [               ly] [                 ] [银行ID(1):[1]0@;]
[10-13 23:05:30] 进游戏 [               ly] [                 ] [金钱：0 道具：0@新手衣服[289],1;新手靴[641],1;新手小刀[8],1;新人宝箱[436],1;]
[10-13 23:05:30] 进游戏 [               ly] [                 ] [临时背包：0@]
[10-13 23:05:30] 进游戏 [               ly] [                 ] [银行ID(1):[1]0@;]
[10-13 23:05:30]   装备 [               ly] [                 ] [装备：10@脸型6号[2559],0;]
[10-13 23:05:30] 进游戏 [               ly] [                 ] [角色上线]
[10-13 23:05:30] 进游戏 [               ly] [                 ] [进地图《magicsea》坐标：x = 90175, y = 356725.]
[10-13 23:05:30] 出游戏 [               ly] [                 ] [金钱：0 道具栏：0@新手衣服[289],1;新手靴[641],1;新手小刀[8],1;新人宝箱[436],1;]
[10-13 23:05:30] 出游戏 [               ly] [                 ] [临时背包：0@]
[10-13 23:05:30]   装备 [               ly] [                 ] [装备：10@脸型6号[2559],0;]
[10-13 23:05:30]   银行 [               ly] [                 ] [银行ID(1):[1]0@;]
[10-13 23:06:04] 出游戏 [               ly] [                 ] [角色离线]
[10-13 23:06:04] 出游戏 [               ly] [                 ] [出地图《magicsea》坐标：x = 90175, y = 356725.]
[10-13 23:06:04] 出游戏 [               ly] [                 ] [金钱：0 道具栏：0@新手衣服[289],1;新手靴[641],1;新手小刀[8],1;新人宝箱[436],1;]
[10-13 23:06:04] 出游戏 [               ly] [                 ] [临时背包：0@]
[10-13 23:06:04]   装备 [               ly] [                 ] [装备：10@脸型6号[2559],0;]
[10-13 23:06:04]   银行 [               ly] [                 ] [银行ID(1):[1]0@;]
[10-13 23:06:08] 进游戏 [               ly] [                 ] [金钱：0 道具：0@新手衣服[289],1;新手靴[641],1;新手小刀[8],1;新人宝箱[436],1;]
[10-13 23:06:08] 进游戏 [               ly] [                 ] [临时背包：0@]
[10-13 23:06:08] 进游戏 [               ly] [                 ] [银行ID(1):[1]0@;]
[10-13 23:06:08]   装备 [               ly] [                 ] [装备：10@脸型6号[2559],0;]
[10-13 23:06:08] 进游戏 [               ly] [                 ] [角色上线]
[10-13 23:06:08] 进游戏 [               ly] [                 ] [进地图《magicsea》坐标：x = 90175, y = 356725.]
[10-13 23:06:08] 出游戏 [               ly] [                 ] [金钱：0 道具栏：0@新手衣服[289],1;新手靴[641],1;新手小刀[8],1;新人宝箱[436],1;]
[10-13 23:06:08] 出游戏 [               ly] [                 ] [临时背包：0@]
[10-13 23:06:08]   装备 [               ly] [                 ] [装备：10@脸型6号[2559],0;]
[10-13 23:06:08]   银行 [               ly] [                 ] [银行ID(1):[1]0@;]
[10-13 23:08:06] 出游戏 [               ly] [                 ] [角色离线]
[10-13 23:08:06] 出游戏 [               ly] [                 ] [出地图《magicsea》坐标：x = 90175, y = 356725.]
[10-13 23:08:06] 出游戏 [               ly] [                 ] [金钱：0 道具栏：0@新手衣服[289],1;新手靴[641],1;新手小刀[8],1;新人宝箱[436],1;]
[10-13 23:08:06] 出游戏 [               ly] [                 ] [临时背包：0@]
[10-13 23:08:06]   装备 [               ly] [                 ] [装备：10@脸型6号[2559],0;]
[10-13 23:08:06]   银行 [               ly] [                 ] [银行ID(1):[1]0@;]
[10-13 23:08:11] 进游戏 [               ly] [                 ] [金钱：0 道具：0@新手衣服[289],1;新手靴[641],1;新手小刀[8],1;新人宝箱[436],1;]
[10-13 23:08:11] 进游戏 [               ly] [                 ] [临时背包：0@]
[10-13 23:08:11] 进游戏 [               ly] [                 ] [银行ID(1):[1]0@;]
[10-13 23:08:11]   装备 [               ly] [                 ] [装备：10@脸型6号[2559],0;]
[10-13 23:08:11] 进游戏 [               ly] [                 ] [角色上线]
[10-13 23:08:11] 进游戏 [               ly] [                 ] [进地图《magicsea》坐标：x = 90175, y = 356725.]
[10-13 23:08:11] 出游戏 [               ly] [                 ] [金钱：0 道具栏：0@新手衣服[289],1;新手靴[641],1;新手小刀[8],1;新人宝箱[436],1;]
[10-13 23:08:11] 出游戏 [               ly] [                 ] [临时背包：0@]
[10-13 23:08:11]   装备 [               ly] [                 ] [装备：10@脸型6号[2559],0;]
[10-13 23:08:11]   银行 [               ly] [                 ] [银行ID(1):[1]0@;]
[10-13 23:09:15] 出游戏 [               ly] [                 ] [角色离线]
[10-13 23:09:15] 出游戏 [               ly] [                 ] [出地图《magicsea》坐标：x = 90175, y = 356725.]
[10-13 23:09:15] 出游戏 [               ly] [                 ] [金钱：0 道具栏：0@新手衣服[289],1;新手靴[641],1;新手小刀[8],1;新人宝箱[436],1;]
[10-13 23:09:15] 出游戏 [               ly] [                 ] [临时背包：0@]
[10-13 23:09:15]   装备 [               ly] [                 ] [装备：10@脸型6号[2559],0;]
[10-13 23:09:15]   银行 [               ly] [                 ] [银行ID(1):[1]0@;]
[10-13 23:10:04] 进游戏 [               ly] [                 ] [金钱：0 道具：0@新手衣服[289],1;新手靴[641],1;新手小刀[8],1;新人宝箱[436],1;]
[10-13 23:10:04] 进游戏 [               ly] [                 ] [临时背包：0@]
[10-13 23:10:04] 进游戏 [               ly] [                 ] [银行ID(1):[1]0@;]
[10-13 23:10:04]   装备 [               ly] [                 ] [装备：10@脸型6号[2559],0;]
[10-13 23:10:04] 进游戏 [               ly] [                 ] [角色上线]
[10-13 23:10:04] 进游戏 [               ly] [                 ] [进地图《magicsea》坐标：x = 90175, y = 356725.]
[10-13 23:10:04] 出游戏 [               ly] [                 ] [金钱：0 道具栏：0@新手衣服[289],1;新手靴[641],1;新手小刀[8],1;新人宝箱[436],1;]
[10-13 23:10:04] 出游戏 [               ly] [                 ] [临时背包：0@]
[10-13 23:10:04]   装备 [               ly] [                 ] [装备：10@脸型6号[2559],0;]
[10-13 23:10:04]   银行 [               ly] [                 ] [银行ID(1):[1]0@;]
[10-13 23:10:55] 出游戏 [               ly] [                 ] [角色离线]
[10-13 23:10:55] 出游戏 [               ly] [                 ] [出地图《magicsea》坐标：x = 90425, y = 354875.]
[10-13 23:10:55] 出游戏 [               ly] [                 ] [金钱：0 道具栏：0@新手衣服[289],1;新手靴[641],1;新手小刀[8],1;新人宝箱[436],1;]
[10-13 23:10:55] 出游戏 [               ly] [                 ] [临时背包：0@]
[10-13 23:10:55]   装备 [               ly] [                 ] [装备：10@脸型6号[2559],0;]
[10-13 23:10:55]   银行 [               ly] [                 ] [银行ID(1):[1]0@;]
[10-13 23:11:00] 进游戏 [               ly] [                 ] [金钱：0 道具：0@新手衣服[289],1;新手靴[641],1;新手小刀[8],1;新人宝箱[436],1;]
[10-13 23:11:00] 进游戏 [               ly] [                 ] [临时背包：0@]
[10-13 23:11:00] 进游戏 [               ly] [                 ] [银行ID(1):[1]0@;]
[10-13 23:11:00]   装备 [               ly] [                 ] [装备：10@脸型6号[2559],0;]
[10-13 23:11:00] 进游戏 [               ly] [                 ] [角色上线]
[10-13 23:11:00] 进游戏 [               ly] [                 ] [进地图《magicsea》坐标：x = 90425, y = 354875.]
[10-13 23:11:00] 出游戏 [               ly] [                 ] [金钱：0 道具栏：0@新手衣服[289],1;新手靴[641],1;新手小刀[8],1;新人宝箱[436],1;]
[10-13 23:11:00] 出游戏 [               ly] [                 ] [临时背包：0@]
[10-13 23:11:00]   装备 [               ly] [                 ] [装备：10@脸型6号[2559],0;]
[10-13 23:11:00]   银行 [               ly] [                 ] [银行ID(1):[1]0@;]
[10-13 23:15:14] 出游戏 [               ly] [                 ] [角色离线]
[10-13 23:15:14] 出游戏 [               ly] [                 ] [出地图《magicsea》坐标：x = 97975, y = 343275.]
[10-13 23:15:14] 出游戏 [               ly] [                 ] [金钱：0 道具栏：0@新手衣服[289],1;新手靴[641],1;新手小刀[8],1;新人宝箱[436],1;]
[10-13 23:15:14] 出游戏 [               ly] [                 ] [临时背包：0@]
[10-13 23:15:14]   装备 [               ly] [                 ] [装备：10@脸型6号[2559],0;]
[10-13 23:15:14]   银行 [               ly] [                 ] [银行ID(1):[1]0@;]
[10-13 23:25:09] 进游戏 [               ly] [                 ] [金钱：0 道具：0@新手衣服[289],1;新手靴[641],1;新手小刀[8],1;新人宝箱[436],1;]
[10-13 23:25:09] 进游戏 [               ly] [                 ] [临时背包：0@]
[10-13 23:25:09] 进游戏 [               ly] [                 ] [银行ID(1):[1]0@;]
[10-13 23:25:09]   装备 [               ly] [                 ] [装备：10@脸型6号[2559],0;]
[10-13 23:25:09] 进游戏 [               ly] [                 ] [角色上线]
[10-13 23:25:09] 进游戏 [               ly] [                 ] [进地图《magicsea》坐标：x = 97975, y = 343275.]
[10-13 23:25:09] 出游戏 [               ly] [                 ] [金钱：0 道具栏：0@新手衣服[289],1;新手靴[641],1;新手小刀[8],1;新人宝箱[436],1;]
[10-13 23:25:09] 出游戏 [               ly] [                 ] [临时背包：0@]
[10-13 23:25:09]   装备 [               ly] [                 ] [装备：10@脸型6号[2559],0;]
[10-13 23:25:09]   银行 [               ly] [                 ] [银行ID(1):[1]0@;]
[10-13 23:31:12] 出游戏 [               ly] [                 ] [出地图《magicsea》坐标：x = 81900, y = 365400.]
[10-13 23:31:12] 进游戏 [               ly] [                 ] [进地图《magicsea》坐标：x = 81900, y = 365400.]
[10-13 23:32:27] 出游戏 [               ly] [                 ] [角色离线]
[10-13 23:32:27] 出游戏 [               ly] [                 ] [出地图《magicsea》坐标：x = 81975, y = 361425.]
[10-13 23:32:27] 出游戏 [               ly] [                 ] [金钱：0 道具栏：0@新手衣服[289],1;新手靴[641],1;新手小刀[8],1;新人宝箱[436],1;]
[10-13 23:32:27] 出游戏 [               ly] [                 ] [临时背包：0@]
[10-13 23:32:27]   装备 [               ly] [                 ] [装备：10@脸型6号[2559],0;]
[10-13 23:32:27]   银行 [               ly] [                 ] [银行ID(1):[1]0@;]
[10-14 21:49:57] 进游戏 [               ly] [                 ] [金钱：0 道具：0@新手衣服[289],1;新手靴[641],1;新手小刀[8],1;新人宝箱[436],1;]
[10-14 21:49:58] 进游戏 [               ly] [                 ] [临时背包：0@]
[10-14 21:49:58] 进游戏 [               ly] [                 ] [银行ID(1):[1]0@;]
[10-14 21:49:58]   装备 [               ly] [                 ] [装备：10@脸型6号[2559],0;]
[10-14 21:49:58] 进游戏 [               ly] [                 ] [角色上线]
[10-14 21:49:58] 进游戏 [               ly] [                 ] [进地图《magicsea》坐标：x = 81975, y = 361425.]
[10-14 21:49:58] 出游戏 [               ly] [                 ] [金钱：0 道具栏：0@新手衣服[289],1;新手靴[641],1;新手小刀[8],1;新人宝箱[436],1;]
[10-14 21:49:58] 出游戏 [               ly] [                 ] [临时背包：0@]
[10-14 21:49:58]   装备 [               ly] [                 ] [装备：10@脸型6号[2559],0;]
[10-14 21:49:58]   银行 [               ly] [                 ] [银行ID(1):[1]0@;]
[10-14 21:59:46]     捡 [               ly] [                 ] [捡道具，名称 亮闪闪的草叶[4316]，个数 1.]
[10-14 22:00:11]     捡 [               ly] [                 ] [捡道具，名称 带刺的硬皮[4317]，个数 1.]
[10-14 22:00:12]     捡 [               ly] [                 ] [捡道具，名称 仙人绒球[1691]，个数 1.]
[10-14 22:00:42]     捡 [               ly] [                 ] [捡道具，名称 新手衣服[289]，个数 1.]
[10-14 22:00:53]     捡 [               ly] [                 ] [捡道具，名称 带刺的硬皮[4317]，个数 1.]
[10-14 22:00:55]     捡 [               ly] [                 ] [捡道具，名称 仙人绒球[1691]，个数 1.]
[10-14 22:01:09]     捡 [               ly] [                 ] [捡道具，名称 带刺的硬皮[4317]，个数 1.]
[10-14 22:01:36]     捡 [               ly] [                 ] [捡道具，名称 带刺的硬皮[4317]，个数 1.]
[10-14 22:01:37]     捡 [               ly] [                 ] [捡道具，名称 仙人球根须[4506]，个数 1.]
[10-14 22:01:48]     捡 [               ly] [                 ] [捡道具，名称 带刺的硬皮[4317]，个数 1.]
[10-14 22:02:06]     捡 [               ly] [                 ] [捡道具，名称 仙人掌球根[4508]，个数 1.]
[10-14 22:02:08]     捡 [               ly] [                 ] [捡道具，名称 仙人掌的花[1692]，个数 1.]
[10-14 22:02:15]     捡 [               ly] [                 ] [捡道具，名称 沙枣[3117]，个数 1.]
[10-14 22:02:17]     捡 [               ly] [                 ] [捡道具，名称 仙人掌球根[4508]，个数 1.]
[10-14 22:02:54]     捡 [               ly] [                 ] [捡道具，名称 仙人球根须[4506]，个数 1.]
[10-14 22:02:56]     捡 [               ly] [                 ] [捡道具，名称 仙人绒球[1691]，个数 1.]
[10-14 22:03:16]     捡 [               ly] [                 ] [捡道具，名称 带刺的硬皮[4317]，个数 1.]
[10-14 22:03:51]     捡 [               ly] [                 ] [捡道具，名称 仙人球根须[4506]，个数 1.]
[10-14 22:03:52]     捡 [               ly] [                 ] [捡道具，名称 仙人绒球[1691]，个数 1.]
[10-14 22:04:38] 出游戏 [               ly] [                 ] [角色离线]
[10-14 22:04:38] 出游戏 [               ly] [                 ] [出地图《magicsea》坐标：x = 102975, y = 356625.]
[10-14 22:04:38] 出游戏 [               ly] [                 ] [金钱：0 道具栏：0@新人宝箱[436],1;亮闪闪的草叶[4316],1;带刺的硬皮[4317],6;仙人绒球[1691],4;新手衣服[289],1;仙人球根须[4506],3;仙人掌球根[4508],2;仙人掌的花[1692],1;沙枣[3117],1;]
[10-14 22:04:38] 出游戏 [               ly] [                 ] [临时背包：0@]
[10-14 22:04:38]   装备 [               ly] [                 ] [装备：10@脸型6号[2559],0;新手衣服[289],1;新手靴[641],1;新手小刀[8],1;]
[10-14 22:04:38]   银行 [               ly] [                 ] [银行ID(1):[1]0@;]
[10-14 22:58:22] 进游戏 [               ly] [                 ] [金钱：0 道具：0@亮闪闪的草叶[4316],1;带刺的硬皮[4317],6;仙人绒球[1691],4;新人宝箱[436],1;新手衣服[289],1;仙人球根须[4506],3;仙人掌球根[4508],2;仙人掌的花[1692],1;沙枣[3117],1;]
[10-14 22:58:22] 进游戏 [               ly] [                 ] [临时背包：0@]
[10-14 22:58:22] 进游戏 [               ly] [                 ] [银行ID(1):[1]0@;]
[10-14 22:58:22]   装备 [               ly] [                 ] [装备：10@脸型6号[2559],0;新手衣服[289],1;新手靴[641],1;新手小刀[8],1;]
[10-14 22:58:22] 进游戏 [               ly] [                 ] [角色上线]
[10-14 22:58:22] 进游戏 [               ly] [                 ] [进地图《magicsea》坐标：x = 102975, y = 356625.]
[10-14 22:58:22] 出游戏 [               ly] [                 ] [金钱：0 道具栏：0@亮闪闪的草叶[4316],1;带刺的硬皮[4317],6;仙人绒球[1691],4;新人宝箱[436],1;新手衣服[289],1;仙人球根须[4506],3;仙人掌球根[4508],2;仙人掌的花[1692],1;沙枣[3117],1;]
[10-14 22:58:22] 出游戏 [               ly] [                 ] [临时背包：0@]
[10-14 22:58:22]   装备 [               ly] [                 ] [装备：10@脸型6号[2559],0;新手衣服[289],1;新手靴[641],1;新手小刀[8],1;]
[10-14 22:58:22]   银行 [               ly] [                 ] [银行ID(1):[1]0@;]
[10-14 22:59:05] 出游戏 [               ly] [                 ] [角色离线]
[10-14 22:59:05] 出游戏 [               ly] [                 ] [出地图《magicsea》坐标：x = 106075, y = 360125.]
[10-14 22:59:05] 出游戏 [               ly] [                 ] [金钱：0 道具栏：0@亮闪闪的草叶[4316],1;带刺的硬皮[4317],6;仙人绒球[1691],4;新人宝箱[436],1;新手衣服[289],1;仙人球根须[4506],3;仙人掌球根[4508],2;仙人掌的花[1692],1;沙枣[3117],1;]
[10-14 22:59:05] 出游戏 [               ly] [                 ] [临时背包：0@]
[10-14 22:59:05]   装备 [               ly] [                 ] [装备：10@脸型6号[2559],0;新手衣服[289],1;新手靴[641],1;新手小刀[8],1;]
[10-14 22:59:05]   银行 [               ly] [                 ] [银行ID(1):[1]0@;]
[10-15 22:56:34] 进游戏 [               ly] [                 ] [金钱：0 道具：0@亮闪闪的草叶[4316],1;带刺的硬皮[4317],6;仙人绒球[1691],4;新人宝箱[436],1;新手衣服[289],1;仙人球根须[4506],3;仙人掌球根[4508],2;仙人掌的花[1692],1;沙枣[3117],1;]
[10-15 22:56:34] 进游戏 [               ly] [                 ] [临时背包：0@]
[10-15 22:56:34] 进游戏 [               ly] [                 ] [银行ID(1):[1]0@;]
[10-15 22:56:34]   装备 [               ly] [                 ] [装备：10@脸型6号[2559],0;新手衣服[289],1;新手靴[641],1;新手小刀[8],1;]
[10-15 22:56:34] 进游戏 [               ly] [                 ] [角色上线]
[10-15 22:56:34] 进游戏 [               ly] [                 ] [进地图《magicsea》坐标：x = 106075, y = 360125.]
[10-15 22:56:34] 出游戏 [               ly] [                 ] [金钱：0 道具栏：0@亮闪闪的草叶[4316],1;带刺的硬皮[4317],6;仙人绒球[1691],4;新人宝箱[436],1;新手衣服[289],1;仙人球根须[4506],3;仙人掌球根[4508],2;仙人掌的花[1692],1;沙枣[3117],1;]
[10-15 22:56:34] 出游戏 [               ly] [                 ] [临时背包：0@]
[10-15 22:56:34]   装备 [               ly] [                 ] [装备：10@脸型6号[2559],0;新手衣服[289],1;新手靴[641],1;新手小刀[8],1;]
[10-15 22:56:34]   银行 [               ly] [                 ] [银行ID(1):[1]0@;]
[10-15 22:56:47]     捡 [               ly] [                 ] [捡道具，名称 仙人掌的花[1692]，个数 1.]
[10-15 22:56:49]     捡 [               ly] [                 ] [捡道具，名称 仙人掌的刺[4483]，个数 1.]
[10-15 22:56:50]     捡 [               ly] [                 ] [捡道具，名称 仙人掌球根[4508]，个数 1.]
[10-15 22:57:17]     捡 [               ly] [                 ] [捡道具，名称 仙人掌的花[1692]，个数 1.]
[10-15 22:57:29]     捡 [               ly] [                 ] [捡道具，名称 仙人掌的花[1692]，个数 1.]
[10-15 22:57:31]     捡 [               ly] [                 ] [捡道具，名称 仙人掌球根[4508]，个数 1.]
[10-15 22:57:36] 出游戏 [               ly] [                 ] [角色离线]
[10-15 22:57:36] 出游戏 [               ly] [                 ] [出地图《magicsea》坐标：x = 105975, y = 357725.]
[10-15 22:57:36] 出游戏 [               ly] [                 ] [金钱：0 道具栏：0@亮闪闪的草叶[4316],1;带刺的硬皮[4317],6;仙人绒球[1691],4;新人宝箱[436],1;新手衣服[289],1;仙人球根须[4506],3;仙人掌球根[4508],4;仙人掌的花[1692],4;沙枣[3117],1;仙人掌的刺[4483],1;]
[10-15 22:57:36] 出游戏 [               ly] [                 ] [临时背包：0@]
[10-15 22:57:36]   装备 [               ly] [                 ] [装备：10@脸型6号[2559],0;新手衣服[289],1;新手靴[641],1;新手小刀[8],1;]
[10-15 22:57:36]   银行 [               ly] [                 ] [银行ID(1):[1]0@;]
[10-15 23:18:03] 进游戏 [               ly] [                 ] [金钱：0 道具：0@亮闪闪的草叶[4316],1;带刺的硬皮[4317],6;仙人绒球[1691],4;新人宝箱[436],1;新手衣服[289],1;仙人球根须[4506],3;仙人掌球根[4508],4;仙人掌的花[1692],4;沙枣[3117],1;仙人掌的刺[4483],1;]
[10-15 23:18:03] 进游戏 [               ly] [                 ] [临时背包：0@]
[10-15 23:18:03] 进游戏 [               ly] [                 ] [银行ID(1):[1]0@;]
[10-15 23:18:03]   装备 [               ly] [                 ] [装备：10@脸型6号[2559],0;新手衣服[289],1;新手靴[641],1;新手小刀[8],1;]
[10-15 23:18:03] 进游戏 [               ly] [                 ] [角色上线]
[10-15 23:18:03] 进游戏 [               ly] [                 ] [进地图《magicsea》坐标：x = 105975, y = 357725.]
[10-15 23:18:03] 出游戏 [               ly] [                 ] [金钱：0 道具栏：0@亮闪闪的草叶[4316],1;带刺的硬皮[4317],6;仙人绒球[1691],4;新人宝箱[436],1;新手衣服[289],1;仙人球根须[4506],3;仙人掌球根[4508],4;仙人掌的花[1692],4;沙枣[3117],1;仙人掌的刺[4483],1;]
[10-15 23:18:03] 出游戏 [               ly] [                 ] [临时背包：0@]
[10-15 23:18:03]   装备 [               ly] [                 ] [装备：10@脸型6号[2559],0;新手衣服[289],1;新手靴[641],1;新手小刀[8],1;]
[10-15 23:18:03]   银行 [               ly] [                 ] [银行ID(1):[1]0@;]
[10-15 23:18:37] 出游戏 [               ly] [                 ] [角色离线]
[10-15 23:18:37] 出游戏 [               ly] [                 ] [出地图《magicsea》坐标：x = 106525, y = 358675.]
[10-15 23:18:37] 出游戏 [               ly] [                 ] [金钱：0 道具栏：0@亮闪闪的草叶[4316],1;带刺的硬皮[4317],6;仙人绒球[1691],4;新人宝箱[436],1;新手衣服[289],1;仙人球根须[4506],3;仙人掌球根[4508],4;仙人掌的花[1692],4;沙枣[3117],1;仙人掌的刺[4483],1;]
[10-15 23:18:37] 出游戏 [               ly] [                 ] [临时背包：0@]
[10-15 23:18:37]   装备 [               ly] [                 ] [装备：10@脸型6号[2559],0;新手衣服[289],1;新手靴[641],1;新手小刀[8],1;]
[10-15 23:18:37]   银行 [               ly] [                 ] [银行ID(1):[1]0@;]
[10-15 23:20:18] 进游戏 [               ly] [                 ] [金钱：0 道具：0@亮闪闪的草叶[4316],1;带刺的硬皮[4317],6;仙人绒球[1691],4;新人宝箱[436],1;新手衣服[289],1;仙人球根须[4506],3;仙人掌球根[4508],4;仙人掌的花[1692],4;沙枣[3117],1;仙人掌的刺[4483],1;]
[10-15 23:20:18] 进游戏 [               ly] [                 ] [临时背包：0@]
[10-15 23:20:18] 进游戏 [               ly] [                 ] [银行ID(1):[1]0@;]
[10-15 23:20:18]   装备 [               ly] [                 ] [装备：10@脸型6号[2559],0;新手衣服[289],1;新手靴[641],1;新手小刀[8],1;]
[10-15 23:20:18] 进游戏 [               ly] [                 ] [角色上线]
[10-15 23:20:19] 进游戏 [               ly] [                 ] [进地图《magicsea》坐标：x = 106525, y = 358675.]
[10-15 23:20:19] 出游戏 [               ly] [                 ] [金钱：0 道具栏：0@亮闪闪的草叶[4316],1;带刺的硬皮[4317],6;仙人绒球[1691],4;新人宝箱[436],1;新手衣服[289],1;仙人球根须[4506],3;仙人掌球根[4508],4;仙人掌的花[1692],4;沙枣[3117],1;仙人掌的刺[4483],1;]
[10-15 23:20:19] 出游戏 [               ly] [                 ] [临时背包：0@]
[10-15 23:20:19]   装备 [               ly] [                 ] [装备：10@脸型6号[2559],0;新手衣服[289],1;新手靴[641],1;新手小刀[8],1;]
[10-15 23:20:19]   银行 [               ly] [                 ] [银行ID(1):[1]0@;]
[10-15 23:20:30] 出游戏 [               ly] [                 ] [角色离线]
[10-15 23:20:30] 出游戏 [               ly] [                 ] [出地图《magicsea》坐标：x = 106525, y = 358675.]
[10-15 23:20:30] 出游戏 [               ly] [                 ] [金钱：0 道具栏：0@亮闪闪的草叶[4316],1;带刺的硬皮[4317],6;仙人绒球[1691],4;新人宝箱[436],1;新手衣服[289],1;仙人球根须[4506],3;仙人掌球根[4508],4;仙人掌的花[1692],4;沙枣[3117],1;仙人掌的刺[4483],1;]
[10-15 23:20:30] 出游戏 [               ly] [                 ] [临时背包：0@]
[10-15 23:20:30]   装备 [               ly] [                 ] [装备：10@脸型6号[2559],0;新手衣服[289],1;新手靴[641],1;新手小刀[8],1;]
[10-15 23:20:30]   银行 [               ly] [                 ] [银行ID(1):[1]0@;]
[10-15 23:20:52] 进游戏 [               ly] [                 ] [金钱：0 道具：0@亮闪闪的草叶[4316],1;带刺的硬皮[4317],6;仙人绒球[1691],4;新人宝箱[436],1;新手衣服[289],1;仙人球根须[4506],3;仙人掌球根[4508],4;仙人掌的花[1692],4;沙枣[3117],1;仙人掌的刺[4483],1;]
[10-15 23:20:52] 进游戏 [               ly] [                 ] [临时背包：0@]
[10-15 23:20:52] 进游戏 [               ly] [                 ] [银行ID(1):[1]0@;]
[10-15 23:20:52]   装备 [               ly] [                 ] [装备：10@脸型6号[2559],0;新手衣服[289],1;新手靴[641],1;新手小刀[8],1;]
[10-15 23:20:52] 进游戏 [               ly] [                 ] [角色上线]
[10-15 23:20:52] 进游戏 [               ly] [                 ] [进地图《magicsea》坐标：x = 106525, y = 358675.]
[10-15 23:20:52] 出游戏 [               ly] [                 ] [金钱：0 道具栏：0@亮闪闪的草叶[4316],1;带刺的硬皮[4317],6;仙人绒球[1691],4;新人宝箱[436],1;新手衣服[289],1;仙人球根须[4506],3;仙人掌球根[4508],4;仙人掌的花[1692],4;沙枣[3117],1;仙人掌的刺[4483],1;]
[10-15 23:20:52] 出游戏 [               ly] [                 ] [临时背包：0@]
[10-15 23:20:52]   装备 [               ly] [                 ] [装备：10@脸型6号[2559],0;新手衣服[289],1;新手靴[641],1;新手小刀[8],1;]
[10-15 23:20:52]   银行 [               ly] [                 ] [银行ID(1):[1]0@;]
[10-15 23:27:47]     捡 [               ly] [                 ] [捡道具，名称 干枯的草根[4398]，个数 1.]
[10-15 23:27:49]     捡 [               ly] [                 ] [捡道具，名称 亮闪闪的草叶[4316]，个数 1.]
[10-15 23:27:50]     捡 [               ly] [                 ] [捡道具，名称 精灵果[3116]，个数 1.]
[10-15 23:28:08]     捡 [               ly] [                 ] [捡道具，名称 带刺的硬皮[4317]，个数 1.]
[10-15 23:28:10]     捡 [               ly] [                 ] [捡道具，名称 仙人绒球[1691]，个数 1.]
[10-15 23:29:31] 出游戏 [               ly] [                 ] [出地图《magicsea》坐标：x = 84500, y = 350200.]
[10-15 23:29:32] 进游戏 [               ly] [                 ] [进地图《magicsea》坐标：x = 84500, y = 350200.]
[10-15 23:30:36] 出游戏 [               ly] [                 ] [角色离线]
[10-15 23:30:36] 出游戏 [               ly] [                 ] [出地图《magicsea》坐标：x = 85475, y = 350025.]
[10-15 23:30:36] 出游戏 [               ly] [                 ] [金钱：0 道具栏：0@亮闪闪的草叶[4316],2;带刺的硬皮[4317],7;仙人绒球[1691],5;新人宝箱[436],1;新手衣服[289],1;仙人球根须[4506],3;仙人掌球根[4508],4;仙人掌的花[1692],4;沙枣[3117],1;仙人掌的刺[4483],1;干枯的草根[4398],1;精灵果[3116],1;]
[10-15 23:30:36] 出游戏 [               ly] [                 ] [临时背包：0@]
[10-15 23:30:36]   装备 [               ly] [                 ] [装备：10@脸型6号[2559],0;新手衣服[289],1;新手靴[641],1;新手小刀[8],1;]
[10-15 23:30:36]   银行 [               ly] [                 ] [银行ID(1):[1]0@;]
[10-15 23:32:43] 进游戏 [               ly] [                 ] [金钱：0 道具：0@亮闪闪的草叶[4316],2;带刺的硬皮[4317],7;仙人绒球[1691],5;新人宝箱[436],1;新手衣服[289],1;仙人球根须[4506],3;仙人掌球根[4508],4;仙人掌的花[1692],4;沙枣[3117],1;仙人掌的刺[4483],1;干枯的草根[4398],1;精灵果[3116],1;]
[10-15 23:32:43] 进游戏 [               ly] [                 ] [临时背包：0@]
[10-15 23:32:43] 进游戏 [               ly] [                 ] [银行ID(1):[1]0@;]
[10-15 23:32:43]   装备 [               ly] [                 ] [装备：10@脸型6号[2559],0;新手衣服[289],1;新手靴[641],1;新手小刀[8],1;]
[10-15 23:32:43] 进游戏 [               ly] [                 ] [角色上线]
[10-15 23:32:44] 进游戏 [               ly] [                 ] [进地图《magicsea》坐标：x = 85475, y = 350025.]
[10-15 23:32:44] 出游戏 [               ly] [                 ] [金钱：0 道具栏：0@亮闪闪的草叶[4316],2;带刺的硬皮[4317],7;仙人绒球[1691],5;新人宝箱[436],1;新手衣服[289],1;仙人球根须[4506],3;仙人掌球根[4508],4;仙人掌的花[1692],4;沙枣[3117],1;仙人掌的刺[4483],1;干枯的草根[4398],1;精灵果[3116],1;]
[10-15 23:32:44] 出游戏 [               ly] [                 ] [临时背包：0@]
[10-15 23:32:44]   装备 [               ly] [                 ] [装备：10@脸型6号[2559],0;新手衣服[289],1;新手靴[641],1;新手小刀[8],1;]
[10-15 23:32:44]   银行 [               ly] [                 ] [银行ID(1):[1]0@;]
[10-15 23:32:57] 出游戏 [               ly] [                 ] [角色离线]
[10-15 23:32:57] 出游戏 [               ly] [                 ] [出地图《magicsea》坐标：x = 84675, y = 350175.]
[10-15 23:32:57] 出游戏 [               ly] [                 ] [金钱：0 道具栏：0@亮闪闪的草叶[4316],2;带刺的硬皮[4317],7;仙人绒球[1691],5;新人宝箱[436],1;新手衣服[289],1;仙人球根须[4506],3;仙人掌球根[4508],4;仙人掌的花[1692],4;沙枣[3117],1;仙人掌的刺[4483],1;干枯的草根[4398],1;精灵果[3116],1;]
[10-15 23:32:57] 出游戏 [               ly] [                 ] [临时背包：0@]
[10-15 23:32:57]   装备 [               ly] [                 ] [装备：10@脸型6号[2559],0;新手衣服[289],1;新手靴[641],1;新手小刀[8],1;]
[10-15 23:32:57]   银行 [               ly] [                 ] [银行ID(1):[1]0@;]
[10-15 23:33:29] 进游戏 [             5765] [                 ] [金钱：10000 道具：0@]
[10-15 23:33:29] 进游戏 [             5765] [                 ] [临时背包：0@]
[10-15 23:33:29] 进游戏 [             5765] [                 ] [银行ID(1):[1]0@;]
[10-15 23:33:29]   装备 [             5765] [                 ] [装备：10@脸型1号[2554],0;]
[10-15 23:33:29] 进游戏 [             5765] [                 ] [角色上线]
[10-15 23:33:29] 任务给 [             5765] [                 ] [BoatSelected:船只选择错误的类型Type[1]]
[10-15 23:33:29] 进游戏 [             5765] [                 ] [进地图《magicsea》坐标：x = 89300, y = 357400.]
[10-15 23:33:29] 出游戏 [             5765] [                 ] [金钱：0 道具栏：0@新手衣服[289],1;新手靴[641],1;新手小刀[8],1;新人宝箱[436],1;]
[10-15 23:33:29] 出游戏 [             5765] [                 ] [临时背包：0@]
[10-15 23:33:29]   装备 [             5765] [                 ] [装备：10@脸型1号[2554],0;]
[10-15 23:33:29]   银行 [             5765] [                 ] [银行ID(1):[1]0@;]
[10-15 23:34:00] 出游戏 [             5765] [                 ] [角色离线]
[10-15 23:34:00] 出游戏 [             5765] [                 ] [出地图《magicsea》坐标：x = 91575, y = 356525.]
[10-15 23:34:00] 出游戏 [             5765] [                 ] [金钱：0 道具栏：0@新手衣服[289],1;新手靴[641],1;新手小刀[8],1;新人宝箱[436],1;]
[10-15 23:34:00] 出游戏 [             5765] [                 ] [临时背包：0@]
[10-15 23:34:00]   装备 [             5765] [                 ] [装备：10@脸型1号[2554],0;]
[10-15 23:34:00]   银行 [             5765] [                 ] [银行ID(1):[1]0@;]
[10-15 23:40:57] 进游戏 [               ly] [                 ] [金钱：0 道具：0@亮闪闪的草叶[4316],2;带刺的硬皮[4317],7;仙人绒球[1691],5;新人宝箱[436],1;新手衣服[289],1;仙人球根须[4506],3;仙人掌球根[4508],4;仙人掌的花[1692],4;沙枣[3117],1;仙人掌的刺[4483],1;干枯的草根[4398],1;精灵果[3116],1;]
[10-15 23:40:57] 进游戏 [               ly] [                 ] [临时背包：0@]
[10-15 23:40:57] 进游戏 [               ly] [                 ] [银行ID(1):[1]0@;]
[10-15 23:40:57]   装备 [               ly] [                 ] [装备：10@脸型6号[2559],0;新手衣服[289],1;新手靴[641],1;新手小刀[8],1;]
[10-15 23:40:57] 进游戏 [               ly] [                 ] [角色上线]
[10-15 23:40:57] 进游戏 [               ly] [                 ] [进地图《magicsea》坐标：x = 84675, y = 350175.]
[10-15 23:40:57] 出游戏 [               ly] [                 ] [金钱：0 道具栏：0@亮闪闪的草叶[4316],2;带刺的硬皮[4317],7;仙人绒球[1691],5;新人宝箱[436],1;新手衣服[289],1;仙人球根须[4506],3;仙人掌球根[4508],4;仙人掌的花[1692],4;沙枣[3117],1;仙人掌的刺[4483],1;干枯的草根[4398],1;精灵果[3116],1;]
[10-15 23:40:57] 出游戏 [               ly] [                 ] [临时背包：0@]
[10-15 23:40:57]   装备 [               ly] [                 ] [装备：10@脸型6号[2559],0;新手衣服[289],1;新手靴[641],1;新手小刀[8],1;]
[10-15 23:40:57]   银行 [               ly] [                 ] [银行ID(1):[1]0@;]
[10-15 23:41:07] 出游戏 [               ly] [                 ] [角色离线]
[10-15 23:41:07] 出游戏 [               ly] [                 ] [出地图《magicsea》坐标：x = 84675, y = 350175.]
[10-15 23:41:07] 出游戏 [               ly] [                 ] [金钱：0 道具栏：0@亮闪闪的草叶[4316],2;带刺的硬皮[4317],7;仙人绒球[1691],5;新人宝箱[436],1;新手衣服[289],1;仙人球根须[4506],3;仙人掌球根[4508],4;仙人掌的花[1692],4;沙枣[3117],1;仙人掌的刺[4483],1;干枯的草根[4398],1;精灵果[3116],1;]
[10-15 23:41:07] 出游戏 [               ly] [                 ] [临时背包：0@]
[10-15 23:41:07]   装备 [               ly] [                 ] [装备：10@脸型6号[2559],0;新手衣服[289],1;新手靴[641],1;新手小刀[8],1;]
[10-15 23:41:07]   银行 [               ly] [                 ] [银行ID(1):[1]0@;]
[10-15 23:45:53] 进游戏 [             5765] [                 ] [金钱：0 道具：0@新手衣服[289],1;新手靴[641],1;新手小刀[8],1;新人宝箱[436],1;]
[10-15 23:45:53] 进游戏 [             5765] [                 ] [临时背包：0@]
[10-15 23:45:53] 进游戏 [             5765] [                 ] [银行ID(1):[1]0@;]
[10-15 23:45:53]   装备 [             5765] [                 ] [装备：10@脸型1号[2554],0;]
[10-15 23:45:53] 进游戏 [             5765] [                 ] [角色上线]
[10-15 23:45:53] 进游戏 [             5765] [                 ] [进地图《magicsea》坐标：x = 91575, y = 356525.]
[10-15 23:45:53] 出游戏 [             5765] [                 ] [金钱：0 道具栏：0@新手衣服[289],1;新手靴[641],1;新手小刀[8],1;新人宝箱[436],1;]
[10-15 23:45:53] 出游戏 [             5765] [                 ] [临时背包：0@]
[10-15 23:45:53]   装备 [             5765] [                 ] [装备：10@脸型1号[2554],0;]
[10-15 23:45:53]   银行 [             5765] [                 ] [银行ID(1):[1]0@;]
[10-15 23:48:26]     捡 [             5765] [                 ] [捡道具，名称 干枯的草根[4398]，个数 1.]
[10-15 23:48:27]     捡 [             5765] [                 ] [捡道具，名称 亮闪闪的草叶[4316]，个数 1.]
[10-15 23:49:31]     捡 [             5765] [                 ] [捡道具，名称 种子[1597]，个数 1.]
[10-15 23:49:32]     捡 [             5765] [                 ] [捡道具，名称 精灵果[3116]，个数 1.]
[10-15 23:49:34]     捡 [             5765] [                 ] [捡道具，名称 亮闪闪的草叶[4316]，个数 1.]
[10-15 23:49:50] 出游戏 [             5765] [                 ] [角色离线]
[10-15 23:49:50] 出游戏 [             5765] [                 ] [出地图《magicsea》坐标：x = 98425, y = 354725.]
[10-15 23:49:50] 出游戏 [             5765] [                 ] [金钱：0 道具栏：0@新人宝箱[436],1;干枯的草根[4398],1;亮闪闪的草叶[4316],2;种子[1597],1;精灵果[3116],1;]
[10-15 23:49:50] 出游戏 [             5765] [                 ] [临时背包：0@]
[10-15 23:49:50]   装备 [             5765] [                 ] [装备：10@脸型1号[2554],0;新手衣服[289],1;新手靴[641],1;新手小刀[8],1;]
[10-15 23:49:50]   银行 [             5765] [                 ] [银行ID(1):[1]0@;]
