[07-30 05:18:42]日志流被成功打开.
[07-30 05:18:42]连接GroupServer开始…
[07-30 05:18:42]connect GroupServer: 127.0.0.1,Socket num:1
[07-30 05:18:42]登录GroupServer成功!
[07-30 05:45:33]disconnection with GroupServer,Socket num: 0,reason =KeepAlive失败。, reconnecting...
[07-30 05:45:34]连接GroupServer开始…
[07-30 05:45:34]connect GroupServer: 127.0.0.1,Socket num:1
[07-30 05:46:04]登录GroupServer失败，可能是GateServer数量太多,等待5秒钟后自动重连…
[07-30 05:46:09]连接GroupServer开始…
[07-30 05:46:09]connect GroupServer: 127.0.0.1,Socket num:2
[07-30 05:46:39]登录GroupServer失败，可能是GateServer数量太多,等待5秒钟后自动重连…
[07-30 05:46:44]连接GroupServer开始…
[07-30 05:46:44]connect GroupServer: 127.0.0.1,Socket num:3
[07-30 05:47:14]登录GroupServer失败，可能是GateServer数量太多,等待5秒钟后自动重连…
[07-30 05:47:19]连接GroupServer开始…
[07-30 05:47:19]connect GroupServer: 127.0.0.1,Socket num:4
[07-30 05:47:49]登录GroupServer失败，可能是GateServer数量太多,等待5秒钟后自动重连…
[07-30 05:47:49]disconnection with GroupServer,Socket num: 2,reason =远程主机强迫关闭了一个现有的连接。, reconnecting...
[07-30 05:47:49]disconnection with GroupServer,Socket num: 2,reason =远程主机强迫关闭了一个现有的连接。, reconnecting...
[07-30 05:47:49]disconnection with GroupServer,Socket num: 1,reason =远程主机强迫关闭了一个现有的连接。, reconnecting...
[07-30 05:47:49]disconnection with GroupServer,Socket num: 0,reason =远程主机强迫关闭了一个现有的连接。, reconnecting...
[07-30 05:47:54]连接GroupServer开始…
[07-30 05:47:55]连接GroupServer失败，等待5秒后自动重连…
[07-30 05:48:00]连接GroupServer开始…
[07-30 05:48:01]连接GroupServer失败，等待5秒后自动重连…
[07-30 05:48:06]连接GroupServer开始…
[07-30 05:48:07]连接GroupServer失败，等待5秒后自动重连…
[07-30 05:48:12]连接GroupServer开始…
[07-30 05:48:13]连接GroupServer失败，等待5秒后自动重连…
[07-30 05:48:18]连接GroupServer开始…
[07-30 05:48:19]连接GroupServer失败，等待5秒后自动重连…
[07-30 05:48:24]连接GroupServer开始…
[07-30 05:48:25]连接GroupServer失败，等待5秒后自动重连…
[07-30 05:48:30]连接GroupServer开始…
[07-30 05:48:31]连接GroupServer失败，等待5秒后自动重连…
[07-30 05:48:36]连接GroupServer开始…
[07-30 05:48:37]连接GroupServer失败，等待5秒后自动重连…
[07-30 05:48:42]连接GroupServer开始…
[07-30 05:48:43]连接GroupServer失败，等待5秒后自动重连…
[07-30 05:48:48]连接GroupServer开始…
[07-30 05:48:49]连接GroupServer失败，等待5秒后自动重连…
[07-30 05:48:54]连接GroupServer开始…
[07-30 05:48:55]连接GroupServer失败，等待5秒后自动重连…
[07-30 05:49:00]连接GroupServer开始…
[07-30 05:49:01]连接GroupServer失败，等待5秒后自动重连…
[07-30 05:49:06]连接GroupServer开始…
[07-30 05:49:07]连接GroupServer失败，等待5秒后自动重连…
[07-30 05:49:12]连接GroupServer开始…
[07-30 05:49:13]连接GroupServer失败，等待5秒后自动重连…
[07-30 05:49:18]连接GroupServer开始…
[07-30 05:49:19]连接GroupServer失败，等待5秒后自动重连…
[07-30 05:49:24]连接GroupServer开始…
[07-30 05:49:25]连接GroupServer失败，等待5秒后自动重连…
[07-30 05:49:30]连接GroupServer开始…
[07-30 05:49:31]连接GroupServer失败，等待5秒后自动重连…
[07-30 05:49:36]连接GroupServer开始…
[07-30 05:49:37]连接GroupServer失败，等待5秒后自动重连…
[07-30 05:49:42]连接GroupServer开始…
[07-30 05:49:43]连接GroupServer失败，等待5秒后自动重连…
[07-30 05:49:48]连接GroupServer开始…
[07-30 05:49:49]连接GroupServer失败，等待5秒后自动重连…
[07-30 05:49:54]连接GroupServer开始…
[07-30 05:49:55]连接GroupServer失败，等待5秒后自动重连…
[07-30 05:50:00]连接GroupServer开始…
[07-30 05:50:01]连接GroupServer失败，等待5秒后自动重连…
[07-30 05:50:06]连接GroupServer开始…
[07-30 05:50:07]连接GroupServer失败，等待5秒后自动重连…
[07-30 05:50:12]连接GroupServer开始…
[07-30 05:50:13]连接GroupServer失败，等待5秒后自动重连…
[07-30 05:50:18]连接GroupServer开始…
[07-30 05:50:19]连接GroupServer失败，等待5秒后自动重连…
[07-30 05:50:24]连接GroupServer开始…
[07-30 05:50:25]连接GroupServer失败，等待5秒后自动重连…
[07-30 05:50:30]连接GroupServer开始…
[07-30 05:50:31]连接GroupServer失败，等待5秒后自动重连…
[07-30 05:50:36]连接GroupServer开始…
[07-30 05:50:36]连接GroupServer失败，等待5秒后自动重连…
[07-30 05:50:41]连接GroupServer开始…
[07-30 05:50:42]连接GroupServer失败，等待5秒后自动重连…
[07-30 05:50:47]连接GroupServer开始…
[07-30 05:50:48]连接GroupServer失败，等待5秒后自动重连…
[07-30 05:50:53]连接GroupServer开始…
[07-30 05:50:54]连接GroupServer失败，等待5秒后自动重连…
[07-30 05:50:59]连接GroupServer开始…
[07-30 05:51:00]连接GroupServer失败，等待5秒后自动重连…
[07-30 05:51:05]连接GroupServer开始…
[07-30 05:51:07]连接GroupServer失败，等待5秒后自动重连…
[07-30 05:51:12]连接GroupServer开始…
[07-30 05:51:12]连接GroupServer失败，等待5秒后自动重连…
[07-30 05:51:17]连接GroupServer开始…
[07-30 05:51:19]连接GroupServer失败，等待5秒后自动重连…
[07-30 05:51:24]连接GroupServer开始…
[07-30 05:51:25]连接GroupServer失败，等待5秒后自动重连…
[07-30 05:51:30]连接GroupServer开始…
[07-30 05:51:30]连接GroupServer失败，等待5秒后自动重连…
[07-30 05:51:35]连接GroupServer开始…
[07-30 05:51:36]连接GroupServer失败，等待5秒后自动重连…
[07-30 05:51:41]连接GroupServer开始…
[07-30 05:51:42]连接GroupServer失败，等待5秒后自动重连…
[07-30 05:51:47]连接GroupServer开始…
[07-30 05:51:48]连接GroupServer失败，等待5秒后自动重连…
[07-30 05:51:53]连接GroupServer开始…
[07-30 05:51:54]连接GroupServer失败，等待5秒后自动重连…
[07-30 05:51:59]连接GroupServer开始…
[07-30 05:52:00]连接GroupServer失败，等待5秒后自动重连…
[07-30 05:52:05]连接GroupServer开始…
[07-30 05:52:06]连接GroupServer失败，等待5秒后自动重连…
[07-30 05:52:11]连接GroupServer开始…
[07-30 05:52:12]连接GroupServer失败，等待5秒后自动重连…
[07-30 05:52:17]连接GroupServer开始…
[07-30 05:52:18]连接GroupServer失败，等待5秒后自动重连…
[07-30 05:52:23]连接GroupServer开始…
[07-30 05:52:24]连接GroupServer失败，等待5秒后自动重连…
[07-30 05:52:29]连接GroupServer开始…
[07-30 05:52:30]连接GroupServer失败，等待5秒后自动重连…
[07-30 05:52:35]连接GroupServer开始…
[07-30 05:52:36]连接GroupServer失败，等待5秒后自动重连…
[07-30 05:52:41]连接GroupServer开始…
[07-30 05:52:42]连接GroupServer失败，等待5秒后自动重连…
[07-30 05:52:47]连接GroupServer开始…
[07-30 05:52:48]连接GroupServer失败，等待5秒后自动重连…
[07-30 05:52:53]连接GroupServer开始…
[07-30 05:52:54]连接GroupServer失败，等待5秒后自动重连…
