17:20:10: Creating resource group General
17:20:10: Creating resource group Internal
17:20:10: Creating resource group Autodetect
17:20:10: SceneManagerFactory for type 'DefaultSceneManager' registered.
17:20:10: Registering ResourceManager for type Material
17:20:10: Registering ResourceManager for type Mesh
17:20:10: Registering ResourceManager for type Skeleton
17:20:10: MovableObjectFactory for type 'ParticleSystem' registered.
17:20:10: OverlayElementFactory for type Panel registered.
17:20:10: OverlayElementFactory for type BorderPanel registered.
17:20:10: OverlayElementFactory for type TextArea registered.
17:20:10: Registering ResourceManager for type Font
17:20:10: ArchiveFactory for archive type FileSystem registered.
17:20:10: ArchiveFactory for archive type Zip registered.
17:20:10: FreeImage version: 3.9.2
17:20:10: This program uses FreeImage, a free, open source image library supporting all common bitmap formats. See http://freeimage.sourceforge.net for details
17:20:10: Supported formats: bmp,ico,jpg,jif,jpeg,jpe,jng,koa,iff,lbm,mng,pbm,pbm,pcd,pcx,pgm,pgm,png,ppm,ppm,ras,tga,targa,tif,tiff,wap,wbmp,wbm,psd,cut,xbm,xpm,gif,hdr,g3,sgi
17:20:10: DDS codec registering
17:20:10: Registering ResourceManager for type HighLevelGpuProgram
17:20:10: Registering ResourceManager for type Compositor
17:20:10: MovableObjectFactory for type 'Entity' registered.
17:20:10: MovableObjectFactory for type 'Light' registered.
17:20:10: MovableObjectFactory for type 'BillboardSet' registered.
17:20:10: MovableObjectFactory for type 'ManualObject' registered.
17:20:10: MovableObjectFactory for type 'BillboardChain' registered.
17:20:10: MovableObjectFactory for type 'RibbonTrail' registered.
17:20:10: Loading library .\RenderSystem_Direct3D9
17:20:10: Installing plugin: D3D9 RenderSystem
17:20:10: D3D9 : Direct3D9 Rendering Subsystem created.
17:20:10: D3D9: Driver Detection Starts
17:20:10: D3D9: Driver Detection Ends
17:20:10: Plugin successfully installed
17:20:10: Loading library .\RenderSystem_GL
17:20:10: Installing plugin: GL RenderSystem
17:20:10: OpenGL Rendering Subsystem created.
17:20:10: Plugin successfully installed
17:20:10: Loading library .\Plugin_ParticleFX
17:20:10: Installing plugin: ParticleFX
17:20:10: Particle Emitter Type 'Point' registered
17:20:10: Particle Emitter Type 'Box' registered
17:20:10: Particle Emitter Type 'Ellipsoid' registered
17:20:10: Particle Emitter Type 'Cylinder' registered
17:20:10: Particle Emitter Type 'Ring' registered
17:20:10: Particle Emitter Type 'HollowEllipsoid' registered
17:20:10: Particle Affector Type 'LinearForce' registered
17:20:10: Particle Affector Type 'ColourFader' registered
17:20:10: Particle Affector Type 'ColourFader2' registered
17:20:10: Particle Affector Type 'ColourImage' registered
17:20:10: Particle Affector Type 'ColourInterpolator' registered
17:20:10: Particle Affector Type 'Scaler' registered
17:20:10: Particle Affector Type 'Rotator' registered
17:20:10: Particle Affector Type 'DirectionRandomiser' registered
17:20:10: Particle Affector Type 'DeflectorPlane' registered
17:20:10: Plugin successfully installed
17:20:10: Loading library .\Plugin_BSPSceneManager
17:20:10: Installing plugin: BSP Scene Manager
17:20:10: Plugin successfully installed
17:20:10: Loading library .\Plugin_OctreeSceneManager
17:20:10: Installing plugin: Octree & Terrain Scene Manager
17:20:10: Plugin successfully installed
17:20:10: Loading library .\Plugin_CgProgramManager
17:20:10: Installing plugin: Cg Program Manager
17:20:10: Plugin successfully installed
17:20:10: *-*-* OGRE Initialising
17:20:10: *-*-* Version 1.4.5 (Eihort)
17:20:10: Creating resource group Bootstrap
17:20:10: Added resource location '../../../Media/packs/OgreCore.zip' of type 'Zip' to resource group 'Bootstrap'
17:20:10: Added resource location '../../../Media' of type 'FileSystem' to resource group 'General'
17:20:10: Added resource location '../../../Media/fonts' of type 'FileSystem' to resource group 'General'
17:20:10: Added resource location '../../../Media/materials/programs' of type 'FileSystem' to resource group 'General'
17:20:10: Added resource location '../../../Media/materials/scripts' of type 'FileSystem' to resource group 'General'
17:20:10: Added resource location '../../../Media/materials/textures' of type 'FileSystem' to resource group 'General'
17:20:10: Added resource location '../../../Media/models' of type 'FileSystem' to resource group 'General'
17:20:10: Added resource location '../../../Media/overlays' of type 'FileSystem' to resource group 'General'
17:20:10: Added resource location '../../../Media/particle' of type 'FileSystem' to resource group 'General'
17:20:10: Added resource location '../../../Media/gui' of type 'FileSystem' to resource group 'General'
17:20:10: Added resource location '../../../Media/DeferredShadingMedia' of type 'FileSystem' to resource group 'General'
17:20:10: Added resource location '../../../Media/packs/cubemap.zip' of type 'Zip' to resource group 'General'
17:20:10: Added resource location '../../../Media/packs/cubemapsJS.zip' of type 'Zip' to resource group 'General'
17:20:10: Added resource location '../../../Media/packs/dragon.zip' of type 'Zip' to resource group 'General'
17:20:10: Added resource location '../../../Media/packs/fresneldemo.zip' of type 'Zip' to resource group 'General'
17:20:10: Added resource location '../../../Media/packs/ogretestmap.zip' of type 'Zip' to resource group 'General'
17:20:10: Added resource location '../../../Media/packs/skybox.zip' of type 'Zip' to resource group 'General'
17:20:10: D3D9 : RenderSystem Option: Allow NVPerfHUD = No
17:20:10: D3D9 : RenderSystem Option: Anti aliasing = None
17:20:10: D3D9 : RenderSystem Option: Floating-point mode = Fastest
17:20:10: D3D9 : RenderSystem Option: Full Screen = No
17:20:10: D3D9 : RenderSystem Option: Rendering Device = Mobile Intel(R) 965 Express Chipset Family
17:20:10: D3D9 : RenderSystem Option: VSync = No
17:20:10: D3D9 : RenderSystem Option: Video Mode = 800 x 600 @ 32-bit colour
17:20:28: CPU Identifier & Features
17:20:28: -------------------------
17:20:28:  *   CPU ID: GenuineIntel: Intel(R) Core(TM)2 Duo CPU     T7100  @ 1.80GHz
17:20:28:  *      SSE: yes
17:20:28:  *     SSE2: yes
17:20:28:  *     SSE3: yes
17:20:28:  *      MMX: yes
17:20:28:  *   MMXEXT: yes
17:20:28:  *    3DNOW: no
17:20:28:  * 3DNOWEXT: no
17:20:28:  *     CMOV: yes
17:20:28:  *      TSC: yes
17:20:28:  *      FPU: yes
17:20:28:  *      PRO: yes
17:20:28:  *       HT: no
17:20:28: -------------------------
17:20:28: *** Starting Win32GL Subsystem ***
17:20:28: GLRenderSystem::createRenderWindow "OGRE Render Window", 800x600 windowed  miscParams: FSAA=0 colourDepth=32 displayFrequency=0 vsync=false 
17:20:28: Created Win32Window 'OGRE Render Window' : 800x600, 32bpp
17:20:28: GL_VERSION = 1.5.0 - Build 6.14.10.4833
17:20:28: GL_VENDOR = Intel
17:20:28: GL_RENDERER = Intel 965/963 Graphics Media Accelerator
17:20:28: GL_EXTENSIONS = GL_ARB_depth_texture GL_ARB_fragment_program GL_ARB_multitexture GL_ARB_occlusion_query GL_ARB_point_parameters GL_ARB_shadow GL_ARB_texture_border_clamp GL_ARB_texture_compression GL_ARB_texture_cube_map GL_ARB_texture_env_add GL_ARB_texture_env_combine GL_ARB_texture_env_dot3 GL_ARB_texture_env_crossbar GL_ARB_transpose_matrix GL_ARB_vertex_buffer_object GL_ARB_vertex_program GL_ARB_window_pos GL_EXT_abgr GL_EXT_bgra GL_EXT_blend_color GL_EXT_blend_func_separate GL_EXT_blend_minmax GL_EXT_blend_subtract GL_EXT_clip_volume_hint GL_EXT_compiled_vertex_array GL_EXT_draw_range_elements GL_EXT_fog_coord GL_EXT_multi_draw_arrays GL_EXT_packed_pixels GL_EXT_rescale_normal GL_EXT_secondary_color GL_EXT_separate_specular_color GL_EXT_shadow_funcs GL_EXT_stencil_two_side GL_EXT_stencil_wrap GL_EXT_texture_compression_s3tc GL_EXT_texture_env_add GL_EXT_texture_env_combine GL_EXT_texture_lod_bias GL_EXT_texture_filter_anisotropic GL_EXT_texture3D GL_3DFX_texture_compression_FXT1 GL_IBM_texture_mirrored_repeat GL_NV_blend_square GL_NV_texgen_reflection GL_SGIS_generate_mipmap GL_SGIS_texture_edge_clamp GL_SGIS_texture_lod GL_WIN_swap_hint 
17:20:28: Supported WGL extensions: WGL_ARB_buffer_region WGL_ARB_extensions_string WGL_ARB_make_current_read WGL_ARB_pixel_format WGL_ARB_pbuffer WGL_EXT_extensions_string WGL_EXT_swap_control 
17:20:28: ***************************
17:20:28: *** GL Renderer Started ***
17:20:28: ***************************
17:20:28: Registering ResourceManager for type GpuProgram
17:20:28: GL: Using PBuffers for rendering to textures
17:20:28: RenderSystem capabilities
17:20:28: -------------------------
17:20:28:  * Hardware generation of mipmaps: yes
17:20:28:  * Texture blending: yes
17:20:28:  * Anisotropic texture filtering: yes
17:20:28:  * Dot product texture operation: yes
17:20:28:  * Cube mapping: yes
17:20:28:  * Hardware stencil buffer: yes
17:20:28:    - Stencil depth: 8
17:20:28:    - Two sided stencil support: yes
17:20:28:    - Wrap stencil values: yes
17:20:28:  * Hardware vertex / index buffers: yes
17:20:28:  * Vertex programs: yes
17:20:28:    - Max vertex program version: arbvp1
17:20:28:  * Fragment programs: yes
17:20:28:    - Max fragment program version: arbfp1
17:20:28:  * Texture Compression: yes
17:20:28:    - DXT: yes
17:20:28:    - VTC: no
17:20:28:  * Scissor Rectangle: yes
17:20:28:  * Hardware Occlusion Query: yes
17:20:28:  * User clip planes: yes
17:20:28:  * VET_UBYTE4 vertex element type: yes
17:20:28:  * Infinite far plane projection: yes
17:20:28:  * Hardware render-to-texture: yes
17:20:28:  * Floating point textures: no
17:20:28:  * Non-power-of-two textures: no
17:20:28:  * Volume textures: yes
17:20:28:  * Multiple Render Targets: 1
17:20:28:  * Point Sprites: no
17:20:28:  * Extended point parameters: yes
17:20:28:  * Max Point Size: 255
17:20:28:  * Vertex texture fetch: yes
17:20:28:    - Max vertex textures: 24611
17:20:28:    - Vertex textures shared: yes
17:20:28: Registering ResourceManager for type Texture
17:20:28: ResourceBackgroundQueue - threading disabled
17:20:28: Particle Renderer Type 'billboard' registered
17:20:28: SceneManagerFactory for type 'BspSceneManager' registered.
17:20:28: Registering ResourceManager for type BspLevel
17:20:28: SceneManagerFactory for type 'OctreeSceneManager' registered.
17:20:28: SceneManagerFactory for type 'TerrainSceneManager' registered.
17:20:28: Creating viewport on target 'OGRE Render Window', rendering from camera 'PlayerCam', relative dimensions L: 0.00 T: 0.00 W: 1.00 H: 1.00 ZOrder: 0
17:20:28: Parsing scripts for resource group Autodetect
17:20:28: Finished parsing scripts for resource group Autodetect
17:20:28: Parsing scripts for resource group Bootstrap
17:20:28: Parsing script OgreCore.material
17:20:28: Parsing script OgreProfiler.material
17:20:28: Parsing script Ogre.fontdef
17:20:28: Parsing script OgreDebugPanel.overlay
17:20:28: Texture: New_Ogre_Border_Center.png: Loading 1 faces(PF_A8R8G8B8,256x128x1) with 5 hardware generated mipmaps from Image. Internal format is PF_A8R8G8B8,256x128x1.
17:20:28: Texture: New_Ogre_Border.png: Loading 1 faces(PF_A8R8G8B8,256x256x1) with 5 hardware generated mipmaps from Image. Internal format is PF_A8R8G8B8,256x256x1.
17:20:28: Texture: New_Ogre_Border_Break.png: Loading 1 faces(PF_A8R8G8B8,32x32x1) with 5 hardware generated mipmaps from Image. Internal format is PF_A8R8G8B8,32x32x1.
17:20:28: Font BlueHighwayusing texture size 512x512
17:20:28: Info: Freetype returned null for character 127 in font BlueHighway
17:20:28: Info: Freetype returned null for character 128 in font BlueHighway
17:20:28: Info: Freetype returned null for character 129 in font BlueHighway
17:20:28: Info: Freetype returned null for character 130 in font BlueHighway
17:20:28: Info: Freetype returned null for character 131 in font BlueHighway
17:20:28: Info: Freetype returned null for character 132 in font BlueHighway
17:20:28: Info: Freetype returned null for character 133 in font BlueHighway
17:20:28: Info: Freetype returned null for character 134 in font BlueHighway
17:20:28: Info: Freetype returned null for character 135 in font BlueHighway
17:20:28: Info: Freetype returned null for character 136 in font BlueHighway
17:20:28: Info: Freetype returned null for character 137 in font BlueHighway
17:20:28: Info: Freetype returned null for character 138 in font BlueHighway
17:20:28: Info: Freetype returned null for character 139 in font BlueHighway
17:20:28: Info: Freetype returned null for character 140 in font BlueHighway
17:20:28: Info: Freetype returned null for character 141 in font BlueHighway
17:20:28: Info: Freetype returned null for character 142 in font BlueHighway
17:20:28: Info: Freetype returned null for character 143 in font BlueHighway
17:20:28: Info: Freetype returned null for character 144 in font BlueHighway
17:20:28: Info: Freetype returned null for character 145 in font BlueHighway
17:20:28: Info: Freetype returned null for character 146 in font BlueHighway
17:20:28: Info: Freetype returned null for character 147 in font BlueHighway
17:20:28: Info: Freetype returned null for character 148 in font BlueHighway
17:20:28: Info: Freetype returned null for character 149 in font BlueHighway
17:20:28: Info: Freetype returned null for character 150 in font BlueHighway
17:20:28: Info: Freetype returned null for character 151 in font BlueHighway
17:20:28: Info: Freetype returned null for character 152 in font BlueHighway
17:20:28: Info: Freetype returned null for character 153 in font BlueHighway
17:20:28: Info: Freetype returned null for character 154 in font BlueHighway
17:20:28: Info: Freetype returned null for character 155 in font BlueHighway
17:20:28: Info: Freetype returned null for character 156 in font BlueHighway
17:20:28: Info: Freetype returned null for character 157 in font BlueHighway
17:20:28: Info: Freetype returned null for character 158 in font BlueHighway
17:20:28: Info: Freetype returned null for character 159 in font BlueHighway
17:20:28: Info: Freetype returned null for character 160 in font BlueHighway
17:20:28: Texture: BlueHighwayTexture: Loading 1 faces(PF_BYTE_LA,512x512x1) with  hardware generated mipmaps from Image. Internal format is PF_BYTE_LA,512x512x1.
17:20:28: Texture: ogretext.png: Loading 1 faces(PF_A8R8G8B8,256x128x1) with 5 hardware generated mipmaps from Image. Internal format is PF_A8R8G8B8,256x128x1.
17:20:28: Parsing script OgreLoadingPanel.overlay
17:20:28: Finished parsing scripts for resource group Bootstrap
17:20:28: Parsing scripts for resource group General
17:20:28: Parsing script Examples.program
17:20:28: Parsing script StdQuad_vp.program
17:20:28: Parsing script deferred.glsl.program
17:20:28: Parsing script deferred.hlsl.program
17:20:28: Parsing script deferred_post_debug.glsl.program
17:20:28: Parsing script deferred_post_debug.hlsl.program
17:20:28: Parsing script deferred_post_minilight.glsl.program
17:20:28: Parsing script deferred_post_minilight.hlsl.program
17:20:28: Parsing script deferred_post_multipass.glsl.program
17:20:28: Parsing script deferred_post_multipass.hlsl.program
17:20:28: Parsing script deferred_post_onepass.glsl.program
17:20:28: Parsing script deferred_post_onepass.hlsl.program
17:20:28: Parsing script BlackAndWhite.material
17:20:28: Parsing script Bloom.material
17:20:28: Parsing script DepthShadowmap.material
17:20:28: Parsing script DOF.material
17:20:28: Parsing script Embossed.material
17:20:28: Parsing script Example-DynTex.material
17:20:28: Parsing script Example-Water.material
17:20:28: Parsing script Example.material
17:20:28: Parsing script Examples-Advanced.material
17:20:29: Parsing script facial.material
17:20:29: Parsing script Glass.material
17:20:29: Parsing script hdr.material
17:20:29: Parsing script HeatVision.material
17:20:29: Parsing script Hurt.material
17:20:29: Parsing script instancing.material
17:20:29: Parsing script Invert.material
17:20:29: Parsing script Laplace.material
17:20:29: Parsing script MotionBlur.material
17:20:29: Parsing script Ocean.material
17:20:29: Parsing script OffsetMapping.material
17:20:29: Parsing script Ogre.material
17:20:29: Parsing script OldMovie.material
17:20:29: Parsing script OldTV.material
17:20:29: Parsing script Posterize.material
17:20:29: Parsing script RZR-002.material
17:20:29: Parsing script SharpenEdges.material
17:20:29: Parsing script smoke.material
17:20:29: Parsing script Tiling.material
17:20:29: Parsing script VarianceShadowmap.material
17:20:29: Parsing script deferred.material
17:20:29: Parsing script deferreddemo.material
17:20:29: Parsing script deferred_post_debug.material
17:20:29: Parsing script deferred_post_minilight.material
17:20:29: Parsing script deferred_post_multipass.material
17:20:29: Parsing script deferred_post_onepass.material
17:20:29: Parsing script RomanBath.material
17:20:29: Parsing script Examples.compositor
17:20:29: Parsing script sample.fontdef
17:20:29: Parsing script emitted_emitter.particle
17:20:29: Parsing script Example-Water.particle
17:20:29: Parsing script Example.particle
17:20:29: Parsing script smoke.particle
17:20:29: Parsing script Compositor.overlay
17:20:29: Parsing script DP3.overlay
17:20:29: Parsing script Example-CubeMapping.overlay
17:20:29: Parsing script Example-DynTex.overlay
17:20:29: Parsing script Example-Water.overlay
17:20:29: Parsing script Shadows.overlay
17:20:29: Finished parsing scripts for resource group General
17:20:29: Parsing scripts for resource group Internal
17:20:29: Finished parsing scripts for resource group Internal
17:20:29: Texture: clouds.jpg: Loading 1 faces(PF_R8G8B8,256x256x1) with 5 hardware generated mipmaps from Image. Internal format is PF_X8R8G8B8,256x256x1.
17:20:29: Mesh: Loading ogrehead.mesh.
17:20:29: Texture: WeirdEye.png: Loading 1 faces(PF_R8G8B8,256x256x1) with 5 hardware generated mipmaps from Image. Internal format is PF_X8R8G8B8,256x256x1.
17:20:29: Texture: GreenSkin.jpg: Loading 1 faces(PF_R8G8B8,256x256x1) with 5 hardware generated mipmaps from Image. Internal format is PF_X8R8G8B8,256x256x1.
17:20:29: Texture: spheremap.png: Loading 1 faces(PF_R8G8B8,256x256x1) with 5 hardware generated mipmaps from Image. Internal format is PF_X8R8G8B8,256x256x1.
17:20:29: Texture: dirt01.jpg: Loading 1 faces(PF_R8G8B8,96x96x1) with 5 hardware generated mipmaps from Image. Internal format is PF_X8R8G8B8,128x128x1.
17:20:29:  Win32PBuffer::Creating PBuffer of format bits=8 float=false
17:20:29:  Win32PBuffer::PBuffer -- Chosen pixel format rgba=8,8,8,8 depth=24 stencil=8
17:20:29: Win32RenderTexture::PBuffer created -- Real dimensions 512x512
17:20:29: WARNING: Texture instance 'RttTex' was defined as manually loaded, but no manual loader was provided. This Resource will be lost if it has to be reloaded.
17:20:29: Creating viewport on target 'rtt/RttTex/184605712', rendering from camera 'RttCam', relative dimensions L: 0.00 T: 0.00 W: 1.00 H: 1.00 ZOrder: 0
17:20:30: Texture: TaharezLook.tga: Loading 1 faces(PF_A8R8G8B8,256x256x1) with  hardware generated mipmaps from Image. Internal format is PF_A8R8G8B8,256x256x1.
17:20:30: Texture: _cegui_ogre_0: Loading 1 faces(PF_A8R8G8B8,256x256x1) with  hardware generated mipmaps from Image. Internal format is PF_A8R8G8B8,256x256x1.
17:20:30: *** Initializing OIS ***
17:20:33: Unregistering ResourceManager for type BspLevel
17:20:33: Render Target 'rtt/RttTex/184605712' Average FPS: 88.1717 Best FPS: 127.49 Worst FPS: 48.8534
17:20:33: *-*-* OGRE Shutdown
17:20:33: Unregistering ResourceManager for type Compositor
17:20:33: Unregistering ResourceManager for type Font
17:20:33: Unregistering ResourceManager for type Skeleton
17:20:33: Unregistering ResourceManager for type Mesh
17:20:33: Unregistering ResourceManager for type HighLevelGpuProgram
17:20:33: Uninstalling plugin: Cg Program Manager
17:20:33: Plugin successfully uninstalled
17:20:33: Unloading library .\Plugin_CgProgramManager
17:20:33: Uninstalling plugin: Octree & Terrain Scene Manager
17:20:33: Plugin successfully uninstalled
17:20:33: Unloading library .\Plugin_OctreeSceneManager
17:20:33: Uninstalling plugin: BSP Scene Manager
17:20:33: Plugin successfully uninstalled
17:20:33: Unloading library .\Plugin_BSPSceneManager
17:20:33: Uninstalling plugin: ParticleFX
17:20:33: Plugin successfully uninstalled
17:20:33: Unloading library .\Plugin_ParticleFX
17:20:33: Uninstalling plugin: GL RenderSystem
17:20:33: Render Target 'OGRE Render Window' Average FPS: 88.0747 Best FPS: 127.49 Worst FPS: 48.6594
17:20:33: Unregistering ResourceManager for type GpuProgram
17:20:33: *** Stopping Win32GL Subsystem ***
17:20:33: Unregistering ResourceManager for type Texture
17:20:33: Plugin successfully uninstalled
17:20:33: Unloading library .\RenderSystem_GL
17:20:33: Uninstalling plugin: D3D9 RenderSystem
17:20:33: D3D9 : Shutting down cleanly.
17:20:33: D3D9 : Direct3D9 Rendering Subsystem destroyed.
17:20:33: Plugin successfully uninstalled
17:20:33: Unloading library .\RenderSystem_Direct3D9
17:20:33: Unregistering ResourceManager for type Material
