03:58:33: Creating resource group General
03:58:33: Creating resource group Internal
03:58:33: Creating resource group Autodetect
03:58:33: SceneManagerFactory for type 'DefaultSceneManager' registered.
03:58:33: Registering ResourceManager for type Material
03:58:33: Registering ResourceManager for type Mesh
03:58:33: Registering ResourceManager for type Skeleton
03:58:33: MovableObjectFactory for type 'ParticleSystem' registered.
03:58:33: OverlayElementFactory for type Panel registered.
03:58:33: OverlayElementFactory for type BorderPanel registered.
03:58:33: OverlayElementFactory for type TextArea registered.
03:58:33: Registering ResourceManager for type Font
03:58:33: ArchiveFactory for archive type FileSystem registered.
03:58:33: ArchiveFactory for archive type Zip registered.
03:58:33: FreeImage version: 3.9.2
03:58:33: This program uses FreeImage, a free, open source image library supporting all common bitmap formats. See http://freeimage.sourceforge.net for details
03:58:33: Supported formats: bmp,ico,jpg,jif,jpeg,jpe,jng,koa,iff,lbm,mng,pbm,pbm,pcd,pcx,pgm,pgm,png,ppm,ppm,ras,tga,targa,tif,tiff,wap,wbmp,wbm,psd,cut,xbm,xpm,gif,hdr,g3,sgi
03:58:33: DDS codec registering
03:58:33: Registering ResourceManager for type HighLevelGpuProgram
03:58:33: Registering ResourceManager for type Compositor
03:58:33: MovableObjectFactory for type 'Entity' registered.
03:58:33: MovableObjectFactory for type 'Light' registered.
03:58:33: MovableObjectFactory for type 'BillboardSet' registered.
03:58:33: MovableObjectFactory for type 'ManualObject' registered.
03:58:33: MovableObjectFactory for type 'BillboardChain' registered.
03:58:33: MovableObjectFactory for type 'RibbonTrail' registered.
03:58:33: Loading library .\RenderSystem_Direct3D9_d
03:58:33: Installing plugin: D3D9 RenderSystem
03:58:33: D3D9 : Direct3D9 Rendering Subsystem created.
03:58:33: D3D9: Driver Detection Starts
03:58:33: D3D9: Driver Detection Ends
03:58:33: Plugin successfully installed
03:58:33: Loading library .\Plugin_ParticleFX_d
03:58:33: Installing plugin: ParticleFX
03:58:33: Particle Emitter Type 'Point' registered
03:58:33: Particle Emitter Type 'Box' registered
03:58:33: Particle Emitter Type 'Ellipsoid' registered
03:58:33: Particle Emitter Type 'Cylinder' registered
03:58:33: Particle Emitter Type 'Ring' registered
03:58:33: Particle Emitter Type 'HollowEllipsoid' registered
03:58:33: Particle Affector Type 'LinearForce' registered
03:58:33: Particle Affector Type 'ColourFader' registered
03:58:33: Particle Affector Type 'ColourFader2' registered
03:58:33: Particle Affector Type 'ColourImage' registered
03:58:33: Particle Affector Type 'ColourInterpolator' registered
03:58:33: Particle Affector Type 'Scaler' registered
03:58:33: Particle Affector Type 'Rotator' registered
03:58:33: Particle Affector Type 'DirectionRandomiser' registered
03:58:33: Particle Affector Type 'DeflectorPlane' registered
03:58:33: Plugin successfully installed
03:58:33: Loading library .\Plugin_OctreeSceneManager_d
03:58:33: Installing plugin: Octree & Terrain Scene Manager
03:58:33: Plugin successfully installed
03:58:33: Loading library .\Plugin_CgProgramManager_d
03:58:33: Installing plugin: Cg Program Manager
03:58:33: Plugin successfully installed
03:58:33: *-*-* OGRE Initialising
03:58:33: *-*-* Version 1.4.5 (Eihort)
03:58:33: Creating resource group Bootstrap
03:58:33: Added resource location 'Media/packs/OgreCore.zip' of type 'Zip' to resource group 'Bootstrap'
03:58:33: Added resource location 'Media' of type 'FileSystem' to resource group 'General'
03:58:33: Added resource location 'Media/fonts' of type 'FileSystem' to resource group 'General'
03:58:33: Added resource location 'data/materials/programs' of type 'FileSystem' to resource group 'General'
03:58:33: Added resource location 'data/materials/scripts' of type 'FileSystem' to resource group 'General'
03:58:33: Added resource location 'data/materials/textures' of type 'FileSystem' to resource group 'General'
03:58:33: Added resource location 'Media/models' of type 'FileSystem' to resource group 'General'
03:58:33: Added resource location 'Media/overlays' of type 'FileSystem' to resource group 'General'
03:58:33: Added resource location 'Media/particle' of type 'FileSystem' to resource group 'General'
03:58:33: Added resource location 'Media/gui' of type 'FileSystem' to resource group 'General'
03:58:33: Added resource location 'Media/DeferredShadingMedia' of type 'FileSystem' to resource group 'General'
03:58:33: Added resource location 'Data' of type 'FileSystem' to resource group 'General'
03:58:33: Added resource location 'Run' of type 'FileSystem' to resource group 'General'
03:58:33: Added resource location 'Media/packs/cubemap.zip' of type 'Zip' to resource group 'General'
03:58:33: Added resource location 'Media/packs/cubemapsJS.zip' of type 'Zip' to resource group 'General'
03:58:33: Added resource location 'Media/packs/dragon.zip' of type 'Zip' to resource group 'General'
03:58:33: Added resource location 'Media/packs/fresneldemo.zip' of type 'Zip' to resource group 'General'
03:58:33: Added resource location 'Media/packs/ogretestmap.zip' of type 'Zip' to resource group 'General'
03:58:33: Added resource location 'Media/packs/skybox.zip' of type 'Zip' to resource group 'General'
03:58:33: D3D9 : RenderSystem Option: Allow NVPerfHUD = No
03:58:33: D3D9 : RenderSystem Option: Anti aliasing = None
03:58:33: D3D9 : RenderSystem Option: Floating-point mode = Fastest
03:58:33: D3D9 : RenderSystem Option: Full Screen = No
03:58:33: D3D9 : RenderSystem Option: Rendering Device = Mobile Intel(R) 965 Express Chipset Family
03:58:33: D3D9 : RenderSystem Option: VSync = No
03:58:33: D3D9 : RenderSystem Option: Video Mode = 800 x 600 @ 32-bit colour
03:58:35: CPU Identifier & Features
03:58:35: -------------------------
03:58:35:  *   CPU ID: GenuineIntel: Intel(R) Core(TM)2 Duo CPU     T7100  @ 1.80GHz
03:58:35:  *      SSE: yes
03:58:35:  *     SSE2: yes
03:58:35:  *     SSE3: yes
03:58:35:  *      MMX: yes
03:58:35:  *   MMXEXT: yes
03:58:35:  *    3DNOW: no
03:58:35:  * 3DNOWEXT: no
03:58:35:  *     CMOV: yes
03:58:35:  *      TSC: yes
03:58:35:  *      FPU: yes
03:58:35:  *      PRO: yes
03:58:35:  *       HT: no
03:58:35: -------------------------
03:58:35: D3D9 : Subsystem Initialising
03:58:35: D3D9RenderSystem::createRenderWindow "OGRE Render Window", 800x600 windowed  miscParams: FSAA=0 FSAAQuality=0 colourDepth=32 useNVPerfHUD=false vsync=false 
03:58:35: D3D9 : Created D3D9 Rendering Window 'OGRE Render Window' : 800x600, 32bpp
03:58:35: D3D9 : WARNING - disabling VSync in windowed mode can cause timing issues at lower frame rates, turn VSync on if you observe this problem.
03:58:35: Registering ResourceManager for type Texture
03:58:35: Registering ResourceManager for type GpuProgram
03:58:35: Multiple render targets with independent bit depths supported
03:58:35: RenderSystem capabilities
03:58:35: -------------------------
03:58:35:  * Hardware generation of mipmaps: no
03:58:35:  * Texture blending: yes
03:58:35:  * Anisotropic texture filtering: yes
03:58:35:  * Dot product texture operation: yes
03:58:35:  * Cube mapping: yes
03:58:35:  * Hardware stencil buffer: yes
03:58:35:    - Stencil depth: 8
03:58:35:    - Two sided stencil support: yes
03:58:35:    - Wrap stencil values: yes
03:58:35:  * Hardware vertex / index buffers: yes
03:58:35:  * Vertex programs: yes
03:58:35:    - Max vertex program version: vs_3_0
03:58:35:  * Fragment programs: yes
03:58:35:    - Max fragment program version: ps_3_0
03:58:35:  * Texture Compression: yes
03:58:35:    - DXT: yes
03:58:35:    - VTC: no
03:58:35:  * Scissor Rectangle: yes
03:58:35:  * Hardware Occlusion Query: yes
03:58:35:  * User clip planes: yes
03:58:35:  * VET_UBYTE4 vertex element type: yes
03:58:35:  * Infinite far plane projection: yes
03:58:35:  * Hardware render-to-texture: yes
03:58:35:  * Floating point textures: yes
03:58:35:  * Non-power-of-two textures: yes (limited)
03:58:35:  * Volume textures: yes
03:58:35:  * Multiple Render Targets: 4
03:58:35:  * Point Sprites: yes
03:58:35:  * Extended point parameters: yes
03:58:35:  * Max Point Size: 256
03:58:35:  * Vertex texture fetch: no
03:58:35: ***************************************
03:58:35: *** D3D9 : Subsystem Initialised OK ***
03:58:35: ***************************************
03:58:35: ResourceBackgroundQueue - threading disabled
03:58:35: Particle Renderer Type 'billboard' registered
03:58:35: SceneManagerFactory for type 'OctreeSceneManager' registered.
03:58:35: SceneManagerFactory for type 'TerrainSceneManager' registered.
03:58:35: Creating viewport on target 'OGRE Render Window', rendering from camera 'PlayerCam', relative dimensions L: 0.00 T: 0.00 W: 1.00 H: 1.00 ZOrder: 0
03:58:35: Parsing scripts for resource group Autodetect
03:58:35: Finished parsing scripts for resource group Autodetect
03:58:35: Parsing scripts for resource group Bootstrap
03:58:35: Parsing script OgreCore.material
03:58:35: Parsing script OgreProfiler.material
03:58:35: Parsing script Ogre.fontdef
03:58:35: Parsing script OgreDebugPanel.overlay
03:58:35: Texture: New_Ogre_Border_Center.png: Loading 1 faces(PF_A8R8G8B8,256x128x1) with 5 generated mipmaps from Image. Internal format is PF_A8R8G8B8,256x128x1.
03:58:35: Texture: New_Ogre_Border.png: Loading 1 faces(PF_A8R8G8B8,256x256x1) with 5 generated mipmaps from Image. Internal format is PF_A8R8G8B8,256x256x1.
03:58:35: Texture: New_Ogre_Border_Break.png: Loading 1 faces(PF_A8R8G8B8,32x32x1) with 5 generated mipmaps from Image. Internal format is PF_A8R8G8B8,32x32x1.
03:58:36: Font BlueHighwayusing texture size 512x512
03:58:36: Info: Freetype returned null for character 127 in font BlueHighway
03:58:36: Info: Freetype returned null for character 128 in font BlueHighway
03:58:36: Info: Freetype returned null for character 129 in font BlueHighway
03:58:36: Info: Freetype returned null for character 130 in font BlueHighway
03:58:36: Info: Freetype returned null for character 131 in font BlueHighway
03:58:36: Info: Freetype returned null for character 132 in font BlueHighway
03:58:36: Info: Freetype returned null for character 133 in font BlueHighway
03:58:36: Info: Freetype returned null for character 134 in font BlueHighway
03:58:36: Info: Freetype returned null for character 135 in font BlueHighway
03:58:36: Info: Freetype returned null for character 136 in font BlueHighway
03:58:36: Info: Freetype returned null for character 137 in font BlueHighway
03:58:36: Info: Freetype returned null for character 138 in font BlueHighway
03:58:36: Info: Freetype returned null for character 139 in font BlueHighway
03:58:36: Info: Freetype returned null for character 140 in font BlueHighway
03:58:36: Info: Freetype returned null for character 141 in font BlueHighway
03:58:36: Info: Freetype returned null for character 142 in font BlueHighway
03:58:36: Info: Freetype returned null for character 143 in font BlueHighway
03:58:36: Info: Freetype returned null for character 144 in font BlueHighway
03:58:36: Info: Freetype returned null for character 145 in font BlueHighway
03:58:36: Info: Freetype returned null for character 146 in font BlueHighway
03:58:36: Info: Freetype returned null for character 147 in font BlueHighway
03:58:36: Info: Freetype returned null for character 148 in font BlueHighway
03:58:36: Info: Freetype returned null for character 149 in font BlueHighway
03:58:36: Info: Freetype returned null for character 150 in font BlueHighway
03:58:36: Info: Freetype returned null for character 151 in font BlueHighway
03:58:36: Info: Freetype returned null for character 152 in font BlueHighway
03:58:36: Info: Freetype returned null for character 153 in font BlueHighway
03:58:36: Info: Freetype returned null for character 154 in font BlueHighway
03:58:36: Info: Freetype returned null for character 155 in font BlueHighway
03:58:36: Info: Freetype returned null for character 156 in font BlueHighway
03:58:36: Info: Freetype returned null for character 157 in font BlueHighway
03:58:36: Info: Freetype returned null for character 158 in font BlueHighway
03:58:36: Info: Freetype returned null for character 159 in font BlueHighway
03:58:36: Info: Freetype returned null for character 160 in font BlueHighway
03:58:36: Texture: BlueHighwayTexture: Loading 1 faces(PF_BYTE_LA,512x512x1) with 0 generated mipmaps from Image. Internal format is PF_BYTE_LA,512x512x1.
03:58:36: Texture: ogretext.png: Loading 1 faces(PF_A8R8G8B8,256x128x1) with 5 generated mipmaps from Image. Internal format is PF_A8R8G8B8,256x128x1.
03:58:36: Parsing script OgreLoadingPanel.overlay
03:58:36: Finished parsing scripts for resource group Bootstrap
03:58:36: Parsing scripts for resource group General
03:58:36: Parsing script Examples.program
03:58:36: Parsing script StdQuad_vp.program
03:58:36: Parsing script deferred.glsl.program
03:58:36: Parsing script deferred.hlsl.program
03:58:36: Parsing script deferred_post_debug.glsl.program
03:58:36: Parsing script deferred_post_debug.hlsl.program
03:58:36: Parsing script deferred_post_minilight.glsl.program
03:58:36: Parsing script deferred_post_minilight.hlsl.program
03:58:36: OGRE EXCEPTION(2:InvalidParametersException): Parameter called lightSpecularColor does not exist.  in GpuProgramParameters::_findNamedConstantDefinition at c:\kopunicode\client\ogre145\ogremain\src\ogregpuprogram.cpp (line 883)
03:58:36: Error at line 29 of deferred_post_minilight.hlsl.program: Invalid param_named_auto attribute - Parameter called lightSpecularColor does not exist. 
03:58:36: Parsing script deferred_post_multipass.glsl.program
03:58:36: Parsing script deferred_post_multipass.hlsl.program
03:58:36: Parsing script deferred_post_onepass.glsl.program
03:58:36: Parsing script deferred_post_onepass.hlsl.program
03:58:36: Parsing script aaa.material
03:58:36: Parsing script BlackAndWhite.material
03:58:36: Parsing script Bloom.material
03:58:36: Parsing script DepthShadowmap.material
03:58:36: Parsing script DOF.material
03:58:36: Parsing script Embossed.material
03:58:36: Parsing script Example-DynTex.material
03:58:36: Parsing script Example-Water.material
03:58:36: Parsing script Example.material
03:58:36: Parsing script Examples-Advanced.material
03:58:37: Parsing script facial.material
03:58:37: Parsing script Glass.material
03:58:37: Parsing script hdr.material
03:58:37: Parsing script HeatVision.material
03:58:37: Parsing script Hurt.material
03:58:37: Parsing script instancing.material
03:58:38: Parsing script Invert.material
03:58:38: Parsing script Laplace.material
03:58:38: Parsing script MotionBlur.material
03:58:38: Parsing script Ocean.material
03:58:38: Parsing script OffsetMapping.material
03:58:38: Parsing script Ogre.material
03:58:38: Parsing script OldMovie.material
03:58:38: Parsing script OldTV.material
03:58:38: Parsing script Posterize.material
03:58:38: Parsing script RZR-002.material
03:58:38: Parsing script SharpenEdges.material
03:58:38: Parsing script smoke.material
03:58:38: Parsing script tile.material
03:58:38: Parsing script Tiling.material
03:58:38: Parsing script VarianceShadowmap.material
03:58:38: Parsing script 8.material
03:58:38: Parsing script deferred.material
03:58:38: Parsing script deferreddemo.material
03:58:38: Parsing script deferred_post_debug.material
03:58:38: Parsing script deferred_post_minilight.material
03:58:38: Parsing script deferred_post_multipass.material
03:58:38: Parsing script deferred_post_onepass.material
03:58:38: Parsing script RomanBath.material
03:58:38: Parsing script Examples.compositor
03:58:38: Parsing script sample.fontdef
03:58:38: Parsing script emitted_emitter.particle
03:58:38: Parsing script Example-Water.particle
03:58:38: Parsing script Example.particle
03:58:38: Parsing script smoke.particle
03:58:38: Parsing script Compositor.overlay
03:58:38: Parsing script DP3.overlay
03:58:38: Parsing script Example-CubeMapping.overlay
03:58:38: Parsing script Example-DynTex.overlay
03:58:38: Parsing script Example-Water.overlay
03:58:38: Parsing script Shadows.overlay
03:58:38: Finished parsing scripts for resource group General
03:58:38: Parsing scripts for resource group Internal
03:58:38: Finished parsing scripts for resource group Internal
03:58:39: Mesh: Loading ogrehead.mesh.
03:58:39: Texture: WeirdEye.png: Loading 1 faces(PF_R8G8B8,256x256x1) with 5 generated mipmaps from Image. Internal format is PF_X8R8G8B8,256x256x1.
03:58:39: Texture: GreenSkin.jpg: Loading 1 faces(PF_R8G8B8,256x256x1) with 5 generated mipmaps from Image. Internal format is PF_X8R8G8B8,256x256x1.
03:58:39: Texture: spheremap.png: Loading 1 faces(PF_R8G8B8,256x256x1) with 5 generated mipmaps from Image. Internal format is PF_X8R8G8B8,256x256x1.
03:58:39: D3D9 : ***** Dimensions altered by the render system
03:58:39: D3D9 : ***** Source image dimensions : 96x96
03:58:39: D3D9 : ***** Texture dimensions : 128x128
03:58:39: Texture: dirt01.jpg: Loading 1 faces(PF_R8G8B8,96x96x1) with 5 generated mipmaps from Image. Internal format is PF_X8R8G8B8,128x128x1.
03:58:43: *-*-* OGRE Shutdown
