[09-28 09:44:21][operator succeed]Cha-limeili+1574£ºmake 0455
[09-28 09:44:22][operator succeed]Cha-limeili+1574£ºmake 0455,1
[09-10 09:48:02][operator succeed]Cha-limeili+1574£ºmake 0455,1
[09-10 09:50:32][operator succeed]Cha-113111+1276£ºgoto limeili
[09-10 09:52:23][operator succeed]Cha-limeili+1574£ºattr 69,2000
[09-10 09:55:42][operator succeed]Cha-113111+1276£ºgoto limeili
[09-10 10:00:58][operator succeed]Cha-113111+1276£ºattr 4,12
[09-10 10:01:01][operator succeed]Cha-113111+1276£ºattr 4,14
[09-10 10:02:28][operator succeed]Cha-limeili+1574£ºattr 4,8
[09-10 10:02:32][operator succeed]Cha-limeili+1574£ºattr 4,9
[09-10 10:02:42][operator succeed]Cha-limeili+1574£ºattr 4,6
[09-10 10:02:45][operator succeed]Cha-limeili+1574£ºattr 4,5
[09-10 10:02:48][operator succeed]Cha-limeili+1574£ºattr 4,4
[09-10 10:02:56][operator succeed]Cha-limeili+1574£ºattr 4,8
[09-10 10:03:13][operator succeed]Cha-limeili+1574£ºattr 4,9
[09-10 10:03:36][operator succeed]Cha-limeili+1574£ºmake 0257,1
[09-10 10:03:43][operator succeed]Cha-limeili+1574£ºmake 0259,1
[09-28 16:04:47][operator succeed]Cha-xxxxxxxx4+2597£ºmoney 300000
[09-28 16:04:54][operator succeed]Cha-xxxxxxxx4+2597£ºaddmoney 300000
[09-24 16:05:17][operator succeed]Cha-xxxxxxxx4+2597£ºaddmoney 30000000
[11-14 02:01:02][operator succeed]Cha-5765+6£ºmake 99,1
[11-14 02:01:12][operator succeed]Cha-5765+6£ºmake 655,1
[11-28 11:08:47][operator succeed]Cha-5765+6£ºmake 255,1
[11-28 11:09:41][operator succeed]Cha-5765+6£ºmake 2555,1
[11-28 11:09:52][operator succeed]Cha-5765+6£ºmake 588,1
[11-28 11:09:56][operator succeed]Cha-5765+6£ºmake 885
[11-28 11:10:00][operator succeed]Cha-5765+6£ºmake 885,1
[11-28 11:10:07][operator succeed]Cha-5765+6£ºmake 1200,1
[11-28 11:10:26][operator succeed]Cha-5765+6£ºadd exp 30000
[11-28 11:10:32][operator succeed]Cha-5765+6£ºaddexp 3000
[11-28 11:10:52][operator succeed]Cha-5765+6£ºaddexp 80000000
[11-28 11:11:09][operator succeed]Cha-5765+6£ºaddexp 80000000
[11-28 11:11:38][operator succeed]Cha-5765+6£ºmake 1300,1
[11-28 11:11:42][operator succeed]Cha-5765+6£ºmake 1400,1
[11-28 11:11:46][operator succeed]Cha-5765+6£ºmake 1500,1
[11-28 11:12:03][operator succeed]Cha-5765+6£ºmake 1600,1
[11-28 11:12:08][operator succeed]Cha-5765+6£ºmake 1551,1
[11-28 11:12:12][operator succeed]Cha-5765+6£ºmake 1440,1
[11-28 11:12:21][operator succeed]Cha-5765+6£ºmake 1445,1
[11-28 11:12:52][operator succeed]Cha-5765+6£ºmake 388,1
[11-28 11:16:17][operator succeed]Cha-5765+6£ºmake 1330,1
[11-28 11:16:21][operator succeed]Cha-5765+6£ºmake 1220,1
[11-28 11:16:25][operator succeed]Cha-5765+6£ºmake 1110,1
[11-28 11:16:33][operator succeed]Cha-5765+6£ºmake 999
[11-28 11:16:36][operator succeed]Cha-5765+6£ºmake 999,1
[11-28 11:16:39][operator succeed]Cha-5765+6£ºmake 888,1
[11-28 11:16:44][operator succeed]Cha-5765+6£ºmake 777,1
[11-28 11:17:27][operator succeed]Cha-5765+6£ºmake 777,1
[11-28 11:21:29][operator succeed]Cha-ly+3£ºmake 777,1
[11-28 11:21:32][operator succeed]Cha-ly+3£ºmake 776
[11-28 11:21:36][operator succeed]Cha-ly+3£ºmake 776,1
[11-28 11:21:51][operator succeed]Cha-ly+3£ºmake 778,1
[11-28 11:21:54][operator succeed]Cha-ly+3£ºmake 775
[11-28 11:21:57][operator succeed]Cha-ly+3£ºmake 775,1
[11-28 11:22:10][operator succeed]Cha-ly+3£ºmake 774,1
[11-28 11:22:14][operator succeed]Cha-ly+3£ºmake 773
[11-28 11:22:17][operator succeed]Cha-ly+3£ºmake 773,1
[11-28 11:22:26][operator succeed]Cha-ly+3£ºmake 772,1
[11-28 11:22:32][operator succeed]Cha-ly+3£ºmake 771
[11-28 11:22:35][operator succeed]Cha-ly+3£ºmake 771,1
[11-28 11:22:41][operator succeed]Cha-ly+3£ºmake 770,1
[11-28 11:22:48][operator succeed]Cha-ly+3£ºmake 769,1
[11-28 11:23:03][operator succeed]Cha-ly+3£ºmake 755,1
[11-28 11:23:40][operator succeed]Cha-ly+3£ºmake 743,1
[11-28 11:23:46][operator succeed]Cha-ly+3£ºmake 723
[11-28 11:23:50][operator succeed]Cha-ly+3£ºmake 723,1
[11-28 11:23:55][operator succeed]Cha-ly+3£ºmake 711,1
[11-28 11:24:01][operator succeed]Cha-ly+3£ºmake 709,1
[11-28 11:24:08][operator succeed]Cha-ly+3£ºmake 698,1
[11-28 11:24:14][operator succeed]Cha-ly+3£ºmake 699,1
[11-28 11:24:20][operator succeed]Cha-ly+3£ºmake 701,1
[11-28 11:24:30][operator succeed]Cha-ly+3£ºmake 702,1
[11-28 11:24:37][operator succeed]Cha-ly+3£ºmake 802,1
[11-28 11:24:44][operator succeed]Cha-ly+3£ºmake 805,1
[11-28 11:24:53][operator succeed]Cha-ly+3£ºmake 790,1
[11-28 11:25:26][operator succeed]Cha-ly+3£ºmake 820,1
[11-28 11:25:30][operator succeed]Cha-ly+3£ºmake 821,1,
[11-28 11:25:34][operator succeed]Cha-ly+3£ºmake 835,1
[11-28 11:25:37][operator succeed]Cha-ly+3£ºmake 845,1
[11-28 11:25:58][operator succeed]Cha-ly+3£ºmake 840,1
[11-28 11:26:04][operator succeed]Cha-ly+3£ºmake 849,1
[11-28 11:26:15][operator succeed]Cha-ly+3£ºmake 861,1
[11-28 11:26:18][operator succeed]Cha-ly+3£ºmake 866,1
[11-28 11:26:22][operator succeed]Cha-ly+3£ºmake 877,1
[11-28 11:26:30][operator succeed]Cha-ly+3£ºmake 879,1
[11-28 11:26:34][operator succeed]Cha-ly+3£ºmake 899,1
[11-28 11:26:38][operator succeed]Cha-ly+3£ºmake 888,1
[11-28 11:27:25][operator succeed]Cha-ly+3£ºmake 921,1
[11-28 11:27:29][operator succeed]Cha-ly+3£ºmake 922,1
[11-28 11:27:34][operator succeed]Cha-ly+3£ºmake 1210,1
[11-28 11:27:38][operator succeed]Cha-ly+3£ºmake 556,1
[11-28 11:27:43][operator succeed]Cha-ly+3£ºmake 544,1
[11-28 11:27:47][operator succeed]Cha-ly+3£ºmake 533,1
[11-28 11:27:57][operator succeed]Cha-ly+3£ºmake 544,1
[11-28 11:28:03][operator succeed]Cha-ly+3£ºmake 545,1
[11-28 11:28:29][operator succeed]Cha-ly+3£ºmake 546,1
[11-28 11:28:33][operator succeed]Cha-ly+3£ºmake 547,1
[11-28 11:28:38][operator succeed]Cha-ly+3£ºmake 548,1
[11-28 11:28:41][operator succeed]Cha-ly+3£ºmake 549,1
[11-28 11:28:52][operator succeed]Cha-ly+3£ºmake 550,1
[11-28 11:29:17][operator succeed]Cha-ly+3£ºmake 551,1
[11-28 11:29:20][operator succeed]Cha-ly+3£ºmake 552,1
[11-28 11:29:23][operator succeed]Cha-ly+3£ºmake 553,1
[11-28 11:29:31][operator succeed]Cha-ly+3£ºmake 554,1
[11-28 11:29:34][operator succeed]Cha-ly+3£ºmake 555,1
[11-28 11:29:36][operator succeed]Cha-ly+3£ºmake 556,1
[11-28 11:29:43][operator succeed]Cha-ly+3£ºmake 558,1
[11-28 11:29:46][operator succeed]Cha-ly+3£ºmake 559,1
[11-28 11:30:36][operator succeed]Cha-ly+3£ºmake 155,1
[11-28 11:30:39][operator succeed]Cha-ly+3£ºmake 156,1
[11-28 11:30:44][operator succeed]Cha-ly+3£ºmake 157,1
[11-28 11:31:09][operator succeed]Cha-ly+3£ºmake 250,1
[11-28 11:31:12][operator succeed]Cha-ly+3£ºmake 255,1
[11-28 11:31:15][operator succeed]Cha-ly+3£ºmake 256,1
[11-28 11:31:18][operator succeed]Cha-ly+3£ºmake 305,1
[11-28 11:31:35][operator succeed]Cha-ly+3£ºmake 355,1
[11-28 11:31:40][operator succeed]Cha-ly+3£ºmake 401,1
[11-28 11:31:44][operator succeed]Cha-ly+3£ºmake 402,1
[11-28 11:32:04][operator succeed]Cha-ly+3£ºmake 1300,1
[11-28 11:32:07][operator succeed]Cha-ly+3£ºmake 1320,1
[11-28 11:32:12][operator succeed]Cha-ly+3£ºmake 1400,1
[11-28 13:15:15][operator succeed]Cha-5765+6£ºmove 1000,1000 jialebi
[11-28 13:15:30][operator succeed]Cha-5765+6£ºmove 100,100 jialebi
[11-28 13:16:34][operator succeed]Cha-5765+6£ºmove 1200,1200
[11-28 13:16:42][operator succeed]Cha-5765+6£ºmove 1400,1400
[11-28 13:16:50][operator succeed]Cha-5765+6£ºmove 256,256
[11-28 13:16:56][operator succeed]Cha-5765+6£ºmove 128,253
[11-28 13:17:04][operator succeed]Cha-5765+6£ºmove 1232,1232,
[11-28 13:17:18][operator succeed]Cha-5765+6£ºmove 512,1231
[11-28 13:18:39][operator succeed]Cha-5765+6£ºmove 948 3808
[11-28 13:18:50][operator succeed]Cha-5765+6£ºmove 2556,3778
[11-28 13:18:57][operator succeed]Cha-5765+6£ºmove 1283,2832
