[09-28 09:32:29]@进入@limeili;1574;49;20;0;20;0;23;0;精炼石(1),命之精灵(1),船长证明(1),新人宝箱(1),黑龙之瞳(1),精炼石(1),蓝炎之剑(1),长草的乌龟壳(1),浑浊液体(1),命之精灵(1),乌龟骨头(2),嫩绿的草叶(1),绿色鳞片(1),刺鼻气体(3),碧绿叶子(1),玻璃杯(1),翅膀(1),毒蘑菇(1),蘑菇孢子(1),;
[09-10 09:49:53]@进入@113111;1276;100;5;0;5;0;30;0;新手小刀(1),新人宝箱(1),竞技场参赛卡(1),;
[09-10 10:14:26]@离开@113111;1276;100;10;0;5;0;30;0;竞技场参赛卡(1),船长证明(1),进阶衣服(1),强化卷轴(1),长草的乌龟壳(1),飞翔宝箱(1),新手短剑(1),新手衣服(1),转职说明书(1),进阶衣服(1),幻咒之袍(1),迷咒法袍(1),软革甲(1),;
[09-10 10:14:27]@离开@limeili;1574;49;26;0;20;0;24;0;精炼石(1),命之精灵(1),船长证明(1),35至尊宝箱(1),黑龙之瞳(1),精炼石(1),蓝炎之剑(1),新手小刀(1),机票说明书(1),命之精灵(1),转职说明书(1),复活叶(99),蛋糕(99),绚丽宝箱(1),短铁剑(1),银翼航空公司冰狼堡机票(1),银翼航空公司白银机票(1),银翼航空公司沙岚机票(1),船长证明(1),咒文之袍(1),;
[09-28 15:52:49]@进入@xxxxxxxx4;2597;1;5;0;5;0;5;0;新手衣服(1),新手靴(1),新手小刀(1),新人宝箱(1),;
[09-28 17:42:26]@进入@xxxxxxxx4;2597;8;10;0;5;0;8;0;飞翔宝箱(1),新手衣服(1),35至尊宝箱(1),转职说明书(1),翅膀(1),羊绒(1),面包(28),带花纹的蜗牛壳(1),带花纹的贝壳(1),椰果酒(1),;
[09-28 17:45:05]@进入@xxxxxxxx4;2597;8;10;0;5;0;8;0;飞翔宝箱(1),新手衣服(1),35至尊宝箱(1),转职说明书(1),翅膀(1),羊绒(1),面包(28),带花纹的蜗牛壳(1),带花纹的贝壳(1),椰果酒(1),;
[09-28 17:55:36]@离开@xxxxxxxx4;2597;8;10;0;5;0;8;0;飞翔宝箱(1),面包(26),35至尊宝箱(1),转职说明书(1),;
[10-08 17:38:53]@进入@xxxxxxxx4;2597;8;10;0;5;0;8;0;飞翔宝箱(1),35至尊宝箱(1),转职说明书(1),面包(26),;
[10-08 17:43:18]@离开@xxxxxxxx4;2597;8;10;0;5;0;8;0;飞翔宝箱(1),35至尊宝箱(1),转职说明书(1),面包(26),;
[10-08 17:53:12]@进入@xxxxxxxx4;2597;8;10;0;5;0;8;0;飞翔宝箱(1),35至尊宝箱(1),转职说明书(1),面包(26),;
[10-08 17:57:36]@离开@xxxxxxxx4;2597;8;10;0;5;0;8;0;飞翔宝箱(1),35至尊宝箱(1),转职说明书(1),面包(26),;
[10-13 13:21:34]@进入@xxxxxxxx4;2597;8;10;0;5;0;8;0;飞翔宝箱(1),35至尊宝箱(1),转职说明书(1),面包(26),;
[10-13 13:22:09]@离开@xxxxxxxx4;2597;8;10;0;5;0;8;0;飞翔宝箱(1),35至尊宝箱(1),转职说明书(1),面包(26),;
[10-13 21:54:04]@进入@XXX;1;1;5;0;5;0;5;0;新手衣服(1),新手靴(1),新手小刀(1),新人宝箱(1),;
[10-13 21:56:30]@离开@XXX;1;3;5;0;5;0;5;0;新人宝箱(1),枯萎叶子(1),翅膀(2),绿色鳞片(1),;
[10-13 21:56:59]@进入@XXX;1;3;5;0;5;0;5;0;枯萎叶子(1),翅膀(2),绿色鳞片(1),新人宝箱(1),;
[10-13 22:15:55]@离开@XXX;1;5;7;0;5;0;5;0;枯萎叶子(2),翅膀(2),绿色鳞片(1),新人宝箱(1),玻璃杯(1),碧绿叶子(2),带香味的花(2),嫩绿的草叶(3),精灵果(2),毒蘑菇(2),带花纹的蜗牛壳(2),蘑菇孢子(1),花苞(1),鲜艳的花瓣(1),蘑菇(1),;
[10-13 22:16:15]@进入@XXX;1;5;7;0;5;0;5;0;枯萎叶子(2),翅膀(2),绿色鳞片(1),新人宝箱(1),玻璃杯(1),碧绿叶子(2),带香味的花(2),嫩绿的草叶(3),精灵果(2),毒蘑菇(2),带花纹的蜗牛壳(2),蘑菇孢子(1),花苞(1),鲜艳的花瓣(1),蘑菇(1),;
[10-13 22:19:10]@进入@YYY;2;1;5;0;5;0;5;0;新手衣服(1),新手靴(1),新手小刀(1),新人宝箱(1),;
[10-13 22:22:54]@离开@YYY;2;2;9;0;5;0;5;0;新人宝箱(1),绿色鳞片(1),带花纹的蜗牛壳(1),;
[10-13 22:47:59]@离开@XXX;1;6;7;0;5;0;5;0;枯萎叶子(3),翅膀(2),绿色鳞片(2),新人宝箱(1),玻璃杯(1),碧绿叶子(3),带香味的花(4),嫩绿的草叶(6),精灵果(2),毒蘑菇(3),带花纹的蜗牛壳(2),蘑菇孢子(2),花苞(1),鲜艳的花瓣(4),蘑菇(2),沙枣(1),草根(1),梦幻花瓣(1),进阶靴子(1),龟血(1),;
[10-13 22:48:28]@进入@XXX;1;6;7;0;5;0;5;0;枯萎叶子(3),翅膀(2),绿色鳞片(2),新人宝箱(1),玻璃杯(1),碧绿叶子(3),带香味的花(4),嫩绿的草叶(6),精灵果(2),毒蘑菇(3),带花纹的蜗牛壳(2),蘑菇孢子(2),花苞(1),鲜艳的花瓣(4),蘑菇(2),沙枣(1),草根(1),梦幻花瓣(1),进阶靴子(1),龟血(1),;
[10-13 22:49:27]@离开@XXX;1;6;7;0;5;0;5;0;枯萎叶子(3),翅膀(2),绿色鳞片(3),新人宝箱(1),玻璃杯(2),碧绿叶子(3),带香味的花(4),嫩绿的草叶(7),精灵果(2),毒蘑菇(3),带花纹的蜗牛壳(2),蘑菇孢子(2),花苞(1),鲜艳的花瓣(4),蘑菇(2),沙枣(1),草根(2),梦幻花瓣(1),进阶靴子(1),龟血(1),;
[10-13 22:50:27]@进入@XXX;1;6;7;0;5;0;5;0;枯萎叶子(3),翅膀(2),绿色鳞片(3),新人宝箱(1),玻璃杯(2),碧绿叶子(3),带香味的花(4),嫩绿的草叶(7),精灵果(2),毒蘑菇(3),带花纹的蜗牛壳(2),蘑菇孢子(2),花苞(1),鲜艳的花瓣(4),蘑菇(2),沙枣(1),草根(2),梦幻花瓣(1),进阶靴子(1),龟血(1),;
[10-13 22:52:12]@离开@XXX;1;6;7;0;5;0;5;0;枯萎叶子(3),翅膀(2),绿色鳞片(3),新人宝箱(1),玻璃杯(2),碧绿叶子(3),带香味的花(4),嫩绿的草叶(7),精灵果(2),毒蘑菇(3),带花纹的蜗牛壳(2),蘑菇孢子(2),花苞(1),鲜艳的花瓣(4),蘑菇(2),沙枣(1),草根(2),梦幻花瓣(1),进阶靴子(1),龟血(1),;
[10-13 22:55:22]@进入@XXX;1;6;7;0;5;0;5;0;枯萎叶子(3),翅膀(2),绿色鳞片(3),新人宝箱(1),玻璃杯(2),碧绿叶子(3),带香味的花(4),嫩绿的草叶(7),精灵果(2),毒蘑菇(3),带花纹的蜗牛壳(2),蘑菇孢子(2),花苞(1),鲜艳的花瓣(4),蘑菇(2),沙枣(1),草根(2),梦幻花瓣(1),进阶靴子(1),龟血(1),;
[10-13 22:57:26]@离开@XXX;1;6;7;0;5;0;5;0;枯萎叶子(3),翅膀(2),绿色鳞片(3),新人宝箱(1),玻璃杯(2),碧绿叶子(3),带香味的花(4),嫩绿的草叶(7),精灵果(2),毒蘑菇(3),带花纹的蜗牛壳(2),蘑菇孢子(2),花苞(1),鲜艳的花瓣(4),蘑菇(2),沙枣(1),草根(2),梦幻花瓣(1),进阶靴子(1),龟血(1),;
[10-13 23:00:44]@进入@XXX;0;6;5;0;5;0;5;0;枯萎叶子(3),翅膀(2),绿色鳞片(3),新人宝箱(1),玻璃杯(2),碧绿叶子(3),带香味的花(4),嫩绿的草叶(7),精灵果(2),毒蘑菇(3),带花纹的蜗牛壳(2),蘑菇孢子(2),花苞(1),鲜艳的花瓣(4),蘑菇(2),沙枣(1),草根(2),梦幻花瓣(1),进阶靴子(1),龟血(1),;
[10-13 23:01:54]@进入@ly;3;1;5;0;5;0;5;0;新手衣服(1),新手靴(1),新手小刀(1),新人宝箱(1),;
[10-13 23:04:35]@离开@ly;3;1;5;0;5;0;5;0;新手衣服(1),新手靴(1),新手小刀(1),新人宝箱(1),;
[10-13 23:04:49]@进入@ly;3;1;5;0;5;0;5;0;新手衣服(1),新手靴(1),新手小刀(1),新人宝箱(1),;
[10-13 23:05:16]@离开@ly;3;1;5;0;5;0;5;0;新手衣服(1),新手靴(1),新手小刀(1),新人宝箱(1),;
[10-13 23:05:30]@进入@ly;3;1;5;0;5;0;5;0;新手衣服(1),新手靴(1),新手小刀(1),新人宝箱(1),;
[10-13 23:06:04]@离开@ly;3;1;5;0;5;0;5;0;新手衣服(1),新手靴(1),新手小刀(1),新人宝箱(1),;
[10-13 23:06:08]@进入@ly;3;1;5;0;5;0;5;0;新手衣服(1),新手靴(1),新手小刀(1),新人宝箱(1),;
[10-13 23:08:06]@离开@ly;3;1;5;0;5;0;5;0;新手衣服(1),新手靴(1),新手小刀(1),新人宝箱(1),;
[10-13 23:08:11]@进入@ly;3;1;5;0;5;0;5;0;新手衣服(1),新手靴(1),新手小刀(1),新人宝箱(1),;
[10-13 23:09:15]@离开@ly;3;1;5;0;5;0;5;0;新手衣服(1),新手靴(1),新手小刀(1),新人宝箱(1),;
[10-13 23:10:04]@进入@ly;3;1;5;0;5;0;5;0;新手衣服(1),新手靴(1),新手小刀(1),新人宝箱(1),;
[10-13 23:10:55]@离开@ly;3;1;5;0;5;0;5;0;新手衣服(1),新手靴(1),新手小刀(1),新人宝箱(1),;
[10-13 23:11:00]@进入@ly;3;1;5;0;5;0;5;0;新手衣服(1),新手靴(1),新手小刀(1),新人宝箱(1),;
[10-13 23:15:14]@离开@ly;3;1;5;0;5;0;5;0;新手衣服(1),新手靴(1),新手小刀(1),新人宝箱(1),;
[10-13 23:25:09]@进入@ly;3;1;5;0;5;0;5;0;新手衣服(1),新手靴(1),新手小刀(1),新人宝箱(1),;
[10-13 23:32:27]@离开@ly;3;1;5;0;5;0;5;0;新手衣服(1),新手靴(1),新手小刀(1),新人宝箱(1),;
[10-14 21:49:58]@进入@ly;3;1;5;0;5;0;5;0;新手衣服(1),新手靴(1),新手小刀(1),新人宝箱(1),;
[10-14 22:04:38]@离开@ly;3;4;10;0;5;0;5;0;新人宝箱(1),亮闪闪的草叶(1),带刺的硬皮(6),仙人绒球(4),新手衣服(1),仙人球根须(3),仙人掌球根(2),仙人掌的花(1),沙枣(1),;
[10-14 22:58:22]@进入@ly;3;4;10;0;5;0;5;0;亮闪闪的草叶(1),带刺的硬皮(6),仙人绒球(4),新人宝箱(1),新手衣服(1),仙人球根须(3),仙人掌球根(2),仙人掌的花(1),沙枣(1),;
[10-14 22:59:05]@离开@ly;3;4;10;0;5;0;5;0;亮闪闪的草叶(1),带刺的硬皮(6),仙人绒球(4),新人宝箱(1),新手衣服(1),仙人球根须(3),仙人掌球根(2),仙人掌的花(1),沙枣(1),;
[10-15 22:56:34]@进入@ly;3;4;10;0;5;0;5;0;亮闪闪的草叶(1),带刺的硬皮(6),仙人绒球(4),新人宝箱(1),新手衣服(1),仙人球根须(3),仙人掌球根(2),仙人掌的花(1),沙枣(1),;
[10-15 22:57:36]@离开@ly;3;4;10;0;5;0;5;0;亮闪闪的草叶(1),带刺的硬皮(6),仙人绒球(4),新人宝箱(1),新手衣服(1),仙人球根须(3),仙人掌球根(4),仙人掌的花(4),沙枣(1),仙人掌的刺(1),;
[10-15 23:18:03]@进入@ly;3;4;10;0;5;0;5;0;亮闪闪的草叶(1),带刺的硬皮(6),仙人绒球(4),新人宝箱(1),新手衣服(1),仙人球根须(3),仙人掌球根(4),仙人掌的花(4),沙枣(1),仙人掌的刺(1),;
[10-15 23:18:37]@离开@ly;3;4;10;0;5;0;5;0;亮闪闪的草叶(1),带刺的硬皮(6),仙人绒球(4),新人宝箱(1),新手衣服(1),仙人球根须(3),仙人掌球根(4),仙人掌的花(4),沙枣(1),仙人掌的刺(1),;
[10-15 23:20:19]@进入@ly;3;4;10;0;5;0;5;0;亮闪闪的草叶(1),带刺的硬皮(6),仙人绒球(4),新人宝箱(1),新手衣服(1),仙人球根须(3),仙人掌球根(4),仙人掌的花(4),沙枣(1),仙人掌的刺(1),;
[10-15 23:20:30]@离开@ly;3;4;10;0;5;0;5;0;亮闪闪的草叶(1),带刺的硬皮(6),仙人绒球(4),新人宝箱(1),新手衣服(1),仙人球根须(3),仙人掌球根(4),仙人掌的花(4),沙枣(1),仙人掌的刺(1),;
[10-15 23:20:52]@进入@ly;3;4;10;0;5;0;5;0;亮闪闪的草叶(1),带刺的硬皮(6),仙人绒球(4),新人宝箱(1),新手衣服(1),仙人球根须(3),仙人掌球根(4),仙人掌的花(4),沙枣(1),仙人掌的刺(1),;
[10-15 23:30:36]@离开@ly;3;4;11;0;5;0;5;0;亮闪闪的草叶(2),带刺的硬皮(7),仙人绒球(5),新人宝箱(1),新手衣服(1),仙人球根须(3),仙人掌球根(4),仙人掌的花(4),沙枣(1),仙人掌的刺(1),干枯的草根(1),精灵果(1),;
[10-15 23:32:44]@进入@ly;3;4;11;0;5;0;5;0;亮闪闪的草叶(2),带刺的硬皮(7),仙人绒球(5),新人宝箱(1),新手衣服(1),仙人球根须(3),仙人掌球根(4),仙人掌的花(4),沙枣(1),仙人掌的刺(1),干枯的草根(1),精灵果(1),;
[10-15 23:32:57]@离开@ly;3;4;11;0;5;0;5;0;亮闪闪的草叶(2),带刺的硬皮(7),仙人绒球(5),新人宝箱(1),新手衣服(1),仙人球根须(3),仙人掌球根(4),仙人掌的花(4),沙枣(1),仙人掌的刺(1),干枯的草根(1),精灵果(1),;
[10-15 23:33:29]@进入@5765;6;1;5;0;5;0;5;0;新手衣服(1),新手靴(1),新手小刀(1),新人宝箱(1),;
[10-15 23:34:00]@离开@5765;6;1;5;0;5;0;5;0;新手衣服(1),新手靴(1),新手小刀(1),新人宝箱(1),;
[10-15 23:40:57]@进入@ly;3;4;11;0;5;0;5;0;亮闪闪的草叶(2),带刺的硬皮(7),仙人绒球(5),新人宝箱(1),新手衣服(1),仙人球根须(3),仙人掌球根(4),仙人掌的花(4),沙枣(1),仙人掌的刺(1),干枯的草根(1),精灵果(1),;
[10-15 23:41:07]@离开@ly;3;4;11;0;5;0;5;0;亮闪闪的草叶(2),带刺的硬皮(7),仙人绒球(5),新人宝箱(1),新手衣服(1),仙人球根须(3),仙人掌球根(4),仙人掌的花(4),沙枣(1),仙人掌的刺(1),干枯的草根(1),精灵果(1),;
[10-15 23:45:53]@进入@5765;6;1;5;0;5;0;5;0;新手衣服(1),新手靴(1),新手小刀(1),新人宝箱(1),;
[10-15 23:49:50]@离开@5765;6;1;5;0;5;0;5;0;新人宝箱(1),干枯的草根(1),亮闪闪的草叶(2),种子(1),精灵果(1),;
[10-17 18:51:18]@进入@ly;3;4;11;0;5;0;5;0;亮闪闪的草叶(2),带刺的硬皮(7),仙人绒球(5),新人宝箱(1),新手衣服(1),仙人球根须(3),仙人掌球根(4),仙人掌的花(4),沙枣(1),仙人掌的刺(1),干枯的草根(1),精灵果(1),;
[10-17 19:03:07]@离开@ly;3;4;11;0;5;0;5;0;亮闪闪的草叶(2),带刺的硬皮(9),仙人绒球(7),新人宝箱(1),新手衣服(1),仙人球根须(3),仙人掌球根(4),仙人掌的花(4),沙枣(1),仙人掌的刺(1),干枯的草根(2),精灵果(1),种子(1),;
[10-18 23:57:16]@进入@5765;6;1;5;0;5;0;5;0;干枯的草根(1),亮闪闪的草叶(2),种子(1),新人宝箱(1),精灵果(1),;
[10-19 01:47:32]@进入@5765;6;2;5;0;5;0;5;0;干枯的草根(1),亮闪闪的草叶(2),种子(2),新人宝箱(1),精灵果(1),闪光叶子(1),;
[10-19 01:55:40]@进入@5765;6;2;5;0;5;0;5;0;干枯的草根(1),亮闪闪的草叶(2),种子(2),新人宝箱(1),精灵果(1),闪光叶子(1),;
[10-19 02:28:10]@进入@5765;6;2;5;0;5;0;5;0;干枯的草根(2),亮闪闪的草叶(3),种子(3),新人宝箱(1),精灵果(1),闪光叶子(1),;
[10-19 14:09:00]@进入@5765;6;2;5;0;5;0;5;0;干枯的草根(2),亮闪闪的草叶(3),种子(3),新人宝箱(1),精灵果(1),闪光叶子(1),;
[10-19 14:26:07]@进入@5765;6;4;6;0;6;0;6;0;干枯的草根(2),亮闪闪的草叶(5),种子(3),新人宝箱(1),精灵果(2),闪光叶子(1),带刺的硬皮(1),仙人绒球(1),骆驼睫毛(1),;
[10-19 14:32:35]@进入@5765;6;4;6;0;6;0;6;0;干枯的草根(2),亮闪闪的草叶(5),种子(3),新人宝箱(1),精灵果(2),闪光叶子(1),带刺的硬皮(1),仙人绒球(1),骆驼睫毛(1),;
[10-19 14:50:06]@进入@5765;6;4;6;0;6;0;6;0;干枯的草根(2),亮闪闪的草叶(5),种子(3),新人宝箱(1),精灵果(2),闪光叶子(1),带刺的硬皮(1),仙人绒球(1),骆驼睫毛(1),;
[10-19 19:33:36]@进入@5765;6;4;6;0;6;0;6;0;干枯的草根(2),亮闪闪的草叶(5),种子(3),新人宝箱(1),精灵果(2),闪光叶子(1),带刺的硬皮(1),仙人绒球(1),骆驼睫毛(1),;
[11-13 17:26:40]@进入@5765;6;4;6;0;6;0;6;0;干枯的草根(2),亮闪闪的草叶(5),种子(3),新人宝箱(1),精灵果(2),闪光叶子(1),带刺的硬皮(1),仙人绒球(1),骆驼睫毛(1),;
[11-13 17:30:50]@离开@5765;6;4;7;0;6;0;6;0;干枯的草根(3),亮闪闪的草叶(6),种子(3),新人宝箱(1),精灵果(2),闪光叶子(1),带刺的硬皮(1),仙人绒球(1),骆驼睫毛(1),仙人掌的花(1),沙枣(2),仙人掌的刺(1),仙人球根须(1),;
[11-14 01:57:00]@进入@5765;6;4;7;0;6;0;6;0;干枯的草根(3),亮闪闪的草叶(6),种子(3),新人宝箱(1),精灵果(2),闪光叶子(1),带刺的硬皮(1),仙人绒球(1),骆驼睫毛(1),仙人掌的花(1),沙枣(2),仙人掌的刺(1),仙人球根须(1),;
[11-14 01:59:13]@离开@5765;6;4;7;0;6;0;6;0;干枯的草根(3),亮闪闪的草叶(6),种子(3),新人宝箱(1),精灵果(2),闪光叶子(1),带刺的硬皮(3),仙人绒球(2),骆驼睫毛(1),仙人掌的花(2),沙枣(3),仙人掌的刺(3),仙人球根须(1),;
[11-14 02:00:47]@进入@5765;6;4;7;0;6;0;6;0;干枯的草根(3),亮闪闪的草叶(6),种子(3),新人宝箱(1),精灵果(2),闪光叶子(1),带刺的硬皮(3),仙人绒球(2),骆驼睫毛(1),仙人掌的花(2),沙枣(3),仙人掌的刺(3),仙人球根须(1),;
[11-14 02:02:56]@离开@5765;6;4;7;0;6;0;6;0;干枯的草根(3),亮闪闪的草叶(6),种子(3),新人宝箱(1),精灵果(2),闪光叶子(1),带刺的硬皮(4),仙人绒球(2),骆驼睫毛(1),仙人掌的花(2),沙枣(3),仙人掌的刺(3),仙人球根须(1),;
[11-14 02:07:26]@进入@5765;6;4;7;0;6;0;6;0;干枯的草根(3),亮闪闪的草叶(6),种子(3),新人宝箱(1),精灵果(2),闪光叶子(1),带刺的硬皮(4),仙人绒球(2),骆驼睫毛(1),仙人掌的花(2),沙枣(3),仙人掌的刺(3),仙人球根须(1),;
[11-14 02:08:04]@离开@5765;6;4;7;0;6;0;6;0;干枯的草根(3),亮闪闪的草叶(6),种子(3),新人宝箱(1),精灵果(2),闪光叶子(1),带刺的硬皮(4),仙人绒球(2),骆驼睫毛(1),仙人掌的花(2),沙枣(3),仙人掌的刺(3),仙人球根须(1),;
[11-14 02:12:10]@进入@5765;6;4;7;0;6;0;6;0;干枯的草根(3),亮闪闪的草叶(6),种子(3),新人宝箱(1),精灵果(2),闪光叶子(1),带刺的硬皮(4),仙人绒球(2),骆驼睫毛(1),仙人掌的花(2),沙枣(3),仙人掌的刺(3),仙人球根须(1),;
[11-14 02:13:19]@离开@5765;6;4;7;0;6;0;6;0;干枯的草根(3),亮闪闪的草叶(6),种子(3),新人宝箱(1),精灵果(2),闪光叶子(1),带刺的硬皮(5),仙人绒球(3),骆驼睫毛(1),仙人掌的花(2),沙枣(3),仙人掌的刺(3),仙人球根须(2),;
[11-14 02:43:33]@进入@5765;6;4;7;0;6;0;6;0;干枯的草根(3),亮闪闪的草叶(6),种子(3),新人宝箱(1),精灵果(2),闪光叶子(1),带刺的硬皮(5),仙人绒球(3),骆驼睫毛(1),仙人掌的花(2),沙枣(3),仙人掌的刺(3),仙人球根须(2),;
[11-14 02:50:51]@离开@5765;6;4;7;0;6;0;6;0;干枯的草根(3),亮闪闪的草叶(6),种子(3),新人宝箱(1),精灵果(2),闪光叶子(1),带刺的硬皮(5),仙人绒球(3),骆驼睫毛(1),仙人掌的花(2),沙枣(3),仙人掌的刺(3),仙人球根须(2),;
[11-17 20:17:04]@进入@5765;6;4;7;0;6;0;6;0;干枯的草根(3),亮闪闪的草叶(6),种子(3),新人宝箱(1),精灵果(2),闪光叶子(1),带刺的硬皮(5),仙人绒球(3),骆驼睫毛(1),仙人掌的花(2),沙枣(3),仙人掌的刺(3),仙人球根须(2),;
[11-17 20:19:51]@离开@5765;6;4;7;0;6;0;6;0;干枯的草根(3),亮闪闪的草叶(6),种子(3),新人宝箱(1),精灵果(2),闪光叶子(1),带刺的硬皮(5),仙人绒球(3),骆驼睫毛(1),仙人掌的花(2),沙枣(3),仙人掌的刺(3),仙人球根须(2),;
[11-28 05:53:03]@进入@ly;3;4;11;0;5;0;5;0;亮闪闪的草叶(2),带刺的硬皮(9),仙人绒球(7),新人宝箱(1),新手衣服(1),仙人球根须(3),仙人掌球根(4),仙人掌的花(4),沙枣(1),仙人掌的刺(1),干枯的草根(2),精灵果(1),种子(1),;
[11-28 05:53:23]@离开@ly;3;4;11;0;5;0;5;0;亮闪闪的草叶(2),带刺的硬皮(9),仙人绒球(7),新人宝箱(1),新手衣服(1),仙人球根须(3),仙人掌球根(4),仙人掌的花(4),沙枣(1),仙人掌的刺(1),干枯的草根(2),精灵果(1),种子(1),;
[11-28 06:53:15]@进入@5765;6;4;7;0;6;0;6;0;干枯的草根(3),亮闪闪的草叶(6),种子(3),新人宝箱(1),精灵果(2),闪光叶子(1),带刺的硬皮(5),仙人绒球(3),骆驼睫毛(1),仙人掌的花(2),沙枣(3),仙人掌的刺(3),仙人球根须(2),;
[11-28 06:53:50]@离开@5765;6;4;7;0;6;0;6;0;干枯的草根(3),亮闪闪的草叶(6),种子(3),新人宝箱(1),精灵果(2),闪光叶子(1),带刺的硬皮(5),仙人绒球(3),骆驼睫毛(1),仙人掌的花(2),沙枣(3),仙人掌的刺(3),仙人球根须(2),;
[11-28 07:01:08]@进入@5765;6;4;7;0;6;0;6;0;干枯的草根(3),亮闪闪的草叶(6),种子(3),新人宝箱(1),精灵果(2),闪光叶子(1),带刺的硬皮(5),仙人绒球(3),骆驼睫毛(1),仙人掌的花(2),沙枣(3),仙人掌的刺(3),仙人球根须(2),;
[11-28 07:01:14]@离开@5765;6;4;7;0;6;0;6;0;干枯的草根(3),亮闪闪的草叶(6),种子(3),新人宝箱(1),精灵果(2),闪光叶子(1),带刺的硬皮(5),仙人绒球(3),骆驼睫毛(1),仙人掌的花(2),沙枣(3),仙人掌的刺(3),仙人球根须(2),;
[11-28 07:38:50]@进入@5765;6;4;7;0;6;0;6;0;干枯的草根(3),亮闪闪的草叶(6),种子(3),新人宝箱(1),精灵果(2),闪光叶子(1),带刺的硬皮(5),仙人绒球(3),骆驼睫毛(1),仙人掌的花(2),沙枣(3),仙人掌的刺(3),仙人球根须(2),;
[11-28 07:39:36]@离开@5765;6;4;7;0;6;0;6;0;干枯的草根(3),亮闪闪的草叶(6),种子(3),新人宝箱(1),精灵果(2),闪光叶子(1),带刺的硬皮(5),仙人绒球(3),骆驼睫毛(1),仙人掌的花(2),沙枣(3),仙人掌的刺(3),仙人球根须(2),;
[11-28 10:43:39]@进入@ly;3;4;11;0;5;0;5;0;亮闪闪的草叶(2),带刺的硬皮(9),仙人绒球(7),新人宝箱(1),新手衣服(1),仙人球根须(3),仙人掌球根(4),仙人掌的花(4),沙枣(1),仙人掌的刺(1),干枯的草根(2),精灵果(1),种子(1),;
[11-28 10:45:07]@离开@ly;3;4;11;0;5;0;5;0;亮闪闪的草叶(2),带刺的硬皮(9),仙人绒球(7),新人宝箱(1),新手衣服(1),仙人球根须(3),仙人掌球根(4),仙人掌的花(4),沙枣(1),仙人掌的刺(1),干枯的草根(2),精灵果(1),种子(1),;
[11-28 10:50:10]@进入@5765;0;4;5;0;5;0;5;0;干枯的草根(3),亮闪闪的草叶(6),种子(3),新人宝箱(1),精灵果(2),闪光叶子(1),带刺的硬皮(5),仙人绒球(3),骆驼睫毛(1),仙人掌的花(2),沙枣(3),仙人掌的刺(3),仙人球根须(2),;
[11-28 10:51:18]@进入@5765;0;4;5;0;5;0;5;0;干枯的草根(3),亮闪闪的草叶(6),种子(3),新人宝箱(1),精灵果(2),闪光叶子(1),带刺的硬皮(5),仙人绒球(3),骆驼睫毛(1),仙人掌的花(2),沙枣(3),仙人掌的刺(3),仙人球根须(2),;
[11-28 10:51:29]@进入@5765;6;4;7;0;6;0;6;0;干枯的草根(3),亮闪闪的草叶(6),种子(3),新人宝箱(1),精灵果(2),闪光叶子(1),带刺的硬皮(5),仙人绒球(3),骆驼睫毛(1),仙人掌的花(2),沙枣(3),仙人掌的刺(3),仙人球根须(2),;
[11-28 10:51:56]@离开@5765;6;4;7;0;6;0;6;0;干枯的草根(3),亮闪闪的草叶(6),种子(3),新人宝箱(1),精灵果(2),闪光叶子(1),带刺的硬皮(5),仙人绒球(3),骆驼睫毛(1),仙人掌的花(2),沙枣(3),仙人掌的刺(3),仙人球根须(2),;
[11-28 11:02:17]@进入@5765;6;4;7;0;6;0;6;0;干枯的草根(3),亮闪闪的草叶(6),种子(3),新人宝箱(1),精灵果(2),闪光叶子(1),带刺的硬皮(5),仙人绒球(3),骆驼睫毛(1),仙人掌的花(2),沙枣(3),仙人掌的刺(3),仙人球根须(2),;
[11-28 11:02:54]@离开@5765;6;4;7;0;6;0;6;0;干枯的草根(3),亮闪闪的草叶(6),种子(3),新人宝箱(1),精灵果(2),闪光叶子(1),带刺的硬皮(5),仙人绒球(3),骆驼睫毛(1),仙人掌的花(2),沙枣(3),仙人掌的刺(3),仙人球根须(2),;
[11-28 11:04:53]@进入@5765;6;4;7;0;6;0;6;0;干枯的草根(3),亮闪闪的草叶(6),种子(3),新人宝箱(1),精灵果(2),闪光叶子(1),带刺的硬皮(5),仙人绒球(3),骆驼睫毛(1),仙人掌的花(2),沙枣(3),仙人掌的刺(3),仙人球根须(2),;
[11-28 11:04:59]@离开@5765;6;4;7;0;6;0;6;0;干枯的草根(3),亮闪闪的草叶(6),种子(3),新人宝箱(1),精灵果(2),闪光叶子(1),带刺的硬皮(5),仙人绒球(3),骆驼睫毛(1),仙人掌的花(2),沙枣(3),仙人掌的刺(3),仙人球根须(2),;
[11-28 11:06:20]@进入@5765;6;4;7;0;6;0;6;0;干枯的草根(3),亮闪闪的草叶(6),种子(3),新人宝箱(1),精灵果(2),闪光叶子(1),带刺的硬皮(5),仙人绒球(3),骆驼睫毛(1),仙人掌的花(2),沙枣(3),仙人掌的刺(3),仙人球根须(2),;
[11-28 11:06:29]@离开@5765;6;4;7;0;6;0;6;0;干枯的草根(3),亮闪闪的草叶(6),种子(3),新人宝箱(1),精灵果(2),闪光叶子(1),带刺的硬皮(5),仙人绒球(3),骆驼睫毛(1),仙人掌的花(2),沙枣(3),仙人掌的刺(3),仙人球根须(2),;
[11-28 11:08:31]@进入@5765;6;4;7;0;6;0;6;0;干枯的草根(3),亮闪闪的草叶(6),种子(3),新人宝箱(1),精灵果(2),闪光叶子(1),带刺的硬皮(5),仙人绒球(3),骆驼睫毛(1),仙人掌的花(2),沙枣(3),仙人掌的刺(3),仙人球根须(2),;
[11-28 11:13:07]@离开@5765;6;66;7;0;6;0;6;0;干枯的草根(3),亮闪闪的草叶(6),种子(3),新人宝箱(1),精灵果(2),闪光叶子(1),带刺的硬皮(5),仙人绒球(3),骆驼睫毛(1),仙人掌的花(2),沙枣(3),仙人掌的刺(3),仙人球根须(2),微笑1(1),脸型2号(1),隐秘手套(1),精炼石(1),狂风触手(1),海水浸泡过的章鱼触手(1),快乐兔衣服(1),;
[11-28 11:15:20]@进入@5765;6;75;7;0;6;0;6;0;干枯的草根(3),亮闪闪的草叶(6),种子(3),新人宝箱(1),精灵果(2),闪光叶子(1),带刺的硬皮(5),仙人绒球(3),骆驼睫毛(1),仙人掌的花(2),沙枣(3),仙人掌的刺(3),仙人球根须(2),微笑1(1),脸型2号(1),隐秘手套(1),精炼石(1),狂风触手(1),海水浸泡过的章鱼触手(1),快乐兔衣服(1),;
[11-28 11:17:48]@离开@5765;6;75;7;0;6;0;6;0;干枯的草根(3),亮闪闪的草叶(6),种子(3),新人宝箱(1),精灵果(2),闪光叶子(1),带刺的硬皮(5),仙人绒球(3),骆驼睫毛(1),仙人掌的花(2),沙枣(3),仙人掌的刺(3),亡灵短袍(1),;
[11-28 11:18:39]@进入@5765;6;75;7;0;6;0;6;0;干枯的草根(3),亮闪闪的草叶(6),种子(3),新人宝箱(1),精灵果(2),闪光叶子(1),带刺的硬皮(5),仙人绒球(3),骆驼睫毛(1),仙人掌的花(2),沙枣(3),仙人掌的刺(3),亡灵短袍(1),;
[11-28 11:19:42]@离开@5765;6;75;7;0;6;0;11;0;干枯的草根(3),亮闪闪的草叶(6),种子(3),新人宝箱(1),精灵果(2),闪光叶子(1),带刺的硬皮(5),仙人绒球(3),骆驼睫毛(1),仙人掌的花(2),沙枣(3),仙人掌的刺(3),;
[11-28 11:21:18]@进入@ly;3;75;11;0;5;0;5;0;亮闪闪的草叶(2),带刺的硬皮(9),仙人绒球(7),新人宝箱(1),新手衣服(1),仙人球根须(3),仙人掌球根(4),仙人掌的花(4),沙枣(1),仙人掌的刺(1),干枯的草根(2),精灵果(1),种子(1),;
[11-28 11:32:45]@离开@ly;3;75;11;0;5;0;10;0;亮闪闪的草叶(2),带刺的硬皮(9),仙人绒球(7),新人宝箱(1),新手衣服(1),仙人球根须(3),仙人掌球根(4),仙人掌的花(4),沙枣(1),仙人掌的刺(1),干枯的草根(2),精灵果(1),种子(1),黑龙之躯(1),东方海盗水手头巾(1),东方海盗战斗员徽记(1),新手小刀(1),中级魔力(1),微笑1(1),瞪眼1(1),粗布衣服(1),海水浸泡过的章鱼触手(1),北方海盗突击标记(1),;
[11-28 13:02:22]@进入@ly;3;75;11;0;5;0;10;0;亮闪闪的草叶(2),带刺的硬皮(9),仙人绒球(7),新人宝箱(1),新手衣服(1),仙人球根须(3),仙人掌球根(4),仙人掌的花(4),沙枣(1),仙人掌的刺(1),干枯的草根(2),精灵果(1),种子(1),东方海盗水手头巾(1),东方海盗战斗员徽记(1),中级魔力(1),新手小刀(1),微笑1(1),瞪眼1(1),粗布衣服(1),海水浸泡过的章鱼触手(1),北方海盗突击标记(1),黑龙之躯(1),;
[11-28 13:08:35]@离开@ly;3;75;11;0;5;0;10;0;亮闪闪的草叶(2),带刺的硬皮(9),仙人绒球(7),新人宝箱(1),新手衣服(1),仙人球根须(3),仙人掌球根(4),仙人掌的花(4),沙枣(1),仙人掌的刺(1),干枯的草根(2),精灵果(1),种子(1),东方海盗水手头巾(1),东方海盗战斗员徽记(1),中级魔力(1),新手小刀(1),微笑1(1),瞪眼1(1),粗布衣服(1),海水浸泡过的章鱼触手(1),北方海盗突击标记(1),黑龙之躯(1),;
[11-28 13:10:30]@进入@5765;6;75;7;0;6;0;11;0;干枯的草根(3),亮闪闪的草叶(6),种子(3),新人宝箱(1),精灵果(2),闪光叶子(1),带刺的硬皮(5),仙人绒球(3),骆驼睫毛(1),仙人掌的花(2),沙枣(3),仙人掌的刺(3),;
[11-28 13:10:45]@离开@5765;6;75;7;0;6;0;11;0;干枯的草根(3),亮闪闪的草叶(6),种子(3),新人宝箱(1),精灵果(2),闪光叶子(1),带刺的硬皮(5),仙人绒球(3),骆驼睫毛(1),仙人掌的花(2),沙枣(3),仙人掌的刺(3),;
[11-28 13:14:52]@进入@5765;6;75;7;0;6;0;11;0;干枯的草根(3),亮闪闪的草叶(6),种子(3),新人宝箱(1),精灵果(2),闪光叶子(1),带刺的硬皮(5),仙人绒球(3),骆驼睫毛(1),仙人掌的花(2),沙枣(3),仙人掌的刺(3),;
[11-28 13:19:32]@离开@5765;6;75;7;0;6;0;11;0;干枯的草根(3),亮闪闪的草叶(6),种子(3),新人宝箱(1),精灵果(2),闪光叶子(1),带刺的硬皮(5),仙人绒球(3),骆驼睫毛(1),仙人掌的花(2),沙枣(3),仙人掌的刺(3),;
[11-28 13:20:49]@进入@ly;3;75;11;0;5;0;10;0;亮闪闪的草叶(2),带刺的硬皮(9),仙人绒球(7),新人宝箱(1),新手衣服(1),仙人球根须(3),仙人掌球根(4),仙人掌的花(4),沙枣(1),仙人掌的刺(1),干枯的草根(2),精灵果(1),种子(1),东方海盗水手头巾(1),东方海盗战斗员徽记(1),中级魔力(1),新手小刀(1),微笑1(1),瞪眼1(1),粗布衣服(1),海水浸泡过的章鱼触手(1),北方海盗突击标记(1),黑龙之躯(1),;
[11-28 13:21:11]@离开@ly;3;75;11;0;5;0;10;0;亮闪闪的草叶(2),带刺的硬皮(9),仙人绒球(7),新人宝箱(1),新手衣服(1),仙人球根须(3),仙人掌球根(4),仙人掌的花(4),沙枣(1),仙人掌的刺(1),干枯的草根(2),精灵果(1),种子(1),东方海盗水手头巾(1),东方海盗战斗员徽记(1),中级魔力(1),新手小刀(1),微笑1(1),瞪眼1(1),粗布衣服(1),海水浸泡过的章鱼触手(1),北方海盗突击标记(1),黑龙之躯(1),;
[11-28 13:22:56]@进入@ly;3;75;11;0;5;0;10;0;亮闪闪的草叶(2),带刺的硬皮(9),仙人绒球(7),新人宝箱(1),新手衣服(1),仙人球根须(3),仙人掌球根(4),仙人掌的花(4),沙枣(1),仙人掌的刺(1),干枯的草根(2),精灵果(1),种子(1),东方海盗水手头巾(1),东方海盗战斗员徽记(1),中级魔力(1),新手小刀(1),微笑1(1),瞪眼1(1),粗布衣服(1),海水浸泡过的章鱼触手(1),北方海盗突击标记(1),黑龙之躯(1),;
[11-28 13:23:06]@离开@ly;3;75;11;0;5;0;10;0;亮闪闪的草叶(2),带刺的硬皮(9),仙人绒球(7),新人宝箱(1),新手衣服(1),仙人球根须(3),仙人掌球根(4),仙人掌的花(4),沙枣(1),仙人掌的刺(1),干枯的草根(2),精灵果(1),种子(1),东方海盗水手头巾(1),东方海盗战斗员徽记(1),中级魔力(1),新手小刀(1),微笑1(1),瞪眼1(1),粗布衣服(1),海水浸泡过的章鱼触手(1),北方海盗突击标记(1),黑龙之躯(1),;
[11-28 13:32:22]@进入@5765;6;75;7;0;6;0;11;0;干枯的草根(3),亮闪闪的草叶(6),种子(3),新人宝箱(1),精灵果(2),闪光叶子(1),带刺的硬皮(5),仙人绒球(3),骆驼睫毛(1),仙人掌的花(2),沙枣(3),仙人掌的刺(3),;
[11-28 13:32:38]@离开@5765;6;75;7;0;6;0;11;0;干枯的草根(3),亮闪闪的草叶(6),种子(3),新人宝箱(1),精灵果(2),闪光叶子(1),带刺的硬皮(5),仙人绒球(3),骆驼睫毛(1),仙人掌的花(2),沙枣(3),仙人掌的刺(3),;
[11-28 13:32:41]@进入@ly;3;75;11;0;5;0;10;0;亮闪闪的草叶(2),带刺的硬皮(9),仙人绒球(7),新人宝箱(1),新手衣服(1),仙人球根须(3),仙人掌球根(4),仙人掌的花(4),沙枣(1),仙人掌的刺(1),干枯的草根(2),精灵果(1),种子(1),东方海盗水手头巾(1),东方海盗战斗员徽记(1),中级魔力(1),新手小刀(1),微笑1(1),瞪眼1(1),粗布衣服(1),海水浸泡过的章鱼触手(1),北方海盗突击标记(1),黑龙之躯(1),;
[11-28 13:37:18]@离开@ly;3;75;11;0;5;0;10;0;亮闪闪的草叶(2),带刺的硬皮(9),仙人绒球(7),新人宝箱(1),新手衣服(1),仙人球根须(3),仙人掌球根(4),仙人掌的花(4),沙枣(1),仙人掌的刺(1),干枯的草根(2),精灵果(1),种子(1),东方海盗水手头巾(1),东方海盗战斗员徽记(1),中级魔力(1),新手小刀(1),微笑1(1),瞪眼1(1),粗布衣服(1),海水浸泡过的章鱼触手(1),北方海盗突击标记(1),黑龙之躯(1),;
[11-28 13:38:43]@进入@5765;6;75;7;0;6;0;11;0;干枯的草根(3),亮闪闪的草叶(6),种子(3),新人宝箱(1),精灵果(2),闪光叶子(1),带刺的硬皮(5),仙人绒球(3),骆驼睫毛(1),仙人掌的花(2),沙枣(3),仙人掌的刺(3),;
[11-28 13:39:49]@离开@5765;6;75;7;0;6;0;11;0;干枯的草根(3),亮闪闪的草叶(6),种子(3),新人宝箱(1),精灵果(2),闪光叶子(1),带刺的硬皮(5),仙人绒球(3),骆驼睫毛(1),仙人掌的花(2),沙枣(3),仙人掌的刺(3),;
[11-28 13:41:30]@进入@5765;6;75;7;0;6;0;11;0;干枯的草根(3),亮闪闪的草叶(6),种子(3),新人宝箱(1),精灵果(2),闪光叶子(1),带刺的硬皮(5),仙人绒球(3),骆驼睫毛(1),仙人掌的花(2),沙枣(3),仙人掌的刺(3),;
[11-28 13:42:25]@离开@5765;6;75;7;0;6;0;11;0;干枯的草根(3),亮闪闪的草叶(6),种子(3),新人宝箱(1),精灵果(2),闪光叶子(1),带刺的硬皮(5),仙人绒球(3),骆驼睫毛(1),仙人掌的花(2),沙枣(3),仙人掌的刺(3),;
[11-28 13:42:35]@进入@5765;6;75;7;0;6;0;11;0;干枯的草根(3),亮闪闪的草叶(6),种子(3),新人宝箱(1),精灵果(2),闪光叶子(1),带刺的硬皮(5),仙人绒球(3),骆驼睫毛(1),仙人掌的花(2),沙枣(3),仙人掌的刺(3),;
[11-28 13:42:48]@离开@5765;6;75;7;0;6;0;11;0;干枯的草根(3),亮闪闪的草叶(6),种子(3),新人宝箱(1),精灵果(2),闪光叶子(1),带刺的硬皮(5),仙人绒球(3),骆驼睫毛(1),仙人掌的花(2),沙枣(3),仙人掌的刺(3),;
[11-28 13:44:26]@进入@ly;3;75;11;0;5;0;10;0;亮闪闪的草叶(2),带刺的硬皮(9),仙人绒球(7),新人宝箱(1),新手衣服(1),仙人球根须(3),仙人掌球根(4),仙人掌的花(4),沙枣(1),仙人掌的刺(1),干枯的草根(2),精灵果(1),种子(1),东方海盗水手头巾(1),东方海盗战斗员徽记(1),中级魔力(1),新手小刀(1),微笑1(1),瞪眼1(1),粗布衣服(1),海水浸泡过的章鱼触手(1),北方海盗突击标记(1),黑龙之躯(1),;
[11-28 13:44:38]@离开@ly;3;75;11;0;5;0;10;0;亮闪闪的草叶(2),带刺的硬皮(9),仙人绒球(7),新人宝箱(1),新手衣服(1),仙人球根须(3),仙人掌球根(4),仙人掌的花(4),沙枣(1),仙人掌的刺(1),干枯的草根(2),精灵果(1),种子(1),东方海盗水手头巾(1),东方海盗战斗员徽记(1),中级魔力(1),新手小刀(1),微笑1(1),瞪眼1(1),粗布衣服(1),海水浸泡过的章鱼触手(1),北方海盗突击标记(1),黑龙之躯(1),;
[11-28 13:46:44]@进入@5765;6;75;7;0;6;0;11;0;干枯的草根(3),亮闪闪的草叶(6),种子(3),新人宝箱(1),精灵果(2),闪光叶子(1),带刺的硬皮(5),仙人绒球(3),骆驼睫毛(1),仙人掌的花(2),沙枣(3),仙人掌的刺(3),;
[11-28 13:47:19]@离开@5765;6;75;7;0;6;0;11;0;干枯的草根(3),亮闪闪的草叶(6),种子(3),新人宝箱(1),精灵果(2),闪光叶子(1),带刺的硬皮(5),仙人绒球(3),骆驼睫毛(1),仙人掌的花(2),沙枣(3),仙人掌的刺(3),;
[11-28 13:47:54]@进入@5765;6;75;7;0;6;0;11;0;干枯的草根(3),亮闪闪的草叶(6),种子(3),新人宝箱(1),精灵果(2),闪光叶子(1),带刺的硬皮(5),仙人绒球(3),骆驼睫毛(1),仙人掌的花(2),沙枣(3),仙人掌的刺(3),;
[11-28 13:48:12]@离开@5765;6;75;7;0;6;0;11;0;干枯的草根(3),亮闪闪的草叶(6),种子(3),新人宝箱(1),精灵果(2),闪光叶子(1),带刺的硬皮(5),仙人绒球(3),骆驼睫毛(1),仙人掌的花(2),沙枣(3),仙人掌的刺(3),;
[11-28 13:52:05]@进入@ly;3;75;11;0;5;0;10;0;亮闪闪的草叶(2),带刺的硬皮(9),仙人绒球(7),新人宝箱(1),新手衣服(1),仙人球根须(3),仙人掌球根(4),仙人掌的花(4),沙枣(1),仙人掌的刺(1),干枯的草根(2),精灵果(1),种子(1),东方海盗水手头巾(1),东方海盗战斗员徽记(1),中级魔力(1),新手小刀(1),微笑1(1),瞪眼1(1),粗布衣服(1),海水浸泡过的章鱼触手(1),北方海盗突击标记(1),黑龙之躯(1),;
[11-28 13:54:03]@离开@ly;3;75;11;0;5;0;10;0;亮闪闪的草叶(2),带刺的硬皮(9),仙人绒球(7),新人宝箱(1),新手衣服(1),仙人球根须(3),仙人掌球根(4),仙人掌的花(4),沙枣(1),仙人掌的刺(1),干枯的草根(2),精灵果(1),种子(1),东方海盗水手头巾(1),东方海盗战斗员徽记(1),中级魔力(1),新手小刀(1),微笑1(1),瞪眼1(1),粗布衣服(1),海水浸泡过的章鱼触手(1),北方海盗突击标记(1),黑龙之躯(1),;
[11-28 15:12:55]@进入@5765;6;75;7;0;6;0;11;0;干枯的草根(3),亮闪闪的草叶(6),种子(3),新人宝箱(1),精灵果(2),闪光叶子(1),带刺的硬皮(5),仙人绒球(3),骆驼睫毛(1),仙人掌的花(2),沙枣(3),仙人掌的刺(3),;
[11-28 15:13:11]@离开@5765;6;75;7;0;6;0;11;0;干枯的草根(3),亮闪闪的草叶(6),种子(3),新人宝箱(1),精灵果(2),闪光叶子(1),带刺的硬皮(5),仙人绒球(3),骆驼睫毛(1),仙人掌的花(2),沙枣(3),仙人掌的刺(3),;
[11-28 15:13:31]@进入@ly;3;75;11;0;5;0;10;0;亮闪闪的草叶(2),带刺的硬皮(9),仙人绒球(7),新人宝箱(1),新手衣服(1),仙人球根须(3),仙人掌球根(4),仙人掌的花(4),沙枣(1),仙人掌的刺(1),干枯的草根(2),精灵果(1),种子(1),东方海盗水手头巾(1),东方海盗战斗员徽记(1),中级魔力(1),新手小刀(1),微笑1(1),瞪眼1(1),粗布衣服(1),海水浸泡过的章鱼触手(1),北方海盗突击标记(1),黑龙之躯(1),;
[11-28 15:15:34]@离开@ly;3;75;11;0;5;0;10;0;亮闪闪的草叶(2),带刺的硬皮(9),仙人绒球(7),新人宝箱(1),新手衣服(1),仙人球根须(3),仙人掌球根(4),仙人掌的花(4),沙枣(1),仙人掌的刺(1),干枯的草根(2),精灵果(1),种子(1),东方海盗水手头巾(1),东方海盗战斗员徽记(1),中级魔力(1),新手小刀(1),微笑1(1),瞪眼1(1),粗布衣服(1),海水浸泡过的章鱼触手(1),北方海盗突击标记(1),黑龙之躯(1),蜘蛛后腿(1),;
[11-28 17:09:29]@进入@5765;6;75;7;0;6;0;11;0;干枯的草根(3),亮闪闪的草叶(6),种子(3),新人宝箱(1),精灵果(2),闪光叶子(1),带刺的硬皮(5),仙人绒球(3),骆驼睫毛(1),仙人掌的花(2),沙枣(3),仙人掌的刺(3),;
[11-28 17:09:45]@离开@5765;6;75;7;0;6;0;11;0;干枯的草根(3),亮闪闪的草叶(6),种子(3),新人宝箱(1),精灵果(2),闪光叶子(1),带刺的硬皮(5),仙人绒球(3),骆驼睫毛(1),仙人掌的花(2),沙枣(3),仙人掌的刺(3),;
[11-28 17:10:10]@进入@ly;3;75;11;0;5;0;10;0;亮闪闪的草叶(2),带刺的硬皮(9),仙人绒球(7),新人宝箱(1),新手衣服(1),仙人球根须(3),仙人掌球根(4),仙人掌的花(4),沙枣(1),仙人掌的刺(1),干枯的草根(2),精灵果(1),种子(1),东方海盗水手头巾(1),东方海盗战斗员徽记(1),中级魔力(1),新手小刀(1),蜘蛛后腿(1),微笑1(1),瞪眼1(1),粗布衣服(1),海水浸泡过的章鱼触手(1),北方海盗突击标记(1),黑龙之躯(1),;
[11-28 17:12:06]@离开@ly;3;75;11;0;5;0;10;0;亮闪闪的草叶(2),带刺的硬皮(9),仙人绒球(7),新人宝箱(1),新手衣服(1),仙人球根须(3),仙人掌球根(4),仙人掌的花(4),沙枣(1),仙人掌的刺(1),干枯的草根(2),精灵果(1),种子(1),东方海盗水手头巾(1),东方海盗战斗员徽记(1),中级魔力(1),新手小刀(1),蜘蛛后腿(1),微笑1(1),瞪眼1(1),粗布衣服(1),海水浸泡过的章鱼触手(1),北方海盗突击标记(1),黑龙之躯(1),;
[12-02 03:48:02]@进入@5765;6;75;7;0;6;0;11;0;干枯的草根(3),亮闪闪的草叶(6),种子(3),新人宝箱(1),精灵果(2),闪光叶子(1),带刺的硬皮(5),仙人绒球(3),骆驼睫毛(1),仙人掌的花(2),沙枣(3),仙人掌的刺(3),;
[12-02 03:48:50]@离开@5765;6;75;7;0;6;0;11;0;干枯的草根(3),亮闪闪的草叶(6),种子(3),新人宝箱(1),精灵果(2),闪光叶子(1),带刺的硬皮(5),仙人绒球(3),骆驼睫毛(1),仙人掌的花(2),沙枣(3),仙人掌的刺(3),;
[12-02 03:56:27]@进入@ly;3;75;11;0;5;0;10;0;亮闪闪的草叶(2),带刺的硬皮(9),仙人绒球(7),新人宝箱(1),新手衣服(1),仙人球根须(3),仙人掌球根(4),仙人掌的花(4),沙枣(1),仙人掌的刺(1),干枯的草根(2),精灵果(1),种子(1),东方海盗水手头巾(1),东方海盗战斗员徽记(1),中级魔力(1),新手小刀(1),蜘蛛后腿(1),微笑1(1),瞪眼1(1),粗布衣服(1),海水浸泡过的章鱼触手(1),北方海盗突击标记(1),黑龙之躯(1),;
[12-02 03:58:44]@离开@ly;3;75;11;0;5;0;10;0;亮闪闪的草叶(2),带刺的硬皮(9),仙人绒球(7),新人宝箱(1),新手衣服(1),仙人球根须(3),仙人掌球根(4),仙人掌的花(4),沙枣(1),仙人掌的刺(1),干枯的草根(2),精灵果(1),种子(1),东方海盗水手头巾(1),东方海盗战斗员徽记(1),中级魔力(1),新手小刀(1),蜘蛛后腿(1),微笑1(1),瞪眼1(1),粗布衣服(1),海水浸泡过的章鱼触手(1),北方海盗突击标记(1),黑龙之躯(1),;
[12-02 04:03:02]@进入@ly;3;75;11;0;5;0;10;0;亮闪闪的草叶(2),带刺的硬皮(9),仙人绒球(7),新人宝箱(1),新手衣服(1),仙人球根须(3),仙人掌球根(4),仙人掌的花(4),沙枣(1),仙人掌的刺(1),干枯的草根(2),精灵果(1),种子(1),东方海盗水手头巾(1),东方海盗战斗员徽记(1),中级魔力(1),新手小刀(1),蜘蛛后腿(1),微笑1(1),瞪眼1(1),粗布衣服(1),海水浸泡过的章鱼触手(1),北方海盗突击标记(1),黑龙之躯(1),;
[12-02 04:12:55]@离开@ly;3;75;11;0;5;0;10;0;亮闪闪的草叶(2),带刺的硬皮(9),仙人绒球(7),新人宝箱(1),新手衣服(1),仙人球根须(3),仙人掌球根(4),仙人掌的花(4),沙枣(1),仙人掌的刺(1),干枯的草根(2),精灵果(1),种子(1),东方海盗水手头巾(1),东方海盗战斗员徽记(1),中级魔力(1),新手小刀(1),蜘蛛后腿(1),微笑1(1),瞪眼1(1),粗布衣服(1),海水浸泡过的章鱼触手(1),北方海盗突击标记(1),黑龙之躯(1),;
[12-02 04:14:52]@进入@ly;3;75;11;0;5;0;10;0;亮闪闪的草叶(2),带刺的硬皮(9),仙人绒球(7),新人宝箱(1),新手衣服(1),仙人球根须(3),仙人掌球根(4),仙人掌的花(4),沙枣(1),仙人掌的刺(1),干枯的草根(2),精灵果(1),种子(1),东方海盗水手头巾(1),东方海盗战斗员徽记(1),中级魔力(1),新手小刀(1),蜘蛛后腿(1),微笑1(1),瞪眼1(1),粗布衣服(1),海水浸泡过的章鱼触手(1),北方海盗突击标记(1),黑龙之躯(1),;
[12-02 04:16:05]@离开@ly;3;75;11;0;5;0;10;0;亮闪闪的草叶(2),带刺的硬皮(9),仙人绒球(7),新人宝箱(1),新手衣服(1),仙人球根须(3),仙人掌球根(4),仙人掌的花(4),沙枣(1),仙人掌的刺(1),干枯的草根(2),精灵果(1),种子(1),东方海盗水手头巾(1),东方海盗战斗员徽记(1),中级魔力(1),新手小刀(1),蜘蛛后腿(1),微笑1(1),瞪眼1(1),粗布衣服(1),海水浸泡过的章鱼触手(1),北方海盗突击标记(1),黑龙之躯(1),;
[12-02 08:08:03]@进入@ly;3;75;11;0;5;0;10;0;亮闪闪的草叶(2),带刺的硬皮(9),仙人绒球(7),新人宝箱(1),新手衣服(1),仙人球根须(3),仙人掌球根(4),仙人掌的花(4),沙枣(1),仙人掌的刺(1),干枯的草根(2),精灵果(1),种子(1),东方海盗水手头巾(1),东方海盗战斗员徽记(1),中级魔力(1),新手小刀(1),蜘蛛后腿(1),微笑1(1),瞪眼1(1),粗布衣服(1),海水浸泡过的章鱼触手(1),北方海盗突击标记(1),黑龙之躯(1),;
[12-02 08:08:18]@离开@ly;3;75;11;0;5;0;10;0;亮闪闪的草叶(2),带刺的硬皮(9),仙人绒球(7),新人宝箱(1),新手衣服(1),仙人球根须(3),仙人掌球根(4),仙人掌的花(4),沙枣(1),仙人掌的刺(1),干枯的草根(2),精灵果(1),种子(1),东方海盗水手头巾(1),东方海盗战斗员徽记(1),中级魔力(1),新手小刀(1),蜘蛛后腿(1),微笑1(1),瞪眼1(1),粗布衣服(1),海水浸泡过的章鱼触手(1),北方海盗突击标记(1),黑龙之躯(1),;
[12-02 08:12:32]@进入@5765;6;75;7;0;6;0;11;0;干枯的草根(3),亮闪闪的草叶(6),种子(3),新人宝箱(1),精灵果(2),闪光叶子(1),带刺的硬皮(5),仙人绒球(3),骆驼睫毛(1),仙人掌的花(2),沙枣(3),仙人掌的刺(3),;
[12-02 08:13:00]@离开@5765;6;75;7;0;6;0;11;0;干枯的草根(3),亮闪闪的草叶(6),种子(3),新人宝箱(1),精灵果(2),闪光叶子(1),带刺的硬皮(5),仙人绒球(3),骆驼睫毛(1),仙人掌的花(2),沙枣(3),仙人掌的刺(3),;
[12-02 15:45:12]@进入@5765;6;75;7;0;6;0;11;0;干枯的草根(3),亮闪闪的草叶(6),种子(3),新人宝箱(1),精灵果(2),闪光叶子(1),带刺的硬皮(5),仙人绒球(3),骆驼睫毛(1),仙人掌的花(2),沙枣(3),仙人掌的刺(3),;
[12-02 15:48:56]@离开@5765;6;75;7;0;6;0;11;0;干枯的草根(3),亮闪闪的草叶(6),种子(3),新人宝箱(1),精灵果(2),闪光叶子(1),带刺的硬皮(5),仙人绒球(3),骆驼睫毛(1),仙人掌的花(2),沙枣(3),仙人掌的刺(3),;
[12-02 15:49:18]@进入@ly;3;75;11;0;5;0;10;0;亮闪闪的草叶(2),带刺的硬皮(9),仙人绒球(7),新人宝箱(1),新手衣服(1),仙人球根须(3),仙人掌球根(4),仙人掌的花(4),沙枣(1),仙人掌的刺(1),干枯的草根(2),精灵果(1),种子(1),东方海盗水手头巾(1),东方海盗战斗员徽记(1),中级魔力(1),新手小刀(1),蜘蛛后腿(1),微笑1(1),瞪眼1(1),粗布衣服(1),海水浸泡过的章鱼触手(1),北方海盗突击标记(1),黑龙之躯(1),;
[12-02 15:50:27]@离开@ly;3;75;11;0;5;0;10;0;亮闪闪的草叶(2),带刺的硬皮(9),仙人绒球(7),新人宝箱(1),新手衣服(1),仙人球根须(3),仙人掌球根(4),仙人掌的花(4),沙枣(1),仙人掌的刺(1),干枯的草根(2),精灵果(1),种子(1),东方海盗水手头巾(1),东方海盗战斗员徽记(1),中级魔力(1),新手小刀(1),蜘蛛后腿(1),微笑1(1),瞪眼1(1),粗布衣服(1),海水浸泡过的章鱼触手(1),北方海盗突击标记(1),黑龙之躯(1),;
