[09-28 09:33:38]@拾取@limeili;1574;碧绿叶子;31;1574;0;1;0;0;
[09-28 09:44:47]@系统给@limeili;1574;飞翔宝箱;31;437;0;1;0;0;
[09-28 09:44:48]@系统给@limeili;1574;新手短剑;1;9;0;1;2000000000;0;34-29,35-34,51-10000,54-10000,
[09-28 09:44:48]@系统给@limeili;1574;进阶衣服;22;4308;0;1;2000000000;0;36-4,47-1,51-10000,54-10000,
[09-28 09:44:48]@系统给@limeili;1574;转职说明书;41;444;0;1;0;0;
[09-28 09:44:48]@系统给@limeili;1574;35至尊宝箱;31;985;0;1;0;0;
[09-28 09:44:58]@丢弃@limeili;1574;蘑菇孢子;41;4406;0;1;0;0;
[09-28 09:44:59]@丢弃@limeili;1574;毒蘑菇;41;1725;0;1;0;0;
[09-28 09:45:00]@丢弃@limeili;1574;翅膀;41;1620;0;1;0;0;
[09-28 09:45:01]@丢弃@limeili;1574;玻璃杯;41;1777;0;1;0;0;
[09-28 09:45:04]@丢弃@limeili;1574;碧绿叶子;31;1574;0;2;0;0;
[09-28 09:45:06]@丢弃@limeili;1574;刺鼻气体;41;1653;0;3;0;0;
[09-28 09:45:07]@丢弃@limeili;1574;绿色鳞片;41;4400;0;1;0;0;
[09-28 09:45:08]@丢弃@limeili;1574;嫩绿的草叶;31;4315;0;1;0;0;
[09-10 09:48:02]@系统给@limeili;1574;强化卷轴;62;455;0;1;0;0;
[09-10 09:48:09]@丢弃@limeili;1574;乌龟骨头;41;4408;0;2;0;0;
[09-10 09:51:44]@购买其他玩家@113111;1276;强化卷轴;62;455;0;0;0;0;
[09-10 09:51:44]@购买其他玩家@113111;1276;长草的乌龟壳;41;4328;0;0;0;0;
[09-10 09:53:02]@卖给NPC@limeili;1574;新手小刀;1;8;0;1;0;0;34-14,35-18,51-10000,54-9996,
[09-10 09:53:04]@卖给NPC@limeili;1574;浑浊液体;41;1838;0;1;0;0;
[09-10 09:53:06]@跟NPC购买@limeili;1574;复活叶;31;3143;0;99;0;0;
[09-10 09:53:09]@跟NPC购买@limeili;1574;蛋糕;31;1849;0;99;0;0;
[09-10 09:53:51]@跟NPC购买@limeili;1574;菲菲帽;20;2584;0;1;0;0;36-5,51-20000,54-20000,
[09-10 10:00:46]@系统给@113111;1276;飞翔宝箱;31;437;0;1;0;0;
[09-10 10:00:46]@系统给@113111;1276;新手短剑;1;9;0;1;2000000000;0;34-29,35-34,51-10000,54-10000,
[09-10 10:00:46]@系统给@113111;1276;进阶衣服;22;4308;0;1;2000000000;0;36-4,47-1,51-10000,54-10000,
[09-10 10:00:46]@系统给@113111;1276;转职说明书;41;444;0;1;0;0;
[09-10 10:00:46]@系统给@113111;1276;35至尊宝箱;31;985;0;1;0;0;
[09-10 10:01:10]@系统给@113111;1276;巫毒法袍;22;789;0;1;0;0;26-5,29-3,30-2,36-40,38-200,47-10,51-20000,53-7000,54-20000,56-7000,
[09-10 10:01:10]@系统给@113111;1276;45至尊宝箱;31;986;0;1;0;0;
[09-10 10:01:13]@系统给@113111;1276;咒文之袍;22;796;0;1;0;0;26-6,29-4,30-3,36-50,38-250,47-13,51-20000,53-7000,54-20000,56-7000,
[09-10 10:01:13]@系统给@113111;1276;55至尊宝箱;31;987;0;1;0;0;
[09-10 10:01:17]@系统给@113111;1276;幻咒之袍;22;797;0;1;0;0;26-8,29-6,30-5,36-50,38-300,47-16,51-20000,53-7000,54-20000,56-7000,
[09-10 10:01:17]@系统给@113111;1276;65至尊宝箱;31;988;0;1;0;0;
[09-10 10:01:19]@系统给@113111;1276;迷咒法袍;22;798;0;1;0;0;26-10,29-8,30-7,36-63,38-350,47-16,51-20000,53-7000,54-20000,56-7000,
[09-10 10:02:11]@系统给@limeili;1574;绚丽宝箱;31;438;0;1;0;0;
[09-10 10:02:11]@系统给@limeili;1574;短铁剑;1;10;0;1;2000000000;0;26-3,34-51,35-63,50-1,51-10000,53-3010,54-10000,56-3010,
[09-10 10:02:11]@系统给@limeili;1574;软革甲;22;296;0;1;2000000000;0;27-3,36-11,47-6,51-10000,53-3040,54-10000,56-3040,
[09-10 10:02:11]@系统给@limeili;1574;银翼航空公司白银机票;36;4602;0;1;0;0;
[09-10 10:02:11]@系统给@limeili;1574;银翼航空公司沙岚机票;36;4603;0;1;0;0;
[09-10 10:02:11]@系统给@limeili;1574;银翼航空公司冰狼堡机票;36;4604;0;1;0;0;
[09-10 10:02:11]@系统给@limeili;1574;机票说明书;41;445;0;1;0;0;
[09-10 10:03:08]@丢弃@limeili;1574;软革甲;22;296;0;1;2000000000;0;27-3,36-11,47-6,51-10000,53-3040,54-10000,56-3040,
[09-10 10:03:36]@系统给@limeili;1574;鬼脸1;21;257;0;1;0;0;
[09-10 10:03:38]@丢弃@limeili;1574;鬼脸1;21;257;0;1;0;0;
[09-10 10:03:43]@系统给@limeili;1574;初级沉思;58;259;0;1;0;0;
[09-10 10:04:09]@拾取@113111;1276;软革甲;22;296;0;1;2000000000;0;27-3,36-11,47-6,51-10000,53-3040,54-10000,56-3040,
[09-10 10:13:08]@丢弃@113111;1276;咒文之袍;22;796;0;1;0;0;26-6,29-4,30-3,36-50,38-250,47-13,51-20000,53-7000,54-20000,56-7000,
[09-10 10:13:20]@拾取@limeili;1574;咒文之袍;22;796;0;1;0;0;26-6,29-4,30-3,36-50,38-250,47-13,51-20000,53-7000,54-20000,56-7000,
[09-28 15:52:48]@系统给@xxxxxxxx4;2597;新人宝箱;31;436;0;1;0;0;
[09-28 16:06:49]@拾取@xxxxxxxx4;2597;嫩绿的草叶;31;4315;0;1;0;0;
[09-28 16:09:45]@拾取@xxxxxxxx4;2597;绿色鳞片;41;4400;0;1;0;0;
[09-28 16:17:03]@跟NPC购买@xxxxxxxx4;2597;菲菲帽;20;2584;0;1;0;0;36-5,51-20000,54-20000,
[09-28 16:21:48]@系统给@xxxxxxxx4;2597;海军招募传单;42;4110;0;1;0;0;
[09-28 16:22:25]@拾取@xxxxxxxx4;2597;绿色鳞片;41;4400;0;1;0;0;
[09-28 16:23:26]@拾取@xxxxxxxx4;2597;翅膀;41;1620;0;1;0;0;
[09-28 16:23:35]@拾取@xxxxxxxx4;2597;绿色鳞片;41;4400;0;1;0;0;
[09-28 16:50:25]@删除@xxxxxxxx4;2597;海军招募传单;42;4110;0;1;0;0;
[09-28 16:52:05]@卖给NPC@xxxxxxxx4;2597;嫩绿的草叶;31;4315;0;1;0;0;
[09-28 16:52:10]@卖给NPC@xxxxxxxx4;2597;绿色鳞片;41;4400;0;3;0;0;
[09-28 16:52:12]@卖给NPC@xxxxxxxx4;2597;翅膀;41;1620;0;1;0;0;
[09-28 16:52:46]@拾取@xxxxxxxx4;2597;嫩绿的草叶;31;4315;0;1;0;0;
[09-28 16:52:48]@拾取@xxxxxxxx4;2597;草根;41;4397;0;1;0;0;
[09-28 16:53:08]@拾取@xxxxxxxx4;2597;刺鼻气体;41;1653;0;1;0;0;
[09-28 16:53:28]@拾取@xxxxxxxx4;2597;绿色鳞片;41;4400;0;1;0;0;
[09-28 16:53:48]@拾取@xxxxxxxx4;2597;毒蘑菇;41;1725;0;1;0;0;
[09-28 16:54:09]@拾取@xxxxxxxx4;2597;带香味的花;41;4322;0;1;0;0;
[09-28 16:54:11]@拾取@xxxxxxxx4;2597;鲜艳的花瓣;41;4401;0;1;0;0;
[09-28 16:54:12]@拾取@xxxxxxxx4;2597;花苞;41;1579;0;1;0;0;
[09-28 16:54:12]@拾取@xxxxxxxx4;2597;碧绿叶子;31;1574;0;1;0;0;
[09-28 16:54:57]@系统给@xxxxxxxx4;2597;飞翔宝箱;31;437;0;1;0;0;
[09-28 16:54:57]@系统给@xxxxxxxx4;2597;新手短剑;1;9;0;1;2000000000;0;34-29,35-34,51-10000,54-10000,
[09-28 16:54:57]@系统给@xxxxxxxx4;2597;进阶衣服;22;4308;0;1;2000000000;0;36-4,47-1,51-10000,54-10000,
[09-28 16:54:57]@系统给@xxxxxxxx4;2597;转职说明书;41;444;0;1;0;0;
[09-28 16:54:57]@系统给@xxxxxxxx4;2597;35至尊宝箱;31;985;0;1;0;0;
[09-28 16:55:31]@拾取@xxxxxxxx4;2597;毒蘑菇;41;1725;0;1;0;0;
[09-28 16:55:32]@拾取@xxxxxxxx4;2597;模糊图纸;31;1000;0;1;0;0;
[09-28 16:56:08]@拾取@xxxxxxxx4;2597;花苞;41;1579;0;1;0;0;
[09-28 16:56:10]@拾取@xxxxxxxx4;2597;鲜艳的花瓣;41;4401;0;1;0;0;
[09-28 16:57:09]@卖给NPC@xxxxxxxx4;2597;鲜艳的花瓣;41;4401;0;2;0;0;
[09-28 16:57:12]@卖给NPC@xxxxxxxx4;2597;嫩绿的草叶;31;4315;0;1;0;0;
[09-28 16:57:20]@卖给NPC@xxxxxxxx4;2597;草根;41;4397;0;1;0;0;
[09-28 16:57:23]@卖给NPC@xxxxxxxx4;2597;刺鼻气体;41;1653;0;1;0;0;
[09-28 16:57:25]@卖给NPC@xxxxxxxx4;2597;绿色鳞片;41;4400;0;1;0;0;
[09-28 16:57:28]@卖给NPC@xxxxxxxx4;2597;毒蘑菇;41;1725;0;2;0;0;
[09-28 16:57:30]@卖给NPC@xxxxxxxx4;2597;带香味的花;41;4322;0;1;0;0;
[09-28 16:57:33]@卖给NPC@xxxxxxxx4;2597;碧绿叶子;31;1574;0;1;0;0;
[09-28 16:57:37]@卖给NPC@xxxxxxxx4;2597;花苞;41;1579;0;2;0;0;
[09-28 16:59:31]@跟NPC购买@xxxxxxxx4;2597;面包;31;1848;0;99;0;0;
[09-28 17:00:38]@拾取@xxxxxxxx4;2597;翅膀;41;1620;0;1;0;0;
[09-28 17:00:40]@拾取@xxxxxxxx4;2597;绿色鳞片;41;4400;0;1;0;0;
[09-28 17:00:41]@拾取@xxxxxxxx4;2597;嫩绿的草叶;31;4315;0;1;0;0;
[09-28 17:01:12]@拾取@xxxxxxxx4;2597;带花纹的蜗牛壳;41;4319;0;1;0;0;
[09-28 17:01:37]@拾取@xxxxxxxx4;2597;毒蘑菇;41;1725;0;1;0;0;
[09-28 17:02:01]@拾取@xxxxxxxx4;2597;毒蘑菇;41;1725;0;1;0;0;
[09-28 17:02:03]@拾取@xxxxxxxx4;2597;卡拉药片;31;3148;0;1;0;0;
[09-28 17:02:16]@拾取@xxxxxxxx4;2597;鲜艳的花瓣;41;4401;0;1;0;0;
[09-28 17:02:27]@拾取@xxxxxxxx4;2597;蘑菇;31;3118;0;1;0;0;
[09-28 17:02:28]@拾取@xxxxxxxx4;2597;毒蘑菇;41;1725;0;1;0;0;
[09-28 17:02:39]@拾取@xxxxxxxx4;2597;蘑菇孢子;41;4406;0;1;0;0;
[09-28 17:03:06]@拾取@xxxxxxxx4;2597;毒蘑菇;41;1725;0;1;0;0;
[09-28 17:03:24]@拾取@xxxxxxxx4;2597;毒蘑菇;41;1725;0;1;0;0;
[09-28 17:03:26]@拾取@xxxxxxxx4;2597;蘑菇;31;3118;0;1;0;0;
[09-28 17:03:41]@拾取@xxxxxxxx4;2597;蘑菇;31;3118;0;1;0;0;
[09-28 17:04:09]@拾取@xxxxxxxx4;2597;纯净的水;41;1649;0;1;0;0;
[09-28 17:04:10]@拾取@xxxxxxxx4;2597;蓝色贝壳;41;4331;0;1;0;0;
[09-28 17:04:45]@拾取@xxxxxxxx4;2597;模糊图纸;31;1000;0;1;0;0;
[09-28 17:04:47]@拾取@xxxxxxxx4;2597;翅膀;41;1620;0;1;0;0;
[09-28 17:04:52]@拾取@xxxxxxxx4;2597;药用草叶;31;3129;0;1;0;0;
[09-28 17:04:54]@拾取@xxxxxxxx4;2597;枯萎叶子;31;1573;0;1;0;0;
[09-28 17:04:59]@拾取@xxxxxxxx4;2597;嫩绿的草叶;31;4315;0;1;0;0;
[09-28 17:05:39]@拾取@xxxxxxxx4;2597;毒蘑菇;41;1725;0;1;0;0;
[09-28 17:05:40]@拾取@xxxxxxxx4;2597;蘑菇;31;3118;0;1;0;0;
[09-28 17:05:41]@拾取@xxxxxxxx4;2597;蘑菇孢子;41;4406;0;1;0;0;
[09-28 17:05:58]@拾取@xxxxxxxx4;2597;毒蘑菇;41;1725;0;1;0;0;
[09-28 17:06:01]@拾取@xxxxxxxx4;2597;模糊图纸;31;1000;0;1;0;0;
[09-28 17:06:12]@拾取@xxxxxxxx4;2597;蘑菇孢子;41;4406;0;1;0;0;
[09-28 17:06:14]@拾取@xxxxxxxx4;2597;毒蘑菇;41;1725;0;1;0;0;
[09-28 17:06:51]@拾取@xxxxxxxx4;2597;蓝色贝壳;41;4331;0;1;0;0;
[09-28 17:06:52]@拾取@xxxxxxxx4;2597;小贝壳碎片;41;4412;0;1;0;0;
[09-28 17:07:44]@拾取@xxxxxxxx4;2597;蓝色贝壳;41;4331;0;1;0;0;
[09-28 17:08:18]@拾取@xxxxxxxx4;2597;蓝色贝壳;41;4331;0;1;0;0;
[09-28 17:08:37]@拾取@xxxxxxxx4;2597;红色的石头;41;3387;0;1;0;0;
[09-28 17:08:38]@拾取@xxxxxxxx4;2597;蓝色贝壳;41;4331;0;1;0;0;
[09-28 17:08:40]@拾取@xxxxxxxx4;2597;小贝壳碎片;41;4412;0;1;0;0;
[09-28 17:08:57]@拾取@xxxxxxxx4;2597;章鱼触手;41;1704;0;1;0;0;
[09-28 17:09:05]@拾取@xxxxxxxx4;2597;章鱼触手;41;1704;0;1;0;0;
[09-28 17:09:18]@拾取@xxxxxxxx4;2597;蓝色贝壳;41;4331;0;1;0;0;
[09-28 17:09:38]@拾取@xxxxxxxx4;2597;小贝壳碎片;41;4412;0;1;0;0;
[09-28 17:09:54]@拾取@xxxxxxxx4;2597;带花纹的蜗牛壳;41;4319;0;1;0;0;
[09-28 17:10:21]@拾取@xxxxxxxx4;2597;帕帕帽子;41;1840;0;1;0;0;
[09-28 17:10:22]@拾取@xxxxxxxx4;2597;章鱼触手;41;1704;0;1;0;0;
[09-28 17:10:59]@拾取@xxxxxxxx4;2597;毒蘑菇;41;1725;0;1;0;0;
[09-28 17:12:14]@卖给NPC@xxxxxxxx4;2597;翅膀;41;1620;0;2;0;0;
[09-28 17:12:16]@卖给NPC@xxxxxxxx4;2597;毒蘑菇;41;1725;0;9;0;0;
[09-28 17:12:18]@卖给NPC@xxxxxxxx4;2597;带花纹的蜗牛壳;41;4319;0;2;0;0;
[09-28 17:12:21]@卖给NPC@xxxxxxxx4;2597;嫩绿的草叶;31;4315;0;2;0;0;
[09-28 17:12:23]@卖给NPC@xxxxxxxx4;2597;绿色鳞片;41;4400;0;1;0;0;
[09-28 17:12:25]@卖给NPC@xxxxxxxx4;2597;红色的石头;41;3387;0;1;0;0;
[09-28 17:12:28]@卖给NPC@xxxxxxxx4;2597;卡拉药片;31;3148;0;1;0;0;
[09-28 17:12:30]@卖给NPC@xxxxxxxx4;2597;鲜艳的花瓣;41;4401;0;1;0;0;
[09-28 17:12:32]@卖给NPC@xxxxxxxx4;2597;蘑菇;31;3118;0;4;0;0;
[09-28 17:12:34]@卖给NPC@xxxxxxxx4;2597;蘑菇孢子;41;4406;0;3;0;0;
[09-28 17:12:38]@卖给NPC@xxxxxxxx4;2597;纯净的水;41;1649;0;1;0;0;
[09-28 17:12:41]@卖给NPC@xxxxxxxx4;2597;蓝色贝壳;41;4331;0;6;0;0;
[09-28 17:12:44]@卖给NPC@xxxxxxxx4;2597;药用草叶;31;3129;0;1;0;0;
[09-28 17:12:46]@卖给NPC@xxxxxxxx4;2597;枯萎叶子;31;1573;0;1;0;0;
[09-28 17:12:54]@卖给NPC@xxxxxxxx4;2597;帕帕帽子;41;1840;0;1;0;0;
[09-28 17:12:56]@卖给NPC@xxxxxxxx4;2597;章鱼触手;41;1704;0;3;0;0;
[09-28 17:12:59]@卖给NPC@xxxxxxxx4;2597;新手小刀;1;8;0;1;0;0;34-14,35-18,51-10000,54-9990,
[09-28 17:13:01]@卖给NPC@xxxxxxxx4;2597;小贝壳碎片;41;4412;0;3;0;0;
[09-28 17:13:12]@拾取@xxxxxxxx4;2597;嫩绿的草叶;31;4315;0;1;0;0;
[09-28 17:13:13]@拾取@xxxxxxxx4;2597;精灵果;31;3116;0;1;0;0;
[09-28 17:13:28]@拾取@xxxxxxxx4;2597;长草的乌龟壳;41;4328;0;1;0;0;
[09-28 17:13:30]@拾取@xxxxxxxx4;2597;乌龟骨头;41;4408;0;1;0;0;
[09-28 17:14:23]@拾取@xxxxxxxx4;2597;尖锐牙齿;41;1618;0;1;0;0;
[09-28 17:14:35]@拾取@xxxxxxxx4;2597;长草的乌龟壳;41;4328;0;1;0;0;
[09-28 17:14:37]@拾取@xxxxxxxx4;2597;龟血;41;1844;0;1;0;0;
[09-28 17:15:35]@拾取@xxxxxxxx4;2597;玻璃杯;41;1777;0;1;0;0;
[09-28 17:16:15]@拾取@xxxxxxxx4;2597;柔软的猪鬃毛;41;4416;0;1;0;0;
[09-28 17:17:43]@卖给NPC@xxxxxxxx4;2597;乌龟骨头;41;4408;0;1;0;0;
[09-28 17:17:46]@卖给NPC@xxxxxxxx4;2597;柔软的猪鬃毛;41;4416;0;1;0;0;
[09-28 17:17:48]@卖给NPC@xxxxxxxx4;2597;玻璃杯;41;1777;0;1;0;0;
[09-28 17:17:51]@卖给NPC@xxxxxxxx4;2597;尖锐牙齿;41;1618;0;1;0;0;
[09-28 17:17:54]@卖给NPC@xxxxxxxx4;2597;龟血;41;1844;0;1;0;0;
[09-28 17:17:57]@卖给NPC@xxxxxxxx4;2597;长草的乌龟壳;41;4328;0;2;0;0;
[09-28 17:18:06]@卖给NPC@xxxxxxxx4;2597;嫩绿的草叶;31;4315;0;1;0;0;
[09-28 17:18:09]@卖给NPC@xxxxxxxx4;2597;模糊图纸;31;1000;0;3;0;0;
[09-28 17:22:02]@拾取@xxxxxxxx4;2597;翅膀;41;1620;0;1;0;0;
[09-28 17:24:48]@拾取@xxxxxxxx4;2597;羊绒;41;1678;0;1;0;0;
[09-28 17:24:57]@拾取@xxxxxxxx4;2597;带花纹的蜗牛壳;41;4319;0;1;0;0;
[09-28 17:28:38]@拾取@xxxxxxxx4;2597;带花纹的贝壳;41;4336;0;1;0;0;
[09-28 17:40:21]@跟NPC购买@xxxxxxxx4;2597;椰果酒;41;3916;0;1;0;0;
[09-28 17:47:08]@卖给NPC@xxxxxxxx4;2597;椰果酒;41;3916;0;1;0;0;
[09-28 17:47:10]@卖给NPC@xxxxxxxx4;2597;带花纹的贝壳;41;4336;0;1;0;0;
[09-28 17:47:13]@卖给NPC@xxxxxxxx4;2597;翅膀;41;1620;0;1;0;0;
[09-28 17:47:16]@卖给NPC@xxxxxxxx4;2597;带花纹的蜗牛壳;41;4319;0;1;0;0;
[09-28 17:47:22]@卖给NPC@xxxxxxxx4;2597;羊绒;41;1678;0;1;0;0;
[09-28 17:47:26]@卖给NPC@xxxxxxxx4;2597;新手衣服;22;289;0;1;0;0;36-2,47-1,51-10000,54-10000,
[10-08 17:43:10]@丢弃@xxxxxxxx4;2597;新手短剑;1;9;0;1;2000000000;0;34-29,35-34,51-10000,54-9990,
[10-13 21:54:04]@系统给@XXX;1;新人宝箱;31;436;0;1;0;0;
[10-13 21:55:04]@拾取@XXX;1;枯萎叶子;31;1573;0;1;0;0;
[10-13 21:55:15]@拾取@XXX;1;翅膀;41;1620;0;1;0;0;
[10-13 21:55:16]@拾取@XXX;1;绿色鳞片;41;4400;0;1;0;0;
[10-13 21:55:42]@拾取@XXX;1;翅膀;41;1620;0;1;0;0;
[10-13 21:57:36]@拾取@XXX;1;玻璃杯;41;1777;0;1;0;0;
[10-13 22:00:47]@拾取@XXX;1;碧绿叶子;31;1574;0;1;0;0;
[10-13 22:00:48]@拾取@XXX;1;带香味的花;41;4322;0;1;0;0;
[10-13 22:02:38]@拾取@XXX;1;嫩绿的草叶;31;4315;0;1;0;0;
[10-13 22:02:40]@拾取@XXX;1;精灵果;31;3116;0;1;0;0;
[10-13 22:03:13]@拾取@XXX;1;精灵果;31;3116;0;1;0;0;
[10-13 22:03:13]@拾取@XXX;1;嫩绿的草叶;31;4315;0;1;0;0;
[10-13 22:03:47]@拾取@XXX;1;毒蘑菇;41;1725;0;1;0;0;
[10-13 22:04:50]@拾取@XXX;1;枯萎叶子;31;1573;0;1;0;0;
[10-13 22:04:52]@拾取@XXX;1;嫩绿的草叶;31;4315;0;1;0;0;
[10-13 22:05:16]@拾取@XXX;1;带花纹的蜗牛壳;41;4319;0;1;0;0;
[10-13 22:05:47]@拾取@XXX;1;蘑菇孢子;41;4406;0;1;0;0;
[10-13 22:06:23]@拾取@XXX;1;花苞;41;1579;0;1;0;0;
[10-13 22:13:54]@拾取@XXX;1;碧绿叶子;31;1574;0;1;0;0;
[10-13 22:13:55]@拾取@XXX;1;鲜艳的花瓣;41;4401;0;1;0;0;
[10-13 22:14:14]@拾取@XXX;1;带花纹的蜗牛壳;41;4319;0;1;0;0;
[10-13 22:14:41]@拾取@XXX;1;毒蘑菇;41;1725;0;1;0;0;
[10-13 22:14:43]@拾取@XXX;1;蘑菇;31;3118;0;1;0;0;
[10-13 22:15:06]@拾取@XXX;1;带香味的花;41;4322;0;1;0;0;
[10-13 22:19:10]@系统给@YYY;2;新人宝箱;31;436;0;1;0;0;
[10-13 22:20:32]@拾取@YYY;2;绿色鳞片;41;4400;0;1;0;0;
[10-13 22:22:25]@拾取@YYY;2;带花纹的蜗牛壳;41;4319;0;1;0;0;
[10-13 22:22:46]@拾取@XXX;1;沙枣;31;3117;0;1;0;0;
[10-13 22:23:17]@拾取@XXX;1;带香味的花;41;4322;0;1;0;0;
[10-13 22:23:18]@拾取@XXX;1;鲜艳的花瓣;41;4401;0;1;0;0;
[10-13 22:24:01]@拾取@XXX;1;鲜艳的花瓣;41;4401;0;1;0;0;
[10-13 22:42:03]@拾取@XXX;1;枯萎叶子;31;1573;0;1;0;0;
[10-13 22:42:19]@拾取@XXX;1;嫩绿的草叶;31;4315;0;1;0;0;
[10-13 22:42:40]@拾取@XXX;1;嫩绿的草叶;31;4315;0;1;0;0;
[10-13 22:42:48]@拾取@XXX;1;草根;41;4397;0;1;0;0;
[10-13 22:42:49]@拾取@XXX;1;嫩绿的草叶;31;4315;0;1;0;0;
[10-13 22:43:05]@拾取@XXX;1;毒蘑菇;41;1725;0;1;0;0;
[10-13 22:43:29]@拾取@XXX;1;碧绿叶子;31;1574;0;1;0;0;
[10-13 22:43:30]@拾取@XXX;1;鲜艳的花瓣;41;4401;0;1;0;0;
[10-13 22:43:32]@拾取@XXX;1;带香味的花;41;4322;0;1;0;0;
[10-13 22:43:33]@拾取@XXX;1;梦幻花瓣;31;3130;0;1;0;0;
[10-13 22:43:51]@拾取@XXX;1;蘑菇孢子;41;4406;0;1;0;0;
[10-13 22:43:53]@拾取@XXX;1;进阶靴子;24;4310;0;1;0;0;36-3,39-2,51-10000,54-10000,
[10-13 22:44:28]@拾取@XXX;1;蘑菇;31;3118;0;1;0;0;
[10-13 22:46:06]@拾取@XXX;1;龟血;41;1844;0;1;0;0;
[10-13 22:47:01]@拾取@XXX;1;绿色鳞片;41;4400;0;1;0;0;
[10-13 22:48:51]@拾取@XXX;1;草根;41;4397;0;1;0;0;
[10-13 22:48:52]@拾取@XXX;1;嫩绿的草叶;31;4315;0;1;0;0;
[10-13 22:49:12]@拾取@XXX;1;绿色鳞片;41;4400;0;1;0;0;
[10-13 22:49:13]@拾取@XXX;1;玻璃杯;41;1777;0;1;0;0;
[10-13 23:01:54]@系统给@ly;3;新人宝箱;31;436;0;1;0;0;
[10-14 21:59:46]@拾取@ly;3;亮闪闪的草叶;31;4316;0;1;0;0;
[10-14 22:00:11]@拾取@ly;3;带刺的硬皮;31;4317;0;1;0;0;
[10-14 22:00:12]@拾取@ly;3;仙人绒球;41;1691;0;1;0;0;
[10-14 22:00:42]@拾取@ly;3;新手衣服;22;289;0;1;1000000000;0;36-3,47-1,51-10000,54-10000,
[10-14 22:00:53]@拾取@ly;3;带刺的硬皮;31;4317;0;1;0;0;
[10-14 22:00:55]@拾取@ly;3;仙人绒球;41;1691;0;1;0;0;
[10-14 22:01:09]@拾取@ly;3;带刺的硬皮;31;4317;0;1;0;0;
[10-14 22:01:36]@拾取@ly;3;带刺的硬皮;31;4317;0;1;0;0;
[10-14 22:01:37]@拾取@ly;3;仙人球根须;41;4506;0;1;0;0;
[10-14 22:01:48]@拾取@ly;3;带刺的硬皮;31;4317;0;1;0;0;
[10-14 22:02:06]@拾取@ly;3;仙人掌球根;41;4508;0;1;0;0;
[10-14 22:02:08]@拾取@ly;3;仙人掌的花;41;1692;0;1;0;0;
[10-14 22:02:15]@拾取@ly;3;沙枣;31;3117;0;1;0;0;
[10-14 22:02:17]@拾取@ly;3;仙人掌球根;41;4508;0;1;0;0;
[10-14 22:02:54]@拾取@ly;3;仙人球根须;41;4506;0;1;0;0;
[10-14 22:02:56]@拾取@ly;3;仙人绒球;41;1691;0;1;0;0;
[10-14 22:03:16]@拾取@ly;3;带刺的硬皮;31;4317;0;1;0;0;
[10-14 22:03:51]@拾取@ly;3;仙人球根须;41;4506;0;1;0;0;
[10-14 22:03:52]@拾取@ly;3;仙人绒球;41;1691;0;1;0;0;
[10-15 22:56:47]@拾取@ly;3;仙人掌的花;41;1692;0;1;0;0;
[10-15 22:56:49]@拾取@ly;3;仙人掌的刺;41;4483;0;1;0;0;
[10-15 22:56:50]@拾取@ly;3;仙人掌球根;41;4508;0;1;0;0;
[10-15 22:57:17]@拾取@ly;3;仙人掌的花;41;1692;0;1;0;0;
[10-15 22:57:29]@拾取@ly;3;仙人掌的花;41;1692;0;1;0;0;
[10-15 22:57:31]@拾取@ly;3;仙人掌球根;41;4508;0;1;0;0;
[10-15 23:27:47]@拾取@ly;3;干枯的草根;41;4398;0;1;0;0;
[10-15 23:27:49]@拾取@ly;3;亮闪闪的草叶;31;4316;0;1;0;0;
[10-15 23:27:50]@拾取@ly;3;精灵果;31;3116;0;1;0;0;
[10-15 23:28:08]@拾取@ly;3;带刺的硬皮;31;4317;0;1;0;0;
[10-15 23:28:10]@拾取@ly;3;仙人绒球;41;1691;0;1;0;0;
[10-15 23:33:29]@系统给@5765;6;新人宝箱;31;436;0;1;0;0;
[10-15 23:48:26]@拾取@5765;6;干枯的草根;41;4398;0;1;0;0;
[10-15 23:48:27]@拾取@5765;6;亮闪闪的草叶;31;4316;0;1;0;0;
[10-15 23:49:31]@拾取@5765;6;种子;41;1597;0;1;0;0;
[10-15 23:49:32]@拾取@5765;6;精灵果;31;3116;0;1;0;0;
[10-15 23:49:34]@拾取@5765;6;亮闪闪的草叶;31;4316;0;1;0;0;
[10-17 18:52:33]@拾取@ly;3;干枯的草根;41;4398;0;1;0;0;
[10-17 18:53:24]@拾取@ly;3;带刺的硬皮;31;4317;0;1;0;0;
[10-17 18:53:25]@拾取@ly;3;仙人绒球;41;1691;0;1;0;0;
[10-17 18:54:32]@拾取@ly;3;带刺的硬皮;31;4317;0;1;0;0;
[10-17 18:54:34]@拾取@ly;3;仙人绒球;41;1691;0;1;0;0;
[10-17 19:00:18]@拾取@ly;3;种子;41;1597;0;1;0;0;
[10-18 23:57:30]@拾取@5765;6;闪光叶子;31;1575;0;1;0;0;
[10-18 23:57:31]@拾取@5765;6;种子;41;1597;0;1;0;0;
[10-19 01:56:16]@拾取@5765;6;种子;41;1597;0;1;0;0;
[10-19 01:56:18]@拾取@5765;6;亮闪闪的草叶;31;4316;0;1;0;0;
[10-19 01:56:19]@拾取@5765;6;干枯的草根;41;4398;0;1;0;0;
[10-19 14:13:00]@拾取@5765;6;带刺的硬皮;31;4317;0;1;0;0;
[10-19 14:13:02]@拾取@5765;6;仙人绒球;41;1691;0;1;0;0;
[10-19 14:13:55]@拾取@5765;6;骆驼睫毛;41;1695;0;1;0;0;
[10-19 14:14:54]@拾取@5765;6;亮闪闪的草叶;31;4316;0;1;0;0;
[10-19 14:15:06]@拾取@5765;6;亮闪闪的草叶;31;4316;0;1;0;0;
[10-19 14:15:07]@拾取@5765;6;精灵果;31;3116;0;1;0;0;
[11-13 17:29:44]@拾取@5765;6;干枯的草根;41;4398;0;1;0;0;
[11-13 17:30:07]@拾取@5765;6;仙人掌的花;41;1692;0;1;0;0;
[11-13 17:30:08]@拾取@5765;6;沙枣;31;3117;0;1;0;0;
[11-13 17:30:09]@拾取@5765;6;仙人掌的刺;41;4483;0;1;0;0;
[11-13 17:30:25]@拾取@5765;6;亮闪闪的草叶;31;4316;0;1;0;0;
[11-13 17:30:46]@拾取@5765;6;仙人球根须;41;4506;0;1;0;0;
[11-13 17:30:47]@拾取@5765;6;沙枣;31;3117;0;1;0;0;
[11-14 01:57:16]@拾取@5765;6;带刺的硬皮;31;4317;0;1;0;0;
[11-14 01:57:25]@拾取@5765;6;带刺的硬皮;31;4317;0;1;0;0;
[11-14 01:57:26]@拾取@5765;6;仙人绒球;41;1691;0;1;0;0;
[11-14 01:57:58]@拾取@5765;6;仙人掌的刺;41;4483;0;1;0;0;
[11-14 01:58:54]@拾取@5765;6;仙人掌的花;41;1692;0;1;0;0;
[11-14 01:58:55]@拾取@5765;6;仙人掌的刺;41;4483;0;1;0;0;
[11-14 01:58:57]@拾取@5765;6;沙枣;31;3117;0;1;0;0;
[11-14 02:01:02]@系统给@5765;6;魔法棒;9;99;0;1;0;0;30-4,34-125,35-155,51-10000,53-2050,54-10000,56-2050,
[11-14 02:01:12]@系统给@5765;6;镀银钢靴;24;655;0;1;0;0;36-22,39-59,51-10000,53-1000,54-10000,56-1000,
[11-14 02:01:48]@删除@5765;6;魔法棒;9;99;0;1;0;0;30-4,34-125,35-155,51-10000,53-2050,54-10000,56-2050,
[11-14 02:01:50]@删除@5765;6;镀银钢靴;24;655;0;1;0;0;36-22,39-59,51-10000,53-1000,54-10000,56-1000,
[11-14 02:02:32]@拾取@5765;6;带刺的硬皮;31;4317;0;1;0;0;
[11-14 02:12:51]@拾取@5765;6;仙人球根须;41;4506;0;1;0;0;
[11-14 02:13:12]@拾取@5765;6;仙人绒球;41;1691;0;1;0;0;
[11-14 02:13:14]@拾取@5765;6;带刺的硬皮;31;4317;0;1;0;0;
[11-28 11:08:47]@系统给@5765;6;微笑1;21;255;0;1;0;0;
[11-28 11:09:41]@系统给@5765;6;脸型2号;21;2555;0;1;0;0;52-12,
[11-28 11:09:52]@系统给@5765;6;隐秘手套;23;588;0;1;1000000000;0;28-1,36-33,40-67,51-10000,53-2020,54-10000,56-2020,
[11-28 11:10:00]@系统给@5765;6;精炼石;50;885;0;1;0;0;
[11-28 11:10:07]@系统给@5765;6;狂风触手;41;1200;0;1;0;0;
[11-28 11:11:38]@系统给@5765;6;海水浸泡过的章鱼触手;41;1300;0;1;0;0;
[11-28 11:11:42]@系统给@5765;6;小型弓;3;1400;0;1;0;0;34-39,35-45,40-3,51-10000,54-10000,
[11-28 11:11:46]@系统给@5765;6;损坏的地精战甲;41;1500;0;1;0;0;
[11-28 11:12:03]@系统给@5765;6;球根;41;1600;0;1;0;0;
[11-28 11:12:08]@系统给@5765;6;红胡子海盗支援船卡片;41;1551;0;1;0;0;
[11-28 11:12:12]@系统给@5765;6;秀美之杖;9;1440;0;1;0;0;34-172,35-210,51-10000,53-1000,54-10000,56-1000,
[11-28 11:12:21]@系统给@5765;6;催炼匕首;7;1445;0;1;0;0;34-122,35-151,51-10000,53-1000,54-10000,56-1000,
[11-28 11:12:29]@删除@5765;6;红胡子海盗支援船卡片;41;1551;0;1;0;0;
[11-28 11:12:32]@删除@5765;6;秀美之杖;9;1440;0;1;0;0;34-172,35-210,51-10000,53-1000,54-10000,56-1000,
[11-28 11:12:37]@删除@5765;6;球根;41;1600;0;1;0;0;
[11-28 11:12:43]@删除@5765;6;损坏的地精战甲;41;1500;0;1;0;0;
[11-28 11:12:46]@删除@5765;6;小型弓;3;1400;0;1;0;0;34-39,35-45,40-3,51-10000,54-10000,
[11-28 11:12:52]@系统给@5765;6;快乐兔衣服;22;388;0;1;1000000000;0;36-18,47-12,51-10000,53-1000,54-10000,56-1000,
[11-28 11:15:27]@拾取@5765;6;催炼匕首;7;1445;0;1;0;0;34-122,35-151,51-10000,53-1000,54-10000,56-1000,
[11-28 11:16:01]@删除@5765;6;精炼石;50;885;0;1;0;0;
[11-28 11:16:17]@系统给@5765;6;大型海豚背鳍;41;1330;0;1;0;0;
[11-28 11:16:21]@系统给@5765;6;飓风触手;41;1220;0;1;0;0;
[11-28 11:16:25]@系统给@5765;6;雪语指环;26;1110;0;1;0;0;40-12,51-10000,53-1000,54-10000,56-1000,
[11-28 11:16:36]@系统给@5765;6;箭鱼撞角;52;999;0;1;0;0;
[11-28 11:16:39]@系统给@5765;6;一级宝石兑换券;41;888;0;1;0;0;
[11-28 11:16:44]@系统给@5765;6;亡灵短袍;22;777;0;1;0;0;27-5,29-2,30-3,36-30,37-80,45-20,47-10,51-20000,53-7000,54-20000,56-7000,
[11-28 11:16:54]@删除@5765;6;箭鱼撞角;52;999;0;1;0;0;
[11-28 11:16:56]@删除@5765;6;雪语指环;26;1110;0;1;0;0;40-12,51-10000,53-1000,54-10000,56-1000,
[11-28 11:16:59]@删除@5765;6;飓风触手;41;1220;0;1;0;0;
[11-28 11:17:02]@删除@5765;6;脸型2号;21;2555;0;1;0;0;52-12,
[11-28 11:17:04]@删除@5765;6;微笑1;21;255;0;1;0;0;
[11-28 11:17:07]@删除@5765;6;隐秘手套;23;588;0;1;1000000000;0;28-1,36-33,40-67,51-10000,53-2020,54-10000,56-2020,
[11-28 11:17:09]@删除@5765;6;快乐兔衣服;22;388;0;1;1000000000;0;36-18,47-12,51-10000,53-1000,54-10000,56-1000,
[11-28 11:17:12]@删除@5765;6;海水浸泡过的章鱼触手;41;1300;0;1;0;0;
[11-28 11:17:14]@删除@5765;6;狂风触手;41;1200;0;1;0;0;
[11-28 11:17:17]@删除@5765;6;仙人球根须;41;4506;0;2;0;0;
[11-28 11:17:20]@删除@5765;6;大型海豚背鳍;41;1330;0;1;0;0;
[11-28 11:17:23]@删除@5765;6;催炼匕首;7;1445;0;1;0;0;34-122,35-151,51-10000,53-1000,54-10000,56-1000,
[11-28 11:17:27]@系统给@5765;6;亡灵短袍;22;777;0;1;0;0;27-5,29-2,30-3,36-30,37-80,45-20,47-10,51-20000,53-7000,54-20000,56-7000,
[11-28 11:19:04]@拾取@5765;6;亡灵短袍;22;777;0;1;0;0;27-5,29-2,30-3,36-30,37-80,45-20,47-10,51-20000,53-7000,54-20000,56-7000,
[11-28 11:19:05]@拾取@5765;6;一级宝石兑换券;41;888;0;1;0;0;
[11-28 11:19:09]@删除@5765;6;一级宝石兑换券;41;888;0;1;0;0;
[11-28 11:19:12]@删除@5765;6;新手衣服;22;289;0;1;0;0;36-2,47-1,51-10000,54-9999,
[11-28 11:19:20]@丢弃@5765;6;亡灵短袍;22;777;0;1;0;0;27-5,29-2,30-3,36-30,37-80,45-20,47-10,51-20000,53-7000,54-20000,56-7000,
[11-28 11:19:30]@拾取@5765;6;亡灵短袍;22;777;0;1;0;0;27-5,29-2,30-3,36-30,37-80,45-20,47-10,51-20000,53-7000,54-20000,56-7000,
[11-28 11:19:36]@丢弃@5765;6;亡灵短袍;22;777;0;1;0;0;27-5,29-2,30-3,36-30,37-80,45-20,47-10,51-20000,53-7000,54-20000,56-7000,
[11-28 11:21:29]@系统给@ly;3;亡灵短袍;22;777;0;1;0;0;27-5,29-2,30-3,36-31,37-80,45-20,47-10,51-20000,53-7000,54-20000,56-7000,
[11-28 11:21:36]@系统给@ly;3;迷之利刃;1;776;0;1;0;0;26-4,28-4,34-145,35-177,37-80,39-10,44-5,50-1,51-20000,53-7000,54-20000,56-7000,
[11-28 11:21:51]@系统给@ly;3;咒纹紧身衣;22;778;0;1;0;0;27-6,29-3,30-4,36-37,37-120,45-22,47-13,51-20000,53-7000,54-20000,56-7000,
[11-28 11:21:57]@系统给@ly;3;幻灵之舞;1;775;0;1;0;0;26-3,28-3,34-128,35-157,37-60,39-8,44-4,50-1,51-20000,53-7000,54-20000,56-7000,
[11-28 11:22:10]@系统给@ly;3;咒纹刺剑;1;774;0;1;0;0;26-2,28-2,34-112,35-137,37-40,39-6,44-3,50-1,51-20000,53-7000,54-20000,56-7000,
[11-28 11:22:17]@系统给@ly;3;迷之裁决;2;773;0;1;0;0;26-8,28-8,34-303,35-407,36-20,40-10,44-5,51-20000,53-7000,54-20000,56-7000,
[11-28 11:22:26]@系统给@ly;3;幻灵之咆哮;2;772;0;1;0;0;26-6,28-6,34-266,35-355,36-15,40-8,44-4,51-20000,53-7000,54-20000,56-7000,
[11-28 11:22:35]@系统给@ly;3;咒纹重剑;2;771;0;1;0;0;26-4,28-4,34-223,35-295,36-10,40-6,44-3,51-20000,53-7000,54-20000,56-7000,
[11-28 11:22:41]@系统给@ly;3;死灵之殇;2;770;0;1;0;0;26-3,28-3,34-167,35-226,36-8,40-5,44-2,51-20000,53-7000,54-20000,56-7000,
[11-28 11:22:48]@系统给@ly;3;迷之战甲;22;769;0;1;0;0;27-10,29-10,36-80,37-300,39-10,43-5,47-28,51-20000,53-7000,54-20000,56-7000,
[11-28 11:23:03]@系统给@ly;3;仙子靴;24;755;0;1;0;0;29-2,36-27,39-58,51-10000,53-1030,54-10000,56-1030,
[11-28 11:23:14]@删除@ly;3;仙子靴;24;755;0;1;0;0;29-2,36-27,39-58,51-10000,53-1030,54-10000,56-1030,
[11-28 11:23:15]@删除@ly;3;迷之战甲;22;769;0;1;0;0;27-10,29-10,36-80,37-300,39-10,43-5,47-28,51-20000,53-7000,54-20000,56-7000,
[11-28 11:23:17]@删除@ly;3;死灵之殇;2;770;0;1;0;0;26-3,28-3,34-167,35-226,36-8,40-5,44-2,51-20000,53-7000,54-20000,56-7000,
[11-28 11:23:19]@删除@ly;3;咒纹重剑;2;771;0;1;0;0;26-4,28-4,34-223,35-295,36-10,40-6,44-3,51-20000,53-7000,54-20000,56-7000,
[11-28 11:23:21]@删除@ly;3;幻灵之舞;1;775;0;1;0;0;26-3,28-3,34-128,35-157,37-60,39-8,44-4,50-1,51-20000,53-7000,54-20000,56-7000,
[11-28 11:23:23]@删除@ly;3;咒纹刺剑;1;774;0;1;0;0;26-2,28-2,34-112,35-137,37-40,39-6,44-3,50-1,51-20000,53-7000,54-20000,56-7000,
[11-28 11:23:25]@删除@ly;3;迷之裁决;2;773;0;1;0;0;26-8,28-8,34-303,35-407,36-20,40-10,44-5,51-20000,53-7000,54-20000,56-7000,
[11-28 11:23:27]@删除@ly;3;幻灵之咆哮;2;772;0;1;0;0;26-6,28-6,34-266,35-355,36-15,40-8,44-4,51-20000,53-7000,54-20000,56-7000,
[11-28 11:23:28]@删除@ly;3;新手衣服;22;289;0;1;0;0;36-2,47-1,51-10000,54-9999,
[11-28 11:23:30]@删除@ly;3;迷之利刃;1;776;0;1;0;0;26-4,28-4,34-145,35-177,37-80,39-10,44-5,50-1,51-20000,53-7000,54-20000,56-7000,
[11-28 11:23:32]@删除@ly;3;咒纹紧身衣;22;778;0;1;0;0;27-6,29-3,30-4,36-37,37-120,45-22,47-13,51-20000,53-7000,54-20000,56-7000,
[11-28 11:23:40]@系统给@ly;3;高级兔靴;24;743;0;1;0;0;29-1,39-22,51-10000,53-1030,54-10000,56-1030,
[11-28 11:23:50]@系统给@ly;3;信仰靴;24;723;0;1;1000000000;0;27-1,36-19,39-20,51-10000,53-40,54-10000,56-40,
[11-28 11:23:55]@系统给@ly;3;小绵羊靴;24;711;0;1;0;0;30-1,39-6,51-10000,53-1050,54-10000,56-1050,
[11-28 11:24:01]@系统给@ly;3;大海虾靴;24;709;0;1;0;0;39-59,51-10000,54-10000,
[11-28 11:24:08]@系统给@ly;3;70级航海宝箱;31;698;0;1;0;0;
[11-28 11:24:14]@系统给@ly;3;50级封印宝箱;31;699;0;1;0;0;
[11-28 11:24:20]@系统给@ly;3;70级封印宝箱;31;701;0;1;0;0;
[11-28 11:24:30]@系统给@ly;3;螃蟹靴;24;702;0;1;1000000000;0;29-1,39-33,51-10000,53-2030,54-10000,56-2030,
[11-28 11:24:37]@系统给@ly;3;迷幻之刺;7;802;0;1;0;0;26-5,27-5,30-7,34-245,35-301,37-120,43-4,51-20000,53-7000,54-20000,56-7000,
[11-28 11:24:44]@系统给@ly;3;幻灵披风;22;805;0;1;0;0;28-8,29-8,36-58,39-8,43-8,47-16,51-20000,53-7000,54-20000,56-7000,
[11-28 11:24:53]@系统给@ly;3;符文外衣;22;790;0;1;0;0;26-6,29-4,30-3,36-47,38-250,47-13,51-20000,53-7000,54-20000,56-7000,
[11-28 11:24:58]@删除@ly;3;符文外衣;22;790;0;1;0;0;26-6,29-4,30-3,36-47,38-250,47-13,51-20000,53-7000,54-20000,56-7000,
[11-28 11:25:01]@删除@ly;3;迷幻之刺;7;802;0;1;0;0;26-5,27-5,30-7,34-245,35-301,37-120,43-4,51-20000,53-7000,54-20000,56-7000,
[11-28 11:25:02]@删除@ly;3;幻灵披风;22;805;0;1;0;0;28-8,29-8,36-58,39-8,43-8,47-16,51-20000,53-7000,54-20000,56-7000,
[11-28 11:25:04]@删除@ly;3;螃蟹靴;24;702;0;1;1000000000;0;29-1,39-33,51-10000,53-2030,54-10000,56-2030,
[11-28 11:25:06]@删除@ly;3;70级航海宝箱;31;698;0;1;0;0;
[11-28 11:25:08]@删除@ly;3;70级封印宝箱;31;701;0;1;0;0;
[11-28 11:25:09]@删除@ly;3;50级封印宝箱;31;699;0;1;0;0;
[11-28 11:25:11]@删除@ly;3;大海虾靴;24;709;0;1;0;0;39-59,51-10000,54-10000,
[11-28 11:25:13]@删除@ly;3;高级兔靴;24;743;0;1;0;0;29-1,39-22,51-10000,53-1030,54-10000,56-1030,
[11-28 11:25:14]@删除@ly;3;信仰靴;24;723;0;1;1000000000;0;27-1,36-19,39-20,51-10000,53-40,54-10000,56-40,
[11-28 11:25:16]@删除@ly;3;小绵羊靴;24;711;0;1;0;0;30-1,39-6,51-10000,53-1050,54-10000,56-1050,
[11-28 11:25:26]@系统给@ly;3;4级风贝;29;820;0;1;0;0;51-10000,53-1800,54-10000,56-1800,
[11-28 11:25:30]@系统给@ly;3;5级风贝;29;821;0;1;0;0;51-10000,53-2500,54-10000,56-2500,
[11-28 11:25:34]@系统给@ly;3;年兽卡西斯套装手;23;835;0;1;0;0;26-5,27-5,28-5,29-5,30-5,34-30,35-30,36-40,37-300,40-30,41-5,51-20000,53-7000,54-20000,56-7000,
[11-28 11:25:37]@系统给@ly;3;黑龙之躯;22;845;0;1;1000000000;0;26-8,27-8,28-8,29-8,30-8,36-72,37-755,47-21,51-20000,53-50,54-20000,56-50,
[11-28 11:25:58]@系统给@ly;3;年兽艾米套装身;22;840;0;1;0;0;26-10,27-10,28-10,29-10,30-10,36-100,37-1000,43-10,47-30,51-20000,53-7000,54-20000,56-7000,
[11-28 11:26:04]@系统给@ly;3;组队经验果;31;849;0;1;0;0;
[11-28 11:26:15]@系统给@ly;3;鹰眼石;49;861;0;1;0;0;0,0,
[11-28 11:26:18]@系统给@ly;3;黑龙之心;49;866;0;1;0;0;0,0,
[11-28 11:26:22]@系统给@ly;3;幻灵皮靴;24;877;0;1;0;0;29-3,30-3,36-30,37-120,39-59,44-5,51-20000,53-7000,54-20000,56-7000,
[11-28 11:26:30]@系统给@ly;3;炙焰石;49;879;0;1;0;0;0,0,
[11-28 11:26:34]@系统给@ly;3;力量重塑之书;31;899;0;1;0;0;
[11-28 11:26:38]@系统给@ly;3;一级宝石兑换券;41;888;0;1;0;0;
[11-28 11:26:43]@删除@ly;3;力量重塑之书;31;899;0;1;0;0;
[11-28 11:26:45]@删除@ly;3;炙焰石;49;879;0;1;0;0;0,0,
[11-28 11:26:48]@删除@ly;3;幻灵皮靴;24;877;0;1;0;0;29-3,30-3,36-30,37-120,39-59,44-5,51-20000,53-7000,54-20000,56-7000,
[11-28 11:26:50]@删除@ly;3;黑龙之心;49;866;0;1;0;0;0,0,
[11-28 11:26:52]@删除@ly;3;鹰眼石;49;861;0;1;0;0;0,0,
[11-28 11:26:54]@删除@ly;3;组队经验果;31;849;0;1;0;0;
[11-28 11:26:57]@删除@ly;3;年兽艾米套装身;22;840;0;1;0;0;26-10,27-10,28-10,29-10,30-10,36-100,37-1000,43-10,47-30,51-20000,53-7000,54-20000,56-7000,
[11-28 11:27:25]@系统给@ly;3;炎玉兑换券;31;921;0;1;0;0;
[11-28 11:27:29]@系统给@ly;3;方舟;51;922;0;1;0;0;
[11-28 11:27:34]@系统给@ly;3;破旧的杰克海盗船帆;41;1210;0;1;0;0;
[11-28 11:27:38]@系统给@ly;3;大耳鼠手套;23;556;0;1;0;0;36-4,40-7,44-1,51-10000,54-10000,
[11-28 11:27:43]@系统给@ly;3;护士手套;23;544;0;1;0;0;36-10,40-29,44-3,51-10000,53-1000,54-10000,56-1000,
[11-28 11:27:47]@系统给@ly;3;大海虾手套;23;533;0;1;0;0;28-1,36-19,40-50,44-5,51-10000,53-3020,54-10000,56-3020,
[11-28 11:27:57]@系统给@ly;3;护士手套;23;544;0;1;0;0;36-11,40-29,44-3,51-10000,53-2000,54-10000,56-2000,
[11-28 11:28:03]@系统给@ly;3;侍者手套;23;545;0;1;1000000000;0;26-2,36-16,40-45,44-5,51-10000,53-1010,54-10000,56-1010,
[11-28 11:28:07]@删除@ly;3;护士手套;23;544;0;1;0;0;36-11,40-29,44-3,51-10000,53-2000,54-10000,56-2000,
[11-28 11:28:09]@删除@ly;3;大海虾手套;23;533;0;1;0;0;28-1,36-19,40-50,44-5,51-10000,53-3020,54-10000,56-3020,
[11-28 11:28:12]@删除@ly;3;护士手套;23;544;0;1;0;0;36-10,40-29,44-3,51-10000,53-1000,54-10000,56-1000,
[11-28 11:28:14]@删除@ly;3;大耳鼠手套;23;556;0;1;0;0;36-4,40-7,44-1,51-10000,54-10000,
[11-28 11:28:16]@删除@ly;3;破旧的杰克海盗船帆;41;1210;0;1;0;0;
[11-28 11:28:18]@删除@ly;3;方舟;51;922;0;1;0;0;
[11-28 11:28:19]@拾取@ly;3;侍者手套;23;545;0;1;1000000000;0;26-2,36-16,40-45,44-5,51-10000,53-1010,54-10000,56-1010,
[11-28 11:28:29]@系统给@ly;3;圣职手套;23;546;0;1;1000000000;0;29-1,36-15,40-38,44-4,51-10000,53-3030,54-10000,56-3030,
[11-28 11:28:33]@系统给@ly;3;信仰手套;23;547;0;1;0;0;29-1,36-16,40-45,44-5,51-10000,53-1030,54-10000,56-1030,
[11-28 11:28:38]@系统给@ly;3;看护者手套;23;548;0;1;0;0;30-1,36-7,40-17,44-1,51-10000,53-2050,54-10000,56-2050,
[11-28 11:28:41]@系统给@ly;3;学士手套;23;549;0;1;0;0;30-1,36-10,40-25,44-2,51-10000,53-2050,54-10000,56-2050,
[11-28 11:28:52]@系统给@ly;3;急救手套;23;550;0;1;0;0;30-1,36-14,40-34,44-3,51-10000,53-3050,54-10000,56-3050,
[11-28 11:28:57]@删除@ly;3;急救手套;23;550;0;1;0;0;30-1,36-14,40-34,44-3,51-10000,53-3050,54-10000,56-3050,
[11-28 11:28:59]@删除@ly;3;学士手套;23;549;0;1;0;0;30-1,36-10,40-25,44-2,51-10000,53-2050,54-10000,56-2050,
[11-28 11:29:00]@删除@ly;3;看护者手套;23;548;0;1;0;0;30-1,36-7,40-17,44-1,51-10000,53-2050,54-10000,56-2050,
[11-28 11:29:02]@删除@ly;3;信仰手套;23;547;0;1;0;0;29-1,36-16,40-45,44-5,51-10000,53-1030,54-10000,56-1030,
[11-28 11:29:04]@删除@ly;3;侍者手套;23;545;0;1;1000000000;0;26-2,36-16,40-45,44-5,51-10000,53-1010,54-10000,56-1010,
[11-28 11:29:06]@删除@ly;3;圣职手套;23;546;0;1;1000000000;0;29-1,36-15,40-38,44-4,51-10000,53-3030,54-10000,56-3030,
[11-28 11:29:09]@删除@ly;3;年兽卡西斯套装手;23;835;0;1;0;0;26-5,27-5,28-5,29-5,30-5,34-30,35-30,36-40,37-300,40-30,41-5,51-20000,53-7000,54-20000,56-7000,
[11-28 11:29:17]@系统给@ly;3;远行手套;23;551;0;1;0;0;36-14,40-41,44-4,51-10000,53-1000,54-10000,56-1000,
[11-28 11:29:20]@系统给@ly;3;治疗者手套;23;552;0;1;0;0;36-17,40-49,44-5,51-10000,53-1000,54-10000,56-1000,
[11-28 11:29:23]@系统给@ly;3;保护者手套;23;553;0;1;0;0;36-19,40-53,44-6,51-10000,53-2000,54-10000,56-2000,
[11-28 11:29:31]@系统给@ly;3;虔诚手套;23;554;0;1;0;0;36-14,40-41,44-4,51-10000,53-1000,54-10000,56-1000,
[11-28 11:29:34]@系统给@ly;3;祈愿手套;23;555;0;1;1000000000;0;36-17,40-49,44-5,51-10000,53-1000,54-10000,56-1000,
[11-28 11:29:36]@系统给@ly;3;大耳鼠手套;23;556;0;1;0;0;36-6,40-8,44-1,51-10000,54-10000,
[11-28 11:29:43]@系统给@ly;3;长耳兔手套;23;558;0;1;0;0;28-1,36-16,40-45,44-5,51-10000,53-1020,54-10000,56-1020,
[11-28 11:29:46]@系统给@ly;3;小山羊手套;23;559;0;1;1000000000;0;36-4,40-7,44-1,51-10000,54-10000,
[11-28 11:29:51]@删除@ly;3;大耳鼠手套;23;556;0;1;0;0;36-6,40-8,44-1,51-10000,54-10000,
[11-28 11:29:52]@拾取@ly;3;小山羊手套;23;559;0;1;1000000000;0;36-4,40-7,44-1,51-10000,54-10000,
[11-28 11:29:59]@删除@ly;3;小山羊手套;23;559;0;1;1000000000;0;36-4,40-7,44-1,51-10000,54-10000,
[11-28 11:30:01]@删除@ly;3;长耳兔手套;23;558;0;1;0;0;28-1,36-16,40-45,44-5,51-10000,53-1020,54-10000,56-1020,
[11-28 11:30:03]@删除@ly;3;保护者手套;23;553;0;1;0;0;36-19,40-53,44-6,51-10000,53-2000,54-10000,56-2000,
[11-28 11:30:05]@删除@ly;3;治疗者手套;23;552;0;1;0;0;36-17,40-49,44-5,51-10000,53-1000,54-10000,56-1000,
[11-28 11:30:08]@删除@ly;3;5级风贝;29;821;0;1;0;0;51-10000,53-2500,54-10000,56-2500,
[11-28 11:30:11]@删除@ly;3;4级风贝;29;820;0;1;0;0;51-10000,53-1800,54-10000,56-1800,
[11-28 11:30:14]@删除@ly;3;远行手套;23;551;0;1;0;0;36-14,40-41,44-4,51-10000,53-1000,54-10000,56-1000,
[11-28 11:30:17]@删除@ly;3;祈愿手套;23;555;0;1;1000000000;0;36-17,40-49,44-5,51-10000,53-1000,54-10000,56-1000,
[11-28 11:30:19]@删除@ly;3;虔诚手套;23;554;0;1;0;0;36-14,40-41,44-4,51-10000,53-1000,54-10000,56-1000,
[11-28 11:30:27]@删除@ly;3;炎玉兑换券;31;921;0;1;0;0;
[11-28 11:30:36]@系统给@ly;3;东方海盗水手头巾;41;155;0;1;0;0;
[11-28 11:30:39]@系统给@ly;3;东方海盗战斗员徽记;41;156;0;1;0;0;
[11-28 11:30:44]@系统给@ly;3;东方海盗战斗匕首;41;157;0;1;0;0;
[11-28 11:30:58]@删除@ly;3;东方海盗战斗匕首;41;157;0;1;0;0;
[11-28 11:31:09]@系统给@ly;3;中级魔力;58;250;0;1;0;0;
[11-28 11:31:12]@系统给@ly;3;微笑1;21;255;0;1;0;0;
[11-28 11:31:15]@系统给@ly;3;瞪眼1;21;256;0;1;0;0;
[11-28 11:31:18]@系统给@ly;3;粗布衣服;22;305;0;1;0;0;36-5,47-2,51-10000,54-10000,
[11-28 11:31:35]@系统给@ly;3;龙虾衣服;22;355;0;1;0;0;36-20,47-20,51-10000,53-1000,54-10000,56-1000,
[11-28 11:31:40]@系统给@ly;3;方士衣服;22;401;0;1;0;0;28-1,36-28,47-18,51-10000,53-2020,54-10000,56-2020,
[11-28 11:31:44]@系统给@ly;3;神士衣服;22;402;0;1;0;0;29-5,36-37,43-10,47-25,51-10000,53-1000,54-10000,56-1000,
[11-28 11:31:52]@删除@ly;3;龙虾衣服;22;355;0;1;0;0;36-20,47-20,51-10000,53-1000,54-10000,56-1000,
[11-28 11:31:54]@删除@ly;3;方士衣服;22;401;0;1;0;0;28-1,36-28,47-18,51-10000,53-2020,54-10000,56-2020,
[11-28 11:31:56]@删除@ly;3;神士衣服;22;402;0;1;0;0;29-5,36-37,43-10,47-25,51-10000,53-1000,54-10000,56-1000,
[11-28 11:32:04]@系统给@ly;3;海水浸泡过的章鱼触手;41;1300;0;1;0;0;
[11-28 11:32:07]@系统给@ly;3;北方海盗突击标记;41;1320;0;1;0;0;
[11-28 11:32:12]@系统给@ly;3;小型弓;3;1400;0;1;0;0;34-38,35-44,40-3,51-10000,54-10000,
[11-28 15:14:38]@拾取@ly;3;蜘蛛后腿;41;4355;0;1;0;0;
