[10-13 23:14:49]RequestRoleInfo: InfoServer send failed!
[10-13 23:25:40]RequestRoleInfo: InfoServer send failed!
[10-13 23:25:57]RequestRoleInfo: InfoServer send failed!
[10-19 00:06:23]RequestRoleInfo: InfoServer send failed!
[10-19 00:10:40]RequestRoleInfo: InfoServer send failed!
[10-19 00:23:52]RequestRoleInfo: InfoServer send failed!
[10-19 01:16:13]RequestRoleInfo: InfoServer send failed!
[10-19 01:16:24]RequestRoleInfo: InfoServer send failed!
[10-19 01:20:26]RequestRoleInfo: InfoServer send failed!
[10-19 01:47:43]RequestRoleInfo: InfoServer send failed!
[10-19 01:55:54]RequestRoleInfo: InfoServer send failed!
[10-19 02:28:21]RequestRoleInfo: InfoServer send failed!
[10-19 14:09:52]RequestRoleInfo: InfoServer send failed!
[10-19 14:10:07]RequestRoleInfo: InfoServer send failed!
[10-19 14:11:26]RequestRoleInfo: InfoServer send failed!
[10-19 14:15:32]RequestRoleInfo: InfoServer send failed!
[10-19 14:16:41]set store item sort!
[10-19 14:16:41]set store item list!
[10-19 14:26:35]RequestRoleInfo: InfoServer send failed!
[10-19 14:32:51]RequestRoleInfo: InfoServer send failed!
[10-19 14:33:45]RequestRoleInfo: InfoServer send failed!
[10-19 14:37:03]set store item sort!
[10-19 14:37:03]set store item list!
[10-19 14:50:17]RequestRoleInfo: InfoServer send failed!
[10-19 19:30:27]ask for store list!
[10-19 19:30:27]ask for affiche list!
[10-19 19:30:46]ask for store list!
[10-19 19:30:46]ask for affiche list!
[10-19 19:31:20]set store item sort!
[10-19 19:31:20]set store item list!
[10-19 19:31:38]set stroe affiche list!
[10-19 19:31:46]set store item sort!
[10-19 19:31:46]set store item list!
[10-19 19:31:46]set stroe affiche list!
[10-19 19:33:21]ask for store list!
[10-19 19:33:21]ask for affiche list!
[10-19 19:33:29]set store item sort!
[10-19 19:33:29]set store item list!
[10-19 19:33:29]set stroe affiche list!
[10-19 19:36:05]set store item sort!
[10-19 19:36:05]set store item list!
[10-19 19:39:05]set store item sort!
[10-19 19:39:05]set store item list!
[10-19 19:42:05]set store item sort!
[10-19 19:42:05]set store item list!
