[11-28 15:12:55] 进游戏 [             5765] [                 ] [金钱：100000 道具：0@干枯的草根[4398],3;亮闪闪的草叶[4316],6;种子[1597],3;新人宝箱[436],1;精灵果[3116],2;闪光叶子[1575],1;带刺的硬皮[4317],5;仙人绒球[1691],3;骆驼睫毛[1695],1;仙人掌的花[1692],2;沙枣[3117],3;仙人掌的刺[4483],3;]
[11-28 15:12:55] 进游戏 [             5765] [                 ] [临时背包：0@]
[11-28 15:12:55] 进游戏 [             5765] [                 ] [银行ID(1):[1]0@;]
[11-28 15:12:55]   装备 [             5765] [                 ] [装备：10@脸型1号[2554],0;亡灵短袍[777],1;新手靴[641],1;新手小刀[8],1;]
[11-28 15:12:55] 进游戏 [             5765] [                 ] [角色上线]
[11-28 15:12:55] 进游戏 [             5765] [                 ] [进地图《magicsea》坐标：x = 11625, y = 6275.]
[11-28 15:12:55] 出游戏 [             5765] [                 ] [金钱：100000 道具栏：0@干枯的草根[4398],3;亮闪闪的草叶[4316],6;种子[1597],3;新人宝箱[436],1;精灵果[3116],2;闪光叶子[1575],1;带刺的硬皮[4317],5;仙人绒球[1691],3;骆驼睫毛[1695],1;仙人掌的花[1692],2;沙枣[3117],3;仙人掌的刺[4483],3;]
[11-28 15:12:55] 出游戏 [             5765] [                 ] [临时背包：0@]
[11-28 15:12:55]   装备 [             5765] [                 ] [装备：10@脸型1号[2554],0;亡灵短袍[777],1;新手靴[641],1;新手小刀[8],1;]
[11-28 15:12:55]   银行 [             5765] [                 ] [银行ID(1):[1]0@;]
[11-28 15:13:11] 出游戏 [             5765] [                 ] [角色离线]
[11-28 15:13:11] 出游戏 [             5765] [                 ] [出地图《magicsea》坐标：x = 11175, y = 7925.]
[11-28 15:13:11] 出游戏 [             5765] [                 ] [金钱：100000 道具栏：0@干枯的草根[4398],3;亮闪闪的草叶[4316],6;种子[1597],3;新人宝箱[436],1;精灵果[3116],2;闪光叶子[1575],1;带刺的硬皮[4317],5;仙人绒球[1691],3;骆驼睫毛[1695],1;仙人掌的花[1692],2;沙枣[3117],3;仙人掌的刺[4483],3;]
[11-28 15:13:11] 出游戏 [             5765] [                 ] [临时背包：0@]
[11-28 15:13:11]   装备 [             5765] [                 ] [装备：10@脸型1号[2554],0;亡灵短袍[777],1;新手靴[641],1;新手小刀[8],1;]
[11-28 15:13:11]   银行 [             5765] [                 ] [银行ID(1):[1]0@;]
[11-28 15:13:31] 进游戏 [               ly] [                 ] [金钱：100000 道具：0@亮闪闪的草叶[4316],2;带刺的硬皮[4317],9;仙人绒球[1691],7;新人宝箱[436],1;新手衣服[289],1;仙人球根须[4506],3;仙人掌球根[4508],4;仙人掌的花[1692],4;沙枣[3117],1;仙人掌的刺[4483],1;干枯的草根[4398],2;精灵果[3116],1;种子[1597],1;东方海盗水手头巾[155],1;东方海盗战斗员徽记[156],1;中级魔力[250],1;新手小刀[8],1;微笑1[255],1;瞪眼1[256],1;粗布衣服[305],1;海水浸泡过的章鱼触手[1300],1;北方海盗突击标记[1320],1;黑龙之躯[845],1;]
[11-28 15:13:31] 进游戏 [               ly] [                 ] [临时背包：0@]
[11-28 15:13:31] 进游戏 [               ly] [                 ] [银行ID(1):[1]0@;]
[11-28 15:13:31]   装备 [               ly] [                 ] [装备：10@脸型6号[2559],0;亡灵短袍[777],1;新手靴[641],1;小型弓[1400],1;]
[11-28 15:13:31] 进游戏 [               ly] [                 ] [角色上线]
[11-28 15:13:31] 进游戏 [               ly] [                 ] [进地图《magicsea》坐标：x = 154825, y = 310525.]
[11-28 15:13:31] 出游戏 [               ly] [                 ] [金钱：100000 道具栏：0@亮闪闪的草叶[4316],2;带刺的硬皮[4317],9;仙人绒球[1691],7;新人宝箱[436],1;新手衣服[289],1;仙人球根须[4506],3;仙人掌球根[4508],4;仙人掌的花[1692],4;沙枣[3117],1;仙人掌的刺[4483],1;干枯的草根[4398],2;精灵果[3116],1;种子[1597],1;东方海盗水手头巾[155],1;东方海盗战斗员徽记[156],1;中级魔力[250],1;新手小刀[8],1;微笑1[255],1;瞪眼1[256],1;粗布衣服[305],1;海水浸泡过的章鱼触手[1300],1;北方海盗突击标记[1320],1;黑龙之躯[845],1;]
[11-28 15:13:31] 出游戏 [               ly] [                 ] [临时背包：0@]
[11-28 15:13:31]   装备 [               ly] [                 ] [装备：10@脸型6号[2559],0;亡灵短袍[777],1;新手靴[641],1;小型弓[1400],1;]
[11-28 15:13:31]   银行 [               ly] [                 ] [银行ID(1):[1]0@;]
[11-28 15:14:38]     捡 [               ly] [                 ] [捡道具，名称 蜘蛛后腿[4355]，个数 1.]
[11-28 15:15:34] 出游戏 [               ly] [                 ] [角色离线]
[11-28 15:15:34] 出游戏 [               ly] [                 ] [出地图《magicsea》坐标：x = 153025, y = 310225.]
[11-28 15:15:34] 出游戏 [               ly] [                 ] [金钱：100000 道具栏：0@亮闪闪的草叶[4316],2;带刺的硬皮[4317],9;仙人绒球[1691],7;新人宝箱[436],1;新手衣服[289],1;仙人球根须[4506],3;仙人掌球根[4508],4;仙人掌的花[1692],4;沙枣[3117],1;仙人掌的刺[4483],1;干枯的草根[4398],2;精灵果[3116],1;种子[1597],1;东方海盗水手头巾[155],1;东方海盗战斗员徽记[156],1;中级魔力[250],1;新手小刀[8],1;微笑1[255],1;瞪眼1[256],1;粗布衣服[305],1;海水浸泡过的章鱼触手[1300],1;北方海盗突击标记[1320],1;黑龙之躯[845],1;蜘蛛后腿[4355],1;]
[11-28 15:15:34] 出游戏 [               ly] [                 ] [临时背包：0@]
[11-28 15:15:34]   装备 [               ly] [                 ] [装备：10@脸型6号[2559],0;亡灵短袍[777],1;新手靴[641],1;小型弓[1400],1;]
[11-28 15:15:34]   银行 [               ly] [                 ] [银行ID(1):[1]0@;]
