[11-14 01:57:00] 进游戏 [             5765] [                 ] [金钱：0 道具：0@干枯的草根[4398],3;亮闪闪的草叶[4316],6;种子[1597],3;新人宝箱[436],1;精灵果[3116],2;闪光叶子[1575],1;带刺的硬皮[4317],1;仙人绒球[1691],1;骆驼睫毛[1695],1;仙人掌的花[1692],1;沙枣[3117],2;仙人掌的刺[4483],1;仙人球根须[4506],1;]
[11-14 01:57:00] 进游戏 [             5765] [                 ] [临时背包：0@]
[11-14 01:57:00] 进游戏 [             5765] [                 ] [银行ID(1):[1]0@;]
[11-14 01:57:00]   装备 [             5765] [                 ] [装备：10@脸型1号[2554],0;新手衣服[289],1;新手靴[641],1;新手小刀[8],1;]
[11-14 01:57:00] 进游戏 [             5765] [                 ] [角色上线]
[11-14 01:57:00] 进游戏 [             5765] [                 ] [进地图《magicsea》坐标：x = 99275, y = 355275.]
[11-14 01:57:00] 出游戏 [             5765] [                 ] [金钱：0 道具栏：0@干枯的草根[4398],3;亮闪闪的草叶[4316],6;种子[1597],3;新人宝箱[436],1;精灵果[3116],2;闪光叶子[1575],1;带刺的硬皮[4317],1;仙人绒球[1691],1;骆驼睫毛[1695],1;仙人掌的花[1692],1;沙枣[3117],2;仙人掌的刺[4483],1;仙人球根须[4506],1;]
[11-14 01:57:00] 出游戏 [             5765] [                 ] [临时背包：0@]
[11-14 01:57:00]   装备 [             5765] [                 ] [装备：10@脸型1号[2554],0;新手衣服[289],1;新手靴[641],1;新手小刀[8],1;]
[11-14 01:57:00]   银行 [             5765] [                 ] [银行ID(1):[1]0@;]
[11-14 01:57:16]     捡 [             5765] [                 ] [捡道具，名称 带刺的硬皮[4317]，个数 1.]
[11-14 01:57:25]     捡 [             5765] [                 ] [捡道具，名称 带刺的硬皮[4317]，个数 1.]
[11-14 01:57:26]     捡 [             5765] [                 ] [捡道具，名称 仙人绒球[1691]，个数 1.]
[11-14 01:57:58]     捡 [             5765] [                 ] [捡道具，名称 仙人掌的刺[4483]，个数 1.]
[11-14 01:58:54]     捡 [             5765] [                 ] [捡道具，名称 仙人掌的花[1692]，个数 1.]
[11-14 01:58:55]     捡 [             5765] [                 ] [捡道具，名称 仙人掌的刺[4483]，个数 1.]
[11-14 01:58:57]     捡 [             5765] [                 ] [捡道具，名称 沙枣[3117]，个数 1.]
[11-14 01:59:13] 出游戏 [             5765] [                 ] [角色离线]
[11-14 01:59:13] 出游戏 [             5765] [                 ] [出地图《magicsea》坐标：x = 98925, y = 354225.]
[11-14 01:59:13] 出游戏 [             5765] [                 ] [金钱：0 道具栏：0@干枯的草根[4398],3;亮闪闪的草叶[4316],6;种子[1597],3;新人宝箱[436],1;精灵果[3116],2;闪光叶子[1575],1;带刺的硬皮[4317],3;仙人绒球[1691],2;骆驼睫毛[1695],1;仙人掌的花[1692],2;沙枣[3117],3;仙人掌的刺[4483],3;仙人球根须[4506],1;]
[11-14 01:59:13] 出游戏 [             5765] [                 ] [临时背包：0@]
[11-14 01:59:13]   装备 [             5765] [                 ] [装备：10@脸型1号[2554],0;新手衣服[289],1;新手靴[641],1;新手小刀[8],1;]
[11-14 01:59:13]   银行 [             5765] [                 ] [银行ID(1):[1]0@;]
[11-14 02:00:47] 进游戏 [             5765] [                 ] [金钱：0 道具：0@干枯的草根[4398],3;亮闪闪的草叶[4316],6;种子[1597],3;新人宝箱[436],1;精灵果[3116],2;闪光叶子[1575],1;带刺的硬皮[4317],3;仙人绒球[1691],2;骆驼睫毛[1695],1;仙人掌的花[1692],2;沙枣[3117],3;仙人掌的刺[4483],3;仙人球根须[4506],1;]
[11-14 02:00:47] 进游戏 [             5765] [                 ] [临时背包：0@]
[11-14 02:00:47] 进游戏 [             5765] [                 ] [银行ID(1):[1]0@;]
[11-14 02:00:47]   装备 [             5765] [                 ] [装备：10@脸型1号[2554],0;新手衣服[289],1;新手靴[641],1;新手小刀[8],1;]
[11-14 02:00:47] 进游戏 [             5765] [                 ] [角色上线]
[11-14 02:00:47] 进游戏 [             5765] [                 ] [进地图《magicsea》坐标：x = 98925, y = 354225.]
[11-14 02:00:47] 出游戏 [             5765] [                 ] [金钱：0 道具栏：0@干枯的草根[4398],3;亮闪闪的草叶[4316],6;种子[1597],3;新人宝箱[436],1;精灵果[3116],2;闪光叶子[1575],1;带刺的硬皮[4317],3;仙人绒球[1691],2;骆驼睫毛[1695],1;仙人掌的花[1692],2;沙枣[3117],3;仙人掌的刺[4483],3;仙人球根须[4506],1;]
[11-14 02:00:47] 出游戏 [             5765] [                 ] [临时背包：0@]
[11-14 02:00:47]   装备 [             5765] [                 ] [装备：10@脸型1号[2554],0;新手衣服[289],1;新手靴[641],1;新手小刀[8],1;]
[11-14 02:00:47]   银行 [             5765] [                 ] [银行ID(1):[1]0@;]
[11-14 02:01:02] 任务给 [             5765] [                 ] [BoatSelected:船只选择错误的类型Type[1]]
[11-14 02:01:12] 任务给 [             5765] [                 ] [BoatSelected:船只选择错误的类型Type[1]]
[11-14 02:01:48]   删除 [             5765] [                 ] [删除道具，名称 魔法棒[99]，个数 1.]
[11-14 02:01:50]   删除 [             5765] [                 ] [删除道具，名称 镀银钢靴[655]，个数 1.]
[11-14 02:02:32]     捡 [             5765] [                 ] [捡道具，名称 带刺的硬皮[4317]，个数 1.]
[11-14 02:02:56] 出游戏 [             5765] [                 ] [角色离线]
[11-14 02:02:56] 出游戏 [             5765] [                 ] [出地图《magicsea》坐标：x = 98225, y = 351375.]
[11-14 02:02:56] 出游戏 [             5765] [                 ] [金钱：0 道具栏：0@干枯的草根[4398],3;亮闪闪的草叶[4316],6;种子[1597],3;新人宝箱[436],1;精灵果[3116],2;闪光叶子[1575],1;带刺的硬皮[4317],4;仙人绒球[1691],2;骆驼睫毛[1695],1;仙人掌的花[1692],2;沙枣[3117],3;仙人掌的刺[4483],3;仙人球根须[4506],1;]
[11-14 02:02:56] 出游戏 [             5765] [                 ] [临时背包：0@]
[11-14 02:02:56]   装备 [             5765] [                 ] [装备：10@脸型1号[2554],0;新手衣服[289],1;新手靴[641],1;新手小刀[8],1;]
[11-14 02:02:56]   银行 [             5765] [                 ] [银行ID(1):[1]0@;]
[11-14 02:07:26] 进游戏 [             5765] [                 ] [金钱：0 道具：0@干枯的草根[4398],3;亮闪闪的草叶[4316],6;种子[1597],3;新人宝箱[436],1;精灵果[3116],2;闪光叶子[1575],1;带刺的硬皮[4317],4;仙人绒球[1691],2;骆驼睫毛[1695],1;仙人掌的花[1692],2;沙枣[3117],3;仙人掌的刺[4483],3;仙人球根须[4506],1;]
[11-14 02:07:26] 进游戏 [             5765] [                 ] [临时背包：0@]
[11-14 02:07:26] 进游戏 [             5765] [                 ] [银行ID(1):[1]0@;]
[11-14 02:07:26]   装备 [             5765] [                 ] [装备：10@脸型1号[2554],0;新手衣服[289],1;新手靴[641],1;新手小刀[8],1;]
[11-14 02:07:26] 进游戏 [             5765] [                 ] [角色上线]
[11-14 02:07:26] 进游戏 [             5765] [                 ] [进地图《magicsea》坐标：x = 98225, y = 351375.]
[11-14 02:07:26] 出游戏 [             5765] [                 ] [金钱：0 道具栏：0@干枯的草根[4398],3;亮闪闪的草叶[4316],6;种子[1597],3;新人宝箱[436],1;精灵果[3116],2;闪光叶子[1575],1;带刺的硬皮[4317],4;仙人绒球[1691],2;骆驼睫毛[1695],1;仙人掌的花[1692],2;沙枣[3117],3;仙人掌的刺[4483],3;仙人球根须[4506],1;]
[11-14 02:07:26] 出游戏 [             5765] [                 ] [临时背包：0@]
[11-14 02:07:26]   装备 [             5765] [                 ] [装备：10@脸型1号[2554],0;新手衣服[289],1;新手靴[641],1;新手小刀[8],1;]
[11-14 02:07:26]   银行 [             5765] [                 ] [银行ID(1):[1]0@;]
[11-14 02:08:04] 出游戏 [             5765] [                 ] [角色离线]
[11-14 02:08:04] 出游戏 [             5765] [                 ] [出地图《magicsea》坐标：x = 98625, y = 351175.]
[11-14 02:08:04] 出游戏 [             5765] [                 ] [金钱：0 道具栏：0@干枯的草根[4398],3;亮闪闪的草叶[4316],6;种子[1597],3;新人宝箱[436],1;精灵果[3116],2;闪光叶子[1575],1;带刺的硬皮[4317],4;仙人绒球[1691],2;骆驼睫毛[1695],1;仙人掌的花[1692],2;沙枣[3117],3;仙人掌的刺[4483],3;仙人球根须[4506],1;]
[11-14 02:08:04] 出游戏 [             5765] [                 ] [临时背包：0@]
[11-14 02:08:04]   装备 [             5765] [                 ] [装备：10@脸型1号[2554],0;新手衣服[289],1;新手靴[641],1;新手小刀[8],1;]
[11-14 02:08:04]   银行 [             5765] [                 ] [银行ID(1):[1]0@;]
[11-14 02:12:10] 进游戏 [             5765] [                 ] [金钱：0 道具：0@干枯的草根[4398],3;亮闪闪的草叶[4316],6;种子[1597],3;新人宝箱[436],1;精灵果[3116],2;闪光叶子[1575],1;带刺的硬皮[4317],4;仙人绒球[1691],2;骆驼睫毛[1695],1;仙人掌的花[1692],2;沙枣[3117],3;仙人掌的刺[4483],3;仙人球根须[4506],1;]
[11-14 02:12:10] 进游戏 [             5765] [                 ] [临时背包：0@]
[11-14 02:12:10] 进游戏 [             5765] [                 ] [银行ID(1):[1]0@;]
[11-14 02:12:10]   装备 [             5765] [                 ] [装备：10@脸型1号[2554],0;新手衣服[289],1;新手靴[641],1;新手小刀[8],1;]
[11-14 02:12:10] 进游戏 [             5765] [                 ] [角色上线]
[11-14 02:12:10] 进游戏 [             5765] [                 ] [进地图《magicsea》坐标：x = 98625, y = 351175.]
[11-14 02:12:10] 出游戏 [             5765] [                 ] [金钱：0 道具栏：0@干枯的草根[4398],3;亮闪闪的草叶[4316],6;种子[1597],3;新人宝箱[436],1;精灵果[3116],2;闪光叶子[1575],1;带刺的硬皮[4317],4;仙人绒球[1691],2;骆驼睫毛[1695],1;仙人掌的花[1692],2;沙枣[3117],3;仙人掌的刺[4483],3;仙人球根须[4506],1;]
[11-14 02:12:10] 出游戏 [             5765] [                 ] [临时背包：0@]
[11-14 02:12:10]   装备 [             5765] [                 ] [装备：10@脸型1号[2554],0;新手衣服[289],1;新手靴[641],1;新手小刀[8],1;]
[11-14 02:12:10]   银行 [             5765] [                 ] [银行ID(1):[1]0@;]
[11-14 02:12:51]     捡 [             5765] [                 ] [捡道具，名称 仙人球根须[4506]，个数 1.]
[11-14 02:13:12]     捡 [             5765] [                 ] [捡道具，名称 仙人绒球[1691]，个数 1.]
[11-14 02:13:14]     捡 [             5765] [                 ] [捡道具，名称 带刺的硬皮[4317]，个数 1.]
[11-14 02:13:19] 出游戏 [             5765] [                 ] [角色离线]
[11-14 02:13:19] 出游戏 [             5765] [                 ] [出地图《magicsea》坐标：x = 101075, y = 354175.]
[11-14 02:13:19] 出游戏 [             5765] [                 ] [金钱：0 道具栏：0@干枯的草根[4398],3;亮闪闪的草叶[4316],6;种子[1597],3;新人宝箱[436],1;精灵果[3116],2;闪光叶子[1575],1;带刺的硬皮[4317],5;仙人绒球[1691],3;骆驼睫毛[1695],1;仙人掌的花[1692],2;沙枣[3117],3;仙人掌的刺[4483],3;仙人球根须[4506],2;]
[11-14 02:13:19] 出游戏 [             5765] [                 ] [临时背包：0@]
[11-14 02:13:19]   装备 [             5765] [                 ] [装备：10@脸型1号[2554],0;新手衣服[289],1;新手靴[641],1;新手小刀[8],1;]
[11-14 02:13:19]   银行 [             5765] [                 ] [银行ID(1):[1]0@;]
[11-14 02:43:33] 进游戏 [             5765] [                 ] [金钱：0 道具：0@干枯的草根[4398],3;亮闪闪的草叶[4316],6;种子[1597],3;新人宝箱[436],1;精灵果[3116],2;闪光叶子[1575],1;带刺的硬皮[4317],5;仙人绒球[1691],3;骆驼睫毛[1695],1;仙人掌的花[1692],2;沙枣[3117],3;仙人掌的刺[4483],3;仙人球根须[4506],2;]
[11-14 02:43:33] 进游戏 [             5765] [                 ] [临时背包：0@]
[11-14 02:43:33] 进游戏 [             5765] [                 ] [银行ID(1):[1]0@;]
[11-14 02:43:33]   装备 [             5765] [                 ] [装备：10@脸型1号[2554],0;新手衣服[289],1;新手靴[641],1;新手小刀[8],1;]
[11-14 02:43:33] 进游戏 [             5765] [                 ] [角色上线]
[11-14 02:43:33] 进游戏 [             5765] [                 ] [进地图《magicsea》坐标：x = 101075, y = 354175.]
[11-14 02:43:33] 出游戏 [             5765] [                 ] [金钱：0 道具栏：0@干枯的草根[4398],3;亮闪闪的草叶[4316],6;种子[1597],3;新人宝箱[436],1;精灵果[3116],2;闪光叶子[1575],1;带刺的硬皮[4317],5;仙人绒球[1691],3;骆驼睫毛[1695],1;仙人掌的花[1692],2;沙枣[3117],3;仙人掌的刺[4483],3;仙人球根须[4506],2;]
[11-14 02:43:33] 出游戏 [             5765] [                 ] [临时背包：0@]
[11-14 02:43:33]   装备 [             5765] [                 ] [装备：10@脸型1号[2554],0;新手衣服[289],1;新手靴[641],1;新手小刀[8],1;]
[11-14 02:43:33]   银行 [             5765] [                 ] [银行ID(1):[1]0@;]
[11-14 02:48:51] 出游戏 [             5765] [                 ] [出地图《magicsea》坐标：x = 81900, y = 365400.]
[11-14 02:48:51] 进游戏 [             5765] [                 ] [进地图《magicsea》坐标：x = 81900, y = 365400.]
[11-14 02:50:51] 出游戏 [             5765] [                 ] [角色离线]
[11-14 02:50:51] 出游戏 [             5765] [                 ] [出地图《magicsea》坐标：x = 82275, y = 350425.]
[11-14 02:50:51] 出游戏 [             5765] [                 ] [金钱：0 道具栏：0@干枯的草根[4398],3;亮闪闪的草叶[4316],6;种子[1597],3;新人宝箱[436],1;精灵果[3116],2;闪光叶子[1575],1;带刺的硬皮[4317],5;仙人绒球[1691],3;骆驼睫毛[1695],1;仙人掌的花[1692],2;沙枣[3117],3;仙人掌的刺[4483],3;仙人球根须[4506],2;]
[11-14 02:50:51] 出游戏 [             5765] [                 ] [临时背包：0@]
[11-14 02:50:51]   装备 [             5765] [                 ] [装备：10@脸型1号[2554],0;新手衣服[289],1;新手靴[641],1;新手小刀[8],1;]
[11-14 02:50:51]   银行 [             5765] [                 ] [银行ID(1):[1]0@;]
