[10-08 17:38:53] 进游戏 [        xxxxxxxx4] [                 ] [金钱：29977480 道具：0@飞翔宝箱[437],1;35至尊宝箱[985],1;转职说明书[444],1;面包[1848],26;]
[10-08 17:38:53] 进游戏 [        xxxxxxxx4] [                 ] [临时背包：0@]
[10-08 17:38:53] 进游戏 [        xxxxxxxx4] [                 ] [银行ID(1):[1]0@;]
[10-08 17:38:53]   装备 [        xxxxxxxx4] [                 ] [装备：10@菲菲帽[2584],1;脸型1号[2554],0;进阶衣服[4308],1;新手靴[641],1;新手短剑[9],1;]
[10-08 17:38:53] 进游戏 [        xxxxxxxx4] [                 ] [角色上线]
[10-08 17:38:53] 进游戏 [        xxxxxxxx4] [                 ] [进地图《garner》坐标：x = 195417, y = 279659.]
[10-08 17:38:54] 出游戏 [        xxxxxxxx4] [                 ] [金钱：29977480 道具栏：0@飞翔宝箱[437],1;35至尊宝箱[985],1;转职说明书[444],1;面包[1848],26;]
[10-08 17:38:54] 出游戏 [        xxxxxxxx4] [                 ] [临时背包：0@]
[10-08 17:38:54]   装备 [        xxxxxxxx4] [                 ] [装备：10@菲菲帽[2584],1;脸型1号[2554],0;进阶衣服[4308],1;新手靴[641],1;新手短剑[9],1;]
[10-08 17:38:54]   银行 [        xxxxxxxx4] [                 ] [银行ID(1):[1]0@;]
[10-08 17:43:10]     扔 [        xxxxxxxx4] [                 ] [扔道具，名称 新手短剑[9]，个数 1.]
[10-08 17:43:19] 出游戏 [        xxxxxxxx4] [                 ] [角色离线]
[10-08 17:43:19] 出游戏 [        xxxxxxxx4] [                 ] [出地图《garner》坐标：x = 195417, y = 279659.]
[10-08 17:43:19] 出游戏 [        xxxxxxxx4] [                 ] [金钱：29977480 道具栏：0@飞翔宝箱[437],1;35至尊宝箱[985],1;转职说明书[444],1;面包[1848],26;]
[10-08 17:43:19] 出游戏 [        xxxxxxxx4] [                 ] [临时背包：0@]
[10-08 17:43:19]   装备 [        xxxxxxxx4] [                 ] [装备：10@菲菲帽[2584],1;脸型1号[2554],0;进阶衣服[4308],1;新手靴[641],1;]
[10-08 17:43:19]   银行 [        xxxxxxxx4] [                 ] [银行ID(1):[1]0@;]
[10-08 17:53:12] 进游戏 [        xxxxxxxx4] [                 ] [金钱：29977480 道具：0@飞翔宝箱[437],1;35至尊宝箱[985],1;转职说明书[444],1;面包[1848],26;]
[10-08 17:53:12] 进游戏 [        xxxxxxxx4] [                 ] [临时背包：0@]
[10-08 17:53:12] 进游戏 [        xxxxxxxx4] [                 ] [银行ID(1):[1]0@;]
[10-08 17:53:12]   装备 [        xxxxxxxx4] [                 ] [装备：10@菲菲帽[2584],1;脸型1号[2554],0;进阶衣服[4308],1;新手靴[641],1;]
[10-08 17:53:12] 进游戏 [        xxxxxxxx4] [                 ] [角色上线]
[10-08 17:53:12] 进游戏 [        xxxxxxxx4] [                 ] [进地图《garner》坐标：x = 195417, y = 279659.]
[10-08 17:53:12] 出游戏 [        xxxxxxxx4] [                 ] [金钱：29977480 道具栏：0@飞翔宝箱[437],1;35至尊宝箱[985],1;转职说明书[444],1;面包[1848],26;]
[10-08 17:53:12] 出游戏 [        xxxxxxxx4] [                 ] [临时背包：0@]
[10-08 17:53:12]   装备 [        xxxxxxxx4] [                 ] [装备：10@菲菲帽[2584],1;脸型1号[2554],0;进阶衣服[4308],1;新手靴[641],1;]
[10-08 17:53:12]   银行 [        xxxxxxxx4] [                 ] [银行ID(1):[1]0@;]
[10-08 17:55:14] 出游戏 [        xxxxxxxx4] [                 ] [出地图《garner》坐标：x = 223200, y = 278700.]
[10-08 17:55:14] 进游戏 [        xxxxxxxx4] [                 ] [进地图《garner》坐标：x = 223200, y = 278700.]
[10-08 17:57:36] 出游戏 [        xxxxxxxx4] [                 ] [角色离线]
[10-08 17:57:36] 出游戏 [        xxxxxxxx4] [                 ] [出地图《garner》坐标：x = 224225, y = 278925.]
[10-08 17:57:36] 出游戏 [        xxxxxxxx4] [                 ] [金钱：29977480 道具栏：0@飞翔宝箱[437],1;35至尊宝箱[985],1;转职说明书[444],1;面包[1848],26;]
[10-08 17:57:36] 出游戏 [        xxxxxxxx4] [                 ] [临时背包：0@]
[10-08 17:57:36]   装备 [        xxxxxxxx4] [                 ] [装备：10@菲菲帽[2584],1;脸型1号[2554],0;进阶衣服[4308],1;新手靴[641],1;]
[10-08 17:57:36]   银行 [        xxxxxxxx4] [                 ] [银行ID(1):[1]0@;]
