[10-13 21:54:04] 进游戏 [              XXX] [                 ] [金钱：10000 道具：0@]
[10-13 21:54:04] 进游戏 [              XXX] [                 ] [临时背包：0@]
[10-13 21:54:04] 进游戏 [              XXX] [                 ] [银行ID(1):[1]0@;]
[10-13 21:54:04]   装备 [              XXX] [                 ] [装备：10@脸型1号[2554],0;]
[10-13 21:54:04] 进游戏 [              XXX] [                 ] [角色上线]
[10-13 21:54:04] 任务给 [              XXX] [                 ] [BoatSelected:船只选择错误的类型Type[1]]
[10-13 21:54:04] 进游戏 [              XXX] [                 ] [进地图《garner》坐标：x = 224700, y = 270300.]
[10-13 21:54:04] 出游戏 [              XXX] [                 ] [金钱：0 道具栏：0@新手衣服[289],1;新手靴[641],1;新手小刀[8],1;新人宝箱[436],1;]
[10-13 21:54:04] 出游戏 [              XXX] [                 ] [临时背包：0@]
[10-13 21:54:04]   装备 [              XXX] [                 ] [装备：10@脸型1号[2554],0;]
[10-13 21:54:04]   银行 [              XXX] [                 ] [银行ID(1):[1]0@;]
[10-13 21:55:04]     捡 [              XXX] [                 ] [捡道具，名称 枯萎叶子[1573]，个数 1.]
[10-13 21:55:15]     捡 [              XXX] [                 ] [捡道具，名称 翅膀[1620]，个数 1.]
[10-13 21:55:16]     捡 [              XXX] [                 ] [捡道具，名称 绿色鳞片[4400]，个数 1.]
[10-13 21:55:42]     捡 [              XXX] [                 ] [捡道具，名称 翅膀[1620]，个数 1.]
[10-13 21:56:30] 出游戏 [              XXX] [                 ] [角色离线]
[10-13 21:56:30] 出游戏 [              XXX] [                 ] [出地图《garner》坐标：x = 225975, y = 267375.]
[10-13 21:56:30] 出游戏 [              XXX] [                 ] [金钱：0 道具栏：0@新人宝箱[436],1;枯萎叶子[1573],1;翅膀[1620],2;绿色鳞片[4400],1;]
[10-13 21:56:30] 出游戏 [              XXX] [                 ] [临时背包：0@]
[10-13 21:56:30]   装备 [              XXX] [                 ] [装备：10@脸型1号[2554],0;新手衣服[289],1;新手靴[641],1;新手小刀[8],1;]
[10-13 21:56:30]   银行 [              XXX] [                 ] [银行ID(1):[1]0@;]
[10-13 21:56:59] 进游戏 [              XXX] [                 ] [金钱：0 道具：0@枯萎叶子[1573],1;翅膀[1620],2;绿色鳞片[4400],1;新人宝箱[436],1;]
[10-13 21:56:59] 进游戏 [              XXX] [                 ] [临时背包：0@]
[10-13 21:56:59] 进游戏 [              XXX] [                 ] [银行ID(1):[1]0@;]
[10-13 21:56:59]   装备 [              XXX] [                 ] [装备：10@脸型1号[2554],0;新手衣服[289],1;新手靴[641],1;新手小刀[8],1;]
[10-13 21:56:59] 进游戏 [              XXX] [                 ] [角色上线]
[10-13 21:56:59] 进游戏 [              XXX] [                 ] [进地图《garner》坐标：x = 225975, y = 267375.]
[10-13 21:56:59] 出游戏 [              XXX] [                 ] [金钱：0 道具栏：0@枯萎叶子[1573],1;翅膀[1620],2;绿色鳞片[4400],1;新人宝箱[436],1;]
[10-13 21:56:59] 出游戏 [              XXX] [                 ] [临时背包：0@]
[10-13 21:56:59]   装备 [              XXX] [                 ] [装备：10@脸型1号[2554],0;新手衣服[289],1;新手靴[641],1;新手小刀[8],1;]
[10-13 21:56:59]   银行 [              XXX] [                 ] [银行ID(1):[1]0@;]
[10-13 21:57:36]     捡 [              XXX] [                 ] [捡道具，名称 玻璃杯[1777]，个数 1.]
[10-13 22:00:47]     捡 [              XXX] [                 ] [捡道具，名称 碧绿叶子[1574]，个数 1.]
[10-13 22:00:48]     捡 [              XXX] [                 ] [捡道具，名称 带香味的花[4322]，个数 1.]
[10-13 22:02:38]     捡 [              XXX] [                 ] [捡道具，名称 嫩绿的草叶[4315]，个数 1.]
[10-13 22:02:40]     捡 [              XXX] [                 ] [捡道具，名称 精灵果[3116]，个数 1.]
[10-13 22:03:13]     捡 [              XXX] [                 ] [捡道具，名称 精灵果[3116]，个数 1.]
[10-13 22:03:13]     捡 [              XXX] [                 ] [捡道具，名称 嫩绿的草叶[4315]，个数 1.]
[10-13 22:03:47]     捡 [              XXX] [                 ] [捡道具，名称 毒蘑菇[1725]，个数 1.]
[10-13 22:04:50]     捡 [              XXX] [                 ] [捡道具，名称 枯萎叶子[1573]，个数 1.]
[10-13 22:04:52]     捡 [              XXX] [                 ] [捡道具，名称 嫩绿的草叶[4315]，个数 1.]
[10-13 22:05:16]     捡 [              XXX] [                 ] [捡道具，名称 带花纹的蜗牛壳[4319]，个数 1.]
[10-13 22:05:47]     捡 [              XXX] [                 ] [捡道具，名称 蘑菇孢子[4406]，个数 1.]
[10-13 22:06:23]     捡 [              XXX] [                 ] [捡道具，名称 花苞[1579]，个数 1.]
[10-13 22:13:54]     捡 [              XXX] [                 ] [捡道具，名称 碧绿叶子[1574]，个数 1.]
[10-13 22:13:55]     捡 [              XXX] [                 ] [捡道具，名称 鲜艳的花瓣[4401]，个数 1.]
[10-13 22:14:14]     捡 [              XXX] [                 ] [捡道具，名称 带花纹的蜗牛壳[4319]，个数 1.]
[10-13 22:14:41]     捡 [              XXX] [                 ] [捡道具，名称 毒蘑菇[1725]，个数 1.]
[10-13 22:14:43]     捡 [              XXX] [                 ] [捡道具，名称 蘑菇[3118]，个数 1.]
[10-13 22:15:06]     捡 [              XXX] [                 ] [捡道具，名称 带香味的花[4322]，个数 1.]
[10-13 22:15:55] 出游戏 [              XXX] [                 ] [角色离线]
[10-13 22:15:55] 出游戏 [              XXX] [                 ] [出地图《garner》坐标：x = 221725, y = 257775.]
[10-13 22:15:55] 出游戏 [              XXX] [                 ] [金钱：0 道具栏：0@枯萎叶子[1573],2;翅膀[1620],2;绿色鳞片[4400],1;新人宝箱[436],1;玻璃杯[1777],1;碧绿叶子[1574],2;带香味的花[4322],2;嫩绿的草叶[4315],3;精灵果[3116],2;毒蘑菇[1725],2;带花纹的蜗牛壳[4319],2;蘑菇孢子[4406],1;花苞[1579],1;鲜艳的花瓣[4401],1;蘑菇[3118],1;]
[10-13 22:15:55] 出游戏 [              XXX] [                 ] [临时背包：0@]
[10-13 22:15:55]   装备 [              XXX] [                 ] [装备：10@脸型1号[2554],0;新手衣服[289],1;新手靴[641],1;新手小刀[8],1;]
[10-13 22:15:55]   银行 [              XXX] [                 ] [银行ID(1):[1]0@;]
[10-13 22:16:15] 进游戏 [              XXX] [                 ] [金钱：0 道具：0@枯萎叶子[1573],2;翅膀[1620],2;绿色鳞片[4400],1;新人宝箱[436],1;玻璃杯[1777],1;碧绿叶子[1574],2;带香味的花[4322],2;嫩绿的草叶[4315],3;精灵果[3116],2;毒蘑菇[1725],2;带花纹的蜗牛壳[4319],2;蘑菇孢子[4406],1;花苞[1579],1;鲜艳的花瓣[4401],1;蘑菇[3118],1;]
[10-13 22:16:15] 进游戏 [              XXX] [                 ] [临时背包：0@]
[10-13 22:16:15] 进游戏 [              XXX] [                 ] [银行ID(1):[1]0@;]
[10-13 22:16:15]   装备 [              XXX] [                 ] [装备：10@脸型1号[2554],0;新手衣服[289],1;新手靴[641],1;新手小刀[8],1;]
[10-13 22:16:15] 进游戏 [              XXX] [                 ] [角色上线]
[10-13 22:16:15] 进游戏 [              XXX] [                 ] [进地图《garner》坐标：x = 221725, y = 257775.]
[10-13 22:16:15] 出游戏 [              XXX] [                 ] [金钱：0 道具栏：0@枯萎叶子[1573],2;翅膀[1620],2;绿色鳞片[4400],1;新人宝箱[436],1;玻璃杯[1777],1;碧绿叶子[1574],2;带香味的花[4322],2;嫩绿的草叶[4315],3;精灵果[3116],2;毒蘑菇[1725],2;带花纹的蜗牛壳[4319],2;蘑菇孢子[4406],1;花苞[1579],1;鲜艳的花瓣[4401],1;蘑菇[3118],1;]
[10-13 22:16:15] 出游戏 [              XXX] [                 ] [临时背包：0@]
[10-13 22:16:15]   装备 [              XXX] [                 ] [装备：10@脸型1号[2554],0;新手衣服[289],1;新手靴[641],1;新手小刀[8],1;]
[10-13 22:16:15]   银行 [              XXX] [                 ] [银行ID(1):[1]0@;]
[10-13 22:19:10] 进游戏 [              YYY] [                 ] [金钱：10000 道具：0@]
[10-13 22:19:10] 进游戏 [              YYY] [                 ] [临时背包：0@]
[10-13 22:19:10] 进游戏 [              YYY] [                 ] [银行ID(1):[1]0@;]
[10-13 22:19:10]   装备 [              YYY] [                 ] [装备：10@脸型4号[2557],0;]
[10-13 22:19:10] 进游戏 [              YYY] [                 ] [角色上线]
[10-13 22:19:10] 任务给 [              YYY] [                 ] [BoatSelected:船只选择错误的类型Type[1]]
[10-13 22:19:10] 进游戏 [              YYY] [                 ] [进地图《garner》坐标：x = 224600, y = 270500.]
[10-13 22:19:10] 出游戏 [              YYY] [                 ] [金钱：0 道具栏：0@新手衣服[289],1;新手靴[641],1;新手小刀[8],1;新人宝箱[436],1;]
[10-13 22:19:10] 出游戏 [              YYY] [                 ] [临时背包：0@]
[10-13 22:19:10]   装备 [              YYY] [                 ] [装备：10@脸型4号[2557],0;]
[10-13 22:19:10]   银行 [              YYY] [                 ] [银行ID(1):[1]0@;]
[10-13 22:20:32]     捡 [              YYY] [                 ] [捡道具，名称 绿色鳞片[4400]，个数 1.]
[10-13 22:22:25]     捡 [              YYY] [                 ] [捡道具，名称 带花纹的蜗牛壳[4319]，个数 1.]
[10-13 22:22:46]     捡 [              XXX] [                 ] [捡道具，名称 沙枣[3117]，个数 1.]
[10-13 22:22:54] 出游戏 [              YYY] [                 ] [角色离线]
[10-13 22:22:54] 出游戏 [              YYY] [                 ] [出地图《garner》坐标：x = 220175, y = 257275.]
[10-13 22:22:54] 出游戏 [              YYY] [                 ] [金钱：0 道具栏：0@新人宝箱[436],1;绿色鳞片[4400],1;带花纹的蜗牛壳[4319],1;]
[10-13 22:22:54] 出游戏 [              YYY] [                 ] [临时背包：0@]
[10-13 22:22:54]   装备 [              YYY] [                 ] [装备：10@脸型4号[2557],0;新手衣服[289],1;新手靴[641],1;新手小刀[8],1;]
[10-13 22:22:54]   银行 [              YYY] [                 ] [银行ID(1):[1]0@;]
[10-13 22:23:17]     捡 [              XXX] [                 ] [捡道具，名称 带香味的花[4322]，个数 1.]
[10-13 22:23:18]     捡 [              XXX] [                 ] [捡道具，名称 鲜艳的花瓣[4401]，个数 1.]
[10-13 22:24:01]     捡 [              XXX] [                 ] [捡道具，名称 鲜艳的花瓣[4401]，个数 1.]
[10-13 22:42:03]     捡 [              XXX] [                 ] [捡道具，名称 枯萎叶子[1573]，个数 1.]
[10-13 22:42:19]     捡 [              XXX] [                 ] [捡道具，名称 嫩绿的草叶[4315]，个数 1.]
[10-13 22:42:40]     捡 [              XXX] [                 ] [捡道具，名称 嫩绿的草叶[4315]，个数 1.]
[10-13 22:42:48]     捡 [              XXX] [                 ] [捡道具，名称 草根[4397]，个数 1.]
[10-13 22:42:49]     捡 [              XXX] [                 ] [捡道具，名称 嫩绿的草叶[4315]，个数 1.]
[10-13 22:43:05]     捡 [              XXX] [                 ] [捡道具，名称 毒蘑菇[1725]，个数 1.]
[10-13 22:43:29]     捡 [              XXX] [                 ] [捡道具，名称 碧绿叶子[1574]，个数 1.]
[10-13 22:43:30]     捡 [              XXX] [                 ] [捡道具，名称 鲜艳的花瓣[4401]，个数 1.]
[10-13 22:43:32]     捡 [              XXX] [                 ] [捡道具，名称 带香味的花[4322]，个数 1.]
[10-13 22:43:33]     捡 [              XXX] [                 ] [捡道具，名称 梦幻花瓣[3130]，个数 1.]
[10-13 22:43:51]     捡 [              XXX] [                 ] [捡道具，名称 蘑菇孢子[4406]，个数 1.]
[10-13 22:43:53]     捡 [              XXX] [                 ] [捡道具，名称 进阶靴子[4310]，个数 1.]
[10-13 22:44:28]     捡 [              XXX] [                 ] [捡道具，名称 蘑菇[3118]，个数 1.]
[10-13 22:46:06]     捡 [              XXX] [                 ] [捡道具，名称 龟血[1844]，个数 1.]
[10-13 22:47:01]     捡 [              XXX] [                 ] [捡道具，名称 绿色鳞片[4400]，个数 1.]
[10-13 22:47:59] 出游戏 [              XXX] [                 ] [角色离线]
[10-13 22:47:59] 出游戏 [              XXX] [                 ] [出地图《garner》坐标：x = 223175, y = 271125.]
[10-13 22:47:59] 出游戏 [              XXX] [                 ] [金钱：0 道具栏：0@枯萎叶子[1573],3;翅膀[1620],2;绿色鳞片[4400],2;新人宝箱[436],1;玻璃杯[1777],1;碧绿叶子[1574],3;带香味的花[4322],4;嫩绿的草叶[4315],6;精灵果[3116],2;毒蘑菇[1725],3;带花纹的蜗牛壳[4319],2;蘑菇孢子[4406],2;花苞[1579],1;鲜艳的花瓣[4401],4;蘑菇[3118],2;沙枣[3117],1;草根[4397],1;梦幻花瓣[3130],1;进阶靴子[4310],1;龟血[1844],1;]
[10-13 22:47:59] 出游戏 [              XXX] [                 ] [临时背包：0@]
[10-13 22:47:59]   装备 [              XXX] [                 ] [装备：10@脸型1号[2554],0;新手衣服[289],1;新手靴[641],1;新手小刀[8],1;]
[10-13 22:47:59]   银行 [              XXX] [                 ] [银行ID(1):[1]0@;]
[10-13 22:48:28] 进游戏 [              XXX] [                 ] [金钱：0 道具：0@枯萎叶子[1573],3;翅膀[1620],2;绿色鳞片[4400],2;新人宝箱[436],1;玻璃杯[1777],1;碧绿叶子[1574],3;带香味的花[4322],4;嫩绿的草叶[4315],6;精灵果[3116],2;毒蘑菇[1725],3;带花纹的蜗牛壳[4319],2;蘑菇孢子[4406],2;花苞[1579],1;鲜艳的花瓣[4401],4;蘑菇[3118],2;沙枣[3117],1;草根[4397],1;梦幻花瓣[3130],1;进阶靴子[4310],1;龟血[1844],1;]
[10-13 22:48:28] 进游戏 [              XXX] [                 ] [临时背包：0@]
[10-13 22:48:28] 进游戏 [              XXX] [                 ] [银行ID(1):[1]0@;]
[10-13 22:48:28]   装备 [              XXX] [                 ] [装备：10@脸型1号[2554],0;新手衣服[289],1;新手靴[641],1;新手小刀[8],1;]
[10-13 22:48:28] 进游戏 [              XXX] [                 ] [角色上线]
[10-13 22:48:28] 进游戏 [              XXX] [                 ] [进地图《garner》坐标：x = 223175, y = 271125.]
[10-13 22:48:28] 出游戏 [              XXX] [                 ] [金钱：0 道具栏：0@枯萎叶子[1573],3;翅膀[1620],2;绿色鳞片[4400],2;新人宝箱[436],1;玻璃杯[1777],1;碧绿叶子[1574],3;带香味的花[4322],4;嫩绿的草叶[4315],6;精灵果[3116],2;毒蘑菇[1725],3;带花纹的蜗牛壳[4319],2;蘑菇孢子[4406],2;花苞[1579],1;鲜艳的花瓣[4401],4;蘑菇[3118],2;沙枣[3117],1;草根[4397],1;梦幻花瓣[3130],1;进阶靴子[4310],1;龟血[1844],1;]
[10-13 22:48:28] 出游戏 [              XXX] [                 ] [临时背包：0@]
[10-13 22:48:28]   装备 [              XXX] [                 ] [装备：10@脸型1号[2554],0;新手衣服[289],1;新手靴[641],1;新手小刀[8],1;]
[10-13 22:48:28]   银行 [              XXX] [                 ] [银行ID(1):[1]0@;]
[10-13 22:48:51]     捡 [              XXX] [                 ] [捡道具，名称 草根[4397]，个数 1.]
[10-13 22:48:52]     捡 [              XXX] [                 ] [捡道具，名称 嫩绿的草叶[4315]，个数 1.]
[10-13 22:49:12]     捡 [              XXX] [                 ] [捡道具，名称 绿色鳞片[4400]，个数 1.]
[10-13 22:49:13]     捡 [              XXX] [                 ] [捡道具，名称 玻璃杯[1777]，个数 1.]
[10-13 22:49:27] 出游戏 [              XXX] [                 ] [角色离线]
[10-13 22:49:27] 出游戏 [              XXX] [                 ] [出地图《garner》坐标：x = 226925, y = 269225.]
[10-13 22:49:27] 出游戏 [              XXX] [                 ] [金钱：0 道具栏：0@枯萎叶子[1573],3;翅膀[1620],2;绿色鳞片[4400],3;新人宝箱[436],1;玻璃杯[1777],2;碧绿叶子[1574],3;带香味的花[4322],4;嫩绿的草叶[4315],7;精灵果[3116],2;毒蘑菇[1725],3;带花纹的蜗牛壳[4319],2;蘑菇孢子[4406],2;花苞[1579],1;鲜艳的花瓣[4401],4;蘑菇[3118],2;沙枣[3117],1;草根[4397],2;梦幻花瓣[3130],1;进阶靴子[4310],1;龟血[1844],1;]
[10-13 22:49:27] 出游戏 [              XXX] [                 ] [临时背包：0@]
[10-13 22:49:27]   装备 [              XXX] [                 ] [装备：10@脸型1号[2554],0;新手衣服[289],1;新手靴[641],1;新手小刀[8],1;]
[10-13 22:49:27]   银行 [              XXX] [                 ] [银行ID(1):[1]0@;]
[10-13 22:50:27] 进游戏 [              XXX] [                 ] [金钱：0 道具：0@枯萎叶子[1573],3;翅膀[1620],2;绿色鳞片[4400],3;新人宝箱[436],1;玻璃杯[1777],2;碧绿叶子[1574],3;带香味的花[4322],4;嫩绿的草叶[4315],7;精灵果[3116],2;毒蘑菇[1725],3;带花纹的蜗牛壳[4319],2;蘑菇孢子[4406],2;花苞[1579],1;鲜艳的花瓣[4401],4;蘑菇[3118],2;沙枣[3117],1;草根[4397],2;梦幻花瓣[3130],1;进阶靴子[4310],1;龟血[1844],1;]
[10-13 22:50:27] 进游戏 [              XXX] [                 ] [临时背包：0@]
[10-13 22:50:27] 进游戏 [              XXX] [                 ] [银行ID(1):[1]0@;]
[10-13 22:50:27]   装备 [              XXX] [                 ] [装备：10@脸型1号[2554],0;新手衣服[289],1;新手靴[641],1;新手小刀[8],1;]
[10-13 22:50:27] 进游戏 [              XXX] [                 ] [角色上线]
[10-13 22:50:27] 进游戏 [              XXX] [                 ] [进地图《garner》坐标：x = 226925, y = 269225.]
[10-13 22:50:27] 出游戏 [              XXX] [                 ] [金钱：0 道具栏：0@枯萎叶子[1573],3;翅膀[1620],2;绿色鳞片[4400],3;新人宝箱[436],1;玻璃杯[1777],2;碧绿叶子[1574],3;带香味的花[4322],4;嫩绿的草叶[4315],7;精灵果[3116],2;毒蘑菇[1725],3;带花纹的蜗牛壳[4319],2;蘑菇孢子[4406],2;花苞[1579],1;鲜艳的花瓣[4401],4;蘑菇[3118],2;沙枣[3117],1;草根[4397],2;梦幻花瓣[3130],1;进阶靴子[4310],1;龟血[1844],1;]
[10-13 22:50:27] 出游戏 [              XXX] [                 ] [临时背包：0@]
[10-13 22:50:27]   装备 [              XXX] [                 ] [装备：10@脸型1号[2554],0;新手衣服[289],1;新手靴[641],1;新手小刀[8],1;]
[10-13 22:50:27]   银行 [              XXX] [                 ] [银行ID(1):[1]0@;]
[10-13 22:52:12] 出游戏 [              XXX] [                 ] [角色离线]
[10-13 22:52:12] 出游戏 [              XXX] [                 ] [出地图《garner》坐标：x = 226925, y = 269225.]
[10-13 22:52:12] 出游戏 [              XXX] [                 ] [金钱：0 道具栏：0@枯萎叶子[1573],3;翅膀[1620],2;绿色鳞片[4400],3;新人宝箱[436],1;玻璃杯[1777],2;碧绿叶子[1574],3;带香味的花[4322],4;嫩绿的草叶[4315],7;精灵果[3116],2;毒蘑菇[1725],3;带花纹的蜗牛壳[4319],2;蘑菇孢子[4406],2;花苞[1579],1;鲜艳的花瓣[4401],4;蘑菇[3118],2;沙枣[3117],1;草根[4397],2;梦幻花瓣[3130],1;进阶靴子[4310],1;龟血[1844],1;]
[10-13 22:52:12] 出游戏 [              XXX] [                 ] [临时背包：0@]
[10-13 22:52:12]   装备 [              XXX] [                 ] [装备：10@脸型1号[2554],0;新手衣服[289],1;新手靴[641],1;新手小刀[8],1;]
[10-13 22:52:12]   银行 [              XXX] [                 ] [银行ID(1):[1]0@;]
[10-13 22:55:22] 进游戏 [              XXX] [                 ] [金钱：0 道具：0@枯萎叶子[1573],3;翅膀[1620],2;绿色鳞片[4400],3;新人宝箱[436],1;玻璃杯[1777],2;碧绿叶子[1574],3;带香味的花[4322],4;嫩绿的草叶[4315],7;精灵果[3116],2;毒蘑菇[1725],3;带花纹的蜗牛壳[4319],2;蘑菇孢子[4406],2;花苞[1579],1;鲜艳的花瓣[4401],4;蘑菇[3118],2;沙枣[3117],1;草根[4397],2;梦幻花瓣[3130],1;进阶靴子[4310],1;龟血[1844],1;]
[10-13 22:55:22] 进游戏 [              XXX] [                 ] [临时背包：0@]
[10-13 22:55:22] 进游戏 [              XXX] [                 ] [银行ID(1):[1]0@;]
[10-13 22:55:22]   装备 [              XXX] [                 ] [装备：10@脸型1号[2554],0;新手衣服[289],1;新手靴[641],1;新手小刀[8],1;]
[10-13 22:55:22] 进游戏 [              XXX] [                 ] [角色上线]
[10-13 22:55:22] 进游戏 [              XXX] [                 ] [进地图《garner》坐标：x = 226925, y = 269225.]
[10-13 22:55:22] 出游戏 [              XXX] [                 ] [金钱：0 道具栏：0@枯萎叶子[1573],3;翅膀[1620],2;绿色鳞片[4400],3;新人宝箱[436],1;玻璃杯[1777],2;碧绿叶子[1574],3;带香味的花[4322],4;嫩绿的草叶[4315],7;精灵果[3116],2;毒蘑菇[1725],3;带花纹的蜗牛壳[4319],2;蘑菇孢子[4406],2;花苞[1579],1;鲜艳的花瓣[4401],4;蘑菇[3118],2;沙枣[3117],1;草根[4397],2;梦幻花瓣[3130],1;进阶靴子[4310],1;龟血[1844],1;]
[10-13 22:55:22] 出游戏 [              XXX] [                 ] [临时背包：0@]
[10-13 22:55:22]   装备 [              XXX] [                 ] [装备：10@脸型1号[2554],0;新手衣服[289],1;新手靴[641],1;新手小刀[8],1;]
[10-13 22:55:22]   银行 [              XXX] [                 ] [银行ID(1):[1]0@;]
[10-13 22:57:26] 出游戏 [              XXX] [                 ] [角色离线]
[10-13 22:57:26] 出游戏 [              XXX] [                 ] [出地图《garner》坐标：x = 226975, y = 268825.]
[10-13 22:57:26] 出游戏 [              XXX] [                 ] [金钱：0 道具栏：0@枯萎叶子[1573],3;翅膀[1620],2;绿色鳞片[4400],3;新人宝箱[436],1;玻璃杯[1777],2;碧绿叶子[1574],3;带香味的花[4322],4;嫩绿的草叶[4315],7;精灵果[3116],2;毒蘑菇[1725],3;带花纹的蜗牛壳[4319],2;蘑菇孢子[4406],2;花苞[1579],1;鲜艳的花瓣[4401],4;蘑菇[3118],2;沙枣[3117],1;草根[4397],2;梦幻花瓣[3130],1;进阶靴子[4310],1;龟血[1844],1;]
[10-13 22:57:26] 出游戏 [              XXX] [                 ] [临时背包：0@]
[10-13 22:57:26]   装备 [              XXX] [                 ] [装备：10@脸型1号[2554],0;新手衣服[289],1;新手靴[641],1;新手小刀[8],1;]
[10-13 22:57:26]   银行 [              XXX] [                 ] [银行ID(1):[1]0@;]
