[10-19 14:09:00] 进游戏 [             5765] [                 ] [金钱：0 道具：0@干枯的草根[4398],2;亮闪闪的草叶[4316],3;种子[1597],3;新人宝箱[436],1;精灵果[3116],1;闪光叶子[1575],1;]
[10-19 14:09:00] 进游戏 [             5765] [                 ] [临时背包：0@]
[10-19 14:09:00] 进游戏 [             5765] [                 ] [银行ID(1):[1]0@;]
[10-19 14:09:00]   装备 [             5765] [                 ] [装备：10@脸型1号[2554],0;新手衣服[289],1;新手靴[641],1;新手小刀[8],1;]
[10-19 14:09:00] 进游戏 [             5765] [                 ] [角色上线]
[10-19 14:09:00] 进游戏 [             5765] [                 ] [进地图《magicsea》坐标：x = 96325, y = 357175.]
[10-19 14:09:00] 出游戏 [             5765] [                 ] [金钱：0 道具栏：0@干枯的草根[4398],2;亮闪闪的草叶[4316],3;种子[1597],3;新人宝箱[436],1;精灵果[3116],1;闪光叶子[1575],1;]
[10-19 14:09:00] 出游戏 [             5765] [                 ] [临时背包：0@]
[10-19 14:09:00]   装备 [             5765] [                 ] [装备：10@脸型1号[2554],0;新手衣服[289],1;新手靴[641],1;新手小刀[8],1;]
[10-19 14:09:00]   银行 [             5765] [                 ] [银行ID(1):[1]0@;]
[10-19 14:13:00]     捡 [             5765] [                 ] [捡道具，名称 带刺的硬皮[4317]，个数 1.]
[10-19 14:13:02]     捡 [             5765] [                 ] [捡道具，名称 仙人绒球[1691]，个数 1.]
[10-19 14:13:55]     捡 [             5765] [                 ] [捡道具，名称 骆驼睫毛[1695]，个数 1.]
[10-19 14:14:54]     捡 [             5765] [                 ] [捡道具，名称 亮闪闪的草叶[4316]，个数 1.]
[10-19 14:15:06]     捡 [             5765] [                 ] [捡道具，名称 亮闪闪的草叶[4316]，个数 1.]
[10-19 14:15:07]     捡 [             5765] [                 ] [捡道具，名称 精灵果[3116]，个数 1.]
[10-19 14:15:20] 出游戏 [             5765] [                 ] [出地图《magicsea》坐标：x = 84500, y = 350200.]
[10-19 14:15:20] 进游戏 [             5765] [                 ] [进地图《magicsea》坐标：x = 84500, y = 350200.]
[10-19 14:26:07] 进游戏 [             5765] [                 ] [金钱：0 道具：0@干枯的草根[4398],2;亮闪闪的草叶[4316],5;种子[1597],3;新人宝箱[436],1;精灵果[3116],2;闪光叶子[1575],1;带刺的硬皮[4317],1;仙人绒球[1691],1;骆驼睫毛[1695],1;]
[10-19 14:26:07] 进游戏 [             5765] [                 ] [临时背包：0@]
[10-19 14:26:07] 进游戏 [             5765] [                 ] [银行ID(1):[1]0@;]
[10-19 14:26:07]   装备 [             5765] [                 ] [装备：10@脸型1号[2554],0;新手衣服[289],1;新手靴[641],1;新手小刀[8],1;]
[10-19 14:26:07] 进游戏 [             5765] [                 ] [角色上线]
[10-19 14:26:07] 进游戏 [             5765] [                 ] [进地图《magicsea》坐标：x = 85325, y = 350375.]
[10-19 14:26:07] 出游戏 [             5765] [                 ] [金钱：0 道具栏：0@干枯的草根[4398],2;亮闪闪的草叶[4316],5;种子[1597],3;新人宝箱[436],1;精灵果[3116],2;闪光叶子[1575],1;带刺的硬皮[4317],1;仙人绒球[1691],1;骆驼睫毛[1695],1;]
[10-19 14:26:07] 出游戏 [             5765] [                 ] [临时背包：0@]
[10-19 14:26:07]   装备 [             5765] [                 ] [装备：10@脸型1号[2554],0;新手衣服[289],1;新手靴[641],1;新手小刀[8],1;]
[10-19 14:26:07]   银行 [             5765] [                 ] [银行ID(1):[1]0@;]
[10-19 14:32:35] 进游戏 [             5765] [                 ] [金钱：0 道具：0@干枯的草根[4398],2;亮闪闪的草叶[4316],5;种子[1597],3;新人宝箱[436],1;精灵果[3116],2;闪光叶子[1575],1;带刺的硬皮[4317],1;仙人绒球[1691],1;骆驼睫毛[1695],1;]
[10-19 14:32:35] 进游戏 [             5765] [                 ] [临时背包：0@]
[10-19 14:32:35] 进游戏 [             5765] [                 ] [银行ID(1):[1]0@;]
[10-19 14:32:35]   装备 [             5765] [                 ] [装备：10@脸型1号[2554],0;新手衣服[289],1;新手靴[641],1;新手小刀[8],1;]
[10-19 14:32:35] 进游戏 [             5765] [                 ] [角色上线]
[10-19 14:32:35] 进游戏 [             5765] [                 ] [进地图《magicsea》坐标：x = 85475, y = 350575.]
[10-19 14:32:35] 出游戏 [             5765] [                 ] [金钱：0 道具栏：0@干枯的草根[4398],2;亮闪闪的草叶[4316],5;种子[1597],3;新人宝箱[436],1;精灵果[3116],2;闪光叶子[1575],1;带刺的硬皮[4317],1;仙人绒球[1691],1;骆驼睫毛[1695],1;]
[10-19 14:32:35] 出游戏 [             5765] [                 ] [临时背包：0@]
[10-19 14:32:35]   装备 [             5765] [                 ] [装备：10@脸型1号[2554],0;新手衣服[289],1;新手靴[641],1;新手小刀[8],1;]
[10-19 14:32:35]   银行 [             5765] [                 ] [银行ID(1):[1]0@;]
[10-19 14:50:06] 进游戏 [             5765] [                 ] [金钱：0 道具：0@干枯的草根[4398],2;亮闪闪的草叶[4316],5;种子[1597],3;新人宝箱[436],1;精灵果[3116],2;闪光叶子[1575],1;带刺的硬皮[4317],1;仙人绒球[1691],1;骆驼睫毛[1695],1;]
[10-19 14:50:06] 进游戏 [             5765] [                 ] [临时背包：0@]
[10-19 14:50:06] 进游戏 [             5765] [                 ] [银行ID(1):[1]0@;]
[10-19 14:50:06]   装备 [             5765] [                 ] [装备：10@脸型1号[2554],0;新手衣服[289],1;新手靴[641],1;新手小刀[8],1;]
[10-19 14:50:06] 进游戏 [             5765] [                 ] [角色上线]
[10-19 14:50:06] 进游戏 [             5765] [                 ] [进地图《magicsea》坐标：x = 85775, y = 350675.]
[10-19 14:50:06] 出游戏 [             5765] [                 ] [金钱：0 道具栏：0@干枯的草根[4398],2;亮闪闪的草叶[4316],5;种子[1597],3;新人宝箱[436],1;精灵果[3116],2;闪光叶子[1575],1;带刺的硬皮[4317],1;仙人绒球[1691],1;骆驼睫毛[1695],1;]
[10-19 14:50:06] 出游戏 [             5765] [                 ] [临时背包：0@]
[10-19 14:50:06]   装备 [             5765] [                 ] [装备：10@脸型1号[2554],0;新手衣服[289],1;新手靴[641],1;新手小刀[8],1;]
[10-19 14:50:06]   银行 [             5765] [                 ] [银行ID(1):[1]0@;]
