[11-28 05:53:00] 进游戏 [               ly] [                 ] [金钱：0 道具：0@亮闪闪的草叶[4316],2;带刺的硬皮[4317],9;仙人绒球[1691],7;新人宝箱[436],1;新手衣服[289],1;仙人球根须[4506],3;仙人掌球根[4508],4;仙人掌的花[1692],4;沙枣[3117],1;仙人掌的刺[4483],1;干枯的草根[4398],2;精灵果[3116],1;种子[1597],1;]
[11-28 05:53:00] 进游戏 [               ly] [                 ] [临时背包：0@]
[11-28 05:53:00] 进游戏 [               ly] [                 ] [银行ID(1):[1]0@;]
[11-28 05:53:00]   装备 [               ly] [                 ] [装备：10@脸型6号[2559],0;新手衣服[289],1;新手靴[641],1;新手小刀[8],1;]
[11-28 05:53:00] 进游戏 [               ly] [                 ] [角色上线]
[11-28 05:53:03] 进游戏 [               ly] [                 ] [进地图《magicsea》坐标：x = 91575, y = 356525.]
[11-28 05:53:03] 出游戏 [               ly] [                 ] [金钱：0 道具栏：0@亮闪闪的草叶[4316],2;带刺的硬皮[4317],9;仙人绒球[1691],7;新人宝箱[436],1;新手衣服[289],1;仙人球根须[4506],3;仙人掌球根[4508],4;仙人掌的花[1692],4;沙枣[3117],1;仙人掌的刺[4483],1;干枯的草根[4398],2;精灵果[3116],1;种子[1597],1;]
[11-28 05:53:03] 出游戏 [               ly] [                 ] [临时背包：0@]
[11-28 05:53:03]   装备 [               ly] [                 ] [装备：10@脸型6号[2559],0;新手衣服[289],1;新手靴[641],1;新手小刀[8],1;]
[11-28 05:53:03]   银行 [               ly] [                 ] [银行ID(1):[1]0@;]
[11-28 05:53:23] 出游戏 [               ly] [                 ] [角色离线]
[11-28 05:53:23] 出游戏 [               ly] [                 ] [出地图《magicsea》坐标：x = 90025, y = 357275.]
[11-28 05:53:23] 出游戏 [               ly] [                 ] [金钱：0 道具栏：0@亮闪闪的草叶[4316],2;带刺的硬皮[4317],9;仙人绒球[1691],7;新人宝箱[436],1;新手衣服[289],1;仙人球根须[4506],3;仙人掌球根[4508],4;仙人掌的花[1692],4;沙枣[3117],1;仙人掌的刺[4483],1;干枯的草根[4398],2;精灵果[3116],1;种子[1597],1;]
[11-28 05:53:23] 出游戏 [               ly] [                 ] [临时背包：0@]
[11-28 05:53:23]   装备 [               ly] [                 ] [装备：10@脸型6号[2559],0;新手衣服[289],1;新手靴[641],1;新手小刀[8],1;]
[11-28 05:53:23]   银行 [               ly] [                 ] [银行ID(1):[1]0@;]
[11-28 06:53:14] 进游戏 [             5765] [                 ] [金钱：0 道具：0@干枯的草根[4398],3;亮闪闪的草叶[4316],6;种子[1597],3;新人宝箱[436],1;精灵果[3116],2;闪光叶子[1575],1;带刺的硬皮[4317],5;仙人绒球[1691],3;骆驼睫毛[1695],1;仙人掌的花[1692],2;沙枣[3117],3;仙人掌的刺[4483],3;仙人球根须[4506],2;]
[11-28 06:53:14] 进游戏 [             5765] [                 ] [临时背包：0@]
[11-28 06:53:14] 进游戏 [             5765] [                 ] [银行ID(1):[1]0@;]
[11-28 06:53:14]   装备 [             5765] [                 ] [装备：10@脸型1号[2554],0;新手衣服[289],1;新手靴[641],1;新手小刀[8],1;]
[11-28 06:53:14] 进游戏 [             5765] [                 ] [角色上线]
[11-28 06:53:15] 进游戏 [             5765] [                 ] [进地图《magicsea》坐标：x = 99825, y = 355575.]
[11-28 06:53:15] 出游戏 [             5765] [                 ] [金钱：0 道具栏：0@干枯的草根[4398],3;亮闪闪的草叶[4316],6;种子[1597],3;新人宝箱[436],1;精灵果[3116],2;闪光叶子[1575],1;带刺的硬皮[4317],5;仙人绒球[1691],3;骆驼睫毛[1695],1;仙人掌的花[1692],2;沙枣[3117],3;仙人掌的刺[4483],3;仙人球根须[4506],2;]
[11-28 06:53:15] 出游戏 [             5765] [                 ] [临时背包：0@]
[11-28 06:53:15]   装备 [             5765] [                 ] [装备：10@脸型1号[2554],0;新手衣服[289],1;新手靴[641],1;新手小刀[8],1;]
[11-28 06:53:15]   银行 [             5765] [                 ] [银行ID(1):[1]0@;]
[11-28 06:53:50] 出游戏 [             5765] [                 ] [角色离线]
[11-28 06:53:50] 出游戏 [             5765] [                 ] [出地图《magicsea》坐标：x = 102425, y = 354425.]
[11-28 06:53:50] 出游戏 [             5765] [                 ] [金钱：0 道具栏：0@干枯的草根[4398],3;亮闪闪的草叶[4316],6;种子[1597],3;新人宝箱[436],1;精灵果[3116],2;闪光叶子[1575],1;带刺的硬皮[4317],5;仙人绒球[1691],3;骆驼睫毛[1695],1;仙人掌的花[1692],2;沙枣[3117],3;仙人掌的刺[4483],3;仙人球根须[4506],2;]
[11-28 06:53:50] 出游戏 [             5765] [                 ] [临时背包：0@]
[11-28 06:53:50]   装备 [             5765] [                 ] [装备：10@脸型1号[2554],0;新手衣服[289],1;新手靴[641],1;新手小刀[8],1;]
[11-28 06:53:50]   银行 [             5765] [                 ] [银行ID(1):[1]0@;]
[11-28 07:01:08] 进游戏 [             5765] [                 ] [金钱：0 道具：0@干枯的草根[4398],3;亮闪闪的草叶[4316],6;种子[1597],3;新人宝箱[436],1;精灵果[3116],2;闪光叶子[1575],1;带刺的硬皮[4317],5;仙人绒球[1691],3;骆驼睫毛[1695],1;仙人掌的花[1692],2;沙枣[3117],3;仙人掌的刺[4483],3;仙人球根须[4506],2;]
[11-28 07:01:08] 进游戏 [             5765] [                 ] [临时背包：0@]
[11-28 07:01:08] 进游戏 [             5765] [                 ] [银行ID(1):[1]0@;]
[11-28 07:01:08]   装备 [             5765] [                 ] [装备：10@脸型1号[2554],0;新手衣服[289],1;新手靴[641],1;新手小刀[8],1;]
[11-28 07:01:08] 进游戏 [             5765] [                 ] [角色上线]
[11-28 07:01:08] 进游戏 [             5765] [                 ] [进地图《magicsea》坐标：x = 102425, y = 354425.]
[11-28 07:01:08] 出游戏 [             5765] [                 ] [金钱：0 道具栏：0@干枯的草根[4398],3;亮闪闪的草叶[4316],6;种子[1597],3;新人宝箱[436],1;精灵果[3116],2;闪光叶子[1575],1;带刺的硬皮[4317],5;仙人绒球[1691],3;骆驼睫毛[1695],1;仙人掌的花[1692],2;沙枣[3117],3;仙人掌的刺[4483],3;仙人球根须[4506],2;]
[11-28 07:01:08] 出游戏 [             5765] [                 ] [临时背包：0@]
[11-28 07:01:08]   装备 [             5765] [                 ] [装备：10@脸型1号[2554],0;新手衣服[289],1;新手靴[641],1;新手小刀[8],1;]
[11-28 07:01:08]   银行 [             5765] [                 ] [银行ID(1):[1]0@;]
[11-28 07:01:14] 出游戏 [             5765] [                 ] [角色离线]
[11-28 07:01:14] 出游戏 [             5765] [                 ] [出地图《magicsea》坐标：x = 102625, y = 354175.]
[11-28 07:01:14] 出游戏 [             5765] [                 ] [金钱：0 道具栏：0@干枯的草根[4398],3;亮闪闪的草叶[4316],6;种子[1597],3;新人宝箱[436],1;精灵果[3116],2;闪光叶子[1575],1;带刺的硬皮[4317],5;仙人绒球[1691],3;骆驼睫毛[1695],1;仙人掌的花[1692],2;沙枣[3117],3;仙人掌的刺[4483],3;仙人球根须[4506],2;]
[11-28 07:01:14] 出游戏 [             5765] [                 ] [临时背包：0@]
[11-28 07:01:14]   装备 [             5765] [                 ] [装备：10@脸型1号[2554],0;新手衣服[289],1;新手靴[641],1;新手小刀[8],1;]
[11-28 07:01:14]   银行 [             5765] [                 ] [银行ID(1):[1]0@;]
[11-28 07:38:49] 进游戏 [             5765] [                 ] [金钱：0 道具：0@干枯的草根[4398],3;亮闪闪的草叶[4316],6;种子[1597],3;新人宝箱[436],1;精灵果[3116],2;闪光叶子[1575],1;带刺的硬皮[4317],5;仙人绒球[1691],3;骆驼睫毛[1695],1;仙人掌的花[1692],2;沙枣[3117],3;仙人掌的刺[4483],3;仙人球根须[4506],2;]
[11-28 07:38:49] 进游戏 [             5765] [                 ] [临时背包：0@]
[11-28 07:38:49] 进游戏 [             5765] [                 ] [银行ID(1):[1]0@;]
[11-28 07:38:49]   装备 [             5765] [                 ] [装备：10@脸型1号[2554],0;新手衣服[289],1;新手靴[641],1;新手小刀[8],1;]
[11-28 07:38:49] 进游戏 [             5765] [                 ] [角色上线]
[11-28 07:38:50] 进游戏 [             5765] [                 ] [进地图《magicsea》坐标：x = 102625, y = 354175.]
[11-28 07:38:50] 出游戏 [             5765] [                 ] [金钱：0 道具栏：0@干枯的草根[4398],3;亮闪闪的草叶[4316],6;种子[1597],3;新人宝箱[436],1;精灵果[3116],2;闪光叶子[1575],1;带刺的硬皮[4317],5;仙人绒球[1691],3;骆驼睫毛[1695],1;仙人掌的花[1692],2;沙枣[3117],3;仙人掌的刺[4483],3;仙人球根须[4506],2;]
[11-28 07:38:50] 出游戏 [             5765] [                 ] [临时背包：0@]
[11-28 07:38:50]   装备 [             5765] [                 ] [装备：10@脸型1号[2554],0;新手衣服[289],1;新手靴[641],1;新手小刀[8],1;]
[11-28 07:38:50]   银行 [             5765] [                 ] [银行ID(1):[1]0@;]
[11-28 07:39:36] 出游戏 [             5765] [                 ] [角色离线]
[11-28 07:39:36] 出游戏 [             5765] [                 ] [出地图《magicsea》坐标：x = 103525, y = 350275.]
[11-28 07:39:36] 出游戏 [             5765] [                 ] [金钱：0 道具栏：0@干枯的草根[4398],3;亮闪闪的草叶[4316],6;种子[1597],3;新人宝箱[436],1;精灵果[3116],2;闪光叶子[1575],1;带刺的硬皮[4317],5;仙人绒球[1691],3;骆驼睫毛[1695],1;仙人掌的花[1692],2;沙枣[3117],3;仙人掌的刺[4483],3;仙人球根须[4506],2;]
[11-28 07:39:36] 出游戏 [             5765] [                 ] [临时背包：0@]
[11-28 07:39:36]   装备 [             5765] [                 ] [装备：10@脸型1号[2554],0;新手衣服[289],1;新手靴[641],1;新手小刀[8],1;]
[11-28 07:39:36]   银行 [             5765] [                 ] [银行ID(1):[1]0@;]
