[10-17 18:51:18] 进游戏 [               ly] [                 ] [金钱：0 道具：0@亮闪闪的草叶[4316],2;带刺的硬皮[4317],7;仙人绒球[1691],5;新人宝箱[436],1;新手衣服[289],1;仙人球根须[4506],3;仙人掌球根[4508],4;仙人掌的花[1692],4;沙枣[3117],1;仙人掌的刺[4483],1;干枯的草根[4398],1;精灵果[3116],1;]
[10-17 18:51:18] 进游戏 [               ly] [                 ] [临时背包：0@]
[10-17 18:51:18] 进游戏 [               ly] [                 ] [银行ID(1):[1]0@;]
[10-17 18:51:18]   装备 [               ly] [                 ] [装备：10@脸型6号[2559],0;新手衣服[289],1;新手靴[641],1;新手小刀[8],1;]
[10-17 18:51:18] 进游戏 [               ly] [                 ] [角色上线]
[10-17 18:51:18] 进游戏 [               ly] [                 ] [进地图《magicsea》坐标：x = 84675, y = 350175.]
[10-17 18:51:18] 出游戏 [               ly] [                 ] [金钱：0 道具栏：0@亮闪闪的草叶[4316],2;带刺的硬皮[4317],7;仙人绒球[1691],5;新人宝箱[436],1;新手衣服[289],1;仙人球根须[4506],3;仙人掌球根[4508],4;仙人掌的花[1692],4;沙枣[3117],1;仙人掌的刺[4483],1;干枯的草根[4398],1;精灵果[3116],1;]
[10-17 18:51:18] 出游戏 [               ly] [                 ] [临时背包：0@]
[10-17 18:51:18]   装备 [               ly] [                 ] [装备：10@脸型6号[2559],0;新手衣服[289],1;新手靴[641],1;新手小刀[8],1;]
[10-17 18:51:18]   银行 [               ly] [                 ] [银行ID(1):[1]0@;]
[10-17 18:52:33]     捡 [               ly] [                 ] [捡道具，名称 干枯的草根[4398]，个数 1.]
[10-17 18:53:24]     捡 [               ly] [                 ] [捡道具，名称 带刺的硬皮[4317]，个数 1.]
[10-17 18:53:25]     捡 [               ly] [                 ] [捡道具，名称 仙人绒球[1691]，个数 1.]
[10-17 18:54:32]     捡 [               ly] [                 ] [捡道具，名称 带刺的硬皮[4317]，个数 1.]
[10-17 18:54:34]     捡 [               ly] [                 ] [捡道具，名称 仙人绒球[1691]，个数 1.]
[10-17 19:00:18]     捡 [               ly] [                 ] [捡道具，名称 种子[1597]，个数 1.]
[10-17 19:03:07] 出游戏 [               ly] [                 ] [角色离线]
[10-17 19:03:07] 出游戏 [               ly] [                 ] [出地图《magicsea》坐标：x = 91575, y = 356525.]
[10-17 19:03:07] 出游戏 [               ly] [                 ] [金钱：0 道具栏：0@亮闪闪的草叶[4316],2;带刺的硬皮[4317],9;仙人绒球[1691],7;新人宝箱[436],1;新手衣服[289],1;仙人球根须[4506],3;仙人掌球根[4508],4;仙人掌的花[1692],4;沙枣[3117],1;仙人掌的刺[4483],1;干枯的草根[4398],2;精灵果[3116],1;种子[1597],1;]
[10-17 19:03:07] 出游戏 [               ly] [                 ] [临时背包：0@]
[10-17 19:03:07]   装备 [               ly] [                 ] [装备：10@脸型6号[2559],0;新手衣服[289],1;新手靴[641],1;新手小刀[8],1;]
[10-17 19:03:07]   银行 [               ly] [                 ] [银行ID(1):[1]0@;]
