[10-19 01:47:32] 进游戏 [             5765] [                 ] [金钱：0 道具：0@干枯的草根[4398],1;亮闪闪的草叶[4316],2;种子[1597],2;新人宝箱[436],1;精灵果[3116],1;闪光叶子[1575],1;]
[10-19 01:47:32] 进游戏 [             5765] [                 ] [临时背包：0@]
[10-19 01:47:32] 进游戏 [             5765] [                 ] [银行ID(1):[1]0@;]
[10-19 01:47:32]   装备 [             5765] [                 ] [装备：10@脸型1号[2554],0;新手衣服[289],1;新手靴[641],1;新手小刀[8],1;]
[10-19 01:47:32] 进游戏 [             5765] [                 ] [角色上线]
[10-19 01:47:32] 进游戏 [             5765] [                 ] [进地图《magicsea》坐标：x = 93025, y = 357775.]
[10-19 01:47:32] 出游戏 [             5765] [                 ] [金钱：0 道具栏：0@干枯的草根[4398],1;亮闪闪的草叶[4316],2;种子[1597],2;新人宝箱[436],1;精灵果[3116],1;闪光叶子[1575],1;]
[10-19 01:47:32] 出游戏 [             5765] [                 ] [临时背包：0@]
[10-19 01:47:32]   装备 [             5765] [                 ] [装备：10@脸型1号[2554],0;新手衣服[289],1;新手靴[641],1;新手小刀[8],1;]
[10-19 01:47:32]   银行 [             5765] [                 ] [银行ID(1):[1]0@;]
[10-19 01:55:40] 进游戏 [             5765] [                 ] [金钱：0 道具：0@干枯的草根[4398],1;亮闪闪的草叶[4316],2;种子[1597],2;新人宝箱[436],1;精灵果[3116],1;闪光叶子[1575],1;]
[10-19 01:55:40] 进游戏 [             5765] [                 ] [临时背包：0@]
[10-19 01:55:40] 进游戏 [             5765] [                 ] [银行ID(1):[1]0@;]
[10-19 01:55:40]   装备 [             5765] [                 ] [装备：10@脸型1号[2554],0;新手衣服[289],1;新手靴[641],1;新手小刀[8],1;]
[10-19 01:55:40] 进游戏 [             5765] [                 ] [角色上线]
[10-19 01:55:40] 进游戏 [             5765] [                 ] [进地图《magicsea》坐标：x = 93375, y = 357475.]
[10-19 01:55:40] 出游戏 [             5765] [                 ] [金钱：0 道具栏：0@干枯的草根[4398],1;亮闪闪的草叶[4316],2;种子[1597],2;新人宝箱[436],1;精灵果[3116],1;闪光叶子[1575],1;]
[10-19 01:55:40] 出游戏 [             5765] [                 ] [临时背包：0@]
[10-19 01:55:40]   装备 [             5765] [                 ] [装备：10@脸型1号[2554],0;新手衣服[289],1;新手靴[641],1;新手小刀[8],1;]
[10-19 01:55:40]   银行 [             5765] [                 ] [银行ID(1):[1]0@;]
[10-19 01:56:16]     捡 [             5765] [                 ] [捡道具，名称 种子[1597]，个数 1.]
[10-19 01:56:18]     捡 [             5765] [                 ] [捡道具，名称 亮闪闪的草叶[4316]，个数 1.]
[10-19 01:56:19]     捡 [             5765] [                 ] [捡道具，名称 干枯的草根[4398]，个数 1.]
