[09-28 15:52:48] 进游戏 [        xxxxxxxx4] [                 ] [金钱：10000 道具：0@]
[09-28 15:52:48] 进游戏 [        xxxxxxxx4] [                 ] [临时背包：0@]
[09-28 15:52:48] 进游戏 [        xxxxxxxx4] [                 ] [银行ID(1):[1]0@;]
[09-28 15:52:48]   装备 [        xxxxxxxx4] [                 ] [装备：10@脸型1号[2554],0;]
[09-28 15:52:48] 进游戏 [        xxxxxxxx4] [                 ] [角色上线]
[09-28 15:52:48] 任务给 [        xxxxxxxx4] [                 ] [BoatSelected:船只选择错误的类型Type[1]]
[09-28 15:52:48] 进游戏 [        xxxxxxxx4] [                 ] [进地图《garner》坐标：x = 224700, y = 270300.]
[09-28 16:06:11] 任务给 [        xxxxxxxx4] [                 ] [银行出纳・摩妮雅取走了你200金钱！]
[09-28 16:06:16]   银行 [        xxxxxxxx4] [                 ] [银行操作[道具栏-->银行]，名称 新人宝箱[436]，个数 1.]
[09-28 16:06:49]     捡 [        xxxxxxxx4] [                 ] [捡道具，名称 嫩绿的草叶[4315]，个数 1.]
[09-28 16:09:45]     捡 [        xxxxxxxx4] [                 ] [捡道具，名称 绿色鳞片[4400]，个数 1.]
[09-28 16:16:44] 任务给 [        xxxxxxxx4] [                 ] [医护小姐・岚岚取走了你200金钱！]
[09-28 16:16:46] 任务给 [        xxxxxxxx4] [                 ] [医护小姐・岚岚取走了你50金钱！]
[09-28 16:17:03]   店买 [        xxxxxxxx4] [                 ] [1个菲菲帽]
[09-28 16:21:48] 任务给 [        xxxxxxxx4] [                 ] [BoatSelected:船只选择错误的类型Type[1]]
[09-28 16:22:25]     捡 [        xxxxxxxx4] [                 ] [捡道具，名称 绿色鳞片[4400]，个数 1.]
[09-28 16:23:26]     捡 [        xxxxxxxx4] [                 ] [捡道具，名称 翅膀[1620]，个数 1.]
[09-28 16:23:35]     捡 [        xxxxxxxx4] [                 ] [捡道具，名称 绿色鳞片[4400]，个数 1.]
[09-28 16:50:25]   删除 [        xxxxxxxx4] [                 ] [删除道具，名称 海军招募传单[4110]，个数 1.]
[09-28 16:50:54] 任务给 [        xxxxxxxx4] [                 ] [银行出纳・摩妮雅取走了你200金钱！]
[09-28 16:50:56]   银行 [        xxxxxxxx4] [                 ] [银行操作[银行-->道具栏]，名称 新人宝箱[436]，个数 1.]
[09-28 16:52:05]     卖 [        xxxxxxxx4] [                 ] [1个嫩绿的草叶]
[09-28 16:52:10]     卖 [        xxxxxxxx4] [                 ] [3个绿色鳞片]
[09-28 16:52:12]     卖 [        xxxxxxxx4] [                 ] [1个翅膀]
[09-28 16:52:46]     捡 [        xxxxxxxx4] [                 ] [捡道具，名称 嫩绿的草叶[4315]，个数 1.]
[09-28 16:52:48]     捡 [        xxxxxxxx4] [                 ] [捡道具，名称 草根[4397]，个数 1.]
[09-28 16:53:08]     捡 [        xxxxxxxx4] [                 ] [捡道具，名称 刺鼻气体[1653]，个数 1.]
[09-28 16:53:28]     捡 [        xxxxxxxx4] [                 ] [捡道具，名称 绿色鳞片[4400]，个数 1.]
[09-28 16:53:48]     捡 [        xxxxxxxx4] [                 ] [捡道具，名称 毒蘑菇[1725]，个数 1.]
[09-28 16:54:09]     捡 [        xxxxxxxx4] [                 ] [捡道具，名称 带香味的花[4322]，个数 1.]
[09-28 16:54:11]     捡 [        xxxxxxxx4] [                 ] [捡道具，名称 鲜艳的花瓣[4401]，个数 1.]
[09-28 16:54:12]     捡 [        xxxxxxxx4] [                 ] [捡道具，名称 花苞[1579]，个数 1.]
[09-28 16:54:12]     捡 [        xxxxxxxx4] [                 ] [捡道具，名称 碧绿叶子[1574]，个数 1.]
[09-28 16:54:57] 任务给 [        xxxxxxxx4] [                 ] [BoatSelected:船只选择错误的类型Type[1]]
[09-28 16:54:57] 任务给 [        xxxxxxxx4] [                 ] [BoatSelected:船只选择错误的类型Type[1]]
[09-28 16:54:57] 任务给 [        xxxxxxxx4] [                 ] [BoatSelected:船只选择错误的类型Type[1]]
[09-28 16:54:57] 任务给 [        xxxxxxxx4] [                 ] [BoatSelected:船只选择错误的类型Type[1]]
[09-28 16:54:57] 任务给 [        xxxxxxxx4] [                 ] [BoatSelected:船只选择错误的类型Type[1]]
[09-28 16:54:57]   消耗 [        xxxxxxxx4] [                 ] [消耗道具，名称 新人宝箱[436]，个数 1.]
[09-28 16:55:31]     捡 [        xxxxxxxx4] [                 ] [捡道具，名称 毒蘑菇[1725]，个数 1.]
[09-28 16:55:32]     捡 [        xxxxxxxx4] [                 ] [捡道具，名称 模糊图纸[1000]，个数 1.]
[09-28 16:56:08]     捡 [        xxxxxxxx4] [                 ] [捡道具，名称 花苞[1579]，个数 1.]
[09-28 16:56:10]     捡 [        xxxxxxxx4] [                 ] [捡道具，名称 鲜艳的花瓣[4401]，个数 1.]
[09-28 16:57:09]     卖 [        xxxxxxxx4] [                 ] [2个鲜艳的花瓣]
[09-28 16:57:12]     卖 [        xxxxxxxx4] [                 ] [1个嫩绿的草叶]
[09-28 16:57:20]     卖 [        xxxxxxxx4] [                 ] [1个草根]
[09-28 16:57:23]     卖 [        xxxxxxxx4] [                 ] [1个刺鼻气体]
[09-28 16:57:25]     卖 [        xxxxxxxx4] [                 ] [1个绿色鳞片]
[09-28 16:57:28]     卖 [        xxxxxxxx4] [                 ] [2个毒蘑菇]
[09-28 16:57:30]     卖 [        xxxxxxxx4] [                 ] [1个带香味的花]
[09-28 16:57:33]     卖 [        xxxxxxxx4] [                 ] [1个碧绿叶子]
[09-28 16:57:37]     卖 [        xxxxxxxx4] [                 ] [2个花苞]
[09-28 16:59:21] 任务给 [        xxxxxxxx4] [                 ] [医护小姐・岚岚取走了你50金钱！]
[09-28 16:59:31]   店买 [        xxxxxxxx4] [                 ] [99个面包]
[09-28 17:00:38]     捡 [        xxxxxxxx4] [                 ] [捡道具，名称 翅膀[1620]，个数 1.]
[09-28 17:00:40]     捡 [        xxxxxxxx4] [                 ] [捡道具，名称 绿色鳞片[4400]，个数 1.]
[09-28 17:00:41]     捡 [        xxxxxxxx4] [                 ] [捡道具，名称 嫩绿的草叶[4315]，个数 1.]
[09-28 17:01:12]     捡 [        xxxxxxxx4] [                 ] [捡道具，名称 带花纹的蜗牛壳[4319]，个数 1.]
[09-28 17:01:37]     捡 [        xxxxxxxx4] [                 ] [捡道具，名称 毒蘑菇[1725]，个数 1.]
[09-28 17:02:01]     捡 [        xxxxxxxx4] [                 ] [捡道具，名称 毒蘑菇[1725]，个数 1.]
[09-28 17:02:03]     捡 [        xxxxxxxx4] [                 ] [捡道具，名称 卡拉药片[3148]，个数 1.]
[09-28 17:02:16]     捡 [        xxxxxxxx4] [                 ] [捡道具，名称 鲜艳的花瓣[4401]，个数 1.]
[09-28 17:02:27]     捡 [        xxxxxxxx4] [                 ] [捡道具，名称 蘑菇[3118]，个数 1.]
[09-28 17:02:28]     捡 [        xxxxxxxx4] [                 ] [捡道具，名称 毒蘑菇[1725]，个数 1.]
[09-28 17:02:39]     捡 [        xxxxxxxx4] [                 ] [捡道具，名称 蘑菇孢子[4406]，个数 1.]
[09-28 17:03:06]     捡 [        xxxxxxxx4] [                 ] [捡道具，名称 毒蘑菇[1725]，个数 1.]
[09-28 17:03:24]     捡 [        xxxxxxxx4] [                 ] [捡道具，名称 毒蘑菇[1725]，个数 1.]
[09-28 17:03:26]     捡 [        xxxxxxxx4] [                 ] [捡道具，名称 蘑菇[3118]，个数 1.]
[09-28 17:03:38]   消耗 [        xxxxxxxx4] [                 ] [消耗道具，名称 面包[1848]，个数 1.]
[09-28 17:03:41]     捡 [        xxxxxxxx4] [                 ] [捡道具，名称 蘑菇[3118]，个数 1.]
[09-28 17:03:49]   消耗 [        xxxxxxxx4] [                 ] [消耗道具，名称 面包[1848]，个数 1.]
[09-28 17:03:55]   消耗 [        xxxxxxxx4] [                 ] [消耗道具，名称 面包[1848]，个数 1.]
[09-28 17:03:57]   消耗 [        xxxxxxxx4] [                 ] [消耗道具，名称 面包[1848]，个数 1.]
[09-28 17:04:09]     捡 [        xxxxxxxx4] [                 ] [捡道具，名称 纯净的水[1649]，个数 1.]
[09-28 17:04:10]     捡 [        xxxxxxxx4] [                 ] [捡道具，名称 蓝色贝壳[4331]，个数 1.]
[09-28 17:04:23] 出游戏 [        xxxxxxxx4] [                 ] [出地图《garner》坐标：x = 224500, y = 270300.]
[09-28 17:04:23] 进游戏 [        xxxxxxxx4] [                 ] [进地图《garner》坐标：x = 224500, y = 270300.]
[09-28 17:04:30]   消耗 [        xxxxxxxx4] [                 ] [消耗道具，名称 面包[1848]，个数 1.]
[09-28 17:04:31]   消耗 [        xxxxxxxx4] [                 ] [消耗道具，名称 面包[1848]，个数 1.]
[09-28 17:04:34]   消耗 [        xxxxxxxx4] [                 ] [消耗道具，名称 面包[1848]，个数 1.]
[09-28 17:04:45]     捡 [        xxxxxxxx4] [                 ] [捡道具，名称 模糊图纸[1000]，个数 1.]
[09-28 17:04:47]     捡 [        xxxxxxxx4] [                 ] [捡道具，名称 翅膀[1620]，个数 1.]
[09-28 17:04:52]     捡 [        xxxxxxxx4] [                 ] [捡道具，名称 药用草叶[3129]，个数 1.]
[09-28 17:04:54]     捡 [        xxxxxxxx4] [                 ] [捡道具，名称 枯萎叶子[1573]，个数 1.]
[09-28 17:04:59]     捡 [        xxxxxxxx4] [                 ] [捡道具，名称 嫩绿的草叶[4315]，个数 1.]
[09-28 17:05:39]     捡 [        xxxxxxxx4] [                 ] [捡道具，名称 毒蘑菇[1725]，个数 1.]
[09-28 17:05:40]     捡 [        xxxxxxxx4] [                 ] [捡道具，名称 蘑菇[3118]，个数 1.]
[09-28 17:05:41]     捡 [        xxxxxxxx4] [                 ] [捡道具，名称 蘑菇孢子[4406]，个数 1.]
[09-28 17:05:52]   消耗 [        xxxxxxxx4] [                 ] [消耗道具，名称 面包[1848]，个数 1.]
[09-28 17:05:58]     捡 [        xxxxxxxx4] [                 ] [捡道具，名称 毒蘑菇[1725]，个数 1.]
[09-28 17:06:01]     捡 [        xxxxxxxx4] [                 ] [捡道具，名称 模糊图纸[1000]，个数 1.]
[09-28 17:06:12]     捡 [        xxxxxxxx4] [                 ] [捡道具，名称 蘑菇孢子[4406]，个数 1.]
[09-28 17:06:14]     捡 [        xxxxxxxx4] [                 ] [捡道具，名称 毒蘑菇[1725]，个数 1.]
[09-28 17:06:26]   消耗 [        xxxxxxxx4] [                 ] [消耗道具，名称 面包[1848]，个数 1.]
[09-28 17:06:38]   消耗 [        xxxxxxxx4] [                 ] [消耗道具，名称 面包[1848]，个数 1.]
[09-28 17:06:42]   消耗 [        xxxxxxxx4] [                 ] [消耗道具，名称 面包[1848]，个数 1.]
[09-28 17:06:47]   消耗 [        xxxxxxxx4] [                 ] [消耗道具，名称 面包[1848]，个数 1.]
[09-28 17:06:48]   消耗 [        xxxxxxxx4] [                 ] [消耗道具，名称 面包[1848]，个数 1.]
[09-28 17:06:51]     捡 [        xxxxxxxx4] [                 ] [捡道具，名称 蓝色贝壳[4331]，个数 1.]
[09-28 17:06:52]     捡 [        xxxxxxxx4] [                 ] [捡道具，名称 小贝壳碎片[4412]，个数 1.]
[09-28 17:07:44]     捡 [        xxxxxxxx4] [                 ] [捡道具，名称 蓝色贝壳[4331]，个数 1.]
[09-28 17:07:46]   消耗 [        xxxxxxxx4] [                 ] [消耗道具，名称 面包[1848]，个数 1.]
[09-28 17:08:01]   消耗 [        xxxxxxxx4] [                 ] [消耗道具，名称 面包[1848]，个数 1.]
[09-28 17:08:03]   消耗 [        xxxxxxxx4] [                 ] [消耗道具，名称 面包[1848]，个数 1.]
[09-28 17:08:18]     捡 [        xxxxxxxx4] [                 ] [捡道具，名称 蓝色贝壳[4331]，个数 1.]
[09-28 17:08:19]   消耗 [        xxxxxxxx4] [                 ] [消耗道具，名称 面包[1848]，个数 1.]
[09-28 17:08:30]   消耗 [        xxxxxxxx4] [                 ] [消耗道具，名称 面包[1848]，个数 1.]
[09-28 17:08:31]   消耗 [        xxxxxxxx4] [                 ] [消耗道具，名称 面包[1848]，个数 1.]
[09-28 17:08:37]     捡 [        xxxxxxxx4] [                 ] [捡道具，名称 红色的石头[3387]，个数 1.]
[09-28 17:08:38]     捡 [        xxxxxxxx4] [                 ] [捡道具，名称 蓝色贝壳[4331]，个数 1.]
[09-28 17:08:40]     捡 [        xxxxxxxx4] [                 ] [捡道具，名称 小贝壳碎片[4412]，个数 1.]
[09-28 17:08:57]     捡 [        xxxxxxxx4] [                 ] [捡道具，名称 章鱼触手[1704]，个数 1.]
[09-28 17:09:05]     捡 [        xxxxxxxx4] [                 ] [捡道具，名称 章鱼触手[1704]，个数 1.]
[09-28 17:09:15]   消耗 [        xxxxxxxx4] [                 ] [消耗道具，名称 面包[1848]，个数 1.]
[09-28 17:09:18]     捡 [        xxxxxxxx4] [                 ] [捡道具，名称 蓝色贝壳[4331]，个数 1.]
[09-28 17:09:38]     捡 [        xxxxxxxx4] [                 ] [捡道具，名称 小贝壳碎片[4412]，个数 1.]
[09-28 17:09:52]   消耗 [        xxxxxxxx4] [                 ] [消耗道具，名称 面包[1848]，个数 1.]
[09-28 17:09:54]     捡 [        xxxxxxxx4] [                 ] [捡道具，名称 带花纹的蜗牛壳[4319]，个数 1.]
[09-28 17:10:21]     捡 [        xxxxxxxx4] [                 ] [捡道具，名称 帕帕帽子[1840]，个数 1.]
[09-28 17:10:22]     捡 [        xxxxxxxx4] [                 ] [捡道具，名称 章鱼触手[1704]，个数 1.]
[09-28 17:10:59]     捡 [        xxxxxxxx4] [                 ] [捡道具，名称 毒蘑菇[1725]，个数 1.]
[09-28 17:11:26]   消耗 [        xxxxxxxx4] [                 ] [消耗道具，名称 面包[1848]，个数 1.]
[09-28 17:12:00]   消耗 [        xxxxxxxx4] [                 ] [消耗道具，名称 面包[1848]，个数 1.]
[09-28 17:12:14]     卖 [        xxxxxxxx4] [                 ] [2个翅膀]
[09-28 17:12:16]     卖 [        xxxxxxxx4] [                 ] [9个毒蘑菇]
[09-28 17:12:18]     卖 [        xxxxxxxx4] [                 ] [2个带花纹的蜗牛壳]
[09-28 17:12:21]     卖 [        xxxxxxxx4] [                 ] [2个嫩绿的草叶]
[09-28 17:12:23]     卖 [        xxxxxxxx4] [                 ] [1个绿色鳞片]
[09-28 17:12:25]     卖 [        xxxxxxxx4] [                 ] [1个红色的石头]
[09-28 17:12:28]     卖 [        xxxxxxxx4] [                 ] [1个卡拉药片]
[09-28 17:12:30]     卖 [        xxxxxxxx4] [                 ] [1个鲜艳的花瓣]
[09-28 17:12:32]     卖 [        xxxxxxxx4] [                 ] [4个蘑菇]
[09-28 17:12:34]     卖 [        xxxxxxxx4] [                 ] [3个蘑菇孢子]
[09-28 17:12:38]     卖 [        xxxxxxxx4] [                 ] [1个纯净的水]
[09-28 17:12:41]     卖 [        xxxxxxxx4] [                 ] [6个蓝色贝壳]
[09-28 17:12:44]     卖 [        xxxxxxxx4] [                 ] [1个药用草叶]
[09-28 17:12:46]     卖 [        xxxxxxxx4] [                 ] [1个枯萎叶子]
[09-28 17:12:54]     卖 [        xxxxxxxx4] [                 ] [1个帕帕帽子]
[09-28 17:12:56]     卖 [        xxxxxxxx4] [                 ] [3个章鱼触手]
[09-28 17:12:59]     卖 [        xxxxxxxx4] [                 ] [1个新手小刀]
[09-28 17:13:01]     卖 [        xxxxxxxx4] [                 ] [3个小贝壳碎片]
[09-28 17:13:12]     捡 [        xxxxxxxx4] [                 ] [捡道具，名称 嫩绿的草叶[4315]，个数 1.]
[09-28 17:13:13]     捡 [        xxxxxxxx4] [                 ] [捡道具，名称 精灵果[3116]，个数 1.]
[09-28 17:13:28]     捡 [        xxxxxxxx4] [                 ] [捡道具，名称 长草的乌龟壳[4328]，个数 1.]
[09-28 17:13:30]     捡 [        xxxxxxxx4] [                 ] [捡道具，名称 乌龟骨头[4408]，个数 1.]
[09-28 17:13:55]   消耗 [        xxxxxxxx4] [                 ] [消耗道具，名称 面包[1848]，个数 1.]
[09-28 17:14:03]   消耗 [        xxxxxxxx4] [                 ] [消耗道具，名称 面包[1848]，个数 1.]
[09-28 17:14:18]   消耗 [        xxxxxxxx4] [                 ] [消耗道具，名称 面包[1848]，个数 1.]
[09-28 17:14:23]     捡 [        xxxxxxxx4] [                 ] [捡道具，名称 尖锐牙齿[1618]，个数 1.]
[09-28 17:14:35]     捡 [        xxxxxxxx4] [                 ] [捡道具，名称 长草的乌龟壳[4328]，个数 1.]
[09-28 17:14:37]     捡 [        xxxxxxxx4] [                 ] [捡道具，名称 龟血[1844]，个数 1.]
[09-28 17:15:29]   消耗 [        xxxxxxxx4] [                 ] [消耗道具，名称 面包[1848]，个数 1.]
[09-28 17:15:31]   消耗 [        xxxxxxxx4] [                 ] [消耗道具，名称 面包[1848]，个数 1.]
[09-28 17:15:35]     捡 [        xxxxxxxx4] [                 ] [捡道具，名称 玻璃杯[1777]，个数 1.]
[09-28 17:16:04]   消耗 [        xxxxxxxx4] [                 ] [消耗道具，名称 面包[1848]，个数 1.]
[09-28 17:16:11]   消耗 [        xxxxxxxx4] [                 ] [消耗道具，名称 面包[1848]，个数 1.]
[09-28 17:16:15]     捡 [        xxxxxxxx4] [                 ] [捡道具，名称 柔软的猪鬃毛[4416]，个数 1.]
[09-28 17:17:27] 出游戏 [        xxxxxxxx4] [                 ] [出地图《garner》坐标：x = 224500, y = 270300.]
[09-28 17:17:27] 进游戏 [        xxxxxxxx4] [                 ] [进地图《garner》坐标：x = 224500, y = 270300.]
[09-28 17:17:43]     卖 [        xxxxxxxx4] [                 ] [1个乌龟骨头]
[09-28 17:17:46]     卖 [        xxxxxxxx4] [                 ] [1个柔软的猪鬃毛]
[09-28 17:17:48]     卖 [        xxxxxxxx4] [                 ] [1个玻璃杯]
[09-28 17:17:51]     卖 [        xxxxxxxx4] [                 ] [1个尖锐牙齿]
[09-28 17:17:54]     卖 [        xxxxxxxx4] [                 ] [1个龟血]
[09-28 17:17:57]     卖 [        xxxxxxxx4] [                 ] [2个长草的乌龟壳]
[09-28 17:18:01]   消耗 [        xxxxxxxx4] [                 ] [消耗道具，名称 精灵果[3116]，个数 1.]
[09-28 17:18:06]     卖 [        xxxxxxxx4] [                 ] [1个嫩绿的草叶]
[09-28 17:18:09]     卖 [        xxxxxxxx4] [                 ] [3个模糊图纸]
[09-28 17:18:43]   消耗 [        xxxxxxxx4] [                 ] [消耗道具，名称 面包[1848]，个数 1.]
[09-28 17:18:49]   消耗 [        xxxxxxxx4] [                 ] [消耗道具，名称 面包[1848]，个数 1.]
[09-28 17:21:17]   消耗 [        xxxxxxxx4] [                 ] [消耗道具，名称 面包[1848]，个数 1.]
[09-28 17:21:19]   消耗 [        xxxxxxxx4] [                 ] [消耗道具，名称 面包[1848]，个数 1.]
[09-28 17:21:23]   消耗 [        xxxxxxxx4] [                 ] [消耗道具，名称 面包[1848]，个数 1.]
[09-28 17:21:24]   消耗 [        xxxxxxxx4] [                 ] [消耗道具，名称 面包[1848]，个数 1.]
[09-28 17:21:30]   消耗 [        xxxxxxxx4] [                 ] [消耗道具，名称 面包[1848]，个数 1.]
[09-28 17:21:31]   消耗 [        xxxxxxxx4] [                 ] [消耗道具，名称 面包[1848]，个数 1.]
[09-28 17:21:33]   消耗 [        xxxxxxxx4] [                 ] [消耗道具，名称 面包[1848]，个数 1.]
[09-28 17:21:34]   消耗 [        xxxxxxxx4] [                 ] [消耗道具，名称 面包[1848]，个数 1.]
[09-28 17:21:35]   消耗 [        xxxxxxxx4] [                 ] [消耗道具，名称 面包[1848]，个数 1.]
[09-28 17:21:40]   消耗 [        xxxxxxxx4] [                 ] [消耗道具，名称 面包[1848]，个数 1.]
[09-28 17:21:42]   消耗 [        xxxxxxxx4] [                 ] [消耗道具，名称 面包[1848]，个数 1.]
[09-28 17:22:02]     捡 [        xxxxxxxx4] [                 ] [捡道具，名称 翅膀[1620]，个数 1.]
[09-28 17:22:28] 出游戏 [        xxxxxxxx4] [                 ] [出地图《garner》坐标：x = 223200, y = 278700.]
[09-28 17:22:28] 进游戏 [        xxxxxxxx4] [                 ] [进地图《garner》坐标：x = 223200, y = 278700.]
[09-28 17:23:50]   消耗 [        xxxxxxxx4] [                 ] [消耗道具，名称 面包[1848]，个数 1.]
[09-28 17:23:51]   消耗 [        xxxxxxxx4] [                 ] [消耗道具，名称 面包[1848]，个数 1.]
[09-28 17:24:48]     捡 [        xxxxxxxx4] [                 ] [捡道具，名称 羊绒[1678]，个数 1.]
[09-28 17:24:57]     捡 [        xxxxxxxx4] [                 ] [捡道具，名称 带花纹的蜗牛壳[4319]，个数 1.]
[09-28 17:24:58]   消耗 [        xxxxxxxx4] [                 ] [消耗道具，名称 面包[1848]，个数 1.]
[09-28 17:25:18]   消耗 [        xxxxxxxx4] [                 ] [消耗道具，名称 面包[1848]，个数 1.]
[09-28 17:25:59]   消耗 [        xxxxxxxx4] [                 ] [消耗道具，名称 面包[1848]，个数 1.]
[09-28 17:26:47]   消耗 [        xxxxxxxx4] [                 ] [消耗道具，名称 面包[1848]，个数 1.]
[09-28 17:26:49]   消耗 [        xxxxxxxx4] [                 ] [消耗道具，名称 面包[1848]，个数 1.]
[09-28 17:27:18]   消耗 [        xxxxxxxx4] [                 ] [消耗道具，名称 面包[1848]，个数 1.]
[09-28 17:27:20]   消耗 [        xxxxxxxx4] [                 ] [消耗道具，名称 面包[1848]，个数 1.]
[09-28 17:27:23]   消耗 [        xxxxxxxx4] [                 ] [消耗道具，名称 面包[1848]，个数 1.]
[09-28 17:27:28]   消耗 [        xxxxxxxx4] [                 ] [消耗道具，名称 面包[1848]，个数 1.]
[09-28 17:27:39]   消耗 [        xxxxxxxx4] [                 ] [消耗道具，名称 面包[1848]，个数 1.]
[09-28 17:27:44]   消耗 [        xxxxxxxx4] [                 ] [消耗道具，名称 面包[1848]，个数 1.]
[09-28 17:27:49]   消耗 [        xxxxxxxx4] [                 ] [消耗道具，名称 面包[1848]，个数 1.]
[09-28 17:27:52]   消耗 [        xxxxxxxx4] [                 ] [消耗道具，名称 面包[1848]，个数 1.]
[09-28 17:27:57]   消耗 [        xxxxxxxx4] [                 ] [消耗道具，名称 面包[1848]，个数 1.]
[09-28 17:28:03]   消耗 [        xxxxxxxx4] [                 ] [消耗道具，名称 面包[1848]，个数 1.]
[09-28 17:28:10]   消耗 [        xxxxxxxx4] [                 ] [消耗道具，名称 面包[1848]，个数 1.]
[09-28 17:28:16]   消耗 [        xxxxxxxx4] [                 ] [消耗道具，名称 面包[1848]，个数 1.]
[09-28 17:28:19]   消耗 [        xxxxxxxx4] [                 ] [消耗道具，名称 面包[1848]，个数 1.]
[09-28 17:28:24]   消耗 [        xxxxxxxx4] [                 ] [消耗道具，名称 面包[1848]，个数 1.]
[09-28 17:28:25]   消耗 [        xxxxxxxx4] [                 ] [消耗道具，名称 面包[1848]，个数 1.]
[09-28 17:28:26]   消耗 [        xxxxxxxx4] [                 ] [消耗道具，名称 面包[1848]，个数 1.]
[09-28 17:28:38]     捡 [        xxxxxxxx4] [                 ] [捡道具，名称 带花纹的贝壳[4336]，个数 1.]
[09-28 17:28:42]   消耗 [        xxxxxxxx4] [                 ] [消耗道具，名称 面包[1848]，个数 1.]
[09-28 17:28:44]   消耗 [        xxxxxxxx4] [                 ] [消耗道具，名称 面包[1848]，个数 1.]
[09-28 17:29:35]   消耗 [        xxxxxxxx4] [                 ] [消耗道具，名称 面包[1848]，个数 1.]
[09-28 17:29:37]   消耗 [        xxxxxxxx4] [                 ] [消耗道具，名称 面包[1848]，个数 1.]
[09-28 17:29:39]   消耗 [        xxxxxxxx4] [                 ] [消耗道具，名称 面包[1848]，个数 1.]
[09-28 17:31:20] 出游戏 [        xxxxxxxx4] [                 ] [出地图《garner》坐标：x = 223200, y = 278700.]
[09-28 17:31:20] 进游戏 [        xxxxxxxx4] [                 ] [进地图《garner》坐标：x = 223200, y = 278700.]
[09-28 17:40:21]   店买 [        xxxxxxxx4] [                 ] [1个椰果酒]
[09-28 17:42:06] 任务给 [        xxxxxxxx4] [                 ] [岛屿传送使・斯兰芙取走了你2000金钱！]
[09-28 17:42:06] 出游戏 [        xxxxxxxx4] [                 ] [出地图《garner》坐标：x = 224775, y = 285525.]
[09-28 17:42:06] 进游戏 [        xxxxxxxx4] [                 ] [进地图《garner》坐标：x = 326000, y = 328000.]
[09-28 17:42:26] 任务给 [        xxxxxxxx4] [                 ] [岛屿传送使・安波莉亚取走了你2000金钱！]
[09-28 17:42:26] 出游戏 [        xxxxxxxx4] [                 ] [出地图《garner》坐标：x = 326575, y = 326625.]
[09-28 17:42:26] 出游戏 [        xxxxxxxx4] [                 ] [金钱：29985374 道具栏：0@35至尊宝箱[985],1;转职说明书[444],1;新手衣服[289],1;面包[1848],28;飞翔宝箱[437],1;翅膀[1620],1;羊绒[1678],1;带花纹的蜗牛壳[4319],1;带花纹的贝壳[4336],1;椰果酒[3916],1;]
[09-28 17:42:26] 出游戏 [        xxxxxxxx4] [                 ] [临时背包：0@]
[09-28 17:42:26]   装备 [        xxxxxxxx4] [                 ] [装备：10@菲菲帽[2584],1;脸型1号[2554],0;进阶衣服[4308],1;新手靴[641],1;新手短剑[9],1;]
[09-28 17:42:26]   银行 [        xxxxxxxx4] [                 ] [银行ID(1):[1]0@;]
[09-28 17:42:26] 出游戏 [        xxxxxxxx4] [                 ] [角色离线]
[09-28 17:42:26] 进游戏 [        xxxxxxxx4] [                 ] [金钱：29985374 道具：0@飞翔宝箱[437],1;新手衣服[289],1;35至尊宝箱[985],1;转职说明书[444],1;翅膀[1620],1;羊绒[1678],1;面包[1848],28;带花纹的蜗牛壳[4319],1;带花纹的贝壳[4336],1;椰果酒[3916],1;]
[09-28 17:42:26] 进游戏 [        xxxxxxxx4] [                 ] [临时背包：0@]
[09-28 17:42:26] 进游戏 [        xxxxxxxx4] [                 ] [银行ID(1):[1]0@;]
[09-28 17:42:26]   装备 [        xxxxxxxx4] [                 ] [装备：10@菲菲帽[2584],1;脸型1号[2554],0;进阶衣服[4308],1;新手靴[641],1;新手短剑[9],1;]
[09-28 17:42:26] 进游戏 [        xxxxxxxx4] [                 ] [进地图《garner》坐标：x = 326575, y = 326625.]
[09-28 17:42:38] 任务给 [        xxxxxxxx4] [                 ] [岛屿传送使・安波莉亚取走了你2000金钱！]
[09-28 17:42:38] 出游戏 [        xxxxxxxx4] [                 ] [出地图《garner》坐标：x = 326725, y = 326775.]
[09-28 17:42:38] 进游戏 [        xxxxxxxx4] [                 ] [进地图《garner》坐标：x = 359000, y = 75500.]
[09-28 17:45:05] 任务给 [        xxxxxxxx4] [                 ] [岛屿传送使・赛雯拉取走了你2000金钱！]
[09-28 17:45:05] 出游戏 [        xxxxxxxx4] [                 ] [出地图《garner》坐标：x = 360975, y = 72825.]
[09-28 17:45:05] 出游戏 [        xxxxxxxx4] [                 ] [金钱：29981374 道具栏：0@飞翔宝箱[437],1;新手衣服[289],1;35至尊宝箱[985],1;转职说明书[444],1;翅膀[1620],1;羊绒[1678],1;面包[1848],28;带花纹的蜗牛壳[4319],1;带花纹的贝壳[4336],1;椰果酒[3916],1;]
[09-28 17:45:05] 出游戏 [        xxxxxxxx4] [                 ] [临时背包：0@]
[09-28 17:45:05]   装备 [        xxxxxxxx4] [                 ] [装备：10@菲菲帽[2584],1;脸型1号[2554],0;进阶衣服[4308],1;新手靴[641],1;新手短剑[9],1;]
[09-28 17:45:05]   银行 [        xxxxxxxx4] [                 ] [银行ID(1):[1]0@;]
[09-28 17:45:05] 出游戏 [        xxxxxxxx4] [                 ] [角色离线]
[09-28 17:45:05] 进游戏 [        xxxxxxxx4] [                 ] [金钱：29981374 道具：0@飞翔宝箱[437],1;新手衣服[289],1;35至尊宝箱[985],1;转职说明书[444],1;翅膀[1620],1;羊绒[1678],1;面包[1848],28;带花纹的蜗牛壳[4319],1;带花纹的贝壳[4336],1;椰果酒[3916],1;]
[09-28 17:45:05] 进游戏 [        xxxxxxxx4] [                 ] [临时背包：0@]
[09-28 17:45:05] 进游戏 [        xxxxxxxx4] [                 ] [银行ID(1):[1]0@;]
[09-28 17:45:05]   装备 [        xxxxxxxx4] [                 ] [装备：10@菲菲帽[2584],1;脸型1号[2554],0;进阶衣服[4308],1;新手靴[641],1;新手短剑[9],1;]
[09-28 17:45:05] 进游戏 [        xxxxxxxx4] [                 ] [进地图《garner》坐标：x = 360975, y = 72825.]
[09-28 17:45:12] 任务给 [        xxxxxxxx4] [                 ] [岛屿传送使・赛雯拉取走了你2000金钱！]
[09-28 17:45:12] 出游戏 [        xxxxxxxx4] [                 ] [出地图《garner》坐标：x = 360975, y = 72825.]
[09-28 17:45:12] 进游戏 [        xxxxxxxx4] [                 ] [进地图《garner》坐标：x = 227300, y = 112200.]
[09-28 17:46:35] 任务给 [        xxxxxxxx4] [                 ] [岛屿传送使・阿诗娜取走了你2000金钱！]
[09-28 17:46:35] 出游戏 [        xxxxxxxx4] [                 ] [出地图《garner》坐标：x = 227425, y = 111725.]
[09-28 17:46:35] 进游戏 [        xxxxxxxx4] [                 ] [进地图《garner》坐标：x = 223100, y = 278800.]
[09-28 17:47:08]     卖 [        xxxxxxxx4] [                 ] [1个椰果酒]
[09-28 17:47:10]     卖 [        xxxxxxxx4] [                 ] [1个带花纹的贝壳]
[09-28 17:47:13]     卖 [        xxxxxxxx4] [                 ] [1个翅膀]
[09-28 17:47:16]     卖 [        xxxxxxxx4] [                 ] [1个带花纹的蜗牛壳]
[09-28 17:47:22]     卖 [        xxxxxxxx4] [                 ] [1个羊绒]
[09-28 17:47:26]     卖 [        xxxxxxxx4] [                 ] [1个新手衣服]
[09-28 17:54:31]   消耗 [        xxxxxxxx4] [                 ] [消耗道具，名称 面包[1848]，个数 1.]
[09-28 17:54:35]   消耗 [        xxxxxxxx4] [                 ] [消耗道具，名称 面包[1848]，个数 1.]
[09-28 17:55:36] 出游戏 [        xxxxxxxx4] [                 ] [角色离线]
[09-28 17:55:36] 出游戏 [        xxxxxxxx4] [                 ] [出地图《garner》坐标：x = 195417, y = 279659.]
[09-28 17:55:36] 出游戏 [        xxxxxxxx4] [                 ] [金钱：29977480 道具栏：0@飞翔宝箱[437],1;面包[1848],26;35至尊宝箱[985],1;转职说明书[444],1;]
[09-28 17:55:36] 出游戏 [        xxxxxxxx4] [                 ] [临时背包：0@]
[09-28 17:55:36]   装备 [        xxxxxxxx4] [                 ] [装备：10@菲菲帽[2584],1;脸型1号[2554],0;进阶衣服[4308],1;新手靴[641],1;新手短剑[9],1;]
[09-28 17:55:36]   银行 [        xxxxxxxx4] [                 ] [银行ID(1):[1]0@;]
