e:\gg\ver 1\files\common\calua\lib\lualib.pdb
e:\gg\ver 1\files\common\calua\lua\obj\ltablib.obj
e:\gg\ver 1\files\common\calua\lua\obj\lstrlib.obj
e:\gg\ver 1\files\common\calua\lua\obj\loadlib.obj
e:\gg\ver 1\files\common\calua\lua\obj\lmathlib.obj
e:\gg\ver 1\files\common\calua\lua\obj\liolib.obj
e:\gg\ver 1\files\common\calua\lua\obj\ldblib.obj
e:\gg\ver 1\files\common\calua\lua\obj\lbaselib.obj
e:\gg\ver 1\files\common\calua\lua\obj\lauxlib.obj
e:\gg\ver 1\files\common\calua\lib\lualib.lib
e:\gg\ver 1\files\common\calua\lua\obj\lapi.obj
e:\gg\ver 1\files\common\calua\lua\obj\lcode.obj
e:\gg\ver 1\files\common\calua\lua\obj\ldebug.obj
e:\gg\ver 1\files\common\calua\lua\obj\ldo.obj
e:\gg\ver 1\files\common\calua\lua\obj\ldump.obj
e:\gg\ver 1\files\common\calua\lua\obj\lfunc.obj
e:\gg\ver 1\files\common\calua\lua\obj\lgc.obj
e:\gg\ver 1\files\common\calua\lua\obj\llex.obj
e:\gg\ver 1\files\common\calua\lua\obj\lmem.obj
e:\gg\ver 1\files\common\calua\lua\obj\lobject.obj
e:\gg\ver 1\files\common\calua\lua\obj\lopcodes.obj
e:\gg\ver 1\files\common\calua\lua\obj\lparser.obj
e:\gg\ver 1\files\common\calua\lua\obj\lstate.obj
e:\gg\ver 1\files\common\calua\lua\obj\lstring.obj
e:\gg\ver 1\files\common\calua\lua\obj\ltable.obj
e:\gg\ver 1\files\common\calua\lua\obj\ltests.obj
e:\gg\ver 1\files\common\calua\lua\obj\ltm.obj
e:\gg\ver 1\files\common\calua\lua\obj\lundump.obj
e:\gg\ver 1\files\common\calua\lua\obj\lvm.obj
e:\gg\ver 1\files\common\calua\lua\obj\lzio.obj
e:\gg\ver 1\files\common\calua\lua\.\../lib\lualib.lib
e:\gg\ver 1\files\common\calua\lua\obj\lualib.tlog\cl.command.1.tlog
e:\gg\ver 1\files\common\calua\lua\obj\lualib.tlog\cl.read.1.tlog
e:\gg\ver 1\files\common\calua\lua\obj\lualib.tlog\cl.write.1.tlog
e:\gg\ver 1\files\common\calua\lua\obj\lualib.tlog\lib-link.read.1.tlog
e:\gg\ver 1\files\common\calua\lua\obj\lualib.tlog\lib-link.write.1.tlog
e:\gg\ver 1\files\common\calua\lua\obj\lualib.tlog\lib.command.1.tlog
