[07-25 13:25:53]Add LG [group_sql]
[07-25 13:25:53]Add LG [util_db_error]
[07-25 13:26:58]Add LG [group_sql]
[07-25 13:26:58]Add LG [util_db_error]
[07-25 13:30:25]Add LG [group_sql]
[07-25 13:32:13]Add LG [group_sql]
[07-25 13:32:13]Add LG [util_db_error]
[07-25 13:32:13]Add LG [init]
[07-25 13:32:23]Add LG [group_cheat]
[07-25 13:32:23]Add LG [test]
[07-28 05:29:54]Add LG [group_sql]
[07-28 05:29:54]Add LG [util_db_error]
[07-28 05:29:55]Add LG [init]
[07-28 05:30:04]Add LG [group_cheat]
[07-28 05:30:04]Add LG [test]
[07-28 06:25:13]Add LG [group_sql]
[07-28 06:25:13]Add LG [util_db_error]
[07-28 06:25:13]Add LG [init]
[07-28 06:25:23]Add LG [group_cheat]
[07-28 06:25:23]Add LG [test]
[07-28 06:41:09]Add LG [group_sql]
[07-28 06:41:09]Add LG [util_db_error]
[07-28 06:41:09]Add LG [init]
[07-28 06:41:19]Add LG [group_cheat]
[07-28 06:41:19]Add LG [test]
[07-29 09:57:27]Add LG [group_sql]
[07-29 09:57:27]Add LG [util_db_error]
[07-29 09:57:27]Add LG [init]
[07-29 09:57:37]Add LG [group_cheat]
[07-29 09:57:37]Add LG [test]
[07-29 10:29:16]Add LG [group_sql]
[07-29 10:29:17]Add LG [util_db_error]
[07-29 10:29:17]Add LG [init]
[07-29 10:29:26]Add LG [group_cheat]
[07-29 10:29:26]Add LG [test]
[07-29 10:42:37]Add LG [group_sql]
[07-29 10:42:38]Add LG [util_db_error]
[07-29 10:42:38]Add LG [init]
[07-29 10:42:47]Add LG [group_cheat]
[07-29 10:42:47]Add LG [test]
[07-29 13:34:30]Add LG [group_sql]
[07-29 13:34:31]Add LG [util_db_error]
[07-29 13:34:31]Add LG [init]
[07-29 13:34:40]Add LG [group_cheat]
[07-29 13:34:40]Add LG [test]
[07-29 15:04:52]Add LG [group_sql]
[07-29 15:04:53]Add LG [util_db_error]
[07-29 15:04:53]Add LG [init]
[07-29 15:05:03]Add LG [group_cheat]
[07-29 15:05:03]Add LG [test]
[07-30 05:17:21]Add LG [group_sql]
[07-30 05:17:22]Add LG [util_db_error]
[07-30 05:17:22]Add LG [init]
[07-30 05:17:31]Add LG [group_cheat]
[07-30 05:17:31]Add LG [test]
[07-30 06:02:23]Add LG [group_sql]
[07-30 06:02:23]Add LG [util_db_error]
[07-30 06:02:23]Add LG [init]
[07-30 06:02:33]Add LG [group_cheat]
[07-30 06:02:33]Add LG [test]
[07-30 06:13:17]Add LG [group_sql]
[07-30 06:13:18]Add LG [util_db_error]
[07-30 06:13:19]Add LG [init]
[07-30 06:13:27]Add LG [group_cheat]
[07-30 06:13:27]Add LG [test]
[07-30 06:36:40]Add LG [group_sql]
[07-30 06:36:41]Add LG [util_db_error]
[07-30 06:36:41]Add LG [init]
[07-30 06:36:50]Add LG [group_cheat]
[07-30 06:36:50]Add LG [test]
[07-30 07:00:15]Add LG [group_sql]
[07-30 07:00:15]Add LG [util_db_error]
[07-30 07:00:16]Add LG [init]
[07-30 07:00:25]Add LG [group_cheat]
[07-30 07:00:25]Add LG [test]
[07-31 04:50:47]Add LG [group_sql]
[07-31 04:50:47]Add LG [util_db_error]
[07-31 04:58:44]Add LG [group_sql]
[07-31 04:58:45]Add LG [util_db_error]
[07-31 04:58:45]Add LG [init]
[07-31 04:58:54]Add LG [group_cheat]
[07-31 04:58:54]Add LG [test]
[07-31 10:48:13]Add LG [group_sql]
[07-31 10:48:14]Add LG [util_db_error]
[07-31 10:48:14]Add LG [init]
[07-31 10:48:23]Add LG [group_cheat]
[07-31 10:48:23]Add LG [test]
[08-01 13:54:15]Add LG [group_sql]
[08-01 13:54:15]Add LG [util_db_error]
[08-01 13:54:15]Add LG [init]
[08-01 13:54:24]Add LG [group_cheat]
[08-01 13:54:25]Add LG [test]
[08-05 11:36:33]Add LG [group_sql]
[08-05 11:36:34]Add LG [util_db_error]
[08-05 11:36:34]Add LG [init]
[08-05 11:36:43]Add LG [group_cheat]
[08-05 11:36:43]Add LG [test]
[08-07 09:18:05]Add LG [group_sql]
[08-07 09:18:05]Add LG [util_db_error]
[08-07 09:18:06]Add LG [init]
[08-07 09:18:15]Add LG [group_cheat]
[08-07 09:18:15]Add LG [test]
[08-12 05:36:35]Add LG [group_sql]
[08-12 05:36:35]Add LG [util_db_error]
[08-12 05:36:35]Add LG [init]
[08-12 05:36:44]Add LG [group_cheat]
[08-12 05:36:44]Add LG [test]
[08-12 07:04:58]Add LG [group_sql]
[08-12 07:04:58]Add LG [util_db_error]
[08-12 07:04:58]Add LG [init]
[08-12 07:05:07]Add LG [group_cheat]
[08-12 07:05:07]Add LG [test]
[08-12 07:45:17]Add LG [group_sql]
[08-12 07:45:18]Add LG [util_db_error]
[08-12 07:45:18]Add LG [init]
[08-12 07:45:27]Add LG [group_cheat]
[08-12 07:45:27]Add LG [test]
[08-21 09:33:29]Add LG [group_sql]
[08-21 09:35:10]Add LG [util_db_error]
[08-21 09:40:56]Add LG [group_sql]
[08-21 09:42:11]Add LG [util_db_error]
[08-21 09:44:11]Add LG [group_sql]
[08-21 09:45:02]Add LG [group_sql]
[08-21 09:45:02]Add LG [util_db_error]
[08-21 09:45:02]Add LG [init]
[08-21 09:45:11]Add LG [group_cheat]
[08-21 09:45:12]Add LG [test]
[08-22 05:20:01]Add LG [group_sql]
[08-22 05:20:01]Add LG [util_db_error]
[08-22 05:20:01]Add LG [init]
[08-22 05:20:11]Add LG [group_cheat]
[08-22 05:20:11]Add LG [test]
[08-22 09:27:46]Add LG [group_sql]
[08-22 09:27:47]Add LG [util_db_error]
[08-22 09:27:47]Add LG [init]
[08-22 09:27:56]Add LG [group_cheat]
[08-22 09:27:56]Add LG [test]
[08-22 09:34:03]Add LG [group_sql]
[08-22 09:34:04]Add LG [util_db_error]
[08-22 09:34:04]Add LG [init]
[08-22 09:34:13]Add LG [group_cheat]
[08-22 09:34:13]Add LG [test]
[08-22 12:08:37]Add LG [group_sql]
[08-22 12:08:38]Add LG [util_db_error]
[08-22 12:08:39]Add LG [init]
[08-22 12:08:47]Add LG [group_cheat]
[08-22 12:08:47]Add LG [test]
[08-22 12:15:16]Add LG [group_sql]
[08-22 12:15:16]Add LG [util_db_error]
[08-22 12:15:16]Add LG [init]
[08-22 12:15:25]Add LG [group_cheat]
[08-22 12:15:25]Add LG [test]
[08-25 05:23:24]Add LG [group_sql]
[08-25 05:23:24]Add LG [util_db_error]
[08-25 05:23:25]Add LG [init]
[08-25 05:23:34]Add LG [group_cheat]
[08-25 05:23:34]Add LG [test]
[08-25 06:27:59]Add LG [group_sql]
[08-25 06:28:00]Add LG [util_db_error]
[08-25 06:28:00]Add LG [init]
[08-25 06:28:08]Add LG [group_cheat]
[08-25 06:28:08]Add LG [test]
[08-25 06:31:02]Add LG [group_sql]
[08-25 06:31:03]Add LG [util_db_error]
[08-25 06:31:03]Add LG [init]
[08-25 06:31:12]Add LG [group_cheat]
[08-25 06:31:12]Add LG [test]
[08-28 10:26:37]Add LG [group_sql]
[08-28 10:26:37]Add LG [util_db_error]
[08-28 10:26:37]Add LG [init]
[08-28 10:26:47]Add LG [group_cheat]
[08-28 10:26:47]Add LG [test]
[08-28 17:19:38]Add LG [group_sql]
[08-28 17:19:39]Add LG [util_db_error]
[08-28 17:19:39]Add LG [init]
[08-28 17:19:48]Add LG [group_cheat]
[08-28 17:19:48]Add LG [test]
[08-29 09:30:51]Add LG [group_sql]
[08-29 09:30:51]Add LG [util_db_error]
[08-29 09:30:51]Add LG [init]
[08-29 09:31:00]Add LG [group_cheat]
[08-29 09:31:00]Add LG [test]
[09-02 09:01:51]Add LG [group_sql]
[09-02 09:01:51]Add LG [util_db_error]
[09-02 09:01:51]Add LG [init]
[09-02 09:02:00]Add LG [group_cheat]
[09-02 09:02:00]Add LG [test]
[09-02 11:34:50]Add LG [group_sql]
[09-02 11:34:50]Add LG [util_db_error]
[09-02 11:34:50]Add LG [init]
[09-02 11:35:00]Add LG [group_cheat]
[09-02 11:35:00]Add LG [test]
[09-02 15:10:38]Add LG [group_sql]
[09-02 15:10:39]Add LG [util_db_error]
[09-02 15:10:39]Add LG [init]
[09-02 15:10:48]Add LG [group_cheat]
[09-02 15:10:48]Add LG [test]
[09-03 08:44:06]Add LG [group_sql]
[09-03 08:44:06]Add LG [util_db_error]
[09-03 08:44:06]Add LG [init]
[09-03 08:44:16]Add LG [group_cheat]
[09-03 08:44:16]Add LG [test]
[09-03 13:29:54]Add LG [group_sql]
[09-03 13:29:55]Add LG [util_db_error]
[09-03 13:29:55]Add LG [init]
[09-03 13:30:04]Add LG [group_cheat]
[09-03 13:30:04]Add LG [test]
[09-11 10:24:52]Add LG [group_sql]
[09-11 10:24:52]Add LG [init]
[09-11 10:25:01]Add LG [group_cheat]
[09-11 10:25:01]Add LG [test]
[09-12 17:33:40]Add LG [group_sql]
[09-12 17:33:41]Add LG [init]
[09-12 17:33:50]Add LG [group_cheat]
[09-12 17:33:50]Add LG [test]
[09-16 10:52:38]Add LG [group_sql]
[09-16 10:52:39]Add LG [init]
[09-16 10:52:48]Add LG [group_cheat]
[09-16 10:52:48]Add LG [test]
[09-16 18:21:59]Add LG [util_db_error]
[09-17 13:39:46]Add LG [group_sql]
[09-17 13:39:47]Add LG [init]
[09-17 13:39:56]Add LG [group_cheat]
[09-17 13:39:56]Add LG [test]
[09-19 15:04:58]Add LG [group_sql]
[09-19 15:04:58]Add LG [init]
[09-19 15:05:08]Add LG [group_cheat]
[09-19 15:05:08]Add LG [test]
[09-19 17:55:05]Add LG [group_sql]
[09-19 17:55:05]Add LG [init]
[09-19 17:55:14]Add LG [group_cheat]
[09-19 17:55:14]Add LG [test]
[09-19 19:17:02]Add LG [group_sql]
[09-19 19:17:02]Add LG [init]
[09-19 19:17:12]Add LG [group_cheat]
[09-19 19:17:12]Add LG [test]
[09-19 19:18:01]Add LG [util_db_error]
[09-23 13:16:36]Add LG [group_sql]
[09-23 13:16:37]Add LG [init]
[09-23 13:16:46]Add LG [group_cheat]
[09-23 13:16:46]Add LG [test]
[09-23 19:22:32]Add LG [util_db_error]
[09-25 09:43:59]Add LG [group_sql]
[09-25 09:44:00]Add LG [init]
[09-25 09:44:09]Add LG [group_cheat]
[09-25 09:44:09]Add LG [test]
[09-26 09:35:01]Add LG [group_sql]
[09-26 09:35:02]Add LG [init]
[09-26 09:35:11]Add LG [group_cheat]
[09-26 09:35:11]Add LG [test]
[09-26 15:59:24]Add LG [group_sql]
[09-26 15:59:24]Add LG [init]
[09-26 15:59:33]Add LG [group_cheat]
[09-26 15:59:34]Add LG [test]
[09-26 16:58:40]Add LG [util_db_error]
[09-27 09:14:22]Add LG [group_sql]
[09-27 09:14:22]Add LG [init]
[09-27 09:14:32]Add LG [group_cheat]
[09-27 09:14:32]Add LG [test]
[09-27 09:15:22]Add LG [util_db_error]
[09-28 09:26:39]Add LG [group_sql]
[09-28 09:26:39]Add LG [init]
[09-28 09:26:49]Add LG [group_cheat]
[09-28 09:26:49]Add LG [test]
[09-28 15:42:18]Add LG [group_sql]
[09-28 15:42:18]Add LG [init]
[09-28 15:42:28]Add LG [group_cheat]
[09-28 15:42:28]Add LG [test]
[09-28 15:52:35]Add LG [util_db_error]
[10-08 17:33:30]Add LG [group_sql]
[10-08 17:33:31]Add LG [init]
[10-08 17:33:40]Add LG [group_cheat]
[10-08 17:33:40]Add LG [test]
[10-13 11:06:48]Add LG [group_sql]
[10-13 11:06:49]Add LG [init]
[10-13 11:06:58]Add LG [group_cheat]
[10-13 11:06:58]Add LG [test]
[10-13 21:39:52]Add LG [group_sql]
[10-13 21:39:54]Add LG [init]
[10-13 21:40:02]Add LG [group_cheat]
[10-13 21:40:02]Add LG [test]
[10-16 20:54:45]Add LG [group_sql]
[10-16 20:54:46]Add LG [init]
[10-16 20:54:55]Add LG [group_cheat]
[10-16 20:54:55]Add LG [test]
[10-16 23:51:04]Add LG [group_sql]
[10-16 23:51:26]Add LG [group_sql]
[10-17 18:48:20]Add LG [group_sql]
[10-17 18:48:21]Add LG [init]
[10-17 18:48:30]Add LG [group_cheat]
[10-17 18:48:30]Add LG [test]
[10-18 23:36:30]Add LG [group_sql]
[10-18 23:57:04]Add LG [init]
[10-18 23:57:04]Add LG [group_cheat]
[10-18 23:57:04]Add LG [test]
[10-19 01:45:09]Add LG [group_sql]
[10-19 01:45:10]Add LG [init]
[10-19 01:45:19]Add LG [group_cheat]
[10-19 01:45:19]Add LG [test]
[11-13 16:37:19]Add LG [group_sql]
[11-13 16:37:21]Add LG [init]
[11-13 16:37:29]Add LG [group_cheat]
[11-13 16:37:29]Add LG [test]
[11-17 20:14:19]Add LG [group_sql]
[11-17 20:14:20]Add LG [init]
[11-17 20:14:29]Add LG [group_cheat]
[11-17 20:14:29]Add LG [test]
[11-28 02:01:32]Add LG [group_sql]
[11-28 02:01:34]Add LG [init]
[11-28 02:01:42]Add LG [group_cheat]
[11-28 02:01:42]Add LG [test]
[11-28 05:51:21]Add LG [group_sql]
[11-28 05:51:22]Add LG [init]
[11-28 12:58:40]Add LG [group_sql]
[11-28 12:58:42]Add LG [init]
[11-28 12:58:50]Add LG [group_cheat]
[11-28 12:58:50]Add LG [test]
[12-02 03:45:59]Add LG [group_sql]
[12-02 03:46:00]Add LG [init]
[12-02 03:46:09]Add LG [group_cheat]
[12-02 03:46:09]Add LG [test]
[12-02 08:06:11]Add LG [group_sql]
[12-02 08:06:12]Add LG [init]
[12-02 08:06:21]Add LG [group_cheat]
[12-02 08:06:21]Add LG [test]
[12-02 15:43:05]Add LG [group_sql]
[12-02 15:43:06]Add LG [init]
[12-02 15:43:14]Add LG [group_cheat]
[12-02 15:43:15]Add LG [test]
[12-10 10:38:25]Add LG [group_sql]
[12-10 14:48:11]Add LG [group_sql]
[12-10 14:49:19]Add LG [group_sql]
[12-10 14:49:20]Add LG [init]
[06-06 15:25:34]Add LG [group_sql]
[06-06 15:25:34]Add LG [util_db_error]
[06-06 15:26:02]Add LG [group_sql]
[06-06 15:26:02]Add LG [util_db_error]
[06-06 15:26:30]Add LG [group_sql]
[06-06 15:28:36]Add LG [group_sql]
[06-06 15:31:16]Add LG [group_sql]
[06-06 15:31:50]Add LG [group_sql]
[06-06 15:32:10]Add LG [group_sql]
[06-06 15:34:15]Add LG [group_sql]
[06-06 15:34:18]Add LG [init]
[06-06 15:34:30]Add LG [group_sql]
[06-06 15:34:33]Add LG [init]
[06-06 15:34:40]Add LG [group_cheat]
[06-06 15:34:40]Add LG [test]
